[0.372s] Invoking command in '/home/csanimatronics/CS_Animatronics/build/dynamixel_sdk': DEBUGINFOD_URLS=https://debuginfod.ubuntu.com /usr/bin/cmake /home/csanimatronics/CS_Animatronics/src/dynamixel_sdk -DCATKIN_INSTALL_INTO_PREFIX_ROOT=0 -DCMAKE_INSTALL_PREFIX=/home/csanimatronics/CS_Animatronics/install/dynamixel_sdk
[0.406s] -- Found ament_cmake: 2.5.2 (/opt/ros/jazzy/share/ament_cmake/cmake)
[1.251s] -- Found rclcpp: 28.1.5 (/opt/ros/jazzy/share/rclcpp/cmake)
[1.289s] -- Found rosidl_generator_c: 4.6.4 (/opt/ros/jazzy/share/rosidl_generator_c/cmake)
[1.311s] -- Found rosidl_generator_cpp: 4.6.4 (/opt/ros/jazzy/share/rosidl_generator_cpp/cmake)
[1.338s] -- Using all available rosidl_typesupport_c: rosidl_typesupport_fastrtps_c;rosidl_typesupport_introspection_c
[1.368s] -- Using all available rosidl_typesupport_cpp: rosidl_typesupport_fastrtps_cpp;rosidl_typesupport_introspection_cpp
[1.489s] -- Found rmw_implementation_cmake: 7.3.1 (/opt/ros/jazzy/share/rmw_implementation_cmake/cmake)
[1.494s] -- Found rmw_fastrtps_cpp: 8.4.1 (/opt/ros/jazzy/share/rmw_fastrtps_cpp/cmake)
[1.632s] -- Using RMW implementation 'rmw_fastrtps_cpp' as default
[1.756s] -- Found rclpy: 7.1.2 (/opt/ros/jazzy/share/rclpy/cmake)
[2.048s] -- Configuring done (1.7s)
[2.067s] -- Generating done (0.0s)
[2.071s] -- Build files have been written to: /home/csanimatronics/CS_Animatronics/build/dynamixel_sdk
[2.097s] Invoked command in '/home/csanimatronics/CS_Animatronics/build/dynamixel_sdk' returned '0': DEBUGINFOD_URLS=https://debuginfod.ubuntu.com /usr/bin/cmake /home/csanimatronics/CS_Animatronics/src/dynamixel_sdk -DCATKIN_INSTALL_INTO_PREFIX_ROOT=0 -DCMAKE_INSTALL_PREFIX=/home/csanimatronics/CS_Animatronics/install/dynamixel_sdk
[2.097s] Invoking command in '/home/csanimatronics/CS_Animatronics/build/dynamixel_sdk': DEBUGINFOD_URLS=https://debuginfod.ubuntu.com /usr/bin/cmake --build /home/csanimatronics/CS_Animatronics/build/dynamixel_sdk -- -j4 -l4
[2.248s] [ 50%] [32mBuilding CXX object CMakeFiles/dynamixel_sdk.dir/src/dynamixel_sdk/port_handler_linux.cpp.o[0m
[2.448s] [100%] [32m[1mLinking CXX static library libdynamixel_sdk.a[0m
[2.530s] [100%] Built target dynamixel_sdk
[2.729s] Invoked command in '/home/csanimatronics/CS_Animatronics/build/dynamixel_sdk' returned '0': DEBUGINFOD_URLS=https://debuginfod.ubuntu.com /usr/bin/cmake --build /home/csanimatronics/CS_Animatronics/build/dynamixel_sdk -- -j4 -l4
[2.850s] Invoking command in '/home/csanimatronics/CS_Animatronics/build/dynamixel_sdk': DEBUGINFOD_URLS=https://debuginfod.ubuntu.com /usr/bin/cmake --install /home/csanimatronics/CS_Animatronics/build/dynamixel_sdk
[2.870s] -- Install configuration: ""
[2.870s] -- Installing: /home/csanimatronics/CS_Animatronics/install/dynamixel_sdk/share/dynamixel_sdk/environment/library_path.sh
[2.870s] -- Installing: /home/csanimatronics/CS_Animatronics/install/dynamixel_sdk/share/dynamixel_sdk/environment/library_path.dsv
[2.870s] -- Installing: /home/csanimatronics/CS_Animatronics/install/dynamixel_sdk/lib/libdynamixel_sdk.a
[2.870s] -- Installing: /home/csanimatronics/CS_Animatronics/install/dynamixel_sdk/include/dynamixel_sdk
[2.871s] -- Installing: /home/csanimatronics/CS_Animatronics/install/dynamixel_sdk/include/dynamixel_sdk/port_handler_linux.h
[2.871s] -- Installing: /home/csanimatronics/CS_Animatronics/install/dynamixel_sdk/include/dynamixel_sdk/port_handler_mac.h
[2.871s] -- Installing: /home/csanimatronics/CS_Animatronics/install/dynamixel_sdk/include/dynamixel_sdk/port_handler.h
[2.871s] -- Installing: /home/csanimatronics/CS_Animatronics/install/dynamixel_sdk/include/dynamixel_sdk/port_handler_windows.h
[2.871s] -- Installing: /home/csanimatronics/CS_Animatronics/install/dynamixel_sdk/include/dynamixel_sdk/group_bulk_write.h
[2.873s] -- Installing: /home/csanimatronics/CS_Animatronics/install/dynamixel_sdk/include/dynamixel_sdk/protocol2_packet_handler.h
[2.874s] -- Installing: /home/csanimatronics/CS_Animatronics/install/dynamixel_sdk/include/dynamixel_sdk/protocol1_packet_handler.h
[2.875s] -- Installing: /home/csanimatronics/CS_Animatronics/install/dynamixel_sdk/include/dynamixel_sdk/port_handler_arduino.h
[2.877s] -- Installing: /home/csanimatronics/CS_Animatronics/install/dynamixel_sdk/include/dynamixel_sdk/dynamixel_sdk.h
[2.878s] -- Installing: /home/csanimatronics/CS_Animatronics/install/dynamixel_sdk/include/dynamixel_sdk/packet_handler.h
[2.879s] -- Installing: /home/csanimatronics/CS_Animatronics/install/dynamixel_sdk/include/dynamixel_sdk/group_sync_read.h
[2.881s] -- Installing: /home/csanimatronics/CS_Animatronics/install/dynamixel_sdk/include/dynamixel_sdk/group_bulk_read.h
[2.882s] -- Installing: /home/csanimatronics/CS_Animatronics/install/dynamixel_sdk/include/dynamixel_sdk/group_sync_write.h
[2.882s] -- Installing: /home/csanimatronics/CS_Animatronics/install/dynamixel_sdk/lib/dynamixel_sdk/group_bulk_read.py
[2.884s] -- Installing: /home/csanimatronics/CS_Animatronics/install/dynamixel_sdk/lib/dynamixel_sdk/group_bulk_write.py
[2.884s] -- Installing: /home/csanimatronics/CS_Animatronics/install/dynamixel_sdk/lib/dynamixel_sdk/group_sync_read.py
[2.885s] -- Installing: /home/csanimatronics/CS_Animatronics/install/dynamixel_sdk/lib/dynamixel_sdk/group_sync_write.py
[2.886s] -- Installing: /home/csanimatronics/CS_Animatronics/install/dynamixel_sdk/lib/dynamixel_sdk/packet_handler.py
[2.886s] -- Installing: /home/csanimatronics/CS_Animatronics/install/dynamixel_sdk/lib/dynamixel_sdk/port_handler.py
[2.887s] -- Installing: /home/csanimatronics/CS_Animatronics/install/dynamixel_sdk/lib/dynamixel_sdk/protocol1_packet_handler.py
[2.888s] -- Installing: /home/csanimatronics/CS_Animatronics/install/dynamixel_sdk/lib/dynamixel_sdk/protocol2_packet_handler.py
[2.890s] -- Installing: /home/csanimatronics/CS_Animatronics/install/dynamixel_sdk/lib/dynamixel_sdk/robotis_def.py
[2.891s] -- Installing: /home/csanimatronics/CS_Animatronics/install/dynamixel_sdk/share/ament_index/resource_index/package_run_dependencies/dynamixel_sdk
[2.891s] -- Installing: /home/csanimatronics/CS_Animatronics/install/dynamixel_sdk/share/ament_index/resource_index/parent_prefix_path/dynamixel_sdk
[2.892s] -- Installing: /home/csanimatronics/CS_Animatronics/install/dynamixel_sdk/share/dynamixel_sdk/environment/ament_prefix_path.sh
[2.892s] -- Installing: /home/csanimatronics/CS_Animatronics/install/dynamixel_sdk/share/dynamixel_sdk/environment/ament_prefix_path.dsv
[2.892s] -- Installing: /home/csanimatronics/CS_Animatronics/install/dynamixel_sdk/share/dynamixel_sdk/environment/path.sh
[2.893s] -- Installing: /home/csanimatronics/CS_Animatronics/install/dynamixel_sdk/share/dynamixel_sdk/environment/path.dsv
[2.893s] -- Installing: /home/csanimatronics/CS_Animatronics/install/dynamixel_sdk/share/dynamixel_sdk/local_setup.bash
[2.894s] -- Installing: /home/csanimatronics/CS_Animatronics/install/dynamixel_sdk/share/dynamixel_sdk/local_setup.sh
[2.894s] -- Installing: /home/csanimatronics/CS_Animatronics/install/dynamixel_sdk/share/dynamixel_sdk/local_setup.zsh
[2.895s] -- Installing: /home/csanimatronics/CS_Animatronics/install/dynamixel_sdk/share/dynamixel_sdk/local_setup.dsv
[2.896s] -- Installing: /home/csanimatronics/CS_Animatronics/install/dynamixel_sdk/share/dynamixel_sdk/package.dsv
[2.897s] -- Installing: /home/csanimatronics/CS_Animatronics/install/dynamixel_sdk/share/ament_index/resource_index/packages/dynamixel_sdk
[2.897s] -- Installing: /home/csanimatronics/CS_Animatronics/install/dynamixel_sdk/share/dynamixel_sdk/cmake/ament_cmake_export_include_directories-extras.cmake
[2.897s] -- Installing: /home/csanimatronics/CS_Animatronics/install/dynamixel_sdk/share/dynamixel_sdk/cmake/ament_cmake_export_libraries-extras.cmake
[2.898s] -- Installing: /home/csanimatronics/CS_Animatronics/install/dynamixel_sdk/share/dynamixel_sdk/cmake/dynamixel_sdkConfig.cmake
[2.899s] -- Installing: /home/csanimatronics/CS_Animatronics/install/dynamixel_sdk/share/dynamixel_sdk/cmake/dynamixel_sdkConfig-version.cmake
[2.901s] -- Installing: /home/csanimatronics/CS_Animatronics/install/dynamixel_sdk/share/dynamixel_sdk/package.xml
[2.904s] Invoked command in '/home/csanimatronics/CS_Animatronics/build/dynamixel_sdk' returned '0': DEBUGINFOD_URLS=https://debuginfod.ubuntu.com /usr/bin/cmake --install /home/csanimatronics/CS_Animatronics/build/dynamixel_sdk
