[0.296s] Invoking command in '/home/csanimatronics/CS_Animatronics/build/dynamixel_sdk': DEBUGINFOD_URLS=https://debuginfod.ubuntu.com /usr/bin/cmake /home/csanimatronics/CS_Animatronics/src/dynamixel_sdk -DCATKIN_INSTALL_INTO_PREFIX_ROOT=0 -DCMAKE_INSTALL_PREFIX=/home/csanimatronics/CS_Animatronics/install/dynamixel_sdk
[0.315s] [0mCMake Deprecation Warning at CMakeLists.txt:4 (cmake_minimum_required):
[0.315s]   Compatibility with CMake < 3.5 will be removed from a future version of
[0.315s]   CMake.
[0.315s] 
[0.315s]   Update the VERSION argument <min> value or use a ...<max> suffix to tell
[0.315s]   CMake that the project does not need compatibility with older versions.
[0.316s] 
[0.316s] [0m
[0.356s] [31mCMake Error at CMakeLists.txt:13 (find_package):
[0.356s]   By not providing "Findcatkin.cmake" in CMAKE_MODULE_PATH this project has
[0.357s]   asked CMake to find a package configuration file provided by "catkin", but
[0.357s]   CMake did not find one.
[0.357s] 
[0.357s]   Could not find a package configuration file provided by "catkin" with any
[0.357s]   of the following names:
[0.357s] 
[0.357s]     catkinConfig.cmake
[0.357s]     catkin-config.cmake
[0.358s] 
[0.358s]   Add the installation prefix of "catkin" to CMAKE_PREFIX_PATH or set
[0.358s]   "catkin_DIR" to a directory containing one of the above files.  If "catkin"
[0.358s]   provides a separate development package or SDK, be sure it has been
[0.358s]   installed.
[0.358s] 
[0.358s] [0m
[0.359s] -- Configuring incomplete, errors occurred!
[0.371s] Invoked command in '/home/csanimatronics/CS_Animatronics/build/dynamixel_sdk' returned '1': DEBUGINFOD_URLS=https://debuginfod.ubuntu.com /usr/bin/cmake /home/csanimatronics/CS_Animatronics/src/dynamixel_sdk -DCATKIN_INSTALL_INTO_PREFIX_ROOT=0 -DCMAKE_INSTALL_PREFIX=/home/csanimatronics/CS_Animatronics/install/dynamixel_sdk
