[2.292s] Invoking command in '/home/csanimatronics/CS_Animatronics/src/controller_publisher': DEBUGINFOD_URLS=https://debuginfod.ubuntu.com PYTHONPATH=/home/csanimatronics/CS_Animatronics/build/controller_publisher/prefix_override:/usr/lib/python3/dist-packages/colcon_core/task/python/colcon_distutils_commands:/home/csanimatronics/CS_Animatronics/install/controller_publisher/lib/python3.12/site-packages:${PYTHONPATH} /usr/bin/python3 -W ignore:setup.py install is deprecated setup.py egg_info --egg-base ../../build/controller_publisher build --build-base /home/csanimatronics/CS_Animatronics/build/controller_publisher/build install --record /home/csanimatronics/CS_Animatronics/build/controller_publisher/install.log --single-version-externally-managed install_data
[3.509s] running egg_info
[3.509s] creating ../../build/controller_publisher/controller_publisher.egg-info
[3.633s] writing ../../build/controller_publisher/controller_publisher.egg-info/PKG-INFO
[3.639s] writing dependency_links to ../../build/controller_publisher/controller_publisher.egg-info/dependency_links.txt
[3.643s] writing entry points to ../../build/controller_publisher/controller_publisher.egg-info/entry_points.txt
[3.644s] writing requirements to ../../build/controller_publisher/controller_publisher.egg-info/requires.txt
[3.644s] writing top-level names to ../../build/controller_publisher/controller_publisher.egg-info/top_level.txt
[3.644s] writing manifest file '../../build/controller_publisher/controller_publisher.egg-info/SOURCES.txt'
[3.849s] reading manifest file '../../build/controller_publisher/controller_publisher.egg-info/SOURCES.txt'
[3.858s] writing manifest file '../../build/controller_publisher/controller_publisher.egg-info/SOURCES.txt'
[3.858s] running build
[3.858s] running build_py
[3.858s] creating /home/csanimatronics/CS_Animatronics/build/controller_publisher/build
[3.861s] creating /home/csanimatronics/CS_Animatronics/build/controller_publisher/build/lib
[3.861s] creating /home/csanimatronics/CS_Animatronics/build/controller_publisher/build/lib/controller_publisher
[3.861s] copying controller_publisher/__init__.py -> /home/csanimatronics/CS_Animatronics/build/controller_publisher/build/lib/controller_publisher
[3.861s] copying controller_publisher/controller_publisher.py -> /home/csanimatronics/CS_Animatronics/build/controller_publisher/build/lib/controller_publisher
[3.861s] running install
[3.874s] running install_lib
[3.921s] creating /home/csanimatronics/CS_Animatronics/install/controller_publisher/lib/python3.12/site-packages/controller_publisher
[3.924s] copying /home/csanimatronics/CS_Animatronics/build/controller_publisher/build/lib/controller_publisher/__init__.py -> /home/csanimatronics/CS_Animatronics/install/controller_publisher/lib/python3.12/site-packages/controller_publisher
[3.924s] copying /home/csanimatronics/CS_Animatronics/build/controller_publisher/build/lib/controller_publisher/controller_publisher.py -> /home/csanimatronics/CS_Animatronics/install/controller_publisher/lib/python3.12/site-packages/controller_publisher
[3.925s] byte-compiling /home/csanimatronics/CS_Animatronics/install/controller_publisher/lib/python3.12/site-packages/controller_publisher/__init__.py to __init__.cpython-312.pyc
[3.926s] byte-compiling /home/csanimatronics/CS_Animatronics/install/controller_publisher/lib/python3.12/site-packages/controller_publisher/controller_publisher.py to controller_publisher.cpython-312.pyc
[3.930s] running install_data
[3.931s] creating /home/csanimatronics/CS_Animatronics/install/controller_publisher/share/ament_index
[3.931s] creating /home/csanimatronics/CS_Animatronics/install/controller_publisher/share/ament_index/resource_index
[3.932s] creating /home/csanimatronics/CS_Animatronics/install/controller_publisher/share/ament_index/resource_index/packages
[3.933s] copying resource/controller_publisher -> /home/csanimatronics/CS_Animatronics/install/controller_publisher/share/ament_index/resource_index/packages
[3.933s] copying package.xml -> /home/csanimatronics/CS_Animatronics/install/controller_publisher/share/controller_publisher
[3.937s] running install_egg_info
[3.992s] Copying ../../build/controller_publisher/controller_publisher.egg-info to /home/csanimatronics/CS_Animatronics/install/controller_publisher/lib/python3.12/site-packages/controller_publisher-0.0.0-py3.12.egg-info
[3.998s] running install_scripts
[4.375s] Installing controller_publisher script to /home/csanimatronics/CS_Animatronics/install/controller_publisher/lib/controller_publisher
[4.377s] writing list of installed files to '/home/csanimatronics/CS_Animatronics/build/controller_publisher/install.log'
[4.566s] Invoked command in '/home/csanimatronics/CS_Animatronics/src/controller_publisher' returned '0': DEBUGINFOD_URLS=https://debuginfod.ubuntu.com PYTHONPATH=/home/csanimatronics/CS_Animatronics/build/controller_publisher/prefix_override:/usr/lib/python3/dist-packages/colcon_core/task/python/colcon_distutils_commands:/home/csanimatronics/CS_Animatronics/install/controller_publisher/lib/python3.12/site-packages:${PYTHONPATH} /usr/bin/python3 -W ignore:setup.py install is deprecated setup.py egg_info --egg-base ../../build/controller_publisher build --build-base /home/csanimatronics/CS_Animatronics/build/controller_publisher/build install --record /home/csanimatronics/CS_Animatronics/build/controller_publisher/install.log --single-version-externally-managed install_data
