running egg_info
creating ../../build/motor_controller/motor_controller.egg-info
writing ../../build/motor_controller/motor_controller.egg-info/PKG-INFO
writing dependency_links to ../../build/motor_controller/motor_controller.egg-info/dependency_links.txt
writing requirements to ../../build/motor_controller/motor_controller.egg-info/requires.txt
writing top-level names to ../../build/motor_controller/motor_controller.egg-info/top_level.txt
writing manifest file '../../build/motor_controller/motor_controller.egg-info/SOURCES.txt'
reading manifest file '../../build/motor_controller/motor_controller.egg-info/SOURCES.txt'
writing manifest file '../../build/motor_controller/motor_controller.egg-info/SOURCES.txt'
running build
running build_py
creating /home/csanimatronics/CS_Animatronics/build/motor_controller/build
creating /home/csanimatronics/CS_Animatronics/build/motor_controller/build/lib
creating /home/csanimatronics/CS_Animatronics/build/motor_controller/build/lib/motor_controller
copying motor_controller/__init__.py -> /home/csanimatronics/CS_Animatronics/build/motor_controller/build/lib/motor_controller
copying motor_controller/motor_controller.py -> /home/csanimatronics/CS_Animatronics/build/motor_controller/build/lib/motor_controller
running install
running install_lib
running install_data
running install_egg_info
removing '/home/csanimatronics/CS_Animatronics/install/motor_controller/lib/python3.12/site-packages/motor_controller-0.0.0-py3.12.egg-info' (and everything under it)
Copying ../../build/motor_controller/motor_controller.egg-info to /home/csanimatronics/CS_Animatronics/install/motor_controller/lib/python3.12/site-packages/motor_controller-0.0.0-py3.12.egg-info
running install_scripts
writing list of installed files to '/home/csanimatronics/CS_Animatronics/build/motor_controller/install.log'
