[0.366s] Invoking command in '/home/csanimatronics/CS_Animatronics/build/motor_command_msg': CMAKE_PREFIX_PATH=${CMAKE_PREFIX_PATH}:/home/csanimatronics/CS_Animatronics/install/system_controller:/home/csanimatronics/CS_Animatronics/install/motor_controller:/home/csanimatronics/CS_Animatronics/install/controller_publisher:/opt/ros/jazzy DEBUGINFOD_URLS=https://debuginfod.ubuntu.com /usr/bin/cmake /home/csanimatronics/CS_Animatronics/src/motor_command_msg -DCMAKE_INSTALL_PREFIX=/home/csanimatronics/CS_Animatronics/install/motor_command_msg
[1.026s] -- The C compiler identification is GNU 13.2.0
[1.615s] -- The CXX compiler identification is GNU 13.2.0
[1.649s] -- Detecting C compiler ABI info
[1.909s] -- Detecting C compiler ABI info - done
[1.923s] -- Check for working C compiler: /usr/bin/cc - skipped
[1.925s] -- Detecting C compile features
[1.927s] -- Detecting C compile features - done
[1.944s] -- Detecting CXX compiler ABI info
[2.221s] -- Detecting CXX compiler ABI info - done
[2.237s] -- Check for working CXX compiler: /usr/bin/c++ - skipped
[2.237s] -- Detecting CXX compile features
[2.240s] -- Detecting CXX compile features - done
[2.247s] -- Found rosidl_default_generators: 1.6.0 (/opt/ros/jazzy/share/rosidl_default_generators/cmake)
[2.685s] -- Found Python3: /usr/bin/python3 (found version "3.12.3") found components: Interpreter 
[2.950s] -- Using all available rosidl_typesupport_c: rosidl_typesupport_fastrtps_c;rosidl_typesupport_introspection_c
[3.122s] -- Using all available rosidl_typesupport_cpp: rosidl_typesupport_fastrtps_cpp;rosidl_typesupport_introspection_cpp
[3.225s] -- Found rosidl_adapter: 4.6.4 (/opt/ros/jazzy/share/rosidl_adapter/cmake)
[4.629s] -- Found ament_cmake_ros: 0.12.0 (/opt/ros/jazzy/share/ament_cmake_ros/cmake)
[5.381s] -- Using all available rosidl_typesupport_c: rosidl_typesupport_fastrtps_c;rosidl_typesupport_introspection_c
[6.304s] -- Using all available rosidl_typesupport_cpp: rosidl_typesupport_fastrtps_cpp;rosidl_typesupport_introspection_cpp
[6.312s] -- Found python_cmake_module: 0.11.1 (/opt/ros/jazzy/share/python_cmake_module/cmake)
[6.539s] -- Found PythonExtra: /usr/bin/python3  
[7.523s] -- Found Python3: /usr/bin/python3 (found version "3.12.3") found components: Interpreter Development NumPy Development.Module Development.Embed 
[7.578s] -- Found ament_lint_auto: 0.17.1 (/opt/ros/jazzy/share/ament_lint_auto/cmake)
[7.610s] -- Added test 'lint_cmake' to check CMake code style
[7.612s] -- Added test 'xmllint' to check XML markup files
[7.617s] -- Configuring done (7.2s)
[7.666s] -- Generating done (0.0s)
[7.670s] -- Build files have been written to: /home/csanimatronics/CS_Animatronics/build/motor_command_msg
