[0.034s] Invoking command in '/home/csanimatronics/CS_Animatronics/build/dynamixel_sdk_examples': DEBUGINFOD_URLS=https://debuginfod.ubuntu.com /usr/bin/cmake /home/csanimatronics/CS_Animatronics/src/dynamixel_sdk_examples -DCATKIN_INSTALL_INTO_PREFIX_ROOT=0 -DCMAKE_INSTALL_PREFIX=/home/csanimatronics/CS_Animatronics/install/dynamixel_sdk_examples
[0.056s] [0mCMake Deprecation Warning at CMakeLists.txt:4 (cmake_minimum_required):
[0.056s]   Compatibility with CMake < 3.5 will be removed from a future version of
[0.057s]   CMake.
[0.057s] 
[0.057s]   Update the VERSION argument <min> value or use a ...<max> suffix to tell
[0.057s]   CMake that the project does not need compatibility with older versions.
[0.057s] 
[0.057s] [0m
[0.235s] -- The C compiler identification is GNU 13.2.0
[0.365s] -- The CXX compiler identification is GNU 13.2.0
[0.397s] -- Detecting C compiler ABI info
[0.581s] -- Detecting C compiler ABI info - done
[0.596s] -- Check for working C compiler: /usr/bin/cc - skipped
[0.597s] -- Detecting C compile features
[0.597s] -- Detecting C compile features - done
[0.621s] -- Detecting CXX compiler ABI info
[0.811s] -- Detecting CXX compiler ABI info - done
[0.827s] -- Check for working CXX compiler: /usr/bin/c++ - skipped
[0.828s] -- Detecting CXX compile features
[0.828s] -- Detecting CXX compile features - done
[0.835s] [31mCMake Error at CMakeLists.txt:13 (find_package):
[0.835s]   By not providing "Findcatkin.cmake" in CMAKE_MODULE_PATH this project has
[0.835s]   asked CMake to find a package configuration file provided by "catkin", but
[0.835s]   CMake did not find one.
[0.835s] 
[0.835s]   Could not find a package configuration file provided by "catkin" with any
[0.836s]   of the following names:
[0.836s] 
[0.836s]     catkinConfig.cmake
[0.836s]     catkin-config.cmake
[0.836s] 
[0.836s]   Add the installation prefix of "catkin" to CMAKE_PREFIX_PATH or set
[0.836s]   "catkin_DIR" to a directory containing one of the above files.  If "catkin"
[0.836s]   provides a separate development package or SDK, be sure it has been
[0.836s]   installed.
[0.836s] 
[0.836s] [0m
[0.836s] -- Configuring incomplete, errors occurred!
[0.843s] Invoked command in '/home/csanimatronics/CS_Animatronics/build/dynamixel_sdk_examples' returned '1': DEBUGINFOD_URLS=https://debuginfod.ubuntu.com /usr/bin/cmake /home/csanimatronics/CS_Animatronics/src/dynamixel_sdk_examples -DCATKIN_INSTALL_INTO_PREFIX_ROOT=0 -DCMAKE_INSTALL_PREFIX=/home/csanimatronics/CS_Animatronics/install/dynamixel_sdk_examples
