[1.926s] Invoking command in '/home/csanimatronics/CS_Animatronics/src/motor_controller': DEBUGINFOD_URLS=https://debuginfod.ubuntu.com PYTHONPATH=/home/csanimatronics/CS_Animatronics/build/motor_controller/prefix_override:/usr/lib/python3/dist-packages/colcon_core/task/python/colcon_distutils_commands:/home/csanimatronics/CS_Animatronics/install/motor_controller/lib/python3.12/site-packages:${PYTHONPATH} /usr/bin/python3 -W ignore:setup.py install is deprecated setup.py egg_info --egg-base ../../build/motor_controller build --build-base /home/csanimatronics/CS_Animatronics/build/motor_controller/build install --record /home/csanimatronics/CS_Animatronics/build/motor_controller/install.log --single-version-externally-managed install_data
[2.364s] running egg_info
[2.365s] creating ../../build/motor_controller/motor_controller.egg-info
[2.392s] writing ../../build/motor_controller/motor_controller.egg-info/PKG-INFO
[2.392s] writing dependency_links to ../../build/motor_controller/motor_controller.egg-info/dependency_links.txt
[2.392s] writing requirements to ../../build/motor_controller/motor_controller.egg-info/requires.txt
[2.393s] writing top-level names to ../../build/motor_controller/motor_controller.egg-info/top_level.txt
[2.393s] writing manifest file '../../build/motor_controller/motor_controller.egg-info/SOURCES.txt'
[2.452s] reading manifest file '../../build/motor_controller/motor_controller.egg-info/SOURCES.txt'
[2.454s] writing manifest file '../../build/motor_controller/motor_controller.egg-info/SOURCES.txt'
[2.454s] running build
[2.454s] running build_py
[2.455s] creating /home/csanimatronics/CS_Animatronics/build/motor_controller/build
[2.455s] creating /home/csanimatronics/CS_Animatronics/build/motor_controller/build/lib
[2.455s] creating /home/csanimatronics/CS_Animatronics/build/motor_controller/build/lib/motor_controller
[2.455s] copying motor_controller/__init__.py -> /home/csanimatronics/CS_Animatronics/build/motor_controller/build/lib/motor_controller
[2.455s] copying motor_controller/motor_controller.py -> /home/csanimatronics/CS_Animatronics/build/motor_controller/build/lib/motor_controller
[2.456s] running install
[2.467s] running install_lib
[2.500s] creating /home/csanimatronics/CS_Animatronics/install/motor_controller/lib/python3.12/site-packages/motor_controller
[2.500s] copying /home/csanimatronics/CS_Animatronics/build/motor_controller/build/lib/motor_controller/__init__.py -> /home/csanimatronics/CS_Animatronics/install/motor_controller/lib/python3.12/site-packages/motor_controller
[2.504s] copying /home/csanimatronics/CS_Animatronics/build/motor_controller/build/lib/motor_controller/motor_controller.py -> /home/csanimatronics/CS_Animatronics/install/motor_controller/lib/python3.12/site-packages/motor_controller
[2.506s] byte-compiling /home/csanimatronics/CS_Animatronics/install/motor_controller/lib/python3.12/site-packages/motor_controller/__init__.py to __init__.cpython-312.pyc
[2.506s] byte-compiling /home/csanimatronics/CS_Animatronics/install/motor_controller/lib/python3.12/site-packages/motor_controller/motor_controller.py to motor_controller.cpython-312.pyc
[2.506s] running install_data
[2.506s] creating /home/csanimatronics/CS_Animatronics/install/motor_controller/share/ament_index
[2.506s] creating /home/csanimatronics/CS_Animatronics/install/motor_controller/share/ament_index/resource_index
[2.506s] creating /home/csanimatronics/CS_Animatronics/install/motor_controller/share/ament_index/resource_index/packages
[2.506s] copying resource/motor_controller -> /home/csanimatronics/CS_Animatronics/install/motor_controller/share/ament_index/resource_index/packages
[2.506s] copying package.xml -> /home/csanimatronics/CS_Animatronics/install/motor_controller/share/motor_controller
[2.506s] running install_egg_info
[2.537s] Copying ../../build/motor_controller/motor_controller.egg-info to /home/csanimatronics/CS_Animatronics/install/motor_controller/lib/python3.12/site-packages/motor_controller-0.0.0-py3.12.egg-info
[2.538s] running install_scripts
[2.761s] writing list of installed files to '/home/csanimatronics/CS_Animatronics/build/motor_controller/install.log'
[2.898s] Invoked command in '/home/csanimatronics/CS_Animatronics/src/motor_controller' returned '0': DEBUGINFOD_URLS=https://debuginfod.ubuntu.com PYTHONPATH=/home/csanimatronics/CS_Animatronics/build/motor_controller/prefix_override:/usr/lib/python3/dist-packages/colcon_core/task/python/colcon_distutils_commands:/home/csanimatronics/CS_Animatronics/install/motor_controller/lib/python3.12/site-packages:${PYTHONPATH} /usr/bin/python3 -W ignore:setup.py install is deprecated setup.py egg_info --egg-base ../../build/motor_controller build --build-base /home/csanimatronics/CS_Animatronics/build/motor_controller/build install --record /home/csanimatronics/CS_Animatronics/build/motor_controller/install.log --single-version-externally-managed install_data
