[2.205s] Invoking command in '/home/csanimatronics/CS_Animatronics/src/system_controller': DEBUGINFOD_URLS=https://debuginfod.ubuntu.com PYTHONPATH=/home/csanimatronics/CS_Animatronics/build/system_controller/prefix_override:/usr/lib/python3/dist-packages/colcon_core/task/python/colcon_distutils_commands:/home/csanimatronics/CS_Animatronics/install/system_controller/lib/python3.12/site-packages:${PYTHONPATH} /usr/bin/python3 -W ignore:setup.py install is deprecated setup.py egg_info --egg-base ../../build/system_controller build --build-base /home/csanimatronics/CS_Animatronics/build/system_controller/build install --record /home/csanimatronics/CS_Animatronics/build/system_controller/install.log --single-version-externally-managed install_data
[2.615s] running egg_info
[2.639s] writing ../../build/system_controller/system_controller.egg-info/PKG-INFO
[2.639s] writing dependency_links to ../../build/system_controller/system_controller.egg-info/dependency_links.txt
[2.640s] writing entry points to ../../build/system_controller/system_controller.egg-info/entry_points.txt
[2.640s] writing requirements to ../../build/system_controller/system_controller.egg-info/requires.txt
[2.640s] writing top-level names to ../../build/system_controller/system_controller.egg-info/top_level.txt
[2.694s] reading manifest file '../../build/system_controller/system_controller.egg-info/SOURCES.txt'
[2.695s] writing manifest file '../../build/system_controller/system_controller.egg-info/SOURCES.txt'
[2.695s] running build
[2.695s] running build_py
[2.699s] copying system_controller/system_controller.py -> /home/csanimatronics/CS_Animatronics/build/system_controller/build/lib/system_controller
[2.699s] running install
[2.708s] running install_lib
[2.735s] copying /home/csanimatronics/CS_Animatronics/build/system_controller/build/lib/system_controller/system_controller.py -> /home/csanimatronics/CS_Animatronics/install/system_controller/lib/python3.12/site-packages/system_controller
[2.736s] byte-compiling /home/csanimatronics/CS_Animatronics/install/system_controller/lib/python3.12/site-packages/system_controller/system_controller.py to system_controller.cpython-312.pyc
[2.737s] running install_data
[2.737s] copying package.xml -> /home/csanimatronics/CS_Animatronics/install/system_controller/share/system_controller
[2.737s] creating /home/csanimatronics/CS_Animatronics/install/system_controller/share/system_controller/msg
[2.737s] copying msg/IdAngle.msg -> /home/csanimatronics/CS_Animatronics/install/system_controller/share/system_controller/msg
[2.738s] running install_egg_info
[2.766s] removing '/home/csanimatronics/CS_Animatronics/install/system_controller/lib/python3.12/site-packages/system_controller-0.0.0-py3.12.egg-info' (and everything under it)
[2.766s] Copying ../../build/system_controller/system_controller.egg-info to /home/csanimatronics/CS_Animatronics/install/system_controller/lib/python3.12/site-packages/system_controller-0.0.0-py3.12.egg-info
[2.768s] running install_scripts
[2.967s] Installing controller_publisher script to /home/csanimatronics/CS_Animatronics/install/system_controller/lib/system_controller
[2.967s] Installing system_controller script to /home/csanimatronics/CS_Animatronics/install/system_controller/lib/system_controller
[2.969s] writing list of installed files to '/home/csanimatronics/CS_Animatronics/build/system_controller/install.log'
[3.139s] Invoked command in '/home/csanimatronics/CS_Animatronics/src/system_controller' returned '0': DEBUGINFOD_URLS=https://debuginfod.ubuntu.com PYTHONPATH=/home/csanimatronics/CS_Animatronics/build/system_controller/prefix_override:/usr/lib/python3/dist-packages/colcon_core/task/python/colcon_distutils_commands:/home/csanimatronics/CS_Animatronics/install/system_controller/lib/python3.12/site-packages:${PYTHONPATH} /usr/bin/python3 -W ignore:setup.py install is deprecated setup.py egg_info --egg-base ../../build/system_controller build --build-base /home/csanimatronics/CS_Animatronics/build/system_controller/build install --record /home/csanimatronics/CS_Animatronics/build/system_controller/install.log --single-version-externally-managed install_data
