[0.045s] Invoking command in '/home/csanimatronics/CS_Animatronics/build/dynamixel_sdk': DEBUGINFOD_URLS=https://debuginfod.ubuntu.com /usr/bin/cmake --build /home/csanimatronics/CS_Animatronics/build/dynamixel_sdk -- -j4 -l4
[0.405s] [100%] Built target dynamixel_sdk
[0.409s] Invoked command in '/home/csanimatronics/CS_Animatronics/build/dynamixel_sdk' returned '0': DEBUGINFOD_URLS=https://debuginfod.ubuntu.com /usr/bin/cmake --build /home/csanimatronics/CS_Animatronics/build/dynamixel_sdk -- -j4 -l4
[0.612s] Invoking command in '/home/csanimatronics/CS_Animatronics/build/dynamixel_sdk': DEBUGINFOD_URLS=https://debuginfod.ubuntu.com /usr/bin/cmake --install /home/csanimatronics/CS_Animatronics/build/dynamixel_sdk
[0.660s] -- Install configuration: ""
[0.667s] -- Up-to-date: /home/csanimatronics/CS_Animatronics/install/dynamixel_sdk/share/dynamixel_sdk/environment/library_path.sh
[0.667s] -- Up-to-date: /home/csanimatronics/CS_Animatronics/install/dynamixel_sdk/share/dynamixel_sdk/environment/library_path.dsv
[0.667s] -- Up-to-date: /home/csanimatronics/CS_Animatronics/install/dynamixel_sdk/lib/libdynamixel_sdk.a
[0.667s] -- Up-to-date: /home/csanimatronics/CS_Animatronics/install/dynamixel_sdk/include/dynamixel_sdk
[0.667s] -- Up-to-date: /home/csanimatronics/CS_Animatronics/install/dynamixel_sdk/include/dynamixel_sdk/port_handler_linux.h
[0.668s] -- Up-to-date: /home/csanimatronics/CS_Animatronics/install/dynamixel_sdk/include/dynamixel_sdk/port_handler_mac.h
[0.668s] -- Up-to-date: /home/csanimatronics/CS_Animatronics/install/dynamixel_sdk/include/dynamixel_sdk/port_handler.h
[0.668s] -- Up-to-date: /home/csanimatronics/CS_Animatronics/install/dynamixel_sdk/include/dynamixel_sdk/port_handler_windows.h
[0.668s] -- Up-to-date: /home/csanimatronics/CS_Animatronics/install/dynamixel_sdk/include/dynamixel_sdk/group_bulk_write.h
[0.669s] -- Up-to-date: /home/csanimatronics/CS_Animatronics/install/dynamixel_sdk/include/dynamixel_sdk/protocol2_packet_handler.h
[0.669s] -- Up-to-date: /home/csanimatronics/CS_Animatronics/install/dynamixel_sdk/include/dynamixel_sdk/protocol1_packet_handler.h
[0.669s] -- Up-to-date: /home/csanimatronics/CS_Animatronics/install/dynamixel_sdk/include/dynamixel_sdk/port_handler_arduino.h
[0.671s] -- Up-to-date: /home/csanimatronics/CS_Animatronics/install/dynamixel_sdk/include/dynamixel_sdk/dynamixel_sdk.h
[0.672s] -- Up-to-date: /home/csanimatronics/CS_Animatronics/install/dynamixel_sdk/include/dynamixel_sdk/packet_handler.h
[0.672s] -- Up-to-date: /home/csanimatronics/CS_Animatronics/install/dynamixel_sdk/include/dynamixel_sdk/group_sync_read.h
[0.672s] -- Up-to-date: /home/csanimatronics/CS_Animatronics/install/dynamixel_sdk/include/dynamixel_sdk/group_bulk_read.h
[0.672s] -- Up-to-date: /home/csanimatronics/CS_Animatronics/install/dynamixel_sdk/include/dynamixel_sdk/group_sync_write.h
[0.672s] -- Up-to-date: /home/csanimatronics/CS_Animatronics/install/dynamixel_sdk/lib/dynamixel_sdk/group_bulk_read.py
[0.672s] -- Up-to-date: /home/csanimatronics/CS_Animatronics/install/dynamixel_sdk/lib/dynamixel_sdk/group_bulk_write.py
[0.672s] -- Up-to-date: /home/csanimatronics/CS_Animatronics/install/dynamixel_sdk/lib/dynamixel_sdk/group_sync_read.py
[0.672s] -- Up-to-date: /home/csanimatronics/CS_Animatronics/install/dynamixel_sdk/lib/dynamixel_sdk/group_sync_write.py
[0.672s] -- Up-to-date: /home/csanimatronics/CS_Animatronics/install/dynamixel_sdk/lib/dynamixel_sdk/packet_handler.py
[0.673s] -- Up-to-date: /home/csanimatronics/CS_Animatronics/install/dynamixel_sdk/lib/dynamixel_sdk/port_handler.py
[0.673s] -- Up-to-date: /home/csanimatronics/CS_Animatronics/install/dynamixel_sdk/lib/dynamixel_sdk/protocol1_packet_handler.py
[0.673s] -- Up-to-date: /home/csanimatronics/CS_Animatronics/install/dynamixel_sdk/lib/dynamixel_sdk/protocol2_packet_handler.py
[0.673s] -- Up-to-date: /home/csanimatronics/CS_Animatronics/install/dynamixel_sdk/lib/dynamixel_sdk/robotis_def.py
[0.676s] -- Up-to-date: /home/csanimatronics/CS_Animatronics/install/dynamixel_sdk/share/ament_index/resource_index/package_run_dependencies/dynamixel_sdk
[0.677s] -- Up-to-date: /home/csanimatronics/CS_Animatronics/install/dynamixel_sdk/share/ament_index/resource_index/parent_prefix_path/dynamixel_sdk
[0.677s] -- Up-to-date: /home/csanimatronics/CS_Animatronics/install/dynamixel_sdk/share/dynamixel_sdk/environment/ament_prefix_path.sh
[0.677s] -- Up-to-date: /home/csanimatronics/CS_Animatronics/install/dynamixel_sdk/share/dynamixel_sdk/environment/ament_prefix_path.dsv
[0.678s] -- Up-to-date: /home/csanimatronics/CS_Animatronics/install/dynamixel_sdk/share/dynamixel_sdk/environment/path.sh
[0.678s] -- Up-to-date: /home/csanimatronics/CS_Animatronics/install/dynamixel_sdk/share/dynamixel_sdk/environment/path.dsv
[0.679s] -- Up-to-date: /home/csanimatronics/CS_Animatronics/install/dynamixel_sdk/share/dynamixel_sdk/local_setup.bash
[0.679s] -- Up-to-date: /home/csanimatronics/CS_Animatronics/install/dynamixel_sdk/share/dynamixel_sdk/local_setup.sh
[0.682s] -- Up-to-date: /home/csanimatronics/CS_Animatronics/install/dynamixel_sdk/share/dynamixel_sdk/local_setup.zsh
[0.683s] -- Up-to-date: /home/csanimatronics/CS_Animatronics/install/dynamixel_sdk/share/dynamixel_sdk/local_setup.dsv
[0.684s] -- Up-to-date: /home/csanimatronics/CS_Animatronics/install/dynamixel_sdk/share/dynamixel_sdk/package.dsv
[0.684s] -- Up-to-date: /home/csanimatronics/CS_Animatronics/install/dynamixel_sdk/share/ament_index/resource_index/packages/dynamixel_sdk
[0.684s] -- Up-to-date: /home/csanimatronics/CS_Animatronics/install/dynamixel_sdk/share/dynamixel_sdk/cmake/ament_cmake_export_include_directories-extras.cmake
[0.684s] -- Up-to-date: /home/csanimatronics/CS_Animatronics/install/dynamixel_sdk/share/dynamixel_sdk/cmake/ament_cmake_export_libraries-extras.cmake
[0.685s] -- Up-to-date: /home/csanimatronics/CS_Animatronics/install/dynamixel_sdk/share/dynamixel_sdk/cmake/dynamixel_sdkConfig.cmake
[0.685s] -- Up-to-date: /home/csanimatronics/CS_Animatronics/install/dynamixel_sdk/share/dynamixel_sdk/cmake/dynamixel_sdkConfig-version.cmake
[0.685s] -- Up-to-date: /home/csanimatronics/CS_Animatronics/install/dynamixel_sdk/share/dynamixel_sdk/package.xml
[0.685s] Invoked command in '/home/csanimatronics/CS_Animatronics/build/dynamixel_sdk' returned '0': DEBUGINFOD_URLS=https://debuginfod.ubuntu.com /usr/bin/cmake --install /home/csanimatronics/CS_Animatronics/build/dynamixel_sdk
