[0.027s] Invoking command in '/home/csanimatronics/CS_Animatronics/build/dynamixel_sdk_examples': CMAKE_PREFIX_PATH=/home/csanimatronics/CS_Animatronics/install/dynamixel_sdk_custom_interfaces:/home/csanimatronics/CS_Animatronics/install/dynamixel_sdk:/home/csanimatronics/CS_Animatronics/install/motor_command_msg:/home/csanimatronics/CS_Animatronics/install/dynamixel_sdk_examples:/opt/ros/jazzy/opt/gz_math_vendor:/opt/ros/jazzy/opt/gz_utils_vendor:/opt/ros/jazzy/opt/gz_cmake_vendor:/home/csanimatronics/CS_Animatronics/install/system_controller:/home/csanimatronics/CS_Animatronics/install/motor_controller:/home/csanimatronics/CS_Animatronics/install/controller_publisher:/opt/ros/jazzy DEBUGINFOD_URLS=https://debuginfod.ubuntu.com LD_LIBRARY_PATH=/home/csanimatronics/CS_Animatronics/install/dynamixel_sdk_custom_interfaces/lib:/home/csanimatronics/CS_Animatronics/install/dynamixel_sdk/lib:/home/csanimatronics/CS_Animatronics/install/motor_command_msg/lib:/opt/ros/jazzy/opt/rviz_ogre_vendor/lib:/opt/ros/jazzy/lib/aarch64-linux-gnu:/opt/ros/jazzy/opt/gz_math_vendor/lib:/opt/ros/jazzy/opt/gz_utils_vendor/lib:/opt/ros/jazzy/opt/gz_cmake_vendor/lib:/opt/ros/jazzy/lib PYTHONPATH=/home/csanimatronics/CS_Animatronics/install/dynamixel_sdk_custom_interfaces/lib/python3.12/site-packages:/home/csanimatronics/CS_Animatronics/install/system_controller/lib/python3.12/site-packages:/home/csanimatronics/CS_Animatronics/install/motor_controller/lib/python3.12/site-packages:/home/csanimatronics/CS_Animatronics/install/motor_command_msg/lib/python3.12/site-packages:/home/csanimatronics/CS_Animatronics/install/controller_publisher/lib/python3.12/site-packages:/opt/ros/jazzy/lib/python3.12/site-packages /usr/bin/cmake /home/csanimatronics/CS_Animatronics/src/dynamixel_sdk_examples -DCMAKE_INSTALL_PREFIX=/home/csanimatronics/CS_Animatronics/install/dynamixel_sdk_examples
[0.149s] -- The C compiler identification is GNU 13.2.0
[0.265s] -- The CXX compiler identification is GNU 13.2.0
[0.291s] -- Detecting C compiler ABI info
[0.474s] -- Detecting C compiler ABI info - done
[0.489s] -- Check for working C compiler: /usr/bin/cc - skipped
[0.489s] -- Detecting C compile features
[0.490s] -- Detecting C compile features - done
[0.505s] -- Detecting CXX compiler ABI info
[0.702s] -- Detecting CXX compiler ABI info - done
[0.719s] -- Check for working CXX compiler: /usr/bin/c++ - skipped
[0.720s] -- Detecting CXX compile features
[0.721s] -- Detecting CXX compile features - done
[0.724s] -- Found ament_cmake: 2.5.2 (/opt/ros/jazzy/share/ament_cmake/cmake)
[0.981s] -- Found Python3: /usr/bin/python3 (found version "3.12.3") found components: Interpreter 
[1.176s] -- Found dynamixel_sdk: 3.7.60 (/home/csanimatronics/CS_Animatronics/install/dynamixel_sdk/share/dynamixel_sdk/cmake)
[1.178s] -- Found dynamixel_sdk_custom_interfaces: 3.7.60 (/home/csanimatronics/CS_Animatronics/install/dynamixel_sdk_custom_interfaces/share/dynamixel_sdk_custom_interfaces/cmake)
[1.239s] -- Found rosidl_generator_c: 4.6.4 (/opt/ros/jazzy/share/rosidl_generator_c/cmake)
[1.262s] -- Found rosidl_generator_cpp: 4.6.4 (/opt/ros/jazzy/share/rosidl_generator_cpp/cmake)
[1.290s] -- Using all available rosidl_typesupport_c: rosidl_typesupport_fastrtps_c;rosidl_typesupport_introspection_c
[1.323s] -- Using all available rosidl_typesupport_cpp: rosidl_typesupport_fastrtps_cpp;rosidl_typesupport_introspection_cpp
[1.409s] -- Found rclcpp: 28.1.5 (/opt/ros/jazzy/share/rclcpp/cmake)
[1.492s] -- Found rmw_implementation_cmake: 7.3.1 (/opt/ros/jazzy/share/rmw_implementation_cmake/cmake)
[1.497s] -- Found rmw_fastrtps_cpp: 8.4.1 (/opt/ros/jazzy/share/rmw_fastrtps_cpp/cmake)
[1.648s] -- Found OpenSSL: /usr/lib/aarch64-linux-gnu/libcrypto.so (found version "3.0.13")  
[1.674s] -- Found FastRTPS: /opt/ros/jazzy/include (Required is at least version "2.13") 
[1.710s] -- Using RMW implementation 'rmw_fastrtps_cpp' as default
[1.823s] -- Found ament_lint_auto: 0.17.1 (/opt/ros/jazzy/share/ament_lint_auto/cmake)
[2.026s] -- Added test 'copyright' to check source files copyright and LICENSE
[2.028s] -- Added test 'cppcheck' to perform static code analysis on C / C++ code
[2.028s] -- Configured cppcheck include dirs: /home/csanimatronics/CS_Animatronics/src/dynamixel_sdk_examples/include
[2.029s] -- Configured cppcheck exclude dirs and/or files: 
[2.030s] -- Added test 'cpplint' to check C / C++ code against the Google style
[2.030s] -- Configured cpplint exclude dirs and/or files: 
[2.032s] -- Added test 'lint_cmake' to check CMake code style
[2.034s] -- Added test 'uncrustify' to check C / C++ code style
[2.035s] -- Configured uncrustify additional arguments: 
[2.035s] -- Added test 'xmllint' to check XML markup files
[2.037s] -- Configuring done (2.0s)
[2.054s] -- Generating done (0.0s)
[2.057s] -- Build files have been written to: /home/csanimatronics/CS_Animatronics/build/dynamixel_sdk_examples
[2.081s] Invoked command in '/home/csanimatronics/CS_Animatronics/build/dynamixel_sdk_examples' returned '0': CMAKE_PREFIX_PATH=/home/csanimatronics/CS_Animatronics/install/dynamixel_sdk_custom_interfaces:/home/csanimatronics/CS_Animatronics/install/dynamixel_sdk:/home/csanimatronics/CS_Animatronics/install/motor_command_msg:/home/csanimatronics/CS_Animatronics/install/dynamixel_sdk_examples:/opt/ros/jazzy/opt/gz_math_vendor:/opt/ros/jazzy/opt/gz_utils_vendor:/opt/ros/jazzy/opt/gz_cmake_vendor:/home/csanimatronics/CS_Animatronics/install/system_controller:/home/csanimatronics/CS_Animatronics/install/motor_controller:/home/csanimatronics/CS_Animatronics/install/controller_publisher:/opt/ros/jazzy DEBUGINFOD_URLS=https://debuginfod.ubuntu.com LD_LIBRARY_PATH=/home/csanimatronics/CS_Animatronics/install/dynamixel_sdk_custom_interfaces/lib:/home/csanimatronics/CS_Animatronics/install/dynamixel_sdk/lib:/home/csanimatronics/CS_Animatronics/install/motor_command_msg/lib:/opt/ros/jazzy/opt/rviz_ogre_vendor/lib:/opt/ros/jazzy/lib/aarch64-linux-gnu:/opt/ros/jazzy/opt/gz_math_vendor/lib:/opt/ros/jazzy/opt/gz_utils_vendor/lib:/opt/ros/jazzy/opt/gz_cmake_vendor/lib:/opt/ros/jazzy/lib PYTHONPATH=/home/csanimatronics/CS_Animatronics/install/dynamixel_sdk_custom_interfaces/lib/python3.12/site-packages:/home/csanimatronics/CS_Animatronics/install/system_controller/lib/python3.12/site-packages:/home/csanimatronics/CS_Animatronics/install/motor_controller/lib/python3.12/site-packages:/home/csanimatronics/CS_Animatronics/install/motor_command_msg/lib/python3.12/site-packages:/home/csanimatronics/CS_Animatronics/install/controller_publisher/lib/python3.12/site-packages:/opt/ros/jazzy/lib/python3.12/site-packages /usr/bin/cmake /home/csanimatronics/CS_Animatronics/src/dynamixel_sdk_examples -DCMAKE_INSTALL_PREFIX=/home/csanimatronics/CS_Animatronics/install/dynamixel_sdk_examples
[2.083s] Invoking command in '/home/csanimatronics/CS_Animatronics/build/dynamixel_sdk_examples': CMAKE_PREFIX_PATH=/home/csanimatronics/CS_Animatronics/install/dynamixel_sdk_custom_interfaces:/home/csanimatronics/CS_Animatronics/install/dynamixel_sdk:/home/csanimatronics/CS_Animatronics/install/motor_command_msg:/home/csanimatronics/CS_Animatronics/install/dynamixel_sdk_examples:/opt/ros/jazzy/opt/gz_math_vendor:/opt/ros/jazzy/opt/gz_utils_vendor:/opt/ros/jazzy/opt/gz_cmake_vendor:/home/csanimatronics/CS_Animatronics/install/system_controller:/home/csanimatronics/CS_Animatronics/install/motor_controller:/home/csanimatronics/CS_Animatronics/install/controller_publisher:/opt/ros/jazzy DEBUGINFOD_URLS=https://debuginfod.ubuntu.com LD_LIBRARY_PATH=/home/csanimatronics/CS_Animatronics/install/dynamixel_sdk_custom_interfaces/lib:/home/csanimatronics/CS_Animatronics/install/dynamixel_sdk/lib:/home/csanimatronics/CS_Animatronics/install/motor_command_msg/lib:/opt/ros/jazzy/opt/rviz_ogre_vendor/lib:/opt/ros/jazzy/lib/aarch64-linux-gnu:/opt/ros/jazzy/opt/gz_math_vendor/lib:/opt/ros/jazzy/opt/gz_utils_vendor/lib:/opt/ros/jazzy/opt/gz_cmake_vendor/lib:/opt/ros/jazzy/lib PYTHONPATH=/home/csanimatronics/CS_Animatronics/install/dynamixel_sdk_custom_interfaces/lib/python3.12/site-packages:/home/csanimatronics/CS_Animatronics/install/system_controller/lib/python3.12/site-packages:/home/csanimatronics/CS_Animatronics/install/motor_controller/lib/python3.12/site-packages:/home/csanimatronics/CS_Animatronics/install/motor_command_msg/lib/python3.12/site-packages:/home/csanimatronics/CS_Animatronics/install/controller_publisher/lib/python3.12/site-packages:/opt/ros/jazzy/lib/python3.12/site-packages /usr/bin/cmake --build /home/csanimatronics/CS_Animatronics/build/dynamixel_sdk_examples -- -j4 -l4
[2.177s] [ 50%] [32mBuilding CXX object CMakeFiles/read_write_node.dir/src/read_write_node.cpp.o[0m
[16.314s] [100%] [32m[1mLinking CXX executable read_write_node[0m
[17.044s] [100%] Built target read_write_node
[17.064s] Invoked command in '/home/csanimatronics/CS_Animatronics/build/dynamixel_sdk_examples' returned '0': CMAKE_PREFIX_PATH=/home/csanimatronics/CS_Animatronics/install/dynamixel_sdk_custom_interfaces:/home/csanimatronics/CS_Animatronics/install/dynamixel_sdk:/home/csanimatronics/CS_Animatronics/install/motor_command_msg:/home/csanimatronics/CS_Animatronics/install/dynamixel_sdk_examples:/opt/ros/jazzy/opt/gz_math_vendor:/opt/ros/jazzy/opt/gz_utils_vendor:/opt/ros/jazzy/opt/gz_cmake_vendor:/home/csanimatronics/CS_Animatronics/install/system_controller:/home/csanimatronics/CS_Animatronics/install/motor_controller:/home/csanimatronics/CS_Animatronics/install/controller_publisher:/opt/ros/jazzy DEBUGINFOD_URLS=https://debuginfod.ubuntu.com LD_LIBRARY_PATH=/home/csanimatronics/CS_Animatronics/install/dynamixel_sdk_custom_interfaces/lib:/home/csanimatronics/CS_Animatronics/install/dynamixel_sdk/lib:/home/csanimatronics/CS_Animatronics/install/motor_command_msg/lib:/opt/ros/jazzy/opt/rviz_ogre_vendor/lib:/opt/ros/jazzy/lib/aarch64-linux-gnu:/opt/ros/jazzy/opt/gz_math_vendor/lib:/opt/ros/jazzy/opt/gz_utils_vendor/lib:/opt/ros/jazzy/opt/gz_cmake_vendor/lib:/opt/ros/jazzy/lib PYTHONPATH=/home/csanimatronics/CS_Animatronics/install/dynamixel_sdk_custom_interfaces/lib/python3.12/site-packages:/home/csanimatronics/CS_Animatronics/install/system_controller/lib/python3.12/site-packages:/home/csanimatronics/CS_Animatronics/install/motor_controller/lib/python3.12/site-packages:/home/csanimatronics/CS_Animatronics/install/motor_command_msg/lib/python3.12/site-packages:/home/csanimatronics/CS_Animatronics/install/controller_publisher/lib/python3.12/site-packages:/opt/ros/jazzy/lib/python3.12/site-packages /usr/bin/cmake --build /home/csanimatronics/CS_Animatronics/build/dynamixel_sdk_examples -- -j4 -l4
[17.105s] Invoking command in '/home/csanimatronics/CS_Animatronics/build/dynamixel_sdk_examples': CMAKE_PREFIX_PATH=/home/csanimatronics/CS_Animatronics/install/dynamixel_sdk_custom_interfaces:/home/csanimatronics/CS_Animatronics/install/dynamixel_sdk:/home/csanimatronics/CS_Animatronics/install/motor_command_msg:/home/csanimatronics/CS_Animatronics/install/dynamixel_sdk_examples:/opt/ros/jazzy/opt/gz_math_vendor:/opt/ros/jazzy/opt/gz_utils_vendor:/opt/ros/jazzy/opt/gz_cmake_vendor:/home/csanimatronics/CS_Animatronics/install/system_controller:/home/csanimatronics/CS_Animatronics/install/motor_controller:/home/csanimatronics/CS_Animatronics/install/controller_publisher:/opt/ros/jazzy DEBUGINFOD_URLS=https://debuginfod.ubuntu.com LD_LIBRARY_PATH=/home/csanimatronics/CS_Animatronics/install/dynamixel_sdk_custom_interfaces/lib:/home/csanimatronics/CS_Animatronics/install/dynamixel_sdk/lib:/home/csanimatronics/CS_Animatronics/install/motor_command_msg/lib:/opt/ros/jazzy/opt/rviz_ogre_vendor/lib:/opt/ros/jazzy/lib/aarch64-linux-gnu:/opt/ros/jazzy/opt/gz_math_vendor/lib:/opt/ros/jazzy/opt/gz_utils_vendor/lib:/opt/ros/jazzy/opt/gz_cmake_vendor/lib:/opt/ros/jazzy/lib PYTHONPATH=/home/csanimatronics/CS_Animatronics/install/dynamixel_sdk_custom_interfaces/lib/python3.12/site-packages:/home/csanimatronics/CS_Animatronics/install/system_controller/lib/python3.12/site-packages:/home/csanimatronics/CS_Animatronics/install/motor_controller/lib/python3.12/site-packages:/home/csanimatronics/CS_Animatronics/install/motor_command_msg/lib/python3.12/site-packages:/home/csanimatronics/CS_Animatronics/install/controller_publisher/lib/python3.12/site-packages:/opt/ros/jazzy/lib/python3.12/site-packages /usr/bin/cmake --install /home/csanimatronics/CS_Animatronics/build/dynamixel_sdk_examples
[17.124s] -- Install configuration: ""
[17.124s] -- Installing: /home/csanimatronics/CS_Animatronics/install/dynamixel_sdk_examples/lib/dynamixel_sdk_examples/read_write_node
[17.135s] -- Set non-toolchain portion of runtime path of "/home/csanimatronics/CS_Animatronics/install/dynamixel_sdk_examples/lib/dynamixel_sdk_examples/read_write_node" to ""
[17.135s] -- Installing: /home/csanimatronics/CS_Animatronics/install/dynamixel_sdk_examples/share/ament_index/resource_index/package_run_dependencies/dynamixel_sdk_examples
[17.135s] -- Installing: /home/csanimatronics/CS_Animatronics/install/dynamixel_sdk_examples/share/ament_index/resource_index/parent_prefix_path/dynamixel_sdk_examples
[17.135s] -- Installing: /home/csanimatronics/CS_Animatronics/install/dynamixel_sdk_examples/share/dynamixel_sdk_examples/environment/ament_prefix_path.sh
[17.135s] -- Installing: /home/csanimatronics/CS_Animatronics/install/dynamixel_sdk_examples/share/dynamixel_sdk_examples/environment/ament_prefix_path.dsv
[17.136s] -- Installing: /home/csanimatronics/CS_Animatronics/install/dynamixel_sdk_examples/share/dynamixel_sdk_examples/environment/path.sh
[17.136s] -- Installing: /home/csanimatronics/CS_Animatronics/install/dynamixel_sdk_examples/share/dynamixel_sdk_examples/environment/path.dsv
[17.136s] -- Installing: /home/csanimatronics/CS_Animatronics/install/dynamixel_sdk_examples/share/dynamixel_sdk_examples/local_setup.bash
[17.136s] -- Installing: /home/csanimatronics/CS_Animatronics/install/dynamixel_sdk_examples/share/dynamixel_sdk_examples/local_setup.sh
[17.136s] -- Installing: /home/csanimatronics/CS_Animatronics/install/dynamixel_sdk_examples/share/dynamixel_sdk_examples/local_setup.zsh
[17.136s] -- Installing: /home/csanimatronics/CS_Animatronics/install/dynamixel_sdk_examples/share/dynamixel_sdk_examples/local_setup.dsv
[17.137s] -- Installing: /home/csanimatronics/CS_Animatronics/install/dynamixel_sdk_examples/share/dynamixel_sdk_examples/package.dsv
[17.137s] -- Installing: /home/csanimatronics/CS_Animatronics/install/dynamixel_sdk_examples/share/ament_index/resource_index/packages/dynamixel_sdk_examples
[17.137s] -- Installing: /home/csanimatronics/CS_Animatronics/install/dynamixel_sdk_examples/share/dynamixel_sdk_examples/cmake/dynamixel_sdk_examplesConfig.cmake
[17.137s] -- Installing: /home/csanimatronics/CS_Animatronics/install/dynamixel_sdk_examples/share/dynamixel_sdk_examples/cmake/dynamixel_sdk_examplesConfig-version.cmake
[17.137s] -- Installing: /home/csanimatronics/CS_Animatronics/install/dynamixel_sdk_examples/share/dynamixel_sdk_examples/package.xml
[17.141s] Invoked command in '/home/csanimatronics/CS_Animatronics/build/dynamixel_sdk_examples' returned '0': CMAKE_PREFIX_PATH=/home/csanimatronics/CS_Animatronics/install/dynamixel_sdk_custom_interfaces:/home/csanimatronics/CS_Animatronics/install/dynamixel_sdk:/home/csanimatronics/CS_Animatronics/install/motor_command_msg:/home/csanimatronics/CS_Animatronics/install/dynamixel_sdk_examples:/opt/ros/jazzy/opt/gz_math_vendor:/opt/ros/jazzy/opt/gz_utils_vendor:/opt/ros/jazzy/opt/gz_cmake_vendor:/home/csanimatronics/CS_Animatronics/install/system_controller:/home/csanimatronics/CS_Animatronics/install/motor_controller:/home/csanimatronics/CS_Animatronics/install/controller_publisher:/opt/ros/jazzy DEBUGINFOD_URLS=https://debuginfod.ubuntu.com LD_LIBRARY_PATH=/home/csanimatronics/CS_Animatronics/install/dynamixel_sdk_custom_interfaces/lib:/home/csanimatronics/CS_Animatronics/install/dynamixel_sdk/lib:/home/csanimatronics/CS_Animatronics/install/motor_command_msg/lib:/opt/ros/jazzy/opt/rviz_ogre_vendor/lib:/opt/ros/jazzy/lib/aarch64-linux-gnu:/opt/ros/jazzy/opt/gz_math_vendor/lib:/opt/ros/jazzy/opt/gz_utils_vendor/lib:/opt/ros/jazzy/opt/gz_cmake_vendor/lib:/opt/ros/jazzy/lib PYTHONPATH=/home/csanimatronics/CS_Animatronics/install/dynamixel_sdk_custom_interfaces/lib/python3.12/site-packages:/home/csanimatronics/CS_Animatronics/install/system_controller/lib/python3.12/site-packages:/home/csanimatronics/CS_Animatronics/install/motor_controller/lib/python3.12/site-packages:/home/csanimatronics/CS_Animatronics/install/motor_command_msg/lib/python3.12/site-packages:/home/csanimatronics/CS_Animatronics/install/controller_publisher/lib/python3.12/site-packages:/opt/ros/jazzy/lib/python3.12/site-packages /usr/bin/cmake --install /home/csanimatronics/CS_Animatronics/build/dynamixel_sdk_examples
