[0.609s] Invoking command in '/home/csanimatronics/CS_Animatronics/build/motor_command_msg': CMAKE_PREFIX_PATH=${CMAKE_PREFIX_PATH}:/home/csanimatronics/CS_Animatronics/install/system_controller:/home/csanimatronics/CS_Animatronics/install/motor_controller:/home/csanimatronics/CS_Animatronics/install/controller_publisher:/opt/ros/jazzy DEBUGINFOD_URLS=https://debuginfod.ubuntu.com /usr/bin/cmake /home/csanimatronics/CS_Animatronics/src/motor_command_msg -DCMAKE_INSTALL_PREFIX=/home/csanimatronics/CS_Animatronics/install/motor_command_msg
[0.782s] -- The C compiler identification is GNU 13.2.0
[0.962s] -- The CXX compiler identification is GNU 13.2.0
[0.999s] -- Detecting C compiler ABI info
[1.258s] -- Detecting C compiler ABI info - done
[1.290s] -- Check for working C compiler: /usr/bin/cc - skipped
[1.291s] -- Detecting C compile features
[1.292s] -- Detecting C compile features - done
[1.324s] -- Detecting CXX compiler ABI info
[1.607s] -- Detecting CXX compiler ABI info - done
[1.629s] -- Check for working CXX compiler: /usr/bin/c++ - skipped
[1.631s] -- Detecting CXX compile features
[1.633s] -- Detecting CXX compile features - done
[1.639s] -- Found rosidl_default_generators: 1.6.0 (/opt/ros/jazzy/share/rosidl_default_generators/cmake)
[2.030s] -- Found Python3: /usr/bin/python3 (found version "3.12.3") found components: Interpreter 
[2.367s] -- Using all available rosidl_typesupport_c: rosidl_typesupport_fastrtps_c;rosidl_typesupport_introspection_c
[2.838s] -- Using all available rosidl_typesupport_cpp: rosidl_typesupport_fastrtps_cpp;rosidl_typesupport_introspection_cpp
[3.050s] -- Found rosidl_adapter: 4.6.4 (/opt/ros/jazzy/share/rosidl_adapter/cmake)
[5.516s] -- Found ament_cmake_ros: 0.12.0 (/opt/ros/jazzy/share/ament_cmake_ros/cmake)
[6.768s] -- Using all available rosidl_typesupport_c: rosidl_typesupport_fastrtps_c;rosidl_typesupport_introspection_c
[8.044s] -- Using all available rosidl_typesupport_cpp: rosidl_typesupport_fastrtps_cpp;rosidl_typesupport_introspection_cpp
[8.053s] -- Found python_cmake_module: 0.11.1 (/opt/ros/jazzy/share/python_cmake_module/cmake)
[8.389s] -- Found PythonExtra: /usr/bin/python3  
[9.511s] -- Found Python3: /usr/bin/python3 (found version "3.12.3") found components: Interpreter Development NumPy Development.Module Development.Embed 
[9.599s] -- Found ament_lint_auto: 0.17.1 (/opt/ros/jazzy/share/ament_lint_auto/cmake)
[9.634s] -- Added test 'lint_cmake' to check CMake code style
[9.638s] -- Added test 'xmllint' to check XML markup files
[9.642s] -- Configuring done (9.0s)
[9.704s] -- Generating done (0.1s)
[9.709s] -- Build files have been written to: /home/csanimatronics/CS_Animatronics/build/motor_command_msg
[9.725s] Invoked command in '/home/csanimatronics/CS_Animatronics/build/motor_command_msg' returned '0': CMAKE_PREFIX_PATH=${CMAKE_PREFIX_PATH}:/home/csanimatronics/CS_Animatronics/install/system_controller:/home/csanimatronics/CS_Animatronics/install/motor_controller:/home/csanimatronics/CS_Animatronics/install/controller_publisher:/opt/ros/jazzy DEBUGINFOD_URLS=https://debuginfod.ubuntu.com /usr/bin/cmake /home/csanimatronics/CS_Animatronics/src/motor_command_msg -DCMAKE_INSTALL_PREFIX=/home/csanimatronics/CS_Animatronics/install/motor_command_msg
[9.726s] Invoking command in '/home/csanimatronics/CS_Animatronics/build/motor_command_msg': CMAKE_PREFIX_PATH=${CMAKE_PREFIX_PATH}:/home/csanimatronics/CS_Animatronics/install/system_controller:/home/csanimatronics/CS_Animatronics/install/motor_controller:/home/csanimatronics/CS_Animatronics/install/controller_publisher:/opt/ros/jazzy DEBUGINFOD_URLS=https://debuginfod.ubuntu.com /usr/bin/cmake --build /home/csanimatronics/CS_Animatronics/build/motor_command_msg -- -j4 -l4
[9.850s] [  2%] [34m[1mGenerating type hashes for ROS interfaces[0m
[9.892s] [  2%] Built target ament_cmake_python_copy_motor_command_msg
[10.421s] [  2%] Built target motor_command_msg__rosidl_generator_type_description
[10.466s] [  5%] [34m[1mGenerating C code for ROS interfaces[0m
[10.517s] [  8%] [34m[1mGenerating C++ code for ROS interfaces[0m
[10.636s] running egg_info
[10.638s] creating motor_command_msg.egg-info
[10.741s] writing motor_command_msg.egg-info/PKG-INFO
[10.747s] writing dependency_links to motor_command_msg.egg-info/dependency_links.txt
[10.747s] writing top-level names to motor_command_msg.egg-info/top_level.txt
[10.747s] writing manifest file 'motor_command_msg.egg-info/SOURCES.txt'
[11.013s] reading manifest file 'motor_command_msg.egg-info/SOURCES.txt'
[11.013s] writing manifest file 'motor_command_msg.egg-info/SOURCES.txt'
[11.287s] [  8%] Built target ament_cmake_python_build_motor_command_msg_egg
[11.465s] [ 11%] [32mBuilding C object CMakeFiles/motor_command_msg__rosidl_generator_c.dir/rosidl_generator_c/motor_command_msg/msg/detail/id_angle__description.c.o[0m
[11.495s] [ 14%] [32mBuilding C object CMakeFiles/motor_command_msg__rosidl_generator_c.dir/rosidl_generator_c/motor_command_msg/msg/detail/id_angle__functions.c.o[0m
[11.497s] [ 17%] [32mBuilding C object CMakeFiles/motor_command_msg__rosidl_generator_c.dir/rosidl_generator_c/motor_command_msg/msg/detail/id_angle__type_support.c.o[0m
[11.655s] [ 17%] Built target motor_command_msg__cpp
[11.694s] [ 20%] [32m[1mLinking C shared library libmotor_command_msg__rosidl_generator_c.so[0m
[11.801s] [ 20%] Built target motor_command_msg__rosidl_generator_c
[11.856s] [ 23%] [34m[1mGenerating C type support for eProsima Fast-RTPS[0m
[11.856s] [ 26%] [34m[1mGenerating C type support dispatch for ROS interfaces[0m
[11.867s] [ 29%] [34m[1mGenerating C++ type support dispatch for ROS interfaces[0m
[11.871s] [ 32%] [34m[1mGenerating C introspection for ROS interfaces[0m
[13.030s] [ 35%] [32mBuilding CXX object CMakeFiles/motor_command_msg__rosidl_typesupport_c.dir/rosidl_typesupport_c/motor_command_msg/msg/id_angle__type_support.cpp.o[0m
[13.265s] [ 38%] [32mBuilding CXX object CMakeFiles/motor_command_msg__rosidl_typesupport_fastrtps_c.dir/rosidl_typesupport_fastrtps_c/motor_command_msg/msg/detail/id_angle__type_support_c.cpp.o[0m
[13.272s] [ 41%] [32m[1mLinking CXX shared library libmotor_command_msg__rosidl_typesupport_c.so[0m
[13.339s] [ 44%] [32mBuilding CXX object CMakeFiles/motor_command_msg__rosidl_typesupport_cpp.dir/rosidl_typesupport_cpp/motor_command_msg/msg/id_angle__type_support.cpp.o[0m
[13.378s] [ 47%] [32mBuilding C object CMakeFiles/motor_command_msg__rosidl_typesupport_introspection_c.dir/rosidl_typesupport_introspection_c/motor_command_msg/msg/detail/id_angle__type_support.c.o[0m
[13.497s] [ 47%] Built target motor_command_msg__rosidl_typesupport_c
[13.547s] [ 50%] [34m[1mGenerating C++ type support for eProsima Fast-RTPS[0m
[13.609s] [ 52%] [32m[1mLinking C shared library libmotor_command_msg__rosidl_typesupport_introspection_c.so[0m
[13.772s] [ 52%] Built target motor_command_msg__rosidl_typesupport_introspection_c
[13.833s] [ 55%] [34m[1mGenerating C++ introspection for ROS interfaces[0m
[15.087s] [ 58%] [32mBuilding CXX object CMakeFiles/motor_command_msg__rosidl_typesupport_fastrtps_cpp.dir/rosidl_typesupport_fastrtps_cpp/motor_command_msg/msg/detail/dds_fastrtps/id_angle__type_support.cpp.o[0m
[15.183s] [ 61%] [32mBuilding CXX object CMakeFiles/motor_command_msg__rosidl_typesupport_introspection_cpp.dir/rosidl_typesupport_introspection_cpp/motor_command_msg/msg/detail/id_angle__type_support.cpp.o[0m
[15.267s] [ 64%] [32m[1mLinking CXX shared library libmotor_command_msg__rosidl_typesupport_cpp.so[0m
[15.415s] [ 64%] Built target motor_command_msg__rosidl_typesupport_cpp
[16.143s] [ 67%] [32m[1mLinking CXX shared library libmotor_command_msg__rosidl_typesupport_fastrtps_c.so[0m
[16.488s] [ 67%] Built target motor_command_msg__rosidl_typesupport_fastrtps_c
[17.171s] [ 70%] [32m[1mLinking CXX shared library libmotor_command_msg__rosidl_typesupport_introspection_cpp.so[0m
[17.428s] [ 73%] [32m[1mLinking CXX shared library libmotor_command_msg__rosidl_typesupport_fastrtps_cpp.so[0m
[17.563s] [ 73%] Built target motor_command_msg__rosidl_typesupport_introspection_cpp
[17.907s] [ 73%] Built target motor_command_msg__rosidl_typesupport_fastrtps_cpp
[18.012s] [ 73%] Built target motor_command_msg
[18.145s] [ 76%] [34m[1mGenerating Python code for ROS interfaces[0m
[18.898s] [ 76%] Built target motor_command_msg__py
[18.936s] [ 79%] [32mBuilding C object CMakeFiles/motor_command_msg__rosidl_generator_py.dir/rosidl_generator_py/motor_command_msg/msg/_id_angle_s.c.o[0m
[19.209s] [ 82%] [32m[1mLinking C shared library libmotor_command_msg__rosidl_generator_py.so[0m
[19.302s] [ 82%] Built target motor_command_msg__rosidl_generator_py
[19.348s] [ 85%] [32mBuilding C object CMakeFiles/motor_command_msg_s__rosidl_typesupport_c.dir/rosidl_generator_py/motor_command_msg/_motor_command_msg_s.ep.rosidl_typesupport_c.c.o[0m
[19.354s] [ 91%] [32mBuilding C object CMakeFiles/motor_command_msg_s__rosidl_typesupport_introspection_c.dir/rosidl_generator_py/motor_command_msg/_motor_command_msg_s.ep.rosidl_typesupport_introspection_c.c.o[0m
[19.357s] [ 91%] [32mBuilding C object CMakeFiles/motor_command_msg_s__rosidl_typesupport_fastrtps_c.dir/rosidl_generator_py/motor_command_msg/_motor_command_msg_s.ep.rosidl_typesupport_fastrtps_c.c.o[0m
[19.621s] [ 94%] [32m[1mLinking C shared module rosidl_generator_py/motor_command_msg/motor_command_msg_s__rosidl_typesupport_c.so[0m
[19.632s] [ 97%] [32m[1mLinking C shared module rosidl_generator_py/motor_command_msg/motor_command_msg_s__rosidl_typesupport_introspection_c.so[0m
[19.646s] [100%] [32m[1mLinking C shared module rosidl_generator_py/motor_command_msg/motor_command_msg_s__rosidl_typesupport_fastrtps_c.so[0m
[19.701s] [100%] Built target motor_command_msg_s__rosidl_typesupport_c
[19.715s] [100%] Built target motor_command_msg_s__rosidl_typesupport_introspection_c
[19.724s] [100%] Built target motor_command_msg_s__rosidl_typesupport_fastrtps_c
[19.748s] Invoked command in '/home/csanimatronics/CS_Animatronics/build/motor_command_msg' returned '0': CMAKE_PREFIX_PATH=${CMAKE_PREFIX_PATH}:/home/csanimatronics/CS_Animatronics/install/system_controller:/home/csanimatronics/CS_Animatronics/install/motor_controller:/home/csanimatronics/CS_Animatronics/install/controller_publisher:/opt/ros/jazzy DEBUGINFOD_URLS=https://debuginfod.ubuntu.com /usr/bin/cmake --build /home/csanimatronics/CS_Animatronics/build/motor_command_msg -- -j4 -l4
[19.854s] Invoking command in '/home/csanimatronics/CS_Animatronics/build/motor_command_msg': CMAKE_PREFIX_PATH=${CMAKE_PREFIX_PATH}:/home/csanimatronics/CS_Animatronics/install/system_controller:/home/csanimatronics/CS_Animatronics/install/motor_controller:/home/csanimatronics/CS_Animatronics/install/controller_publisher:/opt/ros/jazzy DEBUGINFOD_URLS=https://debuginfod.ubuntu.com /usr/bin/cmake --install /home/csanimatronics/CS_Animatronics/build/motor_command_msg
[19.869s] -- Install configuration: ""
[19.870s] -- Installing: /home/csanimatronics/CS_Animatronics/install/motor_command_msg/share/ament_index/resource_index/rosidl_interfaces/motor_command_msg
[19.870s] -- Installing: /home/csanimatronics/CS_Animatronics/install/motor_command_msg/share/motor_command_msg/msg/IdAngle.json
[19.870s] -- Installing: /home/csanimatronics/CS_Animatronics/install/motor_command_msg/include/motor_command_msg/motor_command_msg
[19.870s] -- Installing: /home/csanimatronics/CS_Animatronics/install/motor_command_msg/include/motor_command_msg/motor_command_msg/msg
[19.871s] -- Installing: /home/csanimatronics/CS_Animatronics/install/motor_command_msg/include/motor_command_msg/motor_command_msg/msg/detail
[19.871s] -- Installing: /home/csanimatronics/CS_Animatronics/install/motor_command_msg/include/motor_command_msg/motor_command_msg/msg/detail/id_angle__type_support.c
[19.871s] -- Installing: /home/csanimatronics/CS_Animatronics/install/motor_command_msg/include/motor_command_msg/motor_command_msg/msg/detail/id_angle__struct.h
[19.871s] -- Installing: /home/csanimatronics/CS_Animatronics/install/motor_command_msg/include/motor_command_msg/motor_command_msg/msg/detail/id_angle__functions.h
[19.871s] -- Installing: /home/csanimatronics/CS_Animatronics/install/motor_command_msg/include/motor_command_msg/motor_command_msg/msg/detail/id_angle__type_support.h
[19.871s] -- Installing: /home/csanimatronics/CS_Animatronics/install/motor_command_msg/include/motor_command_msg/motor_command_msg/msg/detail/id_angle__functions.c
[19.871s] -- Installing: /home/csanimatronics/CS_Animatronics/install/motor_command_msg/include/motor_command_msg/motor_command_msg/msg/detail/id_angle__description.c
[19.871s] -- Installing: /home/csanimatronics/CS_Animatronics/install/motor_command_msg/include/motor_command_msg/motor_command_msg/msg/rosidl_generator_c__visibility_control.h
[19.871s] -- Installing: /home/csanimatronics/CS_Animatronics/install/motor_command_msg/include/motor_command_msg/motor_command_msg/msg/id_angle.h
[19.872s] -- Installing: /home/csanimatronics/CS_Animatronics/install/motor_command_msg/share/motor_command_msg/environment/library_path.sh
[19.872s] -- Installing: /home/csanimatronics/CS_Animatronics/install/motor_command_msg/share/motor_command_msg/environment/library_path.dsv
[19.872s] -- Installing: /home/csanimatronics/CS_Animatronics/install/motor_command_msg/lib/libmotor_command_msg__rosidl_generator_c.so
[19.873s] -- Set non-toolchain portion of runtime path of "/home/csanimatronics/CS_Animatronics/install/motor_command_msg/lib/libmotor_command_msg__rosidl_generator_c.so" to ""
[19.873s] -- Up-to-date: /home/csanimatronics/CS_Animatronics/install/motor_command_msg/include/motor_command_msg/motor_command_msg
[19.873s] -- Up-to-date: /home/csanimatronics/CS_Animatronics/install/motor_command_msg/include/motor_command_msg/motor_command_msg/msg
[19.873s] -- Installing: /home/csanimatronics/CS_Animatronics/install/motor_command_msg/include/motor_command_msg/motor_command_msg/msg/rosidl_typesupport_fastrtps_c__visibility_control.h
[19.873s] -- Up-to-date: /home/csanimatronics/CS_Animatronics/install/motor_command_msg/include/motor_command_msg/motor_command_msg/msg/detail
[19.873s] -- Installing: /home/csanimatronics/CS_Animatronics/install/motor_command_msg/include/motor_command_msg/motor_command_msg/msg/detail/id_angle__rosidl_typesupport_fastrtps_c.h
[19.873s] -- Installing: /home/csanimatronics/CS_Animatronics/install/motor_command_msg/lib/libmotor_command_msg__rosidl_typesupport_fastrtps_c.so
[19.874s] -- Set non-toolchain portion of runtime path of "/home/csanimatronics/CS_Animatronics/install/motor_command_msg/lib/libmotor_command_msg__rosidl_typesupport_fastrtps_c.so" to ""
[19.874s] -- Up-to-date: /home/csanimatronics/CS_Animatronics/install/motor_command_msg/include/motor_command_msg/motor_command_msg
[19.874s] -- Up-to-date: /home/csanimatronics/CS_Animatronics/install/motor_command_msg/include/motor_command_msg/motor_command_msg/msg
[19.874s] -- Installing: /home/csanimatronics/CS_Animatronics/install/motor_command_msg/include/motor_command_msg/motor_command_msg/msg/rosidl_typesupport_introspection_c__visibility_control.h
[19.875s] -- Up-to-date: /home/csanimatronics/CS_Animatronics/install/motor_command_msg/include/motor_command_msg/motor_command_msg/msg/detail
[19.875s] -- Installing: /home/csanimatronics/CS_Animatronics/install/motor_command_msg/include/motor_command_msg/motor_command_msg/msg/detail/id_angle__type_support.c
[19.875s] -- Installing: /home/csanimatronics/CS_Animatronics/install/motor_command_msg/include/motor_command_msg/motor_command_msg/msg/detail/id_angle__rosidl_typesupport_introspection_c.h
[19.875s] -- Installing: /home/csanimatronics/CS_Animatronics/install/motor_command_msg/lib/libmotor_command_msg__rosidl_typesupport_introspection_c.so
[19.875s] -- Set non-toolchain portion of runtime path of "/home/csanimatronics/CS_Animatronics/install/motor_command_msg/lib/libmotor_command_msg__rosidl_typesupport_introspection_c.so" to ""
[19.876s] -- Installing: /home/csanimatronics/CS_Animatronics/install/motor_command_msg/lib/libmotor_command_msg__rosidl_typesupport_c.so
[19.876s] -- Set non-toolchain portion of runtime path of "/home/csanimatronics/CS_Animatronics/install/motor_command_msg/lib/libmotor_command_msg__rosidl_typesupport_c.so" to ""
[19.876s] -- Up-to-date: /home/csanimatronics/CS_Animatronics/install/motor_command_msg/include/motor_command_msg/motor_command_msg
[19.876s] -- Up-to-date: /home/csanimatronics/CS_Animatronics/install/motor_command_msg/include/motor_command_msg/motor_command_msg/msg
[19.876s] -- Installing: /home/csanimatronics/CS_Animatronics/install/motor_command_msg/include/motor_command_msg/motor_command_msg/msg/rosidl_generator_cpp__visibility_control.hpp
[19.876s] -- Up-to-date: /home/csanimatronics/CS_Animatronics/install/motor_command_msg/include/motor_command_msg/motor_command_msg/msg/detail
[19.877s] -- Installing: /home/csanimatronics/CS_Animatronics/install/motor_command_msg/include/motor_command_msg/motor_command_msg/msg/detail/id_angle__traits.hpp
[19.877s] -- Installing: /home/csanimatronics/CS_Animatronics/install/motor_command_msg/include/motor_command_msg/motor_command_msg/msg/detail/id_angle__struct.hpp
[19.877s] -- Installing: /home/csanimatronics/CS_Animatronics/install/motor_command_msg/include/motor_command_msg/motor_command_msg/msg/detail/id_angle__builder.hpp
[19.877s] -- Installing: /home/csanimatronics/CS_Animatronics/install/motor_command_msg/include/motor_command_msg/motor_command_msg/msg/detail/id_angle__type_support.hpp
[19.877s] -- Installing: /home/csanimatronics/CS_Animatronics/install/motor_command_msg/include/motor_command_msg/motor_command_msg/msg/id_angle.hpp
[19.877s] -- Up-to-date: /home/csanimatronics/CS_Animatronics/install/motor_command_msg/include/motor_command_msg/motor_command_msg
[19.877s] -- Up-to-date: /home/csanimatronics/CS_Animatronics/install/motor_command_msg/include/motor_command_msg/motor_command_msg/msg
[19.877s] -- Installing: /home/csanimatronics/CS_Animatronics/install/motor_command_msg/include/motor_command_msg/motor_command_msg/msg/rosidl_typesupport_fastrtps_cpp__visibility_control.h
[19.877s] -- Up-to-date: /home/csanimatronics/CS_Animatronics/install/motor_command_msg/include/motor_command_msg/motor_command_msg/msg/detail
[19.878s] -- Installing: /home/csanimatronics/CS_Animatronics/install/motor_command_msg/include/motor_command_msg/motor_command_msg/msg/detail/dds_fastrtps
[19.878s] -- Installing: /home/csanimatronics/CS_Animatronics/install/motor_command_msg/include/motor_command_msg/motor_command_msg/msg/detail/id_angle__rosidl_typesupport_fastrtps_cpp.hpp
[19.878s] -- Installing: /home/csanimatronics/CS_Animatronics/install/motor_command_msg/lib/libmotor_command_msg__rosidl_typesupport_fastrtps_cpp.so
[19.879s] -- Set non-toolchain portion of runtime path of "/home/csanimatronics/CS_Animatronics/install/motor_command_msg/lib/libmotor_command_msg__rosidl_typesupport_fastrtps_cpp.so" to ""
[19.879s] -- Up-to-date: /home/csanimatronics/CS_Animatronics/install/motor_command_msg/include/motor_command_msg/motor_command_msg
[19.879s] -- Up-to-date: /home/csanimatronics/CS_Animatronics/install/motor_command_msg/include/motor_command_msg/motor_command_msg/msg
[19.879s] -- Up-to-date: /home/csanimatronics/CS_Animatronics/install/motor_command_msg/include/motor_command_msg/motor_command_msg/msg/detail
[19.879s] -- Installing: /home/csanimatronics/CS_Animatronics/install/motor_command_msg/include/motor_command_msg/motor_command_msg/msg/detail/id_angle__rosidl_typesupport_introspection_cpp.hpp
[19.879s] -- Installing: /home/csanimatronics/CS_Animatronics/install/motor_command_msg/include/motor_command_msg/motor_command_msg/msg/detail/id_angle__type_support.cpp
[19.879s] -- Installing: /home/csanimatronics/CS_Animatronics/install/motor_command_msg/lib/libmotor_command_msg__rosidl_typesupport_introspection_cpp.so
[19.880s] -- Set non-toolchain portion of runtime path of "/home/csanimatronics/CS_Animatronics/install/motor_command_msg/lib/libmotor_command_msg__rosidl_typesupport_introspection_cpp.so" to ""
[19.880s] -- Installing: /home/csanimatronics/CS_Animatronics/install/motor_command_msg/lib/libmotor_command_msg__rosidl_typesupport_cpp.so
[19.880s] -- Set non-toolchain portion of runtime path of "/home/csanimatronics/CS_Animatronics/install/motor_command_msg/lib/libmotor_command_msg__rosidl_typesupport_cpp.so" to ""
[19.881s] -- Installing: /home/csanimatronics/CS_Animatronics/install/motor_command_msg/share/motor_command_msg/environment/pythonpath.sh
[19.881s] -- Installing: /home/csanimatronics/CS_Animatronics/install/motor_command_msg/share/motor_command_msg/environment/pythonpath.dsv
[19.881s] -- Installing: /home/csanimatronics/CS_Animatronics/install/motor_command_msg/lib/python3.12/site-packages/motor_command_msg-0.0.0-py3.12.egg-info
[19.881s] -- Installing: /home/csanimatronics/CS_Animatronics/install/motor_command_msg/lib/python3.12/site-packages/motor_command_msg-0.0.0-py3.12.egg-info/SOURCES.txt
[19.881s] -- Installing: /home/csanimatronics/CS_Animatronics/install/motor_command_msg/lib/python3.12/site-packages/motor_command_msg-0.0.0-py3.12.egg-info/top_level.txt
[19.881s] -- Installing: /home/csanimatronics/CS_Animatronics/install/motor_command_msg/lib/python3.12/site-packages/motor_command_msg-0.0.0-py3.12.egg-info/PKG-INFO
[19.881s] -- Installing: /home/csanimatronics/CS_Animatronics/install/motor_command_msg/lib/python3.12/site-packages/motor_command_msg-0.0.0-py3.12.egg-info/dependency_links.txt
[19.882s] -- Installing: /home/csanimatronics/CS_Animatronics/install/motor_command_msg/lib/python3.12/site-packages/motor_command_msg
[19.882s] -- Installing: /home/csanimatronics/CS_Animatronics/install/motor_command_msg/lib/python3.12/site-packages/motor_command_msg/__init__.py
[19.882s] -- Installing: /home/csanimatronics/CS_Animatronics/install/motor_command_msg/lib/python3.12/site-packages/motor_command_msg/motor_command_msg_s__rosidl_typesupport_fastrtps_c.so
[19.882s] -- Installing: /home/csanimatronics/CS_Animatronics/install/motor_command_msg/lib/python3.12/site-packages/motor_command_msg/msg
[19.882s] -- Installing: /home/csanimatronics/CS_Animatronics/install/motor_command_msg/lib/python3.12/site-packages/motor_command_msg/msg/__init__.py
[19.882s] -- Installing: /home/csanimatronics/CS_Animatronics/install/motor_command_msg/lib/python3.12/site-packages/motor_command_msg/msg/_id_angle_s.c
[19.883s] -- Installing: /home/csanimatronics/CS_Animatronics/install/motor_command_msg/lib/python3.12/site-packages/motor_command_msg/msg/_id_angle.py
[19.883s] -- Installing: /home/csanimatronics/CS_Animatronics/install/motor_command_msg/lib/python3.12/site-packages/motor_command_msg/motor_command_msg_s__rosidl_typesupport_c.so
[19.883s] -- Installing: /home/csanimatronics/CS_Animatronics/install/motor_command_msg/lib/python3.12/site-packages/motor_command_msg/_motor_command_msg_s.ep.rosidl_typesupport_introspection_c.c
[19.883s] -- Installing: /home/csanimatronics/CS_Animatronics/install/motor_command_msg/lib/python3.12/site-packages/motor_command_msg/_motor_command_msg_s.ep.rosidl_typesupport_c.c
[19.884s] -- Installing: /home/csanimatronics/CS_Animatronics/install/motor_command_msg/lib/python3.12/site-packages/motor_command_msg/motor_command_msg_s__rosidl_typesupport_introspection_c.so
[19.887s] -- Installing: /home/csanimatronics/CS_Animatronics/install/motor_command_msg/lib/python3.12/site-packages/motor_command_msg/_motor_command_msg_s.ep.rosidl_typesupport_fastrtps_c.c
[19.962s] Listing '/home/csanimatronics/CS_Animatronics/install/motor_command_msg/lib/python3.12/site-packages/motor_command_msg'...
[19.962s] Compiling '/home/csanimatronics/CS_Animatronics/install/motor_command_msg/lib/python3.12/site-packages/motor_command_msg/__init__.py'...
[19.962s] Listing '/home/csanimatronics/CS_Animatronics/install/motor_command_msg/lib/python3.12/site-packages/motor_command_msg/msg'...
[19.962s] Compiling '/home/csanimatronics/CS_Animatronics/install/motor_command_msg/lib/python3.12/site-packages/motor_command_msg/msg/__init__.py'...
[19.962s] Compiling '/home/csanimatronics/CS_Animatronics/install/motor_command_msg/lib/python3.12/site-packages/motor_command_msg/msg/_id_angle.py'...
[19.975s] -- Installing: /home/csanimatronics/CS_Animatronics/install/motor_command_msg/lib/python3.12/site-packages/motor_command_msg/motor_command_msg_s__rosidl_typesupport_fastrtps_c.so
[19.976s] -- Set non-toolchain portion of runtime path of "/home/csanimatronics/CS_Animatronics/install/motor_command_msg/lib/python3.12/site-packages/motor_command_msg/motor_command_msg_s__rosidl_typesupport_fastrtps_c.so" to ""
[19.976s] -- Installing: /home/csanimatronics/CS_Animatronics/install/motor_command_msg/lib/python3.12/site-packages/motor_command_msg/motor_command_msg_s__rosidl_typesupport_introspection_c.so
[19.977s] -- Set non-toolchain portion of runtime path of "/home/csanimatronics/CS_Animatronics/install/motor_command_msg/lib/python3.12/site-packages/motor_command_msg/motor_command_msg_s__rosidl_typesupport_introspection_c.so" to ""
[19.977s] -- Installing: /home/csanimatronics/CS_Animatronics/install/motor_command_msg/lib/python3.12/site-packages/motor_command_msg/motor_command_msg_s__rosidl_typesupport_c.so
[19.978s] -- Set non-toolchain portion of runtime path of "/home/csanimatronics/CS_Animatronics/install/motor_command_msg/lib/python3.12/site-packages/motor_command_msg/motor_command_msg_s__rosidl_typesupport_c.so" to ""
[19.978s] -- Installing: /home/csanimatronics/CS_Animatronics/install/motor_command_msg/lib/libmotor_command_msg__rosidl_generator_py.so
[19.978s] -- Set non-toolchain portion of runtime path of "/home/csanimatronics/CS_Animatronics/install/motor_command_msg/lib/libmotor_command_msg__rosidl_generator_py.so" to ""
[19.979s] -- Installing: /home/csanimatronics/CS_Animatronics/install/motor_command_msg/share/motor_command_msg/msg/IdAngle.idl
[19.979s] -- Installing: /home/csanimatronics/CS_Animatronics/install/motor_command_msg/share/motor_command_msg/msg/IdAngle.msg
[19.979s] -- Installing: /home/csanimatronics/CS_Animatronics/install/motor_command_msg/share/ament_index/resource_index/package_run_dependencies/motor_command_msg
[19.979s] -- Installing: /home/csanimatronics/CS_Animatronics/install/motor_command_msg/share/ament_index/resource_index/parent_prefix_path/motor_command_msg
[19.979s] -- Installing: /home/csanimatronics/CS_Animatronics/install/motor_command_msg/share/motor_command_msg/environment/ament_prefix_path.sh
[19.979s] -- Installing: /home/csanimatronics/CS_Animatronics/install/motor_command_msg/share/motor_command_msg/environment/ament_prefix_path.dsv
[19.980s] -- Installing: /home/csanimatronics/CS_Animatronics/install/motor_command_msg/share/motor_command_msg/environment/path.sh
[19.980s] -- Installing: /home/csanimatronics/CS_Animatronics/install/motor_command_msg/share/motor_command_msg/environment/path.dsv
[19.980s] -- Installing: /home/csanimatronics/CS_Animatronics/install/motor_command_msg/share/motor_command_msg/local_setup.bash
[19.980s] -- Installing: /home/csanimatronics/CS_Animatronics/install/motor_command_msg/share/motor_command_msg/local_setup.sh
[19.980s] -- Installing: /home/csanimatronics/CS_Animatronics/install/motor_command_msg/share/motor_command_msg/local_setup.zsh
[19.980s] -- Installing: /home/csanimatronics/CS_Animatronics/install/motor_command_msg/share/motor_command_msg/local_setup.dsv
[19.981s] -- Installing: /home/csanimatronics/CS_Animatronics/install/motor_command_msg/share/motor_command_msg/package.dsv
[19.981s] -- Installing: /home/csanimatronics/CS_Animatronics/install/motor_command_msg/share/ament_index/resource_index/packages/motor_command_msg
[19.981s] -- Installing: /home/csanimatronics/CS_Animatronics/install/motor_command_msg/share/motor_command_msg/cmake/export_motor_command_msg__rosidl_generator_cExport.cmake
[19.981s] -- Installing: /home/csanimatronics/CS_Animatronics/install/motor_command_msg/share/motor_command_msg/cmake/export_motor_command_msg__rosidl_generator_cExport-noconfig.cmake
[19.982s] -- Installing: /home/csanimatronics/CS_Animatronics/install/motor_command_msg/share/motor_command_msg/cmake/export_motor_command_msg__rosidl_typesupport_fastrtps_cExport.cmake
[19.982s] -- Installing: /home/csanimatronics/CS_Animatronics/install/motor_command_msg/share/motor_command_msg/cmake/export_motor_command_msg__rosidl_typesupport_fastrtps_cExport-noconfig.cmake
[19.982s] -- Installing: /home/csanimatronics/CS_Animatronics/install/motor_command_msg/share/motor_command_msg/cmake/motor_command_msg__rosidl_typesupport_introspection_cExport.cmake
[19.982s] -- Installing: /home/csanimatronics/CS_Animatronics/install/motor_command_msg/share/motor_command_msg/cmake/motor_command_msg__rosidl_typesupport_introspection_cExport-noconfig.cmake
[19.982s] -- Installing: /home/csanimatronics/CS_Animatronics/install/motor_command_msg/share/motor_command_msg/cmake/motor_command_msg__rosidl_typesupport_cExport.cmake
[19.982s] -- Installing: /home/csanimatronics/CS_Animatronics/install/motor_command_msg/share/motor_command_msg/cmake/motor_command_msg__rosidl_typesupport_cExport-noconfig.cmake
[19.983s] -- Installing: /home/csanimatronics/CS_Animatronics/install/motor_command_msg/share/motor_command_msg/cmake/export_motor_command_msg__rosidl_generator_cppExport.cmake
[19.983s] -- Installing: /home/csanimatronics/CS_Animatronics/install/motor_command_msg/share/motor_command_msg/cmake/export_motor_command_msg__rosidl_typesupport_fastrtps_cppExport.cmake
[19.983s] -- Installing: /home/csanimatronics/CS_Animatronics/install/motor_command_msg/share/motor_command_msg/cmake/export_motor_command_msg__rosidl_typesupport_fastrtps_cppExport-noconfig.cmake
[19.983s] -- Installing: /home/csanimatronics/CS_Animatronics/install/motor_command_msg/share/motor_command_msg/cmake/motor_command_msg__rosidl_typesupport_introspection_cppExport.cmake
[19.983s] -- Installing: /home/csanimatronics/CS_Animatronics/install/motor_command_msg/share/motor_command_msg/cmake/motor_command_msg__rosidl_typesupport_introspection_cppExport-noconfig.cmake
[19.984s] -- Installing: /home/csanimatronics/CS_Animatronics/install/motor_command_msg/share/motor_command_msg/cmake/motor_command_msg__rosidl_typesupport_cppExport.cmake
[19.984s] -- Installing: /home/csanimatronics/CS_Animatronics/install/motor_command_msg/share/motor_command_msg/cmake/motor_command_msg__rosidl_typesupport_cppExport-noconfig.cmake
[19.984s] -- Installing: /home/csanimatronics/CS_Animatronics/install/motor_command_msg/share/motor_command_msg/cmake/export_motor_command_msg__rosidl_generator_pyExport.cmake
[19.985s] -- Installing: /home/csanimatronics/CS_Animatronics/install/motor_command_msg/share/motor_command_msg/cmake/export_motor_command_msg__rosidl_generator_pyExport-noconfig.cmake
[19.985s] -- Installing: /home/csanimatronics/CS_Animatronics/install/motor_command_msg/share/motor_command_msg/cmake/rosidl_cmake-extras.cmake
[19.986s] -- Installing: /home/csanimatronics/CS_Animatronics/install/motor_command_msg/share/motor_command_msg/cmake/ament_cmake_export_include_directories-extras.cmake
[19.986s] -- Installing: /home/csanimatronics/CS_Animatronics/install/motor_command_msg/share/motor_command_msg/cmake/ament_cmake_export_libraries-extras.cmake
[19.987s] -- Installing: /home/csanimatronics/CS_Animatronics/install/motor_command_msg/share/motor_command_msg/cmake/ament_cmake_export_targets-extras.cmake
[19.990s] -- Installing: /home/csanimatronics/CS_Animatronics/install/motor_command_msg/share/motor_command_msg/cmake/rosidl_cmake_export_typesupport_targets-extras.cmake
[19.991s] -- Installing: /home/csanimatronics/CS_Animatronics/install/motor_command_msg/share/motor_command_msg/cmake/ament_cmake_export_dependencies-extras.cmake
[19.991s] -- Installing: /home/csanimatronics/CS_Animatronics/install/motor_command_msg/share/motor_command_msg/cmake/rosidl_cmake_export_typesupport_libraries-extras.cmake
[19.991s] -- Installing: /home/csanimatronics/CS_Animatronics/install/motor_command_msg/share/motor_command_msg/cmake/motor_command_msgConfig.cmake
[19.991s] -- Installing: /home/csanimatronics/CS_Animatronics/install/motor_command_msg/share/motor_command_msg/cmake/motor_command_msgConfig-version.cmake
[19.991s] -- Installing: /home/csanimatronics/CS_Animatronics/install/motor_command_msg/share/motor_command_msg/package.xml
[20.001s] Invoked command in '/home/csanimatronics/CS_Animatronics/build/motor_command_msg' returned '0': CMAKE_PREFIX_PATH=${CMAKE_PREFIX_PATH}:/home/csanimatronics/CS_Animatronics/install/system_controller:/home/csanimatronics/CS_Animatronics/install/motor_controller:/home/csanimatronics/CS_Animatronics/install/controller_publisher:/opt/ros/jazzy DEBUGINFOD_URLS=https://debuginfod.ubuntu.com /usr/bin/cmake --install /home/csanimatronics/CS_Animatronics/build/motor_command_msg
