[0.042s] Invoking command in '/home/csanimatronics/CS_Animatronics/build/dynamixel_sdk_examples': DEBUGINFOD_URLS=https://debuginfod.ubuntu.com /usr/bin/cmake /home/csanimatronics/CS_Animatronics/src/dynamixel_sdk_examples -DCATKIN_INSTALL_INTO_PREFIX_ROOT=0 -DCMAKE_INSTALL_PREFIX=/home/csanimatronics/CS_Animatronics/install/dynamixel_sdk_examples
[0.056s] [0mCMake Deprecation Warning at CMakeLists.txt:4 (cmake_minimum_required):
[0.056s]   Compatibility with CMake < 3.5 will be removed from a future version of
[0.056s]   CMake.
[0.056s] 
[0.056s]   Update the VERSION argument <min> value or use a ...<max> suffix to tell
[0.056s]   CMake that the project does not need compatibility with older versions.
[0.056s] 
[0.056s] [0m
[0.070s] [31mCMake Error at CMakeLists.txt:13 (find_package):
[0.070s]   By not providing "Findcatkin.cmake" in CMAKE_MODULE_PATH this project has
[0.070s]   asked CMake to find a package configuration file provided by "catkin", but
[0.070s]   CMake did not find one.
[0.071s] 
[0.071s]   Could not find a package configuration file provided by "catkin" with any
[0.071s]   of the following names:
[0.071s] 
[0.071s]     catkinConfig.cmake
[0.071s]     catkin-config.cmake
[0.071s] 
[0.071s]   Add the installation prefix of "catkin" to CMAKE_PREFIX_PATH or set
[0.071s]   "catkin_DIR" to a directory containing one of the above files.  If "catkin"
[0.071s]   provides a separate development package or SDK, be sure it has been
[0.071s]   installed.
[0.072s] 
[0.072s] [0m
[0.072s] -- Configuring incomplete, errors occurred!
[0.338s] Invoked command in '/home/csanimatronics/CS_Animatronics/build/dynamixel_sdk_examples' returned '1': DEBUGINFOD_URLS=https://debuginfod.ubuntu.com /usr/bin/cmake /home/csanimatronics/CS_Animatronics/src/dynamixel_sdk_examples -DCATKIN_INSTALL_INTO_PREFIX_ROOT=0 -DCMAKE_INSTALL_PREFIX=/home/csanimatronics/CS_Animatronics/install/dynamixel_sdk_examples
