[2.334s] Invoking command in '/home/csanimatronics/CS_Animatronics/src/system_controller': DEBUGINFOD_URLS=https://debuginfod.ubuntu.com PYTHONPATH=/home/csanimatronics/CS_Animatronics/build/system_controller/prefix_override:/usr/lib/python3/dist-packages/colcon_core/task/python/colcon_distutils_commands:/home/csanimatronics/CS_Animatronics/install/system_controller/lib/python3.12/site-packages:${PYTHONPATH} /usr/bin/python3 -W ignore:setup.py install is deprecated setup.py egg_info --egg-base ../../build/system_controller build --build-base /home/csanimatronics/CS_Animatronics/build/system_controller/build install --record /home/csanimatronics/CS_Animatronics/build/system_controller/install.log --single-version-externally-managed install_data
[2.992s] running egg_info
[3.032s] writing ../../build/system_controller/system_controller.egg-info/PKG-INFO
[3.033s] writing dependency_links to ../../build/system_controller/system_controller.egg-info/dependency_links.txt
[3.034s] writing entry points to ../../build/system_controller/system_controller.egg-info/entry_points.txt
[3.034s] writing requirements to ../../build/system_controller/system_controller.egg-info/requires.txt
[3.034s] writing top-level names to ../../build/system_controller/system_controller.egg-info/top_level.txt
[3.114s] reading manifest file '../../build/system_controller/system_controller.egg-info/SOURCES.txt'
[3.116s] writing manifest file '../../build/system_controller/system_controller.egg-info/SOURCES.txt'
[3.116s] running build
[3.116s] running build_py
[3.127s] running install
[3.137s] running install_lib
[3.175s] running install_data
[3.177s] running install_egg_info
[3.212s] removing '/home/csanimatronics/CS_Animatronics/install/system_controller/lib/python3.12/site-packages/system_controller-0.0.0-py3.12.egg-info' (and everything under it)
[3.212s] Copying ../../build/system_controller/system_controller.egg-info to /home/csanimatronics/CS_Animatronics/install/system_controller/lib/python3.12/site-packages/system_controller-0.0.0-py3.12.egg-info
[3.214s] running install_scripts
[3.483s] Installing controller_publisher script to /home/csanimatronics/CS_Animatronics/install/system_controller/lib/system_controller
[3.484s] Installing system_controller script to /home/csanimatronics/CS_Animatronics/install/system_controller/lib/system_controller
[3.486s] writing list of installed files to '/home/csanimatronics/CS_Animatronics/build/system_controller/install.log'
[3.660s] Invoked command in '/home/csanimatronics/CS_Animatronics/src/system_controller' returned '0': DEBUGINFOD_URLS=https://debuginfod.ubuntu.com PYTHONPATH=/home/csanimatronics/CS_Animatronics/build/system_controller/prefix_override:/usr/lib/python3/dist-packages/colcon_core/task/python/colcon_distutils_commands:/home/csanimatronics/CS_Animatronics/install/system_controller/lib/python3.12/site-packages:${PYTHONPATH} /usr/bin/python3 -W ignore:setup.py install is deprecated setup.py egg_info --egg-base ../../build/system_controller build --build-base /home/csanimatronics/CS_Animatronics/build/system_controller/build install --record /home/csanimatronics/CS_Animatronics/build/system_controller/install.log --single-version-externally-managed install_data
