-- Found ament_cmake: 2.5.2 (/opt/ros/jazzy/share/ament_cmake/cmake)
-- Found rclcpp: 28.1.5 (/opt/ros/jazzy/share/rclcpp/cmake)
-- Found rosidl_generator_c: 4.6.4 (/opt/ros/jazzy/share/rosidl_generator_c/cmake)
-- Found rosidl_generator_cpp: 4.6.4 (/opt/ros/jazzy/share/rosidl_generator_cpp/cmake)
-- Using all available rosidl_typesupport_c: rosidl_typesupport_fastrtps_c;rosidl_typesupport_introspection_c
-- Using all available rosidl_typesupport_cpp: rosidl_typesupport_fastrtps_cpp;rosidl_typesupport_introspection_cpp
-- Found rmw_implementation_cmake: 7.3.1 (/opt/ros/jazzy/share/rmw_implementation_cmake/cmake)
-- Found rmw_fastrtps_cpp: 8.4.1 (/opt/ros/jazzy/share/rmw_fastrtps_cpp/cmake)
-- Using RMW implementation 'rmw_fastrtps_cpp' as default
-- Found rclpy: 7.1.2 (/opt/ros/jazzy/share/rclpy/cmake)
-- Configuring done (1.2s)
-- Generating done (0.0s)
-- Build files have been written to: /home/csanimatronics/CS_Animatronics/build/dynamixel_sdk
[ 10%] [32mBuilding CXX object CMakeFiles/dynamixel_sdk.dir/src/dynamixel_sdk/packet_handler.cpp.o[0m
[ 20%] [32mBuilding CXX object CMakeFiles/dynamixel_sdk.dir/src/dynamixel_sdk/protocol1_packet_handler.cpp.o[0m
[ 30%] [32mBuilding CXX object CMakeFiles/dynamixel_sdk.dir/src/dynamixel_sdk/group_sync_read.cpp.o[0m
[ 40%] [32mBuilding CXX object CMakeFiles/dynamixel_sdk.dir/src/dynamixel_sdk/protocol2_packet_handler.cpp.o[0m
[ 50%] [32mBuilding CXX object CMakeFiles/dynamixel_sdk.dir/src/dynamixel_sdk/group_sync_write.cpp.o[0m
[ 60%] [32mBuilding CXX object CMakeFiles/dynamixel_sdk.dir/src/dynamixel_sdk/group_bulk_read.cpp.o[0m
[ 70%] [32mBuilding CXX object CMakeFiles/dynamixel_sdk.dir/src/dynamixel_sdk/group_bulk_write.cpp.o[0m
[ 80%] [32mBuilding CXX object CMakeFiles/dynamixel_sdk.dir/src/dynamixel_sdk/port_handler.cpp.o[0m
[ 90%] [32m[1mLinking CXX static library libdynamixel_sdk.a[0m
[100%] Built target dynamixel_sdk
-- Install configuration: ""
-- Up-to-date: /home/csanimatronics/CS_Animatronics/install/dynamixel_sdk/share/dynamixel_sdk/environment/library_path.sh
-- Up-to-date: /home/csanimatronics/CS_Animatronics/install/dynamixel_sdk/share/dynamixel_sdk/environment/library_path.dsv
-- Installing: /home/csanimatronics/CS_Animatronics/install/dynamixel_sdk/lib/libdynamixel_sdk.a
-- Up-to-date: /home/csanimatronics/CS_Animatronics/install/dynamixel_sdk/include/dynamixel_sdk
-- Up-to-date: /home/csanimatronics/CS_Animatronics/install/dynamixel_sdk/include/dynamixel_sdk/port_handler_linux.h
-- Up-to-date: /home/csanimatronics/CS_Animatronics/install/dynamixel_sdk/include/dynamixel_sdk/port_handler_mac.h
-- Up-to-date: /home/csanimatronics/CS_Animatronics/install/dynamixel_sdk/include/dynamixel_sdk/port_handler.h
-- Up-to-date: /home/csanimatronics/CS_Animatronics/install/dynamixel_sdk/include/dynamixel_sdk/port_handler_windows.h
-- Up-to-date: /home/csanimatronics/CS_Animatronics/install/dynamixel_sdk/include/dynamixel_sdk/group_bulk_write.h
-- Up-to-date: /home/csanimatronics/CS_Animatronics/install/dynamixel_sdk/include/dynamixel_sdk/protocol2_packet_handler.h
-- Up-to-date: /home/csanimatronics/CS_Animatronics/install/dynamixel_sdk/include/dynamixel_sdk/protocol1_packet_handler.h
-- Up-to-date: /home/csanimatronics/CS_Animatronics/install/dynamixel_sdk/include/dynamixel_sdk/port_handler_arduino.h
-- Up-to-date: /home/csanimatronics/CS_Animatronics/install/dynamixel_sdk/include/dynamixel_sdk/dynamixel_sdk.h
-- Up-to-date: /home/csanimatronics/CS_Animatronics/install/dynamixel_sdk/include/dynamixel_sdk/packet_handler.h
-- Up-to-date: /home/csanimatronics/CS_Animatronics/install/dynamixel_sdk/include/dynamixel_sdk/group_sync_read.h
-- Up-to-date: /home/csanimatronics/CS_Animatronics/install/dynamixel_sdk/include/dynamixel_sdk/group_bulk_read.h
-- Up-to-date: /home/csanimatronics/CS_Animatronics/install/dynamixel_sdk/include/dynamixel_sdk/group_sync_write.h
-- Up-to-date: /home/csanimatronics/CS_Animatronics/install/dynamixel_sdk/lib/dynamixel_sdk/group_bulk_read.py
-- Up-to-date: /home/csanimatronics/CS_Animatronics/install/dynamixel_sdk/lib/dynamixel_sdk/group_bulk_write.py
-- Up-to-date: /home/csanimatronics/CS_Animatronics/install/dynamixel_sdk/lib/dynamixel_sdk/group_sync_read.py
-- Up-to-date: /home/csanimatronics/CS_Animatronics/install/dynamixel_sdk/lib/dynamixel_sdk/group_sync_write.py
-- Up-to-date: /home/csanimatronics/CS_Animatronics/install/dynamixel_sdk/lib/dynamixel_sdk/packet_handler.py
-- Up-to-date: /home/csanimatronics/CS_Animatronics/install/dynamixel_sdk/lib/dynamixel_sdk/port_handler.py
-- Up-to-date: /home/csanimatronics/CS_Animatronics/install/dynamixel_sdk/lib/dynamixel_sdk/protocol1_packet_handler.py
-- Up-to-date: /home/csanimatronics/CS_Animatronics/install/dynamixel_sdk/lib/dynamixel_sdk/protocol2_packet_handler.py
-- Up-to-date: /home/csanimatronics/CS_Animatronics/install/dynamixel_sdk/lib/dynamixel_sdk/robotis_def.py
-- Up-to-date: /home/csanimatronics/CS_Animatronics/install/dynamixel_sdk/share/ament_index/resource_index/package_run_dependencies/dynamixel_sdk
-- Up-to-date: /home/csanimatronics/CS_Animatronics/install/dynamixel_sdk/share/ament_index/resource_index/parent_prefix_path/dynamixel_sdk
-- Up-to-date: /home/csanimatronics/CS_Animatronics/install/dynamixel_sdk/share/dynamixel_sdk/environment/ament_prefix_path.sh
-- Up-to-date: /home/csanimatronics/CS_Animatronics/install/dynamixel_sdk/share/dynamixel_sdk/environment/ament_prefix_path.dsv
-- Up-to-date: /home/csanimatronics/CS_Animatronics/install/dynamixel_sdk/share/dynamixel_sdk/environment/path.sh
-- Up-to-date: /home/csanimatronics/CS_Animatronics/install/dynamixel_sdk/share/dynamixel_sdk/environment/path.dsv
-- Up-to-date: /home/csanimatronics/CS_Animatronics/install/dynamixel_sdk/share/dynamixel_sdk/local_setup.bash
-- Up-to-date: /home/csanimatronics/CS_Animatronics/install/dynamixel_sdk/share/dynamixel_sdk/local_setup.sh
-- Up-to-date: /home/csanimatronics/CS_Animatronics/install/dynamixel_sdk/share/dynamixel_sdk/local_setup.zsh
-- Up-to-date: /home/csanimatronics/CS_Animatronics/install/dynamixel_sdk/share/dynamixel_sdk/local_setup.dsv
-- Installing: /home/csanimatronics/CS_Animatronics/install/dynamixel_sdk/share/dynamixel_sdk/package.dsv
-- Up-to-date: /home/csanimatronics/CS_Animatronics/install/dynamixel_sdk/share/ament_index/resource_index/packages/dynamixel_sdk
-- Up-to-date: /home/csanimatronics/CS_Animatronics/install/dynamixel_sdk/share/dynamixel_sdk/cmake/ament_cmake_export_include_directories-extras.cmake
-- Up-to-date: /home/csanimatronics/CS_Animatronics/install/dynamixel_sdk/share/dynamixel_sdk/cmake/ament_cmake_export_libraries-extras.cmake
-- Up-to-date: /home/csanimatronics/CS_Animatronics/install/dynamixel_sdk/share/dynamixel_sdk/cmake/dynamixel_sdkConfig.cmake
-- Up-to-date: /home/csanimatronics/CS_Animatronics/install/dynamixel_sdk/share/dynamixel_sdk/cmake/dynamixel_sdkConfig-version.cmake
-- Up-to-date: /home/csanimatronics/CS_Animatronics/install/dynamixel_sdk/share/dynamixel_sdk/package.xml
