[0.062s] Invoking command in '/home/csanimatronics/CS_Animatronics/build/dynamixel_sdk': DEBUGINFOD_URLS=https://debuginfod.ubuntu.com /usr/bin/cmake --build /home/csanimatronics/CS_Animatronics/build/dynamixel_sdk -- -j4 -l4
[0.464s] -- Found ament_cmake: 2.5.2 (/opt/ros/jazzy/share/ament_cmake/cmake)
[0.521s] -- Found rclcpp: 28.1.5 (/opt/ros/jazzy/share/rclcpp/cmake)
[0.568s] -- Found rosidl_generator_c: 4.6.4 (/opt/ros/jazzy/share/rosidl_generator_c/cmake)
[0.592s] -- Found rosidl_generator_cpp: 4.6.4 (/opt/ros/jazzy/share/rosidl_generator_cpp/cmake)
[0.628s] -- Using all available rosidl_typesupport_c: rosidl_typesupport_fastrtps_c;rosidl_typesupport_introspection_c
[0.653s] -- Using all available rosidl_typesupport_cpp: rosidl_typesupport_fastrtps_cpp;rosidl_typesupport_introspection_cpp
[0.798s] -- Found rmw_implementation_cmake: 7.3.1 (/opt/ros/jazzy/share/rmw_implementation_cmake/cmake)
[0.800s] -- Found rmw_fastrtps_cpp: 8.4.1 (/opt/ros/jazzy/share/rmw_fastrtps_cpp/cmake)
[0.938s] -- Using RMW implementation 'rmw_fastrtps_cpp' as default
[1.093s] -- Found rclpy: 7.1.2 (/opt/ros/jazzy/share/rclpy/cmake)
[1.349s] -- Configuring done (1.2s)
[1.372s] -- Generating done (0.0s)
[1.377s] -- Build files have been written to: /home/csanimatronics/CS_Animatronics/build/dynamixel_sdk
[1.503s] [ 10%] [32mBuilding CXX object CMakeFiles/dynamixel_sdk.dir/src/dynamixel_sdk/packet_handler.cpp.o[0m
[1.506s] [ 20%] [32mBuilding CXX object CMakeFiles/dynamixel_sdk.dir/src/dynamixel_sdk/protocol1_packet_handler.cpp.o[0m
[1.513s] [ 30%] [32mBuilding CXX object CMakeFiles/dynamixel_sdk.dir/src/dynamixel_sdk/group_sync_read.cpp.o[0m
[1.513s] [ 40%] [32mBuilding CXX object CMakeFiles/dynamixel_sdk.dir/src/dynamixel_sdk/protocol2_packet_handler.cpp.o[0m
[1.904s] [ 50%] [32mBuilding CXX object CMakeFiles/dynamixel_sdk.dir/src/dynamixel_sdk/group_sync_write.cpp.o[0m
[2.414s] [ 60%] [32mBuilding CXX object CMakeFiles/dynamixel_sdk.dir/src/dynamixel_sdk/group_bulk_read.cpp.o[0m
[2.507s] [ 70%] [32mBuilding CXX object CMakeFiles/dynamixel_sdk.dir/src/dynamixel_sdk/group_bulk_write.cpp.o[0m
[3.084s] [ 80%] [32mBuilding CXX object CMakeFiles/dynamixel_sdk.dir/src/dynamixel_sdk/port_handler.cpp.o[0m
[4.121s] [ 90%] [32m[1mLinking CXX static library libdynamixel_sdk.a[0m
[4.233s] [100%] Built target dynamixel_sdk
[4.263s] Invoked command in '/home/csanimatronics/CS_Animatronics/build/dynamixel_sdk' returned '0': DEBUGINFOD_URLS=https://debuginfod.ubuntu.com /usr/bin/cmake --build /home/csanimatronics/CS_Animatronics/build/dynamixel_sdk -- -j4 -l4
[4.433s] Invoking command in '/home/csanimatronics/CS_Animatronics/build/dynamixel_sdk': DEBUGINFOD_URLS=https://debuginfod.ubuntu.com /usr/bin/cmake --install /home/csanimatronics/CS_Animatronics/build/dynamixel_sdk
[4.456s] -- Install configuration: ""
[4.456s] -- Up-to-date: /home/csanimatronics/CS_Animatronics/install/dynamixel_sdk/share/dynamixel_sdk/environment/library_path.sh
[4.456s] -- Up-to-date: /home/csanimatronics/CS_Animatronics/install/dynamixel_sdk/share/dynamixel_sdk/environment/library_path.dsv
[4.456s] -- Installing: /home/csanimatronics/CS_Animatronics/install/dynamixel_sdk/lib/libdynamixel_sdk.a
[4.458s] -- Up-to-date: /home/csanimatronics/CS_Animatronics/install/dynamixel_sdk/include/dynamixel_sdk
[4.459s] -- Up-to-date: /home/csanimatronics/CS_Animatronics/install/dynamixel_sdk/include/dynamixel_sdk/port_handler_linux.h
[4.459s] -- Up-to-date: /home/csanimatronics/CS_Animatronics/install/dynamixel_sdk/include/dynamixel_sdk/port_handler_mac.h
[4.460s] -- Up-to-date: /home/csanimatronics/CS_Animatronics/install/dynamixel_sdk/include/dynamixel_sdk/port_handler.h
[4.460s] -- Up-to-date: /home/csanimatronics/CS_Animatronics/install/dynamixel_sdk/include/dynamixel_sdk/port_handler_windows.h
[4.461s] -- Up-to-date: /home/csanimatronics/CS_Animatronics/install/dynamixel_sdk/include/dynamixel_sdk/group_bulk_write.h
[4.461s] -- Up-to-date: /home/csanimatronics/CS_Animatronics/install/dynamixel_sdk/include/dynamixel_sdk/protocol2_packet_handler.h
[4.466s] -- Up-to-date: /home/csanimatronics/CS_Animatronics/install/dynamixel_sdk/include/dynamixel_sdk/protocol1_packet_handler.h
[4.466s] -- Up-to-date: /home/csanimatronics/CS_Animatronics/install/dynamixel_sdk/include/dynamixel_sdk/port_handler_arduino.h
[4.466s] -- Up-to-date: /home/csanimatronics/CS_Animatronics/install/dynamixel_sdk/include/dynamixel_sdk/dynamixel_sdk.h
[4.466s] -- Up-to-date: /home/csanimatronics/CS_Animatronics/install/dynamixel_sdk/include/dynamixel_sdk/packet_handler.h
[4.466s] -- Up-to-date: /home/csanimatronics/CS_Animatronics/install/dynamixel_sdk/include/dynamixel_sdk/group_sync_read.h
[4.466s] -- Up-to-date: /home/csanimatronics/CS_Animatronics/install/dynamixel_sdk/include/dynamixel_sdk/group_bulk_read.h
[4.467s] -- Up-to-date: /home/csanimatronics/CS_Animatronics/install/dynamixel_sdk/include/dynamixel_sdk/group_sync_write.h
[4.467s] -- Up-to-date: /home/csanimatronics/CS_Animatronics/install/dynamixel_sdk/lib/dynamixel_sdk/group_bulk_read.py
[4.467s] -- Up-to-date: /home/csanimatronics/CS_Animatronics/install/dynamixel_sdk/lib/dynamixel_sdk/group_bulk_write.py
[4.467s] -- Up-to-date: /home/csanimatronics/CS_Animatronics/install/dynamixel_sdk/lib/dynamixel_sdk/group_sync_read.py
[4.468s] -- Up-to-date: /home/csanimatronics/CS_Animatronics/install/dynamixel_sdk/lib/dynamixel_sdk/group_sync_write.py
[4.469s] -- Up-to-date: /home/csanimatronics/CS_Animatronics/install/dynamixel_sdk/lib/dynamixel_sdk/packet_handler.py
[4.469s] -- Up-to-date: /home/csanimatronics/CS_Animatronics/install/dynamixel_sdk/lib/dynamixel_sdk/port_handler.py
[4.469s] -- Up-to-date: /home/csanimatronics/CS_Animatronics/install/dynamixel_sdk/lib/dynamixel_sdk/protocol1_packet_handler.py
[4.469s] -- Up-to-date: /home/csanimatronics/CS_Animatronics/install/dynamixel_sdk/lib/dynamixel_sdk/protocol2_packet_handler.py
[4.469s] -- Up-to-date: /home/csanimatronics/CS_Animatronics/install/dynamixel_sdk/lib/dynamixel_sdk/robotis_def.py
[4.469s] -- Up-to-date: /home/csanimatronics/CS_Animatronics/install/dynamixel_sdk/share/ament_index/resource_index/package_run_dependencies/dynamixel_sdk
[4.469s] -- Up-to-date: /home/csanimatronics/CS_Animatronics/install/dynamixel_sdk/share/ament_index/resource_index/parent_prefix_path/dynamixel_sdk
[4.469s] -- Up-to-date: /home/csanimatronics/CS_Animatronics/install/dynamixel_sdk/share/dynamixel_sdk/environment/ament_prefix_path.sh
[4.469s] -- Up-to-date: /home/csanimatronics/CS_Animatronics/install/dynamixel_sdk/share/dynamixel_sdk/environment/ament_prefix_path.dsv
[4.469s] -- Up-to-date: /home/csanimatronics/CS_Animatronics/install/dynamixel_sdk/share/dynamixel_sdk/environment/path.sh
[4.470s] -- Up-to-date: /home/csanimatronics/CS_Animatronics/install/dynamixel_sdk/share/dynamixel_sdk/environment/path.dsv
[4.470s] -- Up-to-date: /home/csanimatronics/CS_Animatronics/install/dynamixel_sdk/share/dynamixel_sdk/local_setup.bash
[4.470s] -- Up-to-date: /home/csanimatronics/CS_Animatronics/install/dynamixel_sdk/share/dynamixel_sdk/local_setup.sh
[4.470s] -- Up-to-date: /home/csanimatronics/CS_Animatronics/install/dynamixel_sdk/share/dynamixel_sdk/local_setup.zsh
[4.470s] -- Up-to-date: /home/csanimatronics/CS_Animatronics/install/dynamixel_sdk/share/dynamixel_sdk/local_setup.dsv
[4.470s] -- Installing: /home/csanimatronics/CS_Animatronics/install/dynamixel_sdk/share/dynamixel_sdk/package.dsv
[4.470s] -- Up-to-date: /home/csanimatronics/CS_Animatronics/install/dynamixel_sdk/share/ament_index/resource_index/packages/dynamixel_sdk
[4.470s] -- Up-to-date: /home/csanimatronics/CS_Animatronics/install/dynamixel_sdk/share/dynamixel_sdk/cmake/ament_cmake_export_include_directories-extras.cmake
[4.470s] -- Up-to-date: /home/csanimatronics/CS_Animatronics/install/dynamixel_sdk/share/dynamixel_sdk/cmake/ament_cmake_export_libraries-extras.cmake
[4.470s] -- Up-to-date: /home/csanimatronics/CS_Animatronics/install/dynamixel_sdk/share/dynamixel_sdk/cmake/dynamixel_sdkConfig.cmake
[4.470s] -- Up-to-date: /home/csanimatronics/CS_Animatronics/install/dynamixel_sdk/share/dynamixel_sdk/cmake/dynamixel_sdkConfig-version.cmake
[4.470s] -- Up-to-date: /home/csanimatronics/CS_Animatronics/install/dynamixel_sdk/share/dynamixel_sdk/package.xml
[4.471s] Invoked command in '/home/csanimatronics/CS_Animatronics/build/dynamixel_sdk' returned '0': DEBUGINFOD_URLS=https://debuginfod.ubuntu.com /usr/bin/cmake --install /home/csanimatronics/CS_Animatronics/build/dynamixel_sdk
