[0.031s] Invoking command in '/home/csanimatronics/CS_Animatronics/build/dynamixel_sdk_examples': CMAKE_PREFIX_PATH=/home/csanimatronics/CS_Animatronics/install/dynamixel_sdk_custom_interfaces:/home/csanimatronics/CS_Animatronics/install/dynamixel_sdk:/home/csanimatronics/CS_Animatronics/install/motor_command_msg:/home/csanimatronics/CS_Animatronics/install/dynamixel_sdk_examples:/opt/ros/jazzy/opt/gz_math_vendor:/opt/ros/jazzy/opt/gz_utils_vendor:/opt/ros/jazzy/opt/gz_cmake_vendor:/home/csanimatronics/CS_Animatronics/install/system_controller:/home/csanimatronics/CS_Animatronics/install/motor_controller:/home/csanimatronics/CS_Animatronics/install/controller_publisher:/opt/ros/jazzy DEBUGINFOD_URLS=https://debuginfod.ubuntu.com LD_LIBRARY_PATH=/home/csanimatronics/CS_Animatronics/install/dynamixel_sdk_custom_interfaces/lib:/home/csanimatronics/CS_Animatronics/install/dynamixel_sdk/lib:/home/csanimatronics/CS_Animatronics/install/motor_command_msg/lib:/opt/ros/jazzy/opt/rviz_ogre_vendor/lib:/opt/ros/jazzy/lib/aarch64-linux-gnu:/opt/ros/jazzy/opt/gz_math_vendor/lib:/opt/ros/jazzy/opt/gz_utils_vendor/lib:/opt/ros/jazzy/opt/gz_cmake_vendor/lib:/opt/ros/jazzy/lib PYTHONPATH=/home/csanimatronics/CS_Animatronics/install/dynamixel_sdk_custom_interfaces/lib/python3.12/site-packages:/home/csanimatronics/CS_Animatronics/install/system_controller/lib/python3.12/site-packages:/home/csanimatronics/CS_Animatronics/install/motor_controller/lib/python3.12/site-packages:/home/csanimatronics/CS_Animatronics/install/motor_command_msg/lib/python3.12/site-packages:/home/csanimatronics/CS_Animatronics/install/controller_publisher/lib/python3.12/site-packages:/opt/ros/jazzy/lib/python3.12/site-packages /usr/bin/cmake /home/csanimatronics/CS_Animatronics/src/dynamixel_sdk_examples -DCMAKE_INSTALL_PREFIX=/home/csanimatronics/CS_Animatronics/install/dynamixel_sdk_examples
[0.163s] -- The C compiler identification is GNU 13.2.0
[0.312s] -- The CXX compiler identification is GNU 13.2.0
[0.342s] -- Detecting C compiler ABI info
[0.527s] -- Detecting C compiler ABI info - done
[0.548s] -- Check for working C compiler: /usr/bin/cc - skipped
[0.549s] -- Detecting C compile features
[0.549s] -- Detecting C compile features - done
[0.565s] -- Detecting CXX compiler ABI info
[0.766s] -- Detecting CXX compiler ABI info - done
[0.782s] -- Check for working CXX compiler: /usr/bin/c++ - skipped
[0.782s] -- Detecting CXX compile features
[0.783s] -- Detecting CXX compile features - done
[0.789s] -- Found ament_cmake: 2.5.2 (/opt/ros/jazzy/share/ament_cmake/cmake)
[1.038s] -- Found Python3: /usr/bin/python3 (found version "3.12.3") found components: Interpreter 
[1.224s] -- Found dynamixel_sdk: 3.7.60 (/home/csanimatronics/CS_Animatronics/install/dynamixel_sdk/share/dynamixel_sdk/cmake)
[1.226s] -- Found dynamixel_sdk_custom_interfaces: 3.7.60 (/home/csanimatronics/CS_Animatronics/install/dynamixel_sdk_custom_interfaces/share/dynamixel_sdk_custom_interfaces/cmake)
[1.288s] -- Found rosidl_generator_c: 4.6.4 (/opt/ros/jazzy/share/rosidl_generator_c/cmake)
[1.309s] -- Found rosidl_generator_cpp: 4.6.4 (/opt/ros/jazzy/share/rosidl_generator_cpp/cmake)
[1.335s] -- Using all available rosidl_typesupport_c: rosidl_typesupport_fastrtps_c;rosidl_typesupport_introspection_c
[1.366s] -- Using all available rosidl_typesupport_cpp: rosidl_typesupport_fastrtps_cpp;rosidl_typesupport_introspection_cpp
[1.453s] -- Found rclcpp: 28.1.5 (/opt/ros/jazzy/share/rclcpp/cmake)
[1.535s] -- Found rmw_implementation_cmake: 7.3.1 (/opt/ros/jazzy/share/rmw_implementation_cmake/cmake)
[1.540s] -- Found rmw_fastrtps_cpp: 8.4.1 (/opt/ros/jazzy/share/rmw_fastrtps_cpp/cmake)
[1.689s] -- Found OpenSSL: /usr/lib/aarch64-linux-gnu/libcrypto.so (found version "3.0.13")  
[1.717s] -- Found FastRTPS: /opt/ros/jazzy/include (Required is at least version "2.13") 
[1.753s] -- Using RMW implementation 'rmw_fastrtps_cpp' as default
[1.862s] -- Found ament_lint_auto: 0.17.1 (/opt/ros/jazzy/share/ament_lint_auto/cmake)
[2.066s] -- Added test 'copyright' to check source files copyright and LICENSE
[2.068s] -- Added test 'cppcheck' to perform static code analysis on C / C++ code
[2.068s] -- Configured cppcheck include dirs: /home/csanimatronics/CS_Animatronics/src/dynamixel_sdk_examples/include
[2.068s] -- Configured cppcheck exclude dirs and/or files: 
[2.070s] -- Added test 'cpplint' to check C / C++ code against the Google style
[2.070s] -- Configured cpplint exclude dirs and/or files: 
[2.071s] -- Added test 'lint_cmake' to check CMake code style
[2.073s] -- Added test 'uncrustify' to check C / C++ code style
[2.073s] -- Configured uncrustify additional arguments: 
[2.074s] -- Added test 'xmllint' to check XML markup files
[2.076s] -- Configuring done (2.0s)
[2.099s] -- Generating done (0.0s)
[2.101s] -- Build files have been written to: /home/csanimatronics/CS_Animatronics/build/dynamixel_sdk_examples
[2.123s] Invoked command in '/home/csanimatronics/CS_Animatronics/build/dynamixel_sdk_examples' returned '0': CMAKE_PREFIX_PATH=/home/csanimatronics/CS_Animatronics/install/dynamixel_sdk_custom_interfaces:/home/csanimatronics/CS_Animatronics/install/dynamixel_sdk:/home/csanimatronics/CS_Animatronics/install/motor_command_msg:/home/csanimatronics/CS_Animatronics/install/dynamixel_sdk_examples:/opt/ros/jazzy/opt/gz_math_vendor:/opt/ros/jazzy/opt/gz_utils_vendor:/opt/ros/jazzy/opt/gz_cmake_vendor:/home/csanimatronics/CS_Animatronics/install/system_controller:/home/csanimatronics/CS_Animatronics/install/motor_controller:/home/csanimatronics/CS_Animatronics/install/controller_publisher:/opt/ros/jazzy DEBUGINFOD_URLS=https://debuginfod.ubuntu.com LD_LIBRARY_PATH=/home/csanimatronics/CS_Animatronics/install/dynamixel_sdk_custom_interfaces/lib:/home/csanimatronics/CS_Animatronics/install/dynamixel_sdk/lib:/home/csanimatronics/CS_Animatronics/install/motor_command_msg/lib:/opt/ros/jazzy/opt/rviz_ogre_vendor/lib:/opt/ros/jazzy/lib/aarch64-linux-gnu:/opt/ros/jazzy/opt/gz_math_vendor/lib:/opt/ros/jazzy/opt/gz_utils_vendor/lib:/opt/ros/jazzy/opt/gz_cmake_vendor/lib:/opt/ros/jazzy/lib PYTHONPATH=/home/csanimatronics/CS_Animatronics/install/dynamixel_sdk_custom_interfaces/lib/python3.12/site-packages:/home/csanimatronics/CS_Animatronics/install/system_controller/lib/python3.12/site-packages:/home/csanimatronics/CS_Animatronics/install/motor_controller/lib/python3.12/site-packages:/home/csanimatronics/CS_Animatronics/install/motor_command_msg/lib/python3.12/site-packages:/home/csanimatronics/CS_Animatronics/install/controller_publisher/lib/python3.12/site-packages:/opt/ros/jazzy/lib/python3.12/site-packages /usr/bin/cmake /home/csanimatronics/CS_Animatronics/src/dynamixel_sdk_examples -DCMAKE_INSTALL_PREFIX=/home/csanimatronics/CS_Animatronics/install/dynamixel_sdk_examples
[2.125s] Invoking command in '/home/csanimatronics/CS_Animatronics/build/dynamixel_sdk_examples': CMAKE_PREFIX_PATH=/home/csanimatronics/CS_Animatronics/install/dynamixel_sdk_custom_interfaces:/home/csanimatronics/CS_Animatronics/install/dynamixel_sdk:/home/csanimatronics/CS_Animatronics/install/motor_command_msg:/home/csanimatronics/CS_Animatronics/install/dynamixel_sdk_examples:/opt/ros/jazzy/opt/gz_math_vendor:/opt/ros/jazzy/opt/gz_utils_vendor:/opt/ros/jazzy/opt/gz_cmake_vendor:/home/csanimatronics/CS_Animatronics/install/system_controller:/home/csanimatronics/CS_Animatronics/install/motor_controller:/home/csanimatronics/CS_Animatronics/install/controller_publisher:/opt/ros/jazzy DEBUGINFOD_URLS=https://debuginfod.ubuntu.com LD_LIBRARY_PATH=/home/csanimatronics/CS_Animatronics/install/dynamixel_sdk_custom_interfaces/lib:/home/csanimatronics/CS_Animatronics/install/dynamixel_sdk/lib:/home/csanimatronics/CS_Animatronics/install/motor_command_msg/lib:/opt/ros/jazzy/opt/rviz_ogre_vendor/lib:/opt/ros/jazzy/lib/aarch64-linux-gnu:/opt/ros/jazzy/opt/gz_math_vendor/lib:/opt/ros/jazzy/opt/gz_utils_vendor/lib:/opt/ros/jazzy/opt/gz_cmake_vendor/lib:/opt/ros/jazzy/lib PYTHONPATH=/home/csanimatronics/CS_Animatronics/install/dynamixel_sdk_custom_interfaces/lib/python3.12/site-packages:/home/csanimatronics/CS_Animatronics/install/system_controller/lib/python3.12/site-packages:/home/csanimatronics/CS_Animatronics/install/motor_controller/lib/python3.12/site-packages:/home/csanimatronics/CS_Animatronics/install/motor_command_msg/lib/python3.12/site-packages:/home/csanimatronics/CS_Animatronics/install/controller_publisher/lib/python3.12/site-packages:/opt/ros/jazzy/lib/python3.12/site-packages /usr/bin/cmake --build /home/csanimatronics/CS_Animatronics/build/dynamixel_sdk_examples -- -j4 -l4
[2.218s] [ 50%] [32mBuilding CXX object CMakeFiles/read_write_node.dir/src/read_write_node.cpp.o[0m
[16.250s] [100%] [32m[1mLinking CXX executable read_write_node[0m
[16.973s] [100%] Built target read_write_node
[16.993s] Invoked command in '/home/csanimatronics/CS_Animatronics/build/dynamixel_sdk_examples' returned '0': CMAKE_PREFIX_PATH=/home/csanimatronics/CS_Animatronics/install/dynamixel_sdk_custom_interfaces:/home/csanimatronics/CS_Animatronics/install/dynamixel_sdk:/home/csanimatronics/CS_Animatronics/install/motor_command_msg:/home/csanimatronics/CS_Animatronics/install/dynamixel_sdk_examples:/opt/ros/jazzy/opt/gz_math_vendor:/opt/ros/jazzy/opt/gz_utils_vendor:/opt/ros/jazzy/opt/gz_cmake_vendor:/home/csanimatronics/CS_Animatronics/install/system_controller:/home/csanimatronics/CS_Animatronics/install/motor_controller:/home/csanimatronics/CS_Animatronics/install/controller_publisher:/opt/ros/jazzy DEBUGINFOD_URLS=https://debuginfod.ubuntu.com LD_LIBRARY_PATH=/home/csanimatronics/CS_Animatronics/install/dynamixel_sdk_custom_interfaces/lib:/home/csanimatronics/CS_Animatronics/install/dynamixel_sdk/lib:/home/csanimatronics/CS_Animatronics/install/motor_command_msg/lib:/opt/ros/jazzy/opt/rviz_ogre_vendor/lib:/opt/ros/jazzy/lib/aarch64-linux-gnu:/opt/ros/jazzy/opt/gz_math_vendor/lib:/opt/ros/jazzy/opt/gz_utils_vendor/lib:/opt/ros/jazzy/opt/gz_cmake_vendor/lib:/opt/ros/jazzy/lib PYTHONPATH=/home/csanimatronics/CS_Animatronics/install/dynamixel_sdk_custom_interfaces/lib/python3.12/site-packages:/home/csanimatronics/CS_Animatronics/install/system_controller/lib/python3.12/site-packages:/home/csanimatronics/CS_Animatronics/install/motor_controller/lib/python3.12/site-packages:/home/csanimatronics/CS_Animatronics/install/motor_command_msg/lib/python3.12/site-packages:/home/csanimatronics/CS_Animatronics/install/controller_publisher/lib/python3.12/site-packages:/opt/ros/jazzy/lib/python3.12/site-packages /usr/bin/cmake --build /home/csanimatronics/CS_Animatronics/build/dynamixel_sdk_examples -- -j4 -l4
[17.033s] Invoking command in '/home/csanimatronics/CS_Animatronics/build/dynamixel_sdk_examples': CMAKE_PREFIX_PATH=/home/csanimatronics/CS_Animatronics/install/dynamixel_sdk_custom_interfaces:/home/csanimatronics/CS_Animatronics/install/dynamixel_sdk:/home/csanimatronics/CS_Animatronics/install/motor_command_msg:/home/csanimatronics/CS_Animatronics/install/dynamixel_sdk_examples:/opt/ros/jazzy/opt/gz_math_vendor:/opt/ros/jazzy/opt/gz_utils_vendor:/opt/ros/jazzy/opt/gz_cmake_vendor:/home/csanimatronics/CS_Animatronics/install/system_controller:/home/csanimatronics/CS_Animatronics/install/motor_controller:/home/csanimatronics/CS_Animatronics/install/controller_publisher:/opt/ros/jazzy DEBUGINFOD_URLS=https://debuginfod.ubuntu.com LD_LIBRARY_PATH=/home/csanimatronics/CS_Animatronics/install/dynamixel_sdk_custom_interfaces/lib:/home/csanimatronics/CS_Animatronics/install/dynamixel_sdk/lib:/home/csanimatronics/CS_Animatronics/install/motor_command_msg/lib:/opt/ros/jazzy/opt/rviz_ogre_vendor/lib:/opt/ros/jazzy/lib/aarch64-linux-gnu:/opt/ros/jazzy/opt/gz_math_vendor/lib:/opt/ros/jazzy/opt/gz_utils_vendor/lib:/opt/ros/jazzy/opt/gz_cmake_vendor/lib:/opt/ros/jazzy/lib PYTHONPATH=/home/csanimatronics/CS_Animatronics/install/dynamixel_sdk_custom_interfaces/lib/python3.12/site-packages:/home/csanimatronics/CS_Animatronics/install/system_controller/lib/python3.12/site-packages:/home/csanimatronics/CS_Animatronics/install/motor_controller/lib/python3.12/site-packages:/home/csanimatronics/CS_Animatronics/install/motor_command_msg/lib/python3.12/site-packages:/home/csanimatronics/CS_Animatronics/install/controller_publisher/lib/python3.12/site-packages:/opt/ros/jazzy/lib/python3.12/site-packages /usr/bin/cmake --install /home/csanimatronics/CS_Animatronics/build/dynamixel_sdk_examples
[17.053s] -- Install configuration: ""
[17.053s] -- Installing: /home/csanimatronics/CS_Animatronics/install/dynamixel_sdk_examples/lib/dynamixel_sdk_examples/read_write_node
[17.063s] -- Set non-toolchain portion of runtime path of "/home/csanimatronics/CS_Animatronics/install/dynamixel_sdk_examples/lib/dynamixel_sdk_examples/read_write_node" to ""
[17.063s] -- Installing: /home/csanimatronics/CS_Animatronics/install/dynamixel_sdk_examples/share/ament_index/resource_index/package_run_dependencies/dynamixel_sdk_examples
[17.063s] -- Installing: /home/csanimatronics/CS_Animatronics/install/dynamixel_sdk_examples/share/ament_index/resource_index/parent_prefix_path/dynamixel_sdk_examples
[17.063s] -- Installing: /home/csanimatronics/CS_Animatronics/install/dynamixel_sdk_examples/share/dynamixel_sdk_examples/environment/ament_prefix_path.sh
[17.063s] -- Installing: /home/csanimatronics/CS_Animatronics/install/dynamixel_sdk_examples/share/dynamixel_sdk_examples/environment/ament_prefix_path.dsv
[17.064s] -- Installing: /home/csanimatronics/CS_Animatronics/install/dynamixel_sdk_examples/share/dynamixel_sdk_examples/environment/path.sh
[17.064s] -- Installing: /home/csanimatronics/CS_Animatronics/install/dynamixel_sdk_examples/share/dynamixel_sdk_examples/environment/path.dsv
[17.064s] -- Installing: /home/csanimatronics/CS_Animatronics/install/dynamixel_sdk_examples/share/dynamixel_sdk_examples/local_setup.bash
[17.064s] -- Installing: /home/csanimatronics/CS_Animatronics/install/dynamixel_sdk_examples/share/dynamixel_sdk_examples/local_setup.sh
[17.064s] -- Installing: /home/csanimatronics/CS_Animatronics/install/dynamixel_sdk_examples/share/dynamixel_sdk_examples/local_setup.zsh
[17.064s] -- Installing: /home/csanimatronics/CS_Animatronics/install/dynamixel_sdk_examples/share/dynamixel_sdk_examples/local_setup.dsv
[17.065s] -- Installing: /home/csanimatronics/CS_Animatronics/install/dynamixel_sdk_examples/share/dynamixel_sdk_examples/package.dsv
[17.065s] -- Installing: /home/csanimatronics/CS_Animatronics/install/dynamixel_sdk_examples/share/ament_index/resource_index/packages/dynamixel_sdk_examples
[17.065s] -- Installing: /home/csanimatronics/CS_Animatronics/install/dynamixel_sdk_examples/share/dynamixel_sdk_examples/cmake/dynamixel_sdk_examplesConfig.cmake
[17.065s] -- Installing: /home/csanimatronics/CS_Animatronics/install/dynamixel_sdk_examples/share/dynamixel_sdk_examples/cmake/dynamixel_sdk_examplesConfig-version.cmake
[17.065s] -- Installing: /home/csanimatronics/CS_Animatronics/install/dynamixel_sdk_examples/share/dynamixel_sdk_examples/package.xml
[17.069s] Invoked command in '/home/csanimatronics/CS_Animatronics/build/dynamixel_sdk_examples' returned '0': CMAKE_PREFIX_PATH=/home/csanimatronics/CS_Animatronics/install/dynamixel_sdk_custom_interfaces:/home/csanimatronics/CS_Animatronics/install/dynamixel_sdk:/home/csanimatronics/CS_Animatronics/install/motor_command_msg:/home/csanimatronics/CS_Animatronics/install/dynamixel_sdk_examples:/opt/ros/jazzy/opt/gz_math_vendor:/opt/ros/jazzy/opt/gz_utils_vendor:/opt/ros/jazzy/opt/gz_cmake_vendor:/home/csanimatronics/CS_Animatronics/install/system_controller:/home/csanimatronics/CS_Animatronics/install/motor_controller:/home/csanimatronics/CS_Animatronics/install/controller_publisher:/opt/ros/jazzy DEBUGINFOD_URLS=https://debuginfod.ubuntu.com LD_LIBRARY_PATH=/home/csanimatronics/CS_Animatronics/install/dynamixel_sdk_custom_interfaces/lib:/home/csanimatronics/CS_Animatronics/install/dynamixel_sdk/lib:/home/csanimatronics/CS_Animatronics/install/motor_command_msg/lib:/opt/ros/jazzy/opt/rviz_ogre_vendor/lib:/opt/ros/jazzy/lib/aarch64-linux-gnu:/opt/ros/jazzy/opt/gz_math_vendor/lib:/opt/ros/jazzy/opt/gz_utils_vendor/lib:/opt/ros/jazzy/opt/gz_cmake_vendor/lib:/opt/ros/jazzy/lib PYTHONPATH=/home/csanimatronics/CS_Animatronics/install/dynamixel_sdk_custom_interfaces/lib/python3.12/site-packages:/home/csanimatronics/CS_Animatronics/install/system_controller/lib/python3.12/site-packages:/home/csanimatronics/CS_Animatronics/install/motor_controller/lib/python3.12/site-packages:/home/csanimatronics/CS_Animatronics/install/motor_command_msg/lib/python3.12/site-packages:/home/csanimatronics/CS_Animatronics/install/controller_publisher/lib/python3.12/site-packages:/opt/ros/jazzy/lib/python3.12/site-packages /usr/bin/cmake --install /home/csanimatronics/CS_Animatronics/build/dynamixel_sdk_examples
