[2.630s] Invoking command in '/home/csanimatronics/CS_Animatronics/src/controller_publisher': CONDA_PROMPT_MODIFIER=(base) DEBUGINFOD_URLS=https://debuginfod.ubuntu.com PYTHONPATH=/home/csanimatronics/CS_Animatronics/build/controller_publisher/prefix_override:/usr/lib/python3/dist-packages/colcon_core/task/python/colcon_distutils_commands:/home/csanimatronics/CS_Animatronics/install/controller_publisher/lib/python3.12/site-packages:${PYTHONPATH} /usr/bin/python3 -W ignore:setup.py install is deprecated -W ignore:easy_install command is deprecated setup.py egg_info --egg-base ../../build/controller_publisher build --build-base /home/csanimatronics/CS_Animatronics/build/controller_publisher/build install --record /home/csanimatronics/CS_Animatronics/build/controller_publisher/install.log --single-version-externally-managed install_data
[4.403s] running egg_info
[4.407s] creating ../../build/controller_publisher/controller_publisher.egg-info
[4.539s] writing ../../build/controller_publisher/controller_publisher.egg-info/PKG-INFO
[4.539s] writing dependency_links to ../../build/controller_publisher/controller_publisher.egg-info/dependency_links.txt
[4.541s] writing entry points to ../../build/controller_publisher/controller_publisher.egg-info/entry_points.txt
[4.542s] writing requirements to ../../build/controller_publisher/controller_publisher.egg-info/requires.txt
[4.542s] writing top-level names to ../../build/controller_publisher/controller_publisher.egg-info/top_level.txt
[4.542s] writing manifest file '../../build/controller_publisher/controller_publisher.egg-info/SOURCES.txt'
[4.786s] reading manifest file '../../build/controller_publisher/controller_publisher.egg-info/SOURCES.txt'
[4.787s] writing manifest file '../../build/controller_publisher/controller_publisher.egg-info/SOURCES.txt'
[4.787s] running build
[4.787s] running build_py
[4.788s] creating /home/csanimatronics/CS_Animatronics/build/controller_publisher/build
[4.789s] creating /home/csanimatronics/CS_Animatronics/build/controller_publisher/build/lib
[4.789s] creating /home/csanimatronics/CS_Animatronics/build/controller_publisher/build/lib/controller_publisher
[4.789s] copying controller_publisher/__init__.py -> /home/csanimatronics/CS_Animatronics/build/controller_publisher/build/lib/controller_publisher
[4.794s] copying controller_publisher/controller_publisher.py -> /home/csanimatronics/CS_Animatronics/build/controller_publisher/build/lib/controller_publisher
[4.795s] running install
[4.807s] running install_lib
[4.873s] creating /home/csanimatronics/CS_Animatronics/install/controller_publisher/lib/python3.12/site-packages/controller_publisher
[4.873s] copying /home/csanimatronics/CS_Animatronics/build/controller_publisher/build/lib/controller_publisher/__init__.py -> /home/csanimatronics/CS_Animatronics/install/controller_publisher/lib/python3.12/site-packages/controller_publisher
[4.874s] copying /home/csanimatronics/CS_Animatronics/build/controller_publisher/build/lib/controller_publisher/controller_publisher.py -> /home/csanimatronics/CS_Animatronics/install/controller_publisher/lib/python3.12/site-packages/controller_publisher
[4.875s] byte-compiling /home/csanimatronics/CS_Animatronics/install/controller_publisher/lib/python3.12/site-packages/controller_publisher/__init__.py to __init__.cpython-312.pyc
[4.876s] byte-compiling /home/csanimatronics/CS_Animatronics/install/controller_publisher/lib/python3.12/site-packages/controller_publisher/controller_publisher.py to controller_publisher.cpython-312.pyc
[4.879s] running install_data
[4.880s] creating /home/csanimatronics/CS_Animatronics/install/controller_publisher/share/ament_index
[4.880s] creating /home/csanimatronics/CS_Animatronics/install/controller_publisher/share/ament_index/resource_index
[4.880s] creating /home/csanimatronics/CS_Animatronics/install/controller_publisher/share/ament_index/resource_index/packages
[4.880s] copying resource/controller_publisher -> /home/csanimatronics/CS_Animatronics/install/controller_publisher/share/ament_index/resource_index/packages
[4.886s] copying package.xml -> /home/csanimatronics/CS_Animatronics/install/controller_publisher/share/controller_publisher
[4.886s] running install_egg_info
[4.980s] Copying ../../build/controller_publisher/controller_publisher.egg-info to /home/csanimatronics/CS_Animatronics/install/controller_publisher/lib/python3.12/site-packages/controller_publisher-0.0.0-py3.12.egg-info
[4.986s] running install_scripts
[5.570s] Installing controller_publisher script to /home/csanimatronics/CS_Animatronics/install/controller_publisher/lib/controller_publisher
[5.570s] writing list of installed files to '/home/csanimatronics/CS_Animatronics/build/controller_publisher/install.log'
[5.748s] Invoked command in '/home/csanimatronics/CS_Animatronics/src/controller_publisher' returned '0': CONDA_PROMPT_MODIFIER=(base) DEBUGINFOD_URLS=https://debuginfod.ubuntu.com PYTHONPATH=/home/csanimatronics/CS_Animatronics/build/controller_publisher/prefix_override:/usr/lib/python3/dist-packages/colcon_core/task/python/colcon_distutils_commands:/home/csanimatronics/CS_Animatronics/install/controller_publisher/lib/python3.12/site-packages:${PYTHONPATH} /usr/bin/python3 -W ignore:setup.py install is deprecated -W ignore:easy_install command is deprecated setup.py egg_info --egg-base ../../build/controller_publisher build --build-base /home/csanimatronics/CS_Animatronics/build/controller_publisher/build install --record /home/csanimatronics/CS_Animatronics/build/controller_publisher/install.log --single-version-externally-managed install_data
