[2.858s] Invoking command in '/home/csanimatronics/CS_Animatronics/src/controller_publisher': DEBUGINFOD_URLS=https://debuginfod.ubuntu.com PYTHONPATH=/home/csanimatronics/CS_Animatronics/build/controller_publisher/prefix_override:/usr/lib/python3/dist-packages/colcon_core/task/python/colcon_distutils_commands:/home/csanimatronics/CS_Animatronics/install/controller_publisher/lib/python3.12/site-packages:${PYTHONPATH} /usr/bin/python3 -W ignore:setup.py install is deprecated setup.py egg_info --egg-base ../../build/controller_publisher build --build-base /home/csanimatronics/CS_Animatronics/build/controller_publisher/build install --record /home/csanimatronics/CS_Animatronics/build/controller_publisher/install.log --single-version-externally-managed install_data
[3.359s] running egg_info
[3.385s] writing ../../build/controller_publisher/controller_publisher.egg-info/PKG-INFO
[3.385s] writing dependency_links to ../../build/controller_publisher/controller_publisher.egg-info/dependency_links.txt
[3.388s] writing entry points to ../../build/controller_publisher/controller_publisher.egg-info/entry_points.txt
[3.388s] writing requirements to ../../build/controller_publisher/controller_publisher.egg-info/requires.txt
[3.388s] writing top-level names to ../../build/controller_publisher/controller_publisher.egg-info/top_level.txt
[3.446s] reading manifest file '../../build/controller_publisher/controller_publisher.egg-info/SOURCES.txt'
[3.448s] writing manifest file '../../build/controller_publisher/controller_publisher.egg-info/SOURCES.txt'
[3.448s] running build
[3.448s] running build_py
[3.449s] running install
[3.459s] running install_lib
[3.487s] running install_data
[3.487s] running install_egg_info
[3.519s] removing '/home/csanimatronics/CS_Animatronics/install/controller_publisher/lib/python3.12/site-packages/controller_publisher-0.0.0-py3.12.egg-info' (and everything under it)
[3.520s] Copying ../../build/controller_publisher/controller_publisher.egg-info to /home/csanimatronics/CS_Animatronics/install/controller_publisher/lib/python3.12/site-packages/controller_publisher-0.0.0-py3.12.egg-info
[3.521s] running install_scripts
[3.721s] Installing controller_publisher script to /home/csanimatronics/CS_Animatronics/install/controller_publisher/lib/controller_publisher
[3.722s] writing list of installed files to '/home/csanimatronics/CS_Animatronics/build/controller_publisher/install.log'
[3.858s] Invoked command in '/home/csanimatronics/CS_Animatronics/src/controller_publisher' returned '0': DEBUGINFOD_URLS=https://debuginfod.ubuntu.com PYTHONPATH=/home/csanimatronics/CS_Animatronics/build/controller_publisher/prefix_override:/usr/lib/python3/dist-packages/colcon_core/task/python/colcon_distutils_commands:/home/csanimatronics/CS_Animatronics/install/controller_publisher/lib/python3.12/site-packages:${PYTHONPATH} /usr/bin/python3 -W ignore:setup.py install is deprecated setup.py egg_info --egg-base ../../build/controller_publisher build --build-base /home/csanimatronics/CS_Animatronics/build/controller_publisher/build install --record /home/csanimatronics/CS_Animatronics/build/controller_publisher/install.log --single-version-externally-managed install_data
