[0.448s] Invoking command in '/home/csanimatronics/CS_Animatronics/build/motor_command_msg': CMAKE_PREFIX_PATH=/home/csanimatronics/CS_Animatronics/install/system_controller:/home/csanimatronics/CS_Animatronics/install/motor_controller:/home/csanimatronics/CS_Animatronics/install/controller_publisher:/opt/ros/jazzy:${CMAKE_PREFIX_PATH} DEBUGINFOD_URLS=https://debuginfod.ubuntu.com /usr/bin/cmake --build /home/csanimatronics/CS_Animatronics/build/motor_command_msg -- -j4 -l4
[0.654s] [  2%] Built target motor_command_msg__rosidl_generator_type_description
[0.715s] [  2%] Built target ament_cmake_python_copy_motor_command_msg
[0.741s] [  5%] Built target motor_command_msg__cpp
[0.766s] [ 20%] Built target motor_command_msg__rosidl_generator_c
[0.878s] [ 29%] Built target motor_command_msg__rosidl_typesupport_introspection_c
[0.890s] [ 38%] Built target motor_command_msg__rosidl_typesupport_fastrtps_cpp
[0.904s] [ 47%] Built target motor_command_msg__rosidl_typesupport_c
[1.009s] [ 55%] Built target motor_command_msg__rosidl_typesupport_introspection_cpp
[1.010s] [ 64%] Built target motor_command_msg__rosidl_typesupport_cpp
[1.017s] [ 73%] Built target motor_command_msg__rosidl_typesupport_fastrtps_c
[1.125s] [ 73%] Built target motor_command_msg
[1.210s] [ 76%] Built target motor_command_msg__py
[1.280s] [ 82%] Built target motor_command_msg__rosidl_generator_py
[1.380s] [ 88%] Built target motor_command_msg_s__rosidl_typesupport_fastrtps_c
[1.383s] [ 94%] Built target motor_command_msg_s__rosidl_typesupport_introspection_c
[1.388s] [100%] Built target motor_command_msg_s__rosidl_typesupport_c
[1.407s] running egg_info
[1.435s] writing motor_command_msg.egg-info/PKG-INFO
[1.435s] writing dependency_links to motor_command_msg.egg-info/dependency_links.txt
[1.436s] writing top-level names to motor_command_msg.egg-info/top_level.txt
[1.546s] reading manifest file 'motor_command_msg.egg-info/SOURCES.txt'
[1.546s] writing manifest file 'motor_command_msg.egg-info/SOURCES.txt'
[1.659s] [100%] Built target ament_cmake_python_build_motor_command_msg_egg
