[1.511s] Invoking command in '/home/csanimatronics/CS_Animatronics/src/motor_controller': CMAKE_PREFIX_PATH=/home/csanimatronics/CS_Animatronics/install/motor_command_msg:/home/csanimatronics/CS_Animatronics/install/dynamixel_sdk_custom_interfaces:/home/csanimatronics/CS_Animatronics/install/dynamixel_sdk:/home/csanimatronics/CS_Animatronics/install/dynamixel_sdk_examples:/opt/ros/jazzy/opt/gz_math_vendor:/opt/ros/jazzy/opt/gz_utils_vendor:/opt/ros/jazzy/opt/gz_cmake_vendor DEBUGINFOD_URLS=https://debuginfod.ubuntu.com PYTHONPATH=/home/csanimatronics/CS_Animatronics/build/motor_controller/prefix_override:/usr/lib/python3/dist-packages/colcon_core/task/python/colcon_distutils_commands:/home/csanimatronics/CS_Animatronics/install/motor_controller/lib/python3.12/site-packages:/home/csanimatronics/CS_Animatronics/install/motor_command_msg/lib/python3.12/site-packages:/home/csanimatronics/CS_Animatronics/install/dynamixel_sdk_custom_interfaces/lib/python3.12/site-packages:/home/csanimatronics/CS_Animatronics/install/system_controller/lib/python3.12/site-packages:/home/csanimatronics/CS_Animatronics/install/motor_controller/lib/python3.12/site-packages:/home/csanimatronics/CS_Animatronics/install/controller_publisher/lib/python3.12/site-packages:/opt/ros/jazzy/lib/python3.12/site-packages /usr/bin/python3 -W ignore:setup.py install is deprecated setup.py egg_info --egg-base ../../build/motor_controller build --build-base /home/csanimatronics/CS_Animatronics/build/motor_controller/build install --record /home/csanimatronics/CS_Animatronics/build/motor_controller/install.log --single-version-externally-managed install_data
[1.945s] running egg_info
[1.945s] creating ../../build/motor_controller/motor_controller.egg-info
[1.977s] writing ../../build/motor_controller/motor_controller.egg-info/PKG-INFO
[1.977s] writing dependency_links to ../../build/motor_controller/motor_controller.egg-info/dependency_links.txt
[1.978s] writing entry points to ../../build/motor_controller/motor_controller.egg-info/entry_points.txt
[1.978s] writing requirements to ../../build/motor_controller/motor_controller.egg-info/requires.txt
[1.978s] writing top-level names to ../../build/motor_controller/motor_controller.egg-info/top_level.txt
[1.978s] writing manifest file '../../build/motor_controller/motor_controller.egg-info/SOURCES.txt'
[2.037s] reading manifest file '../../build/motor_controller/motor_controller.egg-info/SOURCES.txt'
[2.039s] writing manifest file '../../build/motor_controller/motor_controller.egg-info/SOURCES.txt'
[2.039s] running build
[2.039s] running build_py
[2.039s] creating /home/csanimatronics/CS_Animatronics/build/motor_controller/build
[2.040s] creating /home/csanimatronics/CS_Animatronics/build/motor_controller/build/lib
[2.040s] creating /home/csanimatronics/CS_Animatronics/build/motor_controller/build/lib/motor_controller
[2.040s] copying motor_controller/__init__.py -> /home/csanimatronics/CS_Animatronics/build/motor_controller/build/lib/motor_controller
[2.040s] copying motor_controller/motor_controller.py -> /home/csanimatronics/CS_Animatronics/build/motor_controller/build/lib/motor_controller
[2.040s] running install
[2.058s] running install_lib
[2.086s] creating /home/csanimatronics/CS_Animatronics/install/motor_controller/lib/python3.12/site-packages/motor_controller
[2.087s] copying /home/csanimatronics/CS_Animatronics/build/motor_controller/build/lib/motor_controller/__init__.py -> /home/csanimatronics/CS_Animatronics/install/motor_controller/lib/python3.12/site-packages/motor_controller
[2.087s] copying /home/csanimatronics/CS_Animatronics/build/motor_controller/build/lib/motor_controller/motor_controller.py -> /home/csanimatronics/CS_Animatronics/install/motor_controller/lib/python3.12/site-packages/motor_controller
[2.088s] byte-compiling /home/csanimatronics/CS_Animatronics/install/motor_controller/lib/python3.12/site-packages/motor_controller/__init__.py to __init__.cpython-312.pyc
[2.088s] byte-compiling /home/csanimatronics/CS_Animatronics/install/motor_controller/lib/python3.12/site-packages/motor_controller/motor_controller.py to motor_controller.cpython-312.pyc
[2.089s] running install_data
[2.089s] creating /home/csanimatronics/CS_Animatronics/install/motor_controller/share/ament_index
[2.090s] creating /home/csanimatronics/CS_Animatronics/install/motor_controller/share/ament_index/resource_index
[2.090s] creating /home/csanimatronics/CS_Animatronics/install/motor_controller/share/ament_index/resource_index/packages
[2.090s] copying resource/motor_controller -> /home/csanimatronics/CS_Animatronics/install/motor_controller/share/ament_index/resource_index/packages
[2.090s] copying package.xml -> /home/csanimatronics/CS_Animatronics/install/motor_controller/share/motor_controller
[2.090s] creating /home/csanimatronics/CS_Animatronics/install/motor_controller/share/motor_controller/msg
[2.090s] running install_egg_info
[2.121s] Copying ../../build/motor_controller/motor_controller.egg-info to /home/csanimatronics/CS_Animatronics/install/motor_controller/lib/python3.12/site-packages/motor_controller-0.0.0-py3.12.egg-info
[2.122s] running install_scripts
[2.338s] Installing motor_controller script to /home/csanimatronics/CS_Animatronics/install/motor_controller/lib/motor_controller
[2.338s] writing list of installed files to '/home/csanimatronics/CS_Animatronics/build/motor_controller/install.log'
[2.442s] Invoked command in '/home/csanimatronics/CS_Animatronics/src/motor_controller' returned '0': CMAKE_PREFIX_PATH=/home/csanimatronics/CS_Animatronics/install/motor_command_msg:/home/csanimatronics/CS_Animatronics/install/dynamixel_sdk_custom_interfaces:/home/csanimatronics/CS_Animatronics/install/dynamixel_sdk:/home/csanimatronics/CS_Animatronics/install/dynamixel_sdk_examples:/opt/ros/jazzy/opt/gz_math_vendor:/opt/ros/jazzy/opt/gz_utils_vendor:/opt/ros/jazzy/opt/gz_cmake_vendor DEBUGINFOD_URLS=https://debuginfod.ubuntu.com PYTHONPATH=/home/csanimatronics/CS_Animatronics/build/motor_controller/prefix_override:/usr/lib/python3/dist-packages/colcon_core/task/python/colcon_distutils_commands:/home/csanimatronics/CS_Animatronics/install/motor_controller/lib/python3.12/site-packages:/home/csanimatronics/CS_Animatronics/install/motor_command_msg/lib/python3.12/site-packages:/home/csanimatronics/CS_Animatronics/install/dynamixel_sdk_custom_interfaces/lib/python3.12/site-packages:/home/csanimatronics/CS_Animatronics/install/system_controller/lib/python3.12/site-packages:/home/csanimatronics/CS_Animatronics/install/motor_controller/lib/python3.12/site-packages:/home/csanimatronics/CS_Animatronics/install/controller_publisher/lib/python3.12/site-packages:/opt/ros/jazzy/lib/python3.12/site-packages /usr/bin/python3 -W ignore:setup.py install is deprecated setup.py egg_info --egg-base ../../build/motor_controller build --build-base /home/csanimatronics/CS_Animatronics/build/motor_controller/build install --record /home/csanimatronics/CS_Animatronics/build/motor_controller/install.log --single-version-externally-managed install_data
