[0.579s] Invoking command in '/home/csanimatronics/CS_Animatronics/build/motor_command_msg': CMAKE_PREFIX_PATH=/home/csanimatronics/CS_Animatronics/install/motor_command_msg:/home/csanimatronics/CS_Animatronics/install/launch:/home/csanimatronics/CS_Animatronics/install/system_controller:/home/csanimatronics/CS_Animatronics/install/motor_controller:/home/csanimatronics/CS_Animatronics/install/controller_publisher:/opt/ros/jazzy:/home/csanimatronics/CS_Animatronics/install/dynamixel_sdk_examples:/home/csanimatronics/CS_Animatronics/install/dynamixel_sdk_custom_interfaces:/home/csanimatronics/CS_Animatronics/install/dynamixel_sdk:/opt/ros/jazzy/opt/gz_math_vendor:/opt/ros/jazzy/opt/gz_utils_vendor:/opt/ros/jazzy/opt/gz_cmake_vendor DEBUGINFOD_URLS=https://debuginfod.ubuntu.com /usr/bin/cmake --build /home/csanimatronics/CS_Animatronics/build/motor_command_msg -- -j4 -l4
[0.719s] [  2%] Built target motor_command_msg__rosidl_generator_type_description
[0.760s] [  2%] Built target ament_cmake_python_copy_motor_command_msg
[0.807s] [ 17%] Built target motor_command_msg__rosidl_generator_c
[0.836s] [ 20%] Built target motor_command_msg__cpp
[0.874s] [ 29%] Built target motor_command_msg__rosidl_typesupport_introspection_c
[0.902s] [ 38%] Built target motor_command_msg__rosidl_typesupport_c
[0.950s] [ 47%] Built target motor_command_msg__rosidl_typesupport_fastrtps_c
[1.007s] [ 55%] Built target motor_command_msg__rosidl_typesupport_fastrtps_cpp
[1.026s] [ 64%] Built target motor_command_msg__rosidl_typesupport_introspection_cpp
[1.074s] [ 73%] Built target motor_command_msg__rosidl_typesupport_cpp
[1.134s] [ 73%] Built target motor_command_msg
[1.177s] [ 76%] Built target motor_command_msg__py
[1.255s] [ 82%] Built target motor_command_msg__rosidl_generator_py
[1.387s] [ 88%] Built target motor_command_msg_s__rosidl_typesupport_fastrtps_c
[1.390s] [ 94%] Built target motor_command_msg_s__rosidl_typesupport_c
[1.394s] [100%] Built target motor_command_msg_s__rosidl_typesupport_introspection_c
[1.460s] running egg_info
[1.490s] writing motor_command_msg.egg-info/PKG-INFO
[1.490s] writing dependency_links to motor_command_msg.egg-info/dependency_links.txt
[1.506s] writing top-level names to motor_command_msg.egg-info/top_level.txt
[1.587s] reading manifest file 'motor_command_msg.egg-info/SOURCES.txt'
[1.588s] writing manifest file 'motor_command_msg.egg-info/SOURCES.txt'
[1.702s] [100%] Built target ament_cmake_python_build_motor_command_msg_egg
[1.732s] Invoked command in '/home/csanimatronics/CS_Animatronics/build/motor_command_msg' returned '0': CMAKE_PREFIX_PATH=/home/csanimatronics/CS_Animatronics/install/motor_command_msg:/home/csanimatronics/CS_Animatronics/install/launch:/home/csanimatronics/CS_Animatronics/install/system_controller:/home/csanimatronics/CS_Animatronics/install/motor_controller:/home/csanimatronics/CS_Animatronics/install/controller_publisher:/opt/ros/jazzy:/home/csanimatronics/CS_Animatronics/install/dynamixel_sdk_examples:/home/csanimatronics/CS_Animatronics/install/dynamixel_sdk_custom_interfaces:/home/csanimatronics/CS_Animatronics/install/dynamixel_sdk:/opt/ros/jazzy/opt/gz_math_vendor:/opt/ros/jazzy/opt/gz_utils_vendor:/opt/ros/jazzy/opt/gz_cmake_vendor DEBUGINFOD_URLS=https://debuginfod.ubuntu.com /usr/bin/cmake --build /home/csanimatronics/CS_Animatronics/build/motor_command_msg -- -j4 -l4
[1.876s] Invoking command in '/home/csanimatronics/CS_Animatronics/build/motor_command_msg': CMAKE_PREFIX_PATH=/home/csanimatronics/CS_Animatronics/install/motor_command_msg:/home/csanimatronics/CS_Animatronics/install/launch:/home/csanimatronics/CS_Animatronics/install/system_controller:/home/csanimatronics/CS_Animatronics/install/motor_controller:/home/csanimatronics/CS_Animatronics/install/controller_publisher:/opt/ros/jazzy:/home/csanimatronics/CS_Animatronics/install/dynamixel_sdk_examples:/home/csanimatronics/CS_Animatronics/install/dynamixel_sdk_custom_interfaces:/home/csanimatronics/CS_Animatronics/install/dynamixel_sdk:/opt/ros/jazzy/opt/gz_math_vendor:/opt/ros/jazzy/opt/gz_utils_vendor:/opt/ros/jazzy/opt/gz_cmake_vendor DEBUGINFOD_URLS=https://debuginfod.ubuntu.com /usr/bin/cmake --install /home/csanimatronics/CS_Animatronics/build/motor_command_msg
[1.898s] -- Install configuration: ""
[1.898s] -- Up-to-date: /home/csanimatronics/CS_Animatronics/install/motor_command_msg/share/ament_index/resource_index/rosidl_interfaces/motor_command_msg
[1.898s] -- Up-to-date: /home/csanimatronics/CS_Animatronics/install/motor_command_msg/share/motor_command_msg/msg/IdAngle.json
[1.899s] -- Up-to-date: /home/csanimatronics/CS_Animatronics/install/motor_command_msg/include/motor_command_msg/motor_command_msg
[1.899s] -- Up-to-date: /home/csanimatronics/CS_Animatronics/install/motor_command_msg/include/motor_command_msg/motor_command_msg/msg
[1.899s] -- Up-to-date: /home/csanimatronics/CS_Animatronics/install/motor_command_msg/include/motor_command_msg/motor_command_msg/msg/detail
[1.899s] -- Up-to-date: /home/csanimatronics/CS_Animatronics/install/motor_command_msg/include/motor_command_msg/motor_command_msg/msg/detail/id_angle__type_support.c
[1.899s] -- Up-to-date: /home/csanimatronics/CS_Animatronics/install/motor_command_msg/include/motor_command_msg/motor_command_msg/msg/detail/id_angle__struct.h
[1.899s] -- Up-to-date: /home/csanimatronics/CS_Animatronics/install/motor_command_msg/include/motor_command_msg/motor_command_msg/msg/detail/id_angle__functions.h
[1.899s] -- Up-to-date: /home/csanimatronics/CS_Animatronics/install/motor_command_msg/include/motor_command_msg/motor_command_msg/msg/detail/id_angle__type_support.h
[1.899s] -- Up-to-date: /home/csanimatronics/CS_Animatronics/install/motor_command_msg/include/motor_command_msg/motor_command_msg/msg/detail/id_angle__functions.c
[1.899s] -- Up-to-date: /home/csanimatronics/CS_Animatronics/install/motor_command_msg/include/motor_command_msg/motor_command_msg/msg/detail/id_angle__description.c
[1.900s] -- Up-to-date: /home/csanimatronics/CS_Animatronics/install/motor_command_msg/include/motor_command_msg/motor_command_msg/msg/rosidl_generator_c__visibility_control.h
[1.905s] -- Up-to-date: /home/csanimatronics/CS_Animatronics/install/motor_command_msg/include/motor_command_msg/motor_command_msg/msg/id_angle.h
[1.906s] -- Up-to-date: /home/csanimatronics/CS_Animatronics/install/motor_command_msg/share/motor_command_msg/environment/library_path.sh
[1.906s] -- Up-to-date: /home/csanimatronics/CS_Animatronics/install/motor_command_msg/share/motor_command_msg/environment/library_path.dsv
[1.906s] -- Up-to-date: /home/csanimatronics/CS_Animatronics/install/motor_command_msg/lib/libmotor_command_msg__rosidl_generator_c.so
[1.909s] -- Up-to-date: /home/csanimatronics/CS_Animatronics/install/motor_command_msg/include/motor_command_msg/motor_command_msg
[1.910s] -- Up-to-date: /home/csanimatronics/CS_Animatronics/install/motor_command_msg/include/motor_command_msg/motor_command_msg/msg
[1.910s] -- Up-to-date: /home/csanimatronics/CS_Animatronics/install/motor_command_msg/include/motor_command_msg/motor_command_msg/msg/rosidl_typesupport_fastrtps_c__visibility_control.h
[1.911s] -- Up-to-date: /home/csanimatronics/CS_Animatronics/install/motor_command_msg/include/motor_command_msg/motor_command_msg/msg/detail
[1.911s] -- Up-to-date: /home/csanimatronics/CS_Animatronics/install/motor_command_msg/include/motor_command_msg/motor_command_msg/msg/detail/id_angle__rosidl_typesupport_fastrtps_c.h
[1.912s] -- Up-to-date: /home/csanimatronics/CS_Animatronics/install/motor_command_msg/lib/libmotor_command_msg__rosidl_typesupport_fastrtps_c.so
[1.912s] -- Up-to-date: /home/csanimatronics/CS_Animatronics/install/motor_command_msg/include/motor_command_msg/motor_command_msg
[1.912s] -- Up-to-date: /home/csanimatronics/CS_Animatronics/install/motor_command_msg/include/motor_command_msg/motor_command_msg/msg
[1.915s] -- Up-to-date: /home/csanimatronics/CS_Animatronics/install/motor_command_msg/include/motor_command_msg/motor_command_msg/msg/rosidl_typesupport_introspection_c__visibility_control.h
[1.915s] -- Up-to-date: /home/csanimatronics/CS_Animatronics/install/motor_command_msg/include/motor_command_msg/motor_command_msg/msg/detail
[1.915s] -- Up-to-date: /home/csanimatronics/CS_Animatronics/install/motor_command_msg/include/motor_command_msg/motor_command_msg/msg/detail/id_angle__type_support.c
[1.915s] -- Up-to-date: /home/csanimatronics/CS_Animatronics/install/motor_command_msg/include/motor_command_msg/motor_command_msg/msg/detail/id_angle__rosidl_typesupport_introspection_c.h
[1.915s] -- Up-to-date: /home/csanimatronics/CS_Animatronics/install/motor_command_msg/lib/libmotor_command_msg__rosidl_typesupport_introspection_c.so
[1.915s] -- Up-to-date: /home/csanimatronics/CS_Animatronics/install/motor_command_msg/lib/libmotor_command_msg__rosidl_typesupport_c.so
[1.916s] -- Up-to-date: /home/csanimatronics/CS_Animatronics/install/motor_command_msg/include/motor_command_msg/motor_command_msg
[1.916s] -- Up-to-date: /home/csanimatronics/CS_Animatronics/install/motor_command_msg/include/motor_command_msg/motor_command_msg/msg
[1.916s] -- Up-to-date: /home/csanimatronics/CS_Animatronics/install/motor_command_msg/include/motor_command_msg/motor_command_msg/msg/rosidl_generator_cpp__visibility_control.hpp
[1.916s] -- Up-to-date: /home/csanimatronics/CS_Animatronics/install/motor_command_msg/include/motor_command_msg/motor_command_msg/msg/detail
[1.916s] -- Up-to-date: /home/csanimatronics/CS_Animatronics/install/motor_command_msg/include/motor_command_msg/motor_command_msg/msg/detail/id_angle__traits.hpp
[1.921s] -- Up-to-date: /home/csanimatronics/CS_Animatronics/install/motor_command_msg/include/motor_command_msg/motor_command_msg/msg/detail/id_angle__struct.hpp
[1.928s] -- Up-to-date: /home/csanimatronics/CS_Animatronics/install/motor_command_msg/include/motor_command_msg/motor_command_msg/msg/detail/id_angle__builder.hpp
[1.931s] -- Up-to-date: /home/csanimatronics/CS_Animatronics/install/motor_command_msg/include/motor_command_msg/motor_command_msg/msg/detail/id_angle__type_support.hpp
[1.931s] -- Up-to-date: /home/csanimatronics/CS_Animatronics/install/motor_command_msg/include/motor_command_msg/motor_command_msg/msg/id_angle.hpp
[1.931s] -- Up-to-date: /home/csanimatronics/CS_Animatronics/install/motor_command_msg/include/motor_command_msg/motor_command_msg
[1.931s] -- Up-to-date: /home/csanimatronics/CS_Animatronics/install/motor_command_msg/include/motor_command_msg/motor_command_msg/msg
[1.931s] -- Up-to-date: /home/csanimatronics/CS_Animatronics/install/motor_command_msg/include/motor_command_msg/motor_command_msg/msg/rosidl_typesupport_fastrtps_cpp__visibility_control.h
[1.931s] -- Up-to-date: /home/csanimatronics/CS_Animatronics/install/motor_command_msg/include/motor_command_msg/motor_command_msg/msg/detail
[1.931s] -- Up-to-date: /home/csanimatronics/CS_Animatronics/install/motor_command_msg/include/motor_command_msg/motor_command_msg/msg/detail/dds_fastrtps
[1.932s] -- Up-to-date: /home/csanimatronics/CS_Animatronics/install/motor_command_msg/include/motor_command_msg/motor_command_msg/msg/detail/id_angle__rosidl_typesupport_fastrtps_cpp.hpp
[1.932s] -- Up-to-date: /home/csanimatronics/CS_Animatronics/install/motor_command_msg/lib/libmotor_command_msg__rosidl_typesupport_fastrtps_cpp.so
[1.933s] -- Up-to-date: /home/csanimatronics/CS_Animatronics/install/motor_command_msg/include/motor_command_msg/motor_command_msg
[1.933s] -- Up-to-date: /home/csanimatronics/CS_Animatronics/install/motor_command_msg/include/motor_command_msg/motor_command_msg/msg
[1.934s] -- Up-to-date: /home/csanimatronics/CS_Animatronics/install/motor_command_msg/include/motor_command_msg/motor_command_msg/msg/detail
[1.934s] -- Up-to-date: /home/csanimatronics/CS_Animatronics/install/motor_command_msg/include/motor_command_msg/motor_command_msg/msg/detail/id_angle__rosidl_typesupport_introspection_cpp.hpp
[1.934s] -- Up-to-date: /home/csanimatronics/CS_Animatronics/install/motor_command_msg/include/motor_command_msg/motor_command_msg/msg/detail/id_angle__type_support.cpp
[1.934s] -- Up-to-date: /home/csanimatronics/CS_Animatronics/install/motor_command_msg/lib/libmotor_command_msg__rosidl_typesupport_introspection_cpp.so
[1.934s] -- Up-to-date: /home/csanimatronics/CS_Animatronics/install/motor_command_msg/lib/libmotor_command_msg__rosidl_typesupport_cpp.so
[1.934s] -- Up-to-date: /home/csanimatronics/CS_Animatronics/install/motor_command_msg/share/motor_command_msg/environment/pythonpath.sh
[1.934s] -- Up-to-date: /home/csanimatronics/CS_Animatronics/install/motor_command_msg/share/motor_command_msg/environment/pythonpath.dsv
[1.934s] -- Up-to-date: /home/csanimatronics/CS_Animatronics/install/motor_command_msg/lib/python3.12/site-packages/motor_command_msg-0.0.0-py3.12.egg-info
[1.934s] -- Installing: /home/csanimatronics/CS_Animatronics/install/motor_command_msg/lib/python3.12/site-packages/motor_command_msg-0.0.0-py3.12.egg-info/SOURCES.txt
[1.934s] -- Installing: /home/csanimatronics/CS_Animatronics/install/motor_command_msg/lib/python3.12/site-packages/motor_command_msg-0.0.0-py3.12.egg-info/top_level.txt
[1.934s] -- Installing: /home/csanimatronics/CS_Animatronics/install/motor_command_msg/lib/python3.12/site-packages/motor_command_msg-0.0.0-py3.12.egg-info/PKG-INFO
[1.935s] -- Installing: /home/csanimatronics/CS_Animatronics/install/motor_command_msg/lib/python3.12/site-packages/motor_command_msg-0.0.0-py3.12.egg-info/dependency_links.txt
[1.935s] -- Up-to-date: /home/csanimatronics/CS_Animatronics/install/motor_command_msg/lib/python3.12/site-packages/motor_command_msg
[1.935s] -- Up-to-date: /home/csanimatronics/CS_Animatronics/install/motor_command_msg/lib/python3.12/site-packages/motor_command_msg/__init__.py
[1.935s] -- Up-to-date: /home/csanimatronics/CS_Animatronics/install/motor_command_msg/lib/python3.12/site-packages/motor_command_msg/motor_command_msg_s__rosidl_typesupport_fastrtps_c.so
[1.935s] -- Up-to-date: /home/csanimatronics/CS_Animatronics/install/motor_command_msg/lib/python3.12/site-packages/motor_command_msg/msg
[1.935s] -- Up-to-date: /home/csanimatronics/CS_Animatronics/install/motor_command_msg/lib/python3.12/site-packages/motor_command_msg/msg/__init__.py
[1.935s] -- Up-to-date: /home/csanimatronics/CS_Animatronics/install/motor_command_msg/lib/python3.12/site-packages/motor_command_msg/msg/_id_angle_s.c
[1.935s] -- Up-to-date: /home/csanimatronics/CS_Animatronics/install/motor_command_msg/lib/python3.12/site-packages/motor_command_msg/msg/_id_angle.py
[1.935s] -- Up-to-date: /home/csanimatronics/CS_Animatronics/install/motor_command_msg/lib/python3.12/site-packages/motor_command_msg/motor_command_msg_s__rosidl_typesupport_c.so
[1.935s] -- Up-to-date: /home/csanimatronics/CS_Animatronics/install/motor_command_msg/lib/python3.12/site-packages/motor_command_msg/_motor_command_msg_s.ep.rosidl_typesupport_introspection_c.c
[1.936s] -- Up-to-date: /home/csanimatronics/CS_Animatronics/install/motor_command_msg/lib/python3.12/site-packages/motor_command_msg/_motor_command_msg_s.ep.rosidl_typesupport_c.c
[1.938s] -- Up-to-date: /home/csanimatronics/CS_Animatronics/install/motor_command_msg/lib/python3.12/site-packages/motor_command_msg/motor_command_msg_s__rosidl_typesupport_introspection_c.so
[1.938s] -- Up-to-date: /home/csanimatronics/CS_Animatronics/install/motor_command_msg/lib/python3.12/site-packages/motor_command_msg/_motor_command_msg_s.ep.rosidl_typesupport_fastrtps_c.c
[2.015s] Listing '/home/csanimatronics/CS_Animatronics/install/motor_command_msg/lib/python3.12/site-packages/motor_command_msg'...
[2.017s] Listing '/home/csanimatronics/CS_Animatronics/install/motor_command_msg/lib/python3.12/site-packages/motor_command_msg/msg'...
[2.041s] -- Up-to-date: /home/csanimatronics/CS_Animatronics/install/motor_command_msg/lib/python3.12/site-packages/motor_command_msg/motor_command_msg_s__rosidl_typesupport_fastrtps_c.so
[2.042s] -- Up-to-date: /home/csanimatronics/CS_Animatronics/install/motor_command_msg/lib/python3.12/site-packages/motor_command_msg/motor_command_msg_s__rosidl_typesupport_introspection_c.so
[2.043s] -- Up-to-date: /home/csanimatronics/CS_Animatronics/install/motor_command_msg/lib/python3.12/site-packages/motor_command_msg/motor_command_msg_s__rosidl_typesupport_c.so
[2.044s] -- Up-to-date: /home/csanimatronics/CS_Animatronics/install/motor_command_msg/lib/libmotor_command_msg__rosidl_generator_py.so
[2.045s] -- Up-to-date: /home/csanimatronics/CS_Animatronics/install/motor_command_msg/share/motor_command_msg/msg/IdAngle.idl
[2.046s] -- Up-to-date: /home/csanimatronics/CS_Animatronics/install/motor_command_msg/share/motor_command_msg/msg/IdAngle.msg
[2.046s] -- Up-to-date: /home/csanimatronics/CS_Animatronics/install/motor_command_msg/share/ament_index/resource_index/package_run_dependencies/motor_command_msg
[2.046s] -- Up-to-date: /home/csanimatronics/CS_Animatronics/install/motor_command_msg/share/ament_index/resource_index/parent_prefix_path/motor_command_msg
[2.047s] -- Up-to-date: /home/csanimatronics/CS_Animatronics/install/motor_command_msg/share/motor_command_msg/environment/ament_prefix_path.sh
[2.047s] -- Up-to-date: /home/csanimatronics/CS_Animatronics/install/motor_command_msg/share/motor_command_msg/environment/ament_prefix_path.dsv
[2.048s] -- Up-to-date: /home/csanimatronics/CS_Animatronics/install/motor_command_msg/share/motor_command_msg/environment/path.sh
[2.048s] -- Up-to-date: /home/csanimatronics/CS_Animatronics/install/motor_command_msg/share/motor_command_msg/environment/path.dsv
[2.049s] -- Up-to-date: /home/csanimatronics/CS_Animatronics/install/motor_command_msg/share/motor_command_msg/local_setup.bash
[2.049s] -- Up-to-date: /home/csanimatronics/CS_Animatronics/install/motor_command_msg/share/motor_command_msg/local_setup.sh
[2.049s] -- Up-to-date: /home/csanimatronics/CS_Animatronics/install/motor_command_msg/share/motor_command_msg/local_setup.zsh
[2.050s] -- Up-to-date: /home/csanimatronics/CS_Animatronics/install/motor_command_msg/share/motor_command_msg/local_setup.dsv
[2.051s] -- Installing: /home/csanimatronics/CS_Animatronics/install/motor_command_msg/share/motor_command_msg/package.dsv
[2.051s] -- Up-to-date: /home/csanimatronics/CS_Animatronics/install/motor_command_msg/share/ament_index/resource_index/packages/motor_command_msg
[2.052s] -- Up-to-date: /home/csanimatronics/CS_Animatronics/install/motor_command_msg/share/motor_command_msg/cmake/export_motor_command_msg__rosidl_generator_cExport.cmake
[2.052s] -- Up-to-date: /home/csanimatronics/CS_Animatronics/install/motor_command_msg/share/motor_command_msg/cmake/export_motor_command_msg__rosidl_generator_cExport-noconfig.cmake
[2.053s] -- Up-to-date: /home/csanimatronics/CS_Animatronics/install/motor_command_msg/share/motor_command_msg/cmake/export_motor_command_msg__rosidl_typesupport_fastrtps_cExport.cmake
[2.053s] -- Up-to-date: /home/csanimatronics/CS_Animatronics/install/motor_command_msg/share/motor_command_msg/cmake/export_motor_command_msg__rosidl_typesupport_fastrtps_cExport-noconfig.cmake
[2.054s] -- Up-to-date: /home/csanimatronics/CS_Animatronics/install/motor_command_msg/share/motor_command_msg/cmake/motor_command_msg__rosidl_typesupport_introspection_cExport.cmake
[2.055s] -- Up-to-date: /home/csanimatronics/CS_Animatronics/install/motor_command_msg/share/motor_command_msg/cmake/motor_command_msg__rosidl_typesupport_introspection_cExport-noconfig.cmake
[2.055s] -- Up-to-date: /home/csanimatronics/CS_Animatronics/install/motor_command_msg/share/motor_command_msg/cmake/motor_command_msg__rosidl_typesupport_cExport.cmake
[2.056s] -- Up-to-date: /home/csanimatronics/CS_Animatronics/install/motor_command_msg/share/motor_command_msg/cmake/motor_command_msg__rosidl_typesupport_cExport-noconfig.cmake
[2.057s] -- Up-to-date: /home/csanimatronics/CS_Animatronics/install/motor_command_msg/share/motor_command_msg/cmake/export_motor_command_msg__rosidl_generator_cppExport.cmake
[2.057s] -- Up-to-date: /home/csanimatronics/CS_Animatronics/install/motor_command_msg/share/motor_command_msg/cmake/export_motor_command_msg__rosidl_typesupport_fastrtps_cppExport.cmake
[2.058s] -- Up-to-date: /home/csanimatronics/CS_Animatronics/install/motor_command_msg/share/motor_command_msg/cmake/export_motor_command_msg__rosidl_typesupport_fastrtps_cppExport-noconfig.cmake
[2.059s] -- Up-to-date: /home/csanimatronics/CS_Animatronics/install/motor_command_msg/share/motor_command_msg/cmake/motor_command_msg__rosidl_typesupport_introspection_cppExport.cmake
[2.059s] -- Up-to-date: /home/csanimatronics/CS_Animatronics/install/motor_command_msg/share/motor_command_msg/cmake/motor_command_msg__rosidl_typesupport_introspection_cppExport-noconfig.cmake
[2.060s] -- Up-to-date: /home/csanimatronics/CS_Animatronics/install/motor_command_msg/share/motor_command_msg/cmake/motor_command_msg__rosidl_typesupport_cppExport.cmake
[2.061s] -- Up-to-date: /home/csanimatronics/CS_Animatronics/install/motor_command_msg/share/motor_command_msg/cmake/motor_command_msg__rosidl_typesupport_cppExport-noconfig.cmake
[2.062s] -- Up-to-date: /home/csanimatronics/CS_Animatronics/install/motor_command_msg/share/motor_command_msg/cmake/export_motor_command_msg__rosidl_generator_pyExport.cmake
[2.062s] -- Up-to-date: /home/csanimatronics/CS_Animatronics/install/motor_command_msg/share/motor_command_msg/cmake/export_motor_command_msg__rosidl_generator_pyExport-noconfig.cmake
[2.063s] -- Up-to-date: /home/csanimatronics/CS_Animatronics/install/motor_command_msg/share/motor_command_msg/cmake/rosidl_cmake-extras.cmake
[2.064s] -- Up-to-date: /home/csanimatronics/CS_Animatronics/install/motor_command_msg/share/motor_command_msg/cmake/ament_cmake_export_include_directories-extras.cmake
[2.064s] -- Up-to-date: /home/csanimatronics/CS_Animatronics/install/motor_command_msg/share/motor_command_msg/cmake/ament_cmake_export_libraries-extras.cmake
[2.066s] -- Up-to-date: /home/csanimatronics/CS_Animatronics/install/motor_command_msg/share/motor_command_msg/cmake/ament_cmake_export_targets-extras.cmake
[2.066s] -- Up-to-date: /home/csanimatronics/CS_Animatronics/install/motor_command_msg/share/motor_command_msg/cmake/rosidl_cmake_export_typesupport_targets-extras.cmake
[2.066s] -- Up-to-date: /home/csanimatronics/CS_Animatronics/install/motor_command_msg/share/motor_command_msg/cmake/ament_cmake_export_dependencies-extras.cmake
[2.066s] -- Up-to-date: /home/csanimatronics/CS_Animatronics/install/motor_command_msg/share/motor_command_msg/cmake/rosidl_cmake_export_typesupport_libraries-extras.cmake
[2.068s] -- Up-to-date: /home/csanimatronics/CS_Animatronics/install/motor_command_msg/share/motor_command_msg/cmake/motor_command_msgConfig.cmake
[2.069s] -- Up-to-date: /home/csanimatronics/CS_Animatronics/install/motor_command_msg/share/motor_command_msg/cmake/motor_command_msgConfig-version.cmake
[2.069s] -- Up-to-date: /home/csanimatronics/CS_Animatronics/install/motor_command_msg/share/motor_command_msg/package.xml
[2.074s] Invoked command in '/home/csanimatronics/CS_Animatronics/build/motor_command_msg' returned '0': CMAKE_PREFIX_PATH=/home/csanimatronics/CS_Animatronics/install/motor_command_msg:/home/csanimatronics/CS_Animatronics/install/launch:/home/csanimatronics/CS_Animatronics/install/system_controller:/home/csanimatronics/CS_Animatronics/install/motor_controller:/home/csanimatronics/CS_Animatronics/install/controller_publisher:/opt/ros/jazzy:/home/csanimatronics/CS_Animatronics/install/dynamixel_sdk_examples:/home/csanimatronics/CS_Animatronics/install/dynamixel_sdk_custom_interfaces:/home/csanimatronics/CS_Animatronics/install/dynamixel_sdk:/opt/ros/jazzy/opt/gz_math_vendor:/opt/ros/jazzy/opt/gz_utils_vendor:/opt/ros/jazzy/opt/gz_cmake_vendor DEBUGINFOD_URLS=https://debuginfod.ubuntu.com /usr/bin/cmake --install /home/csanimatronics/CS_Animatronics/build/motor_command_msg
