[1.801s] Invoking command in '/home/csanimatronics/CS_Animatronics/src/system_controller': DEBUGINFOD_URLS=https://debuginfod.ubuntu.com PYTHONPATH=/home/csanimatronics/CS_Animatronics/build/system_controller/prefix_override:/usr/lib/python3/dist-packages/colcon_core/task/python/colcon_distutils_commands:/home/csanimatronics/CS_Animatronics/install/system_controller/lib/python3.12/site-packages:${PYTHONPATH} /usr/bin/python3 -W ignore:setup.py install is deprecated setup.py egg_info --egg-base ../../build/system_controller build --build-base /home/csanimatronics/CS_Animatronics/build/system_controller/build install --record /home/csanimatronics/CS_Animatronics/build/system_controller/install.log --single-version-externally-managed install_data
[2.257s] running egg_info
[2.286s] writing ../../build/system_controller/system_controller.egg-info/PKG-INFO
[2.287s] writing dependency_links to ../../build/system_controller/system_controller.egg-info/dependency_links.txt
[2.287s] writing entry points to ../../build/system_controller/system_controller.egg-info/entry_points.txt
[2.287s] writing requirements to ../../build/system_controller/system_controller.egg-info/requires.txt
[2.287s] writing top-level names to ../../build/system_controller/system_controller.egg-info/top_level.txt
[2.342s] reading manifest file '../../build/system_controller/system_controller.egg-info/SOURCES.txt'
[2.344s] writing manifest file '../../build/system_controller/system_controller.egg-info/SOURCES.txt'
[2.344s] running build
[2.344s] running build_py
[2.345s] running install
[2.355s] running install_lib
[2.385s] running install_data
[2.385s] running install_egg_info
[2.414s] removing '/home/csanimatronics/CS_Animatronics/install/system_controller/lib/python3.12/site-packages/system_controller-0.0.0-py3.12.egg-info' (and everything under it)
[2.414s] Copying ../../build/system_controller/system_controller.egg-info to /home/csanimatronics/CS_Animatronics/install/system_controller/lib/python3.12/site-packages/system_controller-0.0.0-py3.12.egg-info
[2.419s] running install_scripts
[2.621s] Installing controller_publisher script to /home/csanimatronics/CS_Animatronics/install/system_controller/lib/system_controller
[2.621s] Installing system_controller script to /home/csanimatronics/CS_Animatronics/install/system_controller/lib/system_controller
[2.625s] writing list of installed files to '/home/csanimatronics/CS_Animatronics/build/system_controller/install.log'
[2.769s] Invoked command in '/home/csanimatronics/CS_Animatronics/src/system_controller' returned '0': DEBUGINFOD_URLS=https://debuginfod.ubuntu.com PYTHONPATH=/home/csanimatronics/CS_Animatronics/build/system_controller/prefix_override:/usr/lib/python3/dist-packages/colcon_core/task/python/colcon_distutils_commands:/home/csanimatronics/CS_Animatronics/install/system_controller/lib/python3.12/site-packages:${PYTHONPATH} /usr/bin/python3 -W ignore:setup.py install is deprecated setup.py egg_info --egg-base ../../build/system_controller build --build-base /home/csanimatronics/CS_Animatronics/build/system_controller/build install --record /home/csanimatronics/CS_Animatronics/build/system_controller/install.log --single-version-externally-managed install_data
