[2.509s] Invoking command in '/home/csanimatronics/CS_Animatronics/src/system_controller': DEBUGINFOD_URLS=https://debuginfod.ubuntu.com PYTHONPATH=/home/csanimatronics/CS_Animatronics/src/build/system_controller/prefix_override:/usr/lib/python3/dist-packages/colcon_core/task/python/colcon_distutils_commands:/home/csanimatronics/CS_Animatronics/src/install/system_controller/lib/python3.12/site-packages:${PYTHONPATH} /usr/bin/python3 -W ignore:setup.py install is deprecated setup.py egg_info --egg-base ../build/system_controller build --build-base /home/csanimatronics/CS_Animatronics/src/build/system_controller/build install --record /home/csanimatronics/CS_Animatronics/src/build/system_controller/install.log --single-version-externally-managed install_data
[3.352s] running egg_info
[3.353s] creating ../build/system_controller/system_controller.egg-info
[3.405s] writing ../build/system_controller/system_controller.egg-info/PKG-INFO
[3.405s] writing dependency_links to ../build/system_controller/system_controller.egg-info/dependency_links.txt
[3.405s] writing entry points to ../build/system_controller/system_controller.egg-info/entry_points.txt
[3.405s] writing requirements to ../build/system_controller/system_controller.egg-info/requires.txt
[3.406s] writing top-level names to ../build/system_controller/system_controller.egg-info/top_level.txt
[3.406s] writing manifest file '../build/system_controller/system_controller.egg-info/SOURCES.txt'
[3.535s] reading manifest file '../build/system_controller/system_controller.egg-info/SOURCES.txt'
[3.535s] writing manifest file '../build/system_controller/system_controller.egg-info/SOURCES.txt'
[3.536s] running build
[3.536s] running build_py
[3.537s] creating /home/csanimatronics/CS_Animatronics/src/build/system_controller/build
[3.538s] creating /home/csanimatronics/CS_Animatronics/src/build/system_controller/build/lib
[3.539s] creating /home/csanimatronics/CS_Animatronics/src/build/system_controller/build/lib/system_controller
[3.540s] copying system_controller/__init__.py -> /home/csanimatronics/CS_Animatronics/src/build/system_controller/build/lib/system_controller
[3.541s] copying system_controller/system_controller.py -> /home/csanimatronics/CS_Animatronics/src/build/system_controller/build/lib/system_controller
[3.542s] running install
[3.558s] running install_lib
[3.613s] creating /home/csanimatronics/CS_Animatronics/src/install/system_controller/lib/python3.12/site-packages/system_controller
[3.614s] copying /home/csanimatronics/CS_Animatronics/src/build/system_controller/build/lib/system_controller/__init__.py -> /home/csanimatronics/CS_Animatronics/src/install/system_controller/lib/python3.12/site-packages/system_controller
[3.614s] copying /home/csanimatronics/CS_Animatronics/src/build/system_controller/build/lib/system_controller/system_controller.py -> /home/csanimatronics/CS_Animatronics/src/install/system_controller/lib/python3.12/site-packages/system_controller
[3.616s] byte-compiling /home/csanimatronics/CS_Animatronics/src/install/system_controller/lib/python3.12/site-packages/system_controller/__init__.py to __init__.cpython-312.pyc
[3.617s] byte-compiling /home/csanimatronics/CS_Animatronics/src/install/system_controller/lib/python3.12/site-packages/system_controller/system_controller.py to system_controller.cpython-312.pyc
[3.617s] running install_data
[3.617s] creating /home/csanimatronics/CS_Animatronics/src/install/system_controller/share/ament_index
[3.617s] creating /home/csanimatronics/CS_Animatronics/src/install/system_controller/share/ament_index/resource_index
[3.618s] creating /home/csanimatronics/CS_Animatronics/src/install/system_controller/share/ament_index/resource_index/packages
[3.618s] copying resource/system_controller -> /home/csanimatronics/CS_Animatronics/src/install/system_controller/share/ament_index/resource_index/packages
[3.619s] copying package.xml -> /home/csanimatronics/CS_Animatronics/src/install/system_controller/share/system_controller
[3.619s] creating /home/csanimatronics/CS_Animatronics/src/install/system_controller/share/system_controller/msg
[3.619s] running install_egg_info
[3.667s] Copying ../build/system_controller/system_controller.egg-info to /home/csanimatronics/CS_Animatronics/src/install/system_controller/lib/python3.12/site-packages/system_controller-0.0.0-py3.12.egg-info
[3.669s] running install_scripts
[4.013s] Installing controller_publisher script to /home/csanimatronics/CS_Animatronics/src/install/system_controller/lib/system_controller
[4.013s] Installing system_controller script to /home/csanimatronics/CS_Animatronics/src/install/system_controller/lib/system_controller
[4.014s] writing list of installed files to '/home/csanimatronics/CS_Animatronics/src/build/system_controller/install.log'
[4.151s] Invoked command in '/home/csanimatronics/CS_Animatronics/src/system_controller' returned '0': DEBUGINFOD_URLS=https://debuginfod.ubuntu.com PYTHONPATH=/home/csanimatronics/CS_Animatronics/src/build/system_controller/prefix_override:/usr/lib/python3/dist-packages/colcon_core/task/python/colcon_distutils_commands:/home/csanimatronics/CS_Animatronics/src/install/system_controller/lib/python3.12/site-packages:${PYTHONPATH} /usr/bin/python3 -W ignore:setup.py install is deprecated setup.py egg_info --egg-base ../build/system_controller build --build-base /home/csanimatronics/CS_Animatronics/src/build/system_controller/build install --record /home/csanimatronics/CS_Animatronics/src/build/system_controller/install.log --single-version-externally-managed install_data
