[1.405s] Invoking command in '/home/csanimatronics/CS_Animatronics/src/motor_controller': AMENT_PREFIX_PATH=/home/csanimatronics/CS_Animatronics/install/dynamixel_sdk_custom_interfaces:/home/csanimatronics/CS_Animatronics/install/dynamixel_sdk:${AMENT_PREFIX_PATH} CMAKE_PREFIX_PATH=/home/csanimatronics/CS_Animatronics/install/dynamixel_sdk_custom_interfaces:/home/csanimatronics/CS_Animatronics/install/dynamixel_sdk:${CMAKE_PREFIX_PATH} DEBUGINFOD_URLS=https://debuginfod.ubuntu.com LD_LIBRARY_PATH=/home/csanimatronics/CS_Animatronics/install/dynamixel_sdk_custom_interfaces/lib:/home/csanimatronics/CS_Animatronics/install/dynamixel_sdk/lib:${LD_LIBRARY_PATH} PYTHONPATH=/home/csanimatronics/CS_Animatronics/build/motor_controller/prefix_override:/usr/lib/python3/dist-packages/colcon_core/task/python/colcon_distutils_commands:/home/csanimatronics/CS_Animatronics/install/motor_controller/lib/python3.12/site-packages:/home/csanimatronics/CS_Animatronics/install/dynamixel_sdk_custom_interfaces/lib/python3.12/site-packages:${PYTHONPATH} /usr/bin/python3 -W ignore:setup.py install is deprecated setup.py egg_info --egg-base ../../build/motor_controller build --build-base /home/csanimatronics/CS_Animatronics/build/motor_controller/build install --record /home/csanimatronics/CS_Animatronics/build/motor_controller/install.log --single-version-externally-managed install_data
[1.812s] running egg_info
[1.812s] creating ../../build/motor_controller/motor_controller.egg-info
[1.843s] writing ../../build/motor_controller/motor_controller.egg-info/PKG-INFO
[1.843s] writing dependency_links to ../../build/motor_controller/motor_controller.egg-info/dependency_links.txt
[1.844s] writing entry points to ../../build/motor_controller/motor_controller.egg-info/entry_points.txt
[1.844s] writing requirements to ../../build/motor_controller/motor_controller.egg-info/requires.txt
[1.844s] writing top-level names to ../../build/motor_controller/motor_controller.egg-info/top_level.txt
[1.844s] writing manifest file '../../build/motor_controller/motor_controller.egg-info/SOURCES.txt'
[1.898s] reading manifest file '../../build/motor_controller/motor_controller.egg-info/SOURCES.txt'
[1.899s] writing manifest file '../../build/motor_controller/motor_controller.egg-info/SOURCES.txt'
[1.899s] running build
[1.899s] running build_py
[1.899s] creating /home/csanimatronics/CS_Animatronics/build/motor_controller/build
[1.899s] creating /home/csanimatronics/CS_Animatronics/build/motor_controller/build/lib
[1.900s] creating /home/csanimatronics/CS_Animatronics/build/motor_controller/build/lib/motor_controller
[1.900s] copying motor_controller/__init__.py -> /home/csanimatronics/CS_Animatronics/build/motor_controller/build/lib/motor_controller
[1.900s] copying motor_controller/motor_controller.py -> /home/csanimatronics/CS_Animatronics/build/motor_controller/build/lib/motor_controller
[1.900s] running install
[1.910s] running install_lib
[1.941s] creating /home/csanimatronics/CS_Animatronics/install/motor_controller/lib/python3.12/site-packages/motor_controller
[1.942s] copying /home/csanimatronics/CS_Animatronics/build/motor_controller/build/lib/motor_controller/__init__.py -> /home/csanimatronics/CS_Animatronics/install/motor_controller/lib/python3.12/site-packages/motor_controller
[1.942s] copying /home/csanimatronics/CS_Animatronics/build/motor_controller/build/lib/motor_controller/motor_controller.py -> /home/csanimatronics/CS_Animatronics/install/motor_controller/lib/python3.12/site-packages/motor_controller
[1.942s] byte-compiling /home/csanimatronics/CS_Animatronics/install/motor_controller/lib/python3.12/site-packages/motor_controller/__init__.py to __init__.cpython-312.pyc
[1.943s] byte-compiling /home/csanimatronics/CS_Animatronics/install/motor_controller/lib/python3.12/site-packages/motor_controller/motor_controller.py to motor_controller.cpython-312.pyc
[1.944s] running install_data
[1.944s] creating /home/csanimatronics/CS_Animatronics/install/motor_controller/share/ament_index
[1.944s] creating /home/csanimatronics/CS_Animatronics/install/motor_controller/share/ament_index/resource_index
[1.944s] creating /home/csanimatronics/CS_Animatronics/install/motor_controller/share/ament_index/resource_index/packages
[1.944s] copying resource/motor_controller -> /home/csanimatronics/CS_Animatronics/install/motor_controller/share/ament_index/resource_index/packages
[1.944s] copying package.xml -> /home/csanimatronics/CS_Animatronics/install/motor_controller/share/motor_controller
[1.945s] creating /home/csanimatronics/CS_Animatronics/install/motor_controller/share/motor_controller/msg
[1.945s] running install_egg_info
[1.975s] Copying ../../build/motor_controller/motor_controller.egg-info to /home/csanimatronics/CS_Animatronics/install/motor_controller/lib/python3.12/site-packages/motor_controller-0.0.0-py3.12.egg-info
[1.977s] running install_scripts
[2.179s] Installing motor_controller script to /home/csanimatronics/CS_Animatronics/install/motor_controller/lib/motor_controller
[2.179s] writing list of installed files to '/home/csanimatronics/CS_Animatronics/build/motor_controller/install.log'
[2.274s] Invoked command in '/home/csanimatronics/CS_Animatronics/src/motor_controller' returned '0': AMENT_PREFIX_PATH=/home/csanimatronics/CS_Animatronics/install/dynamixel_sdk_custom_interfaces:/home/csanimatronics/CS_Animatronics/install/dynamixel_sdk:${AMENT_PREFIX_PATH} CMAKE_PREFIX_PATH=/home/csanimatronics/CS_Animatronics/install/dynamixel_sdk_custom_interfaces:/home/csanimatronics/CS_Animatronics/install/dynamixel_sdk:${CMAKE_PREFIX_PATH} DEBUGINFOD_URLS=https://debuginfod.ubuntu.com LD_LIBRARY_PATH=/home/csanimatronics/CS_Animatronics/install/dynamixel_sdk_custom_interfaces/lib:/home/csanimatronics/CS_Animatronics/install/dynamixel_sdk/lib:${LD_LIBRARY_PATH} PYTHONPATH=/home/csanimatronics/CS_Animatronics/build/motor_controller/prefix_override:/usr/lib/python3/dist-packages/colcon_core/task/python/colcon_distutils_commands:/home/csanimatronics/CS_Animatronics/install/motor_controller/lib/python3.12/site-packages:/home/csanimatronics/CS_Animatronics/install/dynamixel_sdk_custom_interfaces/lib/python3.12/site-packages:${PYTHONPATH} /usr/bin/python3 -W ignore:setup.py install is deprecated setup.py egg_info --egg-base ../../build/motor_controller build --build-base /home/csanimatronics/CS_Animatronics/build/motor_controller/build install --record /home/csanimatronics/CS_Animatronics/build/motor_controller/install.log --single-version-externally-managed install_data
