[0.427s] Invoking command in '/home/csanimatronics/CS_Animatronics/build/motor_command_msg': CMAKE_PREFIX_PATH=/home/csanimatronics/CS_Animatronics/install/system_controller:/home/csanimatronics/CS_Animatronics/install/motor_controller:/home/csanimatronics/CS_Animatronics/install/controller_publisher:/opt/ros/jazzy:${CMAKE_PREFIX_PATH} DEBUGINFOD_URLS=https://debuginfod.ubuntu.com /usr/bin/cmake --build /home/csanimatronics/CS_Animatronics/build/motor_command_msg -- -j4 -l4
[0.543s] [  2%] Built target motor_command_msg__rosidl_generator_type_description
[0.563s] [  2%] Built target ament_cmake_python_copy_motor_command_msg
[0.605s] [  5%] Built target motor_command_msg__cpp
[0.624s] [ 20%] Built target motor_command_msg__rosidl_generator_c
[0.713s] [ 29%] Built target motor_command_msg__rosidl_typesupport_introspection_c
[0.731s] [ 47%] Built target motor_command_msg__rosidl_typesupport_c
[0.734s] [ 47%] Built target motor_command_msg__rosidl_typesupport_fastrtps_cpp
[0.787s] [ 55%] Built target motor_command_msg__rosidl_typesupport_introspection_cpp
[0.822s] [ 64%] Built target motor_command_msg__rosidl_typesupport_cpp
[0.829s] [ 73%] Built target motor_command_msg__rosidl_typesupport_fastrtps_c
[0.874s] [ 73%] Built target motor_command_msg
[0.930s] [ 76%] Built target motor_command_msg__py
[0.979s] [ 82%] Built target motor_command_msg__rosidl_generator_py
[1.085s] [ 88%] Built target motor_command_msg_s__rosidl_typesupport_fastrtps_c
[1.091s] [ 94%] Built target motor_command_msg_s__rosidl_typesupport_c
[1.092s] [100%] Built target motor_command_msg_s__rosidl_typesupport_introspection_c
[1.172s] running egg_info
[1.221s] writing motor_command_msg.egg-info/PKG-INFO
[1.224s] writing dependency_links to motor_command_msg.egg-info/dependency_links.txt
[1.224s] writing top-level names to motor_command_msg.egg-info/top_level.txt
[1.354s] reading manifest file 'motor_command_msg.egg-info/SOURCES.txt'
[1.355s] writing manifest file 'motor_command_msg.egg-info/SOURCES.txt'
[1.471s] [100%] Built target ament_cmake_python_build_motor_command_msg_egg
