[2.446s] Invoking command in '/home/csanimatronics/CS_Animatronics/src/system_controller': DEBUGINFOD_URLS=https://debuginfod.ubuntu.com PYTHONPATH=/home/csanimatronics/CS_Animatronics/build/system_controller/prefix_override:/usr/lib/python3/dist-packages/colcon_core/task/python/colcon_distutils_commands:/home/csanimatronics/CS_Animatronics/install/system_controller/lib/python3.12/site-packages:${PYTHONPATH} /usr/bin/python3 -W ignore:setup.py install is deprecated setup.py egg_info --egg-base ../../build/system_controller build --build-base /home/csanimatronics/CS_Animatronics/build/system_controller/build install --record /home/csanimatronics/CS_Animatronics/build/system_controller/install.log --single-version-externally-managed install_data
[2.958s] running egg_info
[2.958s] creating ../../build/system_controller/system_controller.egg-info
[2.994s] writing ../../build/system_controller/system_controller.egg-info/PKG-INFO
[2.997s] writing dependency_links to ../../build/system_controller/system_controller.egg-info/dependency_links.txt
[2.997s] writing entry points to ../../build/system_controller/system_controller.egg-info/entry_points.txt
[2.997s] writing requirements to ../../build/system_controller/system_controller.egg-info/requires.txt
[2.997s] writing top-level names to ../../build/system_controller/system_controller.egg-info/top_level.txt
[2.997s] writing manifest file '../../build/system_controller/system_controller.egg-info/SOURCES.txt'
[3.062s] reading manifest file '../../build/system_controller/system_controller.egg-info/SOURCES.txt'
[3.064s] writing manifest file '../../build/system_controller/system_controller.egg-info/SOURCES.txt'
[3.064s] running build
[3.064s] running build_py
[3.064s] creating /home/csanimatronics/CS_Animatronics/build/system_controller/build
[3.064s] creating /home/csanimatronics/CS_Animatronics/build/system_controller/build/lib
[3.065s] creating /home/csanimatronics/CS_Animatronics/build/system_controller/build/lib/system_controller
[3.065s] copying system_controller/__init__.py -> /home/csanimatronics/CS_Animatronics/build/system_controller/build/lib/system_controller
[3.065s] copying system_controller/system_controller.py -> /home/csanimatronics/CS_Animatronics/build/system_controller/build/lib/system_controller
[3.068s] running install
[3.083s] running install_lib
[3.118s] creating /home/csanimatronics/CS_Animatronics/install/system_controller/lib/python3.12/site-packages/system_controller
[3.118s] copying /home/csanimatronics/CS_Animatronics/build/system_controller/build/lib/system_controller/__init__.py -> /home/csanimatronics/CS_Animatronics/install/system_controller/lib/python3.12/site-packages/system_controller
[3.118s] copying /home/csanimatronics/CS_Animatronics/build/system_controller/build/lib/system_controller/system_controller.py -> /home/csanimatronics/CS_Animatronics/install/system_controller/lib/python3.12/site-packages/system_controller
[3.119s] byte-compiling /home/csanimatronics/CS_Animatronics/install/system_controller/lib/python3.12/site-packages/system_controller/__init__.py to __init__.cpython-312.pyc
[3.119s] byte-compiling /home/csanimatronics/CS_Animatronics/install/system_controller/lib/python3.12/site-packages/system_controller/system_controller.py to system_controller.cpython-312.pyc
[3.121s] running install_data
[3.121s] creating /home/csanimatronics/CS_Animatronics/install/system_controller/share/ament_index
[3.122s] creating /home/csanimatronics/CS_Animatronics/install/system_controller/share/ament_index/resource_index
[3.122s] creating /home/csanimatronics/CS_Animatronics/install/system_controller/share/ament_index/resource_index/packages
[3.122s] copying resource/system_controller -> /home/csanimatronics/CS_Animatronics/install/system_controller/share/ament_index/resource_index/packages
[3.122s] copying package.xml -> /home/csanimatronics/CS_Animatronics/install/system_controller/share/system_controller
[3.123s] creating /home/csanimatronics/CS_Animatronics/install/system_controller/share/system_controller/msg
[3.123s] running install_egg_info
[3.158s] Copying ../../build/system_controller/system_controller.egg-info to /home/csanimatronics/CS_Animatronics/install/system_controller/lib/python3.12/site-packages/system_controller-0.0.0-py3.12.egg-info
[3.159s] running install_scripts
[3.404s] Installing controller_publisher script to /home/csanimatronics/CS_Animatronics/install/system_controller/lib/system_controller
[3.404s] Installing system_controller script to /home/csanimatronics/CS_Animatronics/install/system_controller/lib/system_controller
[3.406s] writing list of installed files to '/home/csanimatronics/CS_Animatronics/build/system_controller/install.log'
[3.536s] Invoked command in '/home/csanimatronics/CS_Animatronics/src/system_controller' returned '0': DEBUGINFOD_URLS=https://debuginfod.ubuntu.com PYTHONPATH=/home/csanimatronics/CS_Animatronics/build/system_controller/prefix_override:/usr/lib/python3/dist-packages/colcon_core/task/python/colcon_distutils_commands:/home/csanimatronics/CS_Animatronics/install/system_controller/lib/python3.12/site-packages:${PYTHONPATH} /usr/bin/python3 -W ignore:setup.py install is deprecated setup.py egg_info --egg-base ../../build/system_controller build --build-base /home/csanimatronics/CS_Animatronics/build/system_controller/build install --record /home/csanimatronics/CS_Animatronics/build/system_controller/install.log --single-version-externally-managed install_data
