[5.444s] Invoking command in '/home/csanimatronics/CS_Animatronics/src/system_controller': DEBUGINFOD_URLS=https://debuginfod.ubuntu.com PYTHONPATH=/home/csanimatronics/CS_Animatronics/build/system_controller/prefix_override:/usr/lib/python3/dist-packages/colcon_core/task/python/colcon_distutils_commands:/home/csanimatronics/CS_Animatronics/install/system_controller/lib/python3.12/site-packages: /usr/bin/python3 -W ignore:setup.py install is deprecated setup.py egg_info --egg-base ../../build/system_controller build --build-base /home/csanimatronics/CS_Animatronics/build/system_controller/build install --record /home/csanimatronics/CS_Animatronics/build/system_controller/install.log --single-version-externally-managed install_data
[6.855s] running egg_info
[6.893s] writing ../../build/system_controller/system_controller.egg-info/PKG-INFO
[6.894s] writing dependency_links to ../../build/system_controller/system_controller.egg-info/dependency_links.txt
[6.897s] writing entry points to ../../build/system_controller/system_controller.egg-info/entry_points.txt
[6.899s] writing requirements to ../../build/system_controller/system_controller.egg-info/requires.txt
[6.903s] writing top-level names to ../../build/system_controller/system_controller.egg-info/top_level.txt
[6.981s] reading manifest file '../../build/system_controller/system_controller.egg-info/SOURCES.txt'
[6.984s] writing manifest file '../../build/system_controller/system_controller.egg-info/SOURCES.txt'
[6.985s] running build
[6.985s] running build_py
[6.986s] running install
[7.008s] running install_lib
[7.056s] running install_data
[7.057s] running install_egg_info
[7.097s] removing '/home/csanimatronics/CS_Animatronics/install/system_controller/lib/python3.12/site-packages/system_controller-0.0.0-py3.12.egg-info' (and everything under it)
[7.102s] Copying ../../build/system_controller/system_controller.egg-info to /home/csanimatronics/CS_Animatronics/install/system_controller/lib/python3.12/site-packages/system_controller-0.0.0-py3.12.egg-info
[7.107s] running install_scripts
[7.408s] Installing controller_publisher script to /home/csanimatronics/CS_Animatronics/install/system_controller/lib/system_controller
[7.409s] Installing system_controller script to /home/csanimatronics/CS_Animatronics/install/system_controller/lib/system_controller
[7.413s] writing list of installed files to '/home/csanimatronics/CS_Animatronics/build/system_controller/install.log'
