[3.514s] Invoking command in '/home/csanimatronics/CS_Animatronics/src/controller_publisher': DEBUGINFOD_URLS=https://debuginfod.ubuntu.com PYTHONPATH=/home/csanimatronics/CS_Animatronics/src/build/controller_publisher/prefix_override:/usr/lib/python3/dist-packages/colcon_core/task/python/colcon_distutils_commands:/home/csanimatronics/CS_Animatronics/src/install/controller_publisher/lib/python3.12/site-packages:${PYTHONPATH} /usr/bin/python3 -W ignore:setup.py install is deprecated setup.py egg_info --egg-base ../build/controller_publisher build --build-base /home/csanimatronics/CS_Animatronics/src/build/controller_publisher/build install --record /home/csanimatronics/CS_Animatronics/src/build/controller_publisher/install.log --single-version-externally-managed install_data
[4.050s] running egg_info
[4.051s] creating ../build/controller_publisher/controller_publisher.egg-info
[4.110s] writing ../build/controller_publisher/controller_publisher.egg-info/PKG-INFO
[4.119s] writing dependency_links to ../build/controller_publisher/controller_publisher.egg-info/dependency_links.txt
[4.120s] writing entry points to ../build/controller_publisher/controller_publisher.egg-info/entry_points.txt
[4.120s] writing requirements to ../build/controller_publisher/controller_publisher.egg-info/requires.txt
[4.121s] writing top-level names to ../build/controller_publisher/controller_publisher.egg-info/top_level.txt
[4.121s] writing manifest file '../build/controller_publisher/controller_publisher.egg-info/SOURCES.txt'
[4.198s] reading manifest file '../build/controller_publisher/controller_publisher.egg-info/SOURCES.txt'
[4.199s] writing manifest file '../build/controller_publisher/controller_publisher.egg-info/SOURCES.txt'
[4.200s] running build
[4.200s] running build_py
[4.202s] creating /home/csanimatronics/CS_Animatronics/src/build/controller_publisher/build
[4.202s] creating /home/csanimatronics/CS_Animatronics/src/build/controller_publisher/build/lib
[4.203s] creating /home/csanimatronics/CS_Animatronics/src/build/controller_publisher/build/lib/controller_publisher
[4.203s] copying controller_publisher/__init__.py -> /home/csanimatronics/CS_Animatronics/src/build/controller_publisher/build/lib/controller_publisher
[4.203s] copying controller_publisher/controller_publisher.py -> /home/csanimatronics/CS_Animatronics/src/build/controller_publisher/build/lib/controller_publisher
[4.207s] running install
[4.229s] running install_lib
[4.305s] creating /home/csanimatronics/CS_Animatronics/src/install/controller_publisher/lib/python3.12/site-packages/controller_publisher
[4.306s] copying /home/csanimatronics/CS_Animatronics/src/build/controller_publisher/build/lib/controller_publisher/__init__.py -> /home/csanimatronics/CS_Animatronics/src/install/controller_publisher/lib/python3.12/site-packages/controller_publisher
[4.306s] copying /home/csanimatronics/CS_Animatronics/src/build/controller_publisher/build/lib/controller_publisher/controller_publisher.py -> /home/csanimatronics/CS_Animatronics/src/install/controller_publisher/lib/python3.12/site-packages/controller_publisher
[4.307s] byte-compiling /home/csanimatronics/CS_Animatronics/src/install/controller_publisher/lib/python3.12/site-packages/controller_publisher/__init__.py to __init__.cpython-312.pyc
[4.308s] byte-compiling /home/csanimatronics/CS_Animatronics/src/install/controller_publisher/lib/python3.12/site-packages/controller_publisher/controller_publisher.py to controller_publisher.cpython-312.pyc
[4.309s] running install_data
[4.311s] creating /home/csanimatronics/CS_Animatronics/src/install/controller_publisher/share/ament_index
[4.311s] creating /home/csanimatronics/CS_Animatronics/src/install/controller_publisher/share/ament_index/resource_index
[4.311s] creating /home/csanimatronics/CS_Animatronics/src/install/controller_publisher/share/ament_index/resource_index/packages
[4.314s] copying resource/controller_publisher -> /home/csanimatronics/CS_Animatronics/src/install/controller_publisher/share/ament_index/resource_index/packages
[4.315s] copying package.xml -> /home/csanimatronics/CS_Animatronics/src/install/controller_publisher/share/controller_publisher
[4.320s] running install_egg_info
[4.376s] Copying ../build/controller_publisher/controller_publisher.egg-info to /home/csanimatronics/CS_Animatronics/src/install/controller_publisher/lib/python3.12/site-packages/controller_publisher-0.0.0-py3.12.egg-info
[4.377s] running install_scripts
[4.721s] Installing controller_publisher script to /home/csanimatronics/CS_Animatronics/src/install/controller_publisher/lib/controller_publisher
[4.722s] writing list of installed files to '/home/csanimatronics/CS_Animatronics/src/build/controller_publisher/install.log'
[4.869s] Invoked command in '/home/csanimatronics/CS_Animatronics/src/controller_publisher' returned '0': DEBUGINFOD_URLS=https://debuginfod.ubuntu.com PYTHONPATH=/home/csanimatronics/CS_Animatronics/src/build/controller_publisher/prefix_override:/usr/lib/python3/dist-packages/colcon_core/task/python/colcon_distutils_commands:/home/csanimatronics/CS_Animatronics/src/install/controller_publisher/lib/python3.12/site-packages:${PYTHONPATH} /usr/bin/python3 -W ignore:setup.py install is deprecated setup.py egg_info --egg-base ../build/controller_publisher build --build-base /home/csanimatronics/CS_Animatronics/src/build/controller_publisher/build install --record /home/csanimatronics/CS_Animatronics/src/build/controller_publisher/install.log --single-version-externally-managed install_data
