[0.035s] Invoking command in '/home/csanimatronics/CS_Animatronics/src/build/dynamixel_sdk_examples': AMENT_PREFIX_PATH=/home/csanimatronics/CS_Animatronics/src/install/dynamixel_sdk_custom_interfaces:/home/csanimatronics/CS_Animatronics/src/install/dynamixel_sdk:${AMENT_PREFIX_PATH} CMAKE_PREFIX_PATH=/home/csanimatronics/CS_Animatronics/src/install/dynamixel_sdk_custom_interfaces:/home/csanimatronics/CS_Animatronics/src/install/dynamixel_sdk:/opt/ros/jazzy/opt/gz_math_vendor:/opt/ros/jazzy/opt/gz_utils_vendor:/opt/ros/jazzy/opt/gz_cmake_vendor:/opt/ros/jazzy DEBUGINFOD_URLS=https://debuginfod.ubuntu.com LD_LIBRARY_PATH=/home/csanimatronics/CS_Animatronics/src/install/dynamixel_sdk_custom_interfaces/lib:/home/csanimatronics/CS_Animatronics/src/install/dynamixel_sdk/lib:${LD_LIBRARY_PATH} PYTHONPATH=/home/csanimatronics/CS_Animatronics/src/install/dynamixel_sdk_custom_interfaces/lib/python3.12/site-packages:${PYTHONPATH} /usr/bin/cmake /home/csanimatronics/CS_Animatronics/src/dynamixel_sdk_examples -DCMAKE_INSTALL_PREFIX=/home/csanimatronics/CS_Animatronics/src/install/dynamixel_sdk_examples
[0.177s] -- The C compiler identification is GNU 13.2.0
[0.295s] -- The CXX compiler identification is GNU 13.2.0
[0.326s] -- Detecting C compiler ABI info
[0.515s] -- Detecting C compiler ABI info - done
[0.530s] -- Check for working C compiler: /usr/bin/cc - skipped
[0.531s] -- Detecting C compile features
[0.531s] -- Detecting C compile features - done
[0.548s] -- Detecting CXX compiler ABI info
[0.763s] -- Detecting CXX compiler ABI info - done
[0.777s] -- Check for working CXX compiler: /usr/bin/c++ - skipped
[0.777s] -- Detecting CXX compile features
[0.778s] -- Detecting CXX compile features - done
[0.782s] -- Found ament_cmake: 2.5.2 (/opt/ros/jazzy/share/ament_cmake/cmake)
[1.037s] -- Found Python3: /usr/bin/python3 (found version "3.12.3") found components: Interpreter 
[1.223s] -- Found dynamixel_sdk: 3.7.60 (/home/csanimatronics/CS_Animatronics/src/install/dynamixel_sdk/share/dynamixel_sdk/cmake)
[1.225s] -- Found dynamixel_sdk_custom_interfaces: 3.7.60 (/home/csanimatronics/CS_Animatronics/src/install/dynamixel_sdk_custom_interfaces/share/dynamixel_sdk_custom_interfaces/cmake)
[1.274s] -- Found rosidl_generator_c: 4.6.4 (/opt/ros/jazzy/share/rosidl_generator_c/cmake)
[1.299s] -- Found rosidl_generator_cpp: 4.6.4 (/opt/ros/jazzy/share/rosidl_generator_cpp/cmake)
[1.323s] -- Using all available rosidl_typesupport_c: rosidl_typesupport_fastrtps_c;rosidl_typesupport_introspection_c
[1.350s] -- Using all available rosidl_typesupport_cpp: rosidl_typesupport_fastrtps_cpp;rosidl_typesupport_introspection_cpp
[1.452s] -- Found rclcpp: 28.1.5 (/opt/ros/jazzy/share/rclcpp/cmake)
[1.563s] -- Found rmw_implementation_cmake: 7.3.1 (/opt/ros/jazzy/share/rmw_implementation_cmake/cmake)
[1.571s] -- Found rmw_fastrtps_cpp: 8.4.1 (/opt/ros/jazzy/share/rmw_fastrtps_cpp/cmake)
[1.769s] -- Found OpenSSL: /usr/lib/aarch64-linux-gnu/libcrypto.so (found version "3.0.13")  
[1.800s] -- Found FastRTPS: /opt/ros/jazzy/include (Required is at least version "2.13") 
[1.835s] -- Using RMW implementation 'rmw_fastrtps_cpp' as default
[1.975s] -- Found ament_lint_auto: 0.17.1 (/opt/ros/jazzy/share/ament_lint_auto/cmake)
[2.179s] -- Added test 'copyright' to check source files copyright and LICENSE
[2.182s] -- Added test 'cppcheck' to perform static code analysis on C / C++ code
[2.182s] -- Configured cppcheck include dirs: /home/csanimatronics/CS_Animatronics/src/dynamixel_sdk_examples/include
[2.182s] -- Configured cppcheck exclude dirs and/or files: 
[2.184s] -- Added test 'cpplint' to check C / C++ code against the Google style
[2.184s] -- Configured cpplint exclude dirs and/or files: 
[2.186s] -- Added test 'lint_cmake' to check CMake code style
[2.193s] -- Added test 'uncrustify' to check C / C++ code style
[2.193s] -- Configured uncrustify additional arguments: 
[2.195s] -- Added test 'xmllint' to check XML markup files
[2.200s] -- Configuring done (2.1s)
[2.216s] -- Generating done (0.0s)
[2.219s] -- Build files have been written to: /home/csanimatronics/CS_Animatronics/src/build/dynamixel_sdk_examples
[2.239s] Invoked command in '/home/csanimatronics/CS_Animatronics/src/build/dynamixel_sdk_examples' returned '0': AMENT_PREFIX_PATH=/home/csanimatronics/CS_Animatronics/src/install/dynamixel_sdk_custom_interfaces:/home/csanimatronics/CS_Animatronics/src/install/dynamixel_sdk:${AMENT_PREFIX_PATH} CMAKE_PREFIX_PATH=/home/csanimatronics/CS_Animatronics/src/install/dynamixel_sdk_custom_interfaces:/home/csanimatronics/CS_Animatronics/src/install/dynamixel_sdk:/opt/ros/jazzy/opt/gz_math_vendor:/opt/ros/jazzy/opt/gz_utils_vendor:/opt/ros/jazzy/opt/gz_cmake_vendor:/opt/ros/jazzy DEBUGINFOD_URLS=https://debuginfod.ubuntu.com LD_LIBRARY_PATH=/home/csanimatronics/CS_Animatronics/src/install/dynamixel_sdk_custom_interfaces/lib:/home/csanimatronics/CS_Animatronics/src/install/dynamixel_sdk/lib:${LD_LIBRARY_PATH} PYTHONPATH=/home/csanimatronics/CS_Animatronics/src/install/dynamixel_sdk_custom_interfaces/lib/python3.12/site-packages:${PYTHONPATH} /usr/bin/cmake /home/csanimatronics/CS_Animatronics/src/dynamixel_sdk_examples -DCMAKE_INSTALL_PREFIX=/home/csanimatronics/CS_Animatronics/src/install/dynamixel_sdk_examples
[2.241s] Invoking command in '/home/csanimatronics/CS_Animatronics/src/build/dynamixel_sdk_examples': AMENT_PREFIX_PATH=/home/csanimatronics/CS_Animatronics/src/install/dynamixel_sdk_custom_interfaces:/home/csanimatronics/CS_Animatronics/src/install/dynamixel_sdk:${AMENT_PREFIX_PATH} CMAKE_PREFIX_PATH=/home/csanimatronics/CS_Animatronics/src/install/dynamixel_sdk_custom_interfaces:/home/csanimatronics/CS_Animatronics/src/install/dynamixel_sdk:/opt/ros/jazzy/opt/gz_math_vendor:/opt/ros/jazzy/opt/gz_utils_vendor:/opt/ros/jazzy/opt/gz_cmake_vendor:/opt/ros/jazzy DEBUGINFOD_URLS=https://debuginfod.ubuntu.com LD_LIBRARY_PATH=/home/csanimatronics/CS_Animatronics/src/install/dynamixel_sdk_custom_interfaces/lib:/home/csanimatronics/CS_Animatronics/src/install/dynamixel_sdk/lib:${LD_LIBRARY_PATH} PYTHONPATH=/home/csanimatronics/CS_Animatronics/src/install/dynamixel_sdk_custom_interfaces/lib/python3.12/site-packages:${PYTHONPATH} /usr/bin/cmake --build /home/csanimatronics/CS_Animatronics/src/build/dynamixel_sdk_examples -- -j4 -l4
[2.335s] [ 50%] [32mBuilding CXX object CMakeFiles/read_write_node.dir/src/read_write_node.cpp.o[0m
[17.301s] [100%] [32m[1mLinking CXX executable read_write_node[0m
[18.287s] [100%] Built target read_write_node
[18.308s] Invoked command in '/home/csanimatronics/CS_Animatronics/src/build/dynamixel_sdk_examples' returned '0': AMENT_PREFIX_PATH=/home/csanimatronics/CS_Animatronics/src/install/dynamixel_sdk_custom_interfaces:/home/csanimatronics/CS_Animatronics/src/install/dynamixel_sdk:${AMENT_PREFIX_PATH} CMAKE_PREFIX_PATH=/home/csanimatronics/CS_Animatronics/src/install/dynamixel_sdk_custom_interfaces:/home/csanimatronics/CS_Animatronics/src/install/dynamixel_sdk:/opt/ros/jazzy/opt/gz_math_vendor:/opt/ros/jazzy/opt/gz_utils_vendor:/opt/ros/jazzy/opt/gz_cmake_vendor:/opt/ros/jazzy DEBUGINFOD_URLS=https://debuginfod.ubuntu.com LD_LIBRARY_PATH=/home/csanimatronics/CS_Animatronics/src/install/dynamixel_sdk_custom_interfaces/lib:/home/csanimatronics/CS_Animatronics/src/install/dynamixel_sdk/lib:${LD_LIBRARY_PATH} PYTHONPATH=/home/csanimatronics/CS_Animatronics/src/install/dynamixel_sdk_custom_interfaces/lib/python3.12/site-packages:${PYTHONPATH} /usr/bin/cmake --build /home/csanimatronics/CS_Animatronics/src/build/dynamixel_sdk_examples -- -j4 -l4
[18.347s] Invoking command in '/home/csanimatronics/CS_Animatronics/src/build/dynamixel_sdk_examples': AMENT_PREFIX_PATH=/home/csanimatronics/CS_Animatronics/src/install/dynamixel_sdk_custom_interfaces:/home/csanimatronics/CS_Animatronics/src/install/dynamixel_sdk:${AMENT_PREFIX_PATH} CMAKE_PREFIX_PATH=/home/csanimatronics/CS_Animatronics/src/install/dynamixel_sdk_custom_interfaces:/home/csanimatronics/CS_Animatronics/src/install/dynamixel_sdk:/opt/ros/jazzy/opt/gz_math_vendor:/opt/ros/jazzy/opt/gz_utils_vendor:/opt/ros/jazzy/opt/gz_cmake_vendor:/opt/ros/jazzy DEBUGINFOD_URLS=https://debuginfod.ubuntu.com LD_LIBRARY_PATH=/home/csanimatronics/CS_Animatronics/src/install/dynamixel_sdk_custom_interfaces/lib:/home/csanimatronics/CS_Animatronics/src/install/dynamixel_sdk/lib:${LD_LIBRARY_PATH} PYTHONPATH=/home/csanimatronics/CS_Animatronics/src/install/dynamixel_sdk_custom_interfaces/lib/python3.12/site-packages:${PYTHONPATH} /usr/bin/cmake --install /home/csanimatronics/CS_Animatronics/src/build/dynamixel_sdk_examples
[18.367s] -- Install configuration: ""
[18.367s] -- Installing: /home/csanimatronics/CS_Animatronics/src/install/dynamixel_sdk_examples/lib/dynamixel_sdk_examples/read_write_node
[18.377s] -- Set non-toolchain portion of runtime path of "/home/csanimatronics/CS_Animatronics/src/install/dynamixel_sdk_examples/lib/dynamixel_sdk_examples/read_write_node" to ""
[18.377s] -- Installing: /home/csanimatronics/CS_Animatronics/src/install/dynamixel_sdk_examples/share/ament_index/resource_index/package_run_dependencies/dynamixel_sdk_examples
[18.377s] -- Installing: /home/csanimatronics/CS_Animatronics/src/install/dynamixel_sdk_examples/share/ament_index/resource_index/parent_prefix_path/dynamixel_sdk_examples
[18.378s] -- Installing: /home/csanimatronics/CS_Animatronics/src/install/dynamixel_sdk_examples/share/dynamixel_sdk_examples/environment/ament_prefix_path.sh
[18.378s] -- Installing: /home/csanimatronics/CS_Animatronics/src/install/dynamixel_sdk_examples/share/dynamixel_sdk_examples/environment/ament_prefix_path.dsv
[18.378s] -- Installing: /home/csanimatronics/CS_Animatronics/src/install/dynamixel_sdk_examples/share/dynamixel_sdk_examples/environment/path.sh
[18.378s] -- Installing: /home/csanimatronics/CS_Animatronics/src/install/dynamixel_sdk_examples/share/dynamixel_sdk_examples/environment/path.dsv
[18.378s] -- Installing: /home/csanimatronics/CS_Animatronics/src/install/dynamixel_sdk_examples/share/dynamixel_sdk_examples/local_setup.bash
[18.378s] -- Installing: /home/csanimatronics/CS_Animatronics/src/install/dynamixel_sdk_examples/share/dynamixel_sdk_examples/local_setup.sh
[18.379s] -- Installing: /home/csanimatronics/CS_Animatronics/src/install/dynamixel_sdk_examples/share/dynamixel_sdk_examples/local_setup.zsh
[18.379s] -- Installing: /home/csanimatronics/CS_Animatronics/src/install/dynamixel_sdk_examples/share/dynamixel_sdk_examples/local_setup.dsv
[18.379s] -- Installing: /home/csanimatronics/CS_Animatronics/src/install/dynamixel_sdk_examples/share/dynamixel_sdk_examples/package.dsv
[18.379s] -- Installing: /home/csanimatronics/CS_Animatronics/src/install/dynamixel_sdk_examples/share/ament_index/resource_index/packages/dynamixel_sdk_examples
[18.379s] -- Installing: /home/csanimatronics/CS_Animatronics/src/install/dynamixel_sdk_examples/share/dynamixel_sdk_examples/cmake/dynamixel_sdk_examplesConfig.cmake
[18.379s] -- Installing: /home/csanimatronics/CS_Animatronics/src/install/dynamixel_sdk_examples/share/dynamixel_sdk_examples/cmake/dynamixel_sdk_examplesConfig-version.cmake
[18.380s] -- Installing: /home/csanimatronics/CS_Animatronics/src/install/dynamixel_sdk_examples/share/dynamixel_sdk_examples/package.xml
[18.383s] Invoked command in '/home/csanimatronics/CS_Animatronics/src/build/dynamixel_sdk_examples' returned '0': AMENT_PREFIX_PATH=/home/csanimatronics/CS_Animatronics/src/install/dynamixel_sdk_custom_interfaces:/home/csanimatronics/CS_Animatronics/src/install/dynamixel_sdk:${AMENT_PREFIX_PATH} CMAKE_PREFIX_PATH=/home/csanimatronics/CS_Animatronics/src/install/dynamixel_sdk_custom_interfaces:/home/csanimatronics/CS_Animatronics/src/install/dynamixel_sdk:/opt/ros/jazzy/opt/gz_math_vendor:/opt/ros/jazzy/opt/gz_utils_vendor:/opt/ros/jazzy/opt/gz_cmake_vendor:/opt/ros/jazzy DEBUGINFOD_URLS=https://debuginfod.ubuntu.com LD_LIBRARY_PATH=/home/csanimatronics/CS_Animatronics/src/install/dynamixel_sdk_custom_interfaces/lib:/home/csanimatronics/CS_Animatronics/src/install/dynamixel_sdk/lib:${LD_LIBRARY_PATH} PYTHONPATH=/home/csanimatronics/CS_Animatronics/src/install/dynamixel_sdk_custom_interfaces/lib/python3.12/site-packages:${PYTHONPATH} /usr/bin/cmake --install /home/csanimatronics/CS_Animatronics/src/build/dynamixel_sdk_examples
