[2.712s] Invoking command in '/home/csanimatronics/CS_Animatronics/src/system_controller': DEBUGINFOD_URLS=https://debuginfod.ubuntu.com PYTHONPATH=/home/csanimatronics/CS_Animatronics/build/system_controller/prefix_override:/usr/lib/python3/dist-packages/colcon_core/task/python/colcon_distutils_commands:/home/csanimatronics/CS_Animatronics/install/system_controller/lib/python3.12/site-packages:${PYTHONPATH} /usr/bin/python3 -W ignore:setup.py install is deprecated setup.py egg_info --egg-base ../../build/system_controller build --build-base /home/csanimatronics/CS_Animatronics/build/system_controller/build install --record /home/csanimatronics/CS_Animatronics/build/system_controller/install.log --single-version-externally-managed install_data
[4.315s] running egg_info
[4.458s] writing ../../build/system_controller/system_controller.egg-info/PKG-INFO
[4.466s] writing dependency_links to ../../build/system_controller/system_controller.egg-info/dependency_links.txt
[4.466s] writing entry points to ../../build/system_controller/system_controller.egg-info/entry_points.txt
[4.467s] writing requirements to ../../build/system_controller/system_controller.egg-info/requires.txt
[4.467s] writing top-level names to ../../build/system_controller/system_controller.egg-info/top_level.txt
[4.761s] reading manifest file '../../build/system_controller/system_controller.egg-info/SOURCES.txt'
[4.762s] writing manifest file '../../build/system_controller/system_controller.egg-info/SOURCES.txt'
[4.762s] running build
[4.762s] running build_py
[4.767s] running install
[4.792s] running install_lib
[4.917s] running install_data
[4.927s] running install_egg_info
[5.066s] removing '/home/csanimatronics/CS_Animatronics/install/system_controller/lib/python3.12/site-packages/system_controller-0.0.0-py3.12.egg-info' (and everything under it)
[5.071s] Copying ../../build/system_controller/system_controller.egg-info to /home/csanimatronics/CS_Animatronics/install/system_controller/lib/python3.12/site-packages/system_controller-0.0.0-py3.12.egg-info
[5.072s] running install_scripts
[5.691s] Installing controller_publisher script to /home/csanimatronics/CS_Animatronics/install/system_controller/lib/system_controller
[5.691s] Installing system_controller script to /home/csanimatronics/CS_Animatronics/install/system_controller/lib/system_controller
[5.696s] writing list of installed files to '/home/csanimatronics/CS_Animatronics/build/system_controller/install.log'
[6.023s] Invoked command in '/home/csanimatronics/CS_Animatronics/src/system_controller' returned '0': DEBUGINFOD_URLS=https://debuginfod.ubuntu.com PYTHONPATH=/home/csanimatronics/CS_Animatronics/build/system_controller/prefix_override:/usr/lib/python3/dist-packages/colcon_core/task/python/colcon_distutils_commands:/home/csanimatronics/CS_Animatronics/install/system_controller/lib/python3.12/site-packages:${PYTHONPATH} /usr/bin/python3 -W ignore:setup.py install is deprecated setup.py egg_info --egg-base ../../build/system_controller build --build-base /home/csanimatronics/CS_Animatronics/build/system_controller/build install --record /home/csanimatronics/CS_Animatronics/build/system_controller/install.log --single-version-externally-managed install_data
