[0.595s] Invoking command in '/home/csanimatronics/CS_Animatronics/build/motor_command_msg': CMAKE_PREFIX_PATH=/home/csanimatronics/CS_Animatronics/install/system_controller:/home/csanimatronics/CS_Animatronics/install/motor_controller:/home/csanimatronics/CS_Animatronics/install/controller_publisher:/opt/ros/jazzy:${CMAKE_PREFIX_PATH} DEBUGINFOD_URLS=https://debuginfod.ubuntu.com /usr/bin/cmake --build /home/csanimatronics/CS_Animatronics/build/motor_command_msg -- -j4 -l4
[0.748s] [  2%] Built target motor_command_msg__rosidl_generator_type_description
[0.764s] [  2%] Built target ament_cmake_python_copy_motor_command_msg
[0.845s] [  5%] Built target motor_command_msg__cpp
[0.856s] [ 20%] Built target motor_command_msg__rosidl_generator_c
[0.949s] [ 29%] Built target motor_command_msg__rosidl_typesupport_introspection_c
[0.990s] [ 38%] Built target motor_command_msg__rosidl_typesupport_fastrtps_cpp
[0.999s] [ 47%] Built target motor_command_msg__rosidl_typesupport_c
[1.084s] [ 55%] Built target motor_command_msg__rosidl_typesupport_fastrtps_c
[1.095s] [ 64%] Built target motor_command_msg__rosidl_typesupport_introspection_cpp
[1.103s] [ 73%] Built target motor_command_msg__rosidl_typesupport_cpp
[1.159s] [ 73%] Built target motor_command_msg
[1.218s] [ 76%] Built target motor_command_msg__py
[1.323s] [ 82%] Built target motor_command_msg__rosidl_generator_py
[1.450s] [ 88%] Built target motor_command_msg_s__rosidl_typesupport_introspection_c
[1.450s] [ 94%] Built target motor_command_msg_s__rosidl_typesupport_fastrtps_c
[1.451s] [100%] Built target motor_command_msg_s__rosidl_typesupport_c
[1.454s] running egg_info
[1.498s] writing motor_command_msg.egg-info/PKG-INFO
[1.498s] writing dependency_links to motor_command_msg.egg-info/dependency_links.txt
[1.501s] writing top-level names to motor_command_msg.egg-info/top_level.txt
[1.590s] reading manifest file 'motor_command_msg.egg-info/SOURCES.txt'
[1.591s] writing manifest file 'motor_command_msg.egg-info/SOURCES.txt'
[1.693s] [100%] Built target ament_cmake_python_build_motor_command_msg_egg
[1.721s] Invoked command in '/home/csanimatronics/CS_Animatronics/build/motor_command_msg' returned '0': CMAKE_PREFIX_PATH=/home/csanimatronics/CS_Animatronics/install/system_controller:/home/csanimatronics/CS_Animatronics/install/motor_controller:/home/csanimatronics/CS_Animatronics/install/controller_publisher:/opt/ros/jazzy:${CMAKE_PREFIX_PATH} DEBUGINFOD_URLS=https://debuginfod.ubuntu.com /usr/bin/cmake --build /home/csanimatronics/CS_Animatronics/build/motor_command_msg -- -j4 -l4
[1.870s] Invoking command in '/home/csanimatronics/CS_Animatronics/build/motor_command_msg': CMAKE_PREFIX_PATH=/home/csanimatronics/CS_Animatronics/install/system_controller:/home/csanimatronics/CS_Animatronics/install/motor_controller:/home/csanimatronics/CS_Animatronics/install/controller_publisher:/opt/ros/jazzy:${CMAKE_PREFIX_PATH} DEBUGINFOD_URLS=https://debuginfod.ubuntu.com /usr/bin/cmake --install /home/csanimatronics/CS_Animatronics/build/motor_command_msg
[1.906s] -- Install configuration: ""
[1.908s] -- Up-to-date: /home/csanimatronics/CS_Animatronics/install/motor_command_msg/share/ament_index/resource_index/rosidl_interfaces/motor_command_msg
[1.909s] -- Up-to-date: /home/csanimatronics/CS_Animatronics/install/motor_command_msg/share/motor_command_msg/msg/IdAngle.json
[1.909s] -- Up-to-date: /home/csanimatronics/CS_Animatronics/install/motor_command_msg/include/motor_command_msg/motor_command_msg
[1.912s] -- Up-to-date: /home/csanimatronics/CS_Animatronics/install/motor_command_msg/include/motor_command_msg/motor_command_msg/msg
[1.913s] -- Up-to-date: /home/csanimatronics/CS_Animatronics/install/motor_command_msg/include/motor_command_msg/motor_command_msg/msg/detail
[1.913s] -- Up-to-date: /home/csanimatronics/CS_Animatronics/install/motor_command_msg/include/motor_command_msg/motor_command_msg/msg/detail/id_angle__type_support.c
[1.914s] -- Up-to-date: /home/csanimatronics/CS_Animatronics/install/motor_command_msg/include/motor_command_msg/motor_command_msg/msg/detail/id_angle__struct.h
[1.914s] -- Up-to-date: /home/csanimatronics/CS_Animatronics/install/motor_command_msg/include/motor_command_msg/motor_command_msg/msg/detail/id_angle__functions.h
[1.915s] -- Up-to-date: /home/csanimatronics/CS_Animatronics/install/motor_command_msg/include/motor_command_msg/motor_command_msg/msg/detail/id_angle__type_support.h
[1.915s] -- Up-to-date: /home/csanimatronics/CS_Animatronics/install/motor_command_msg/include/motor_command_msg/motor_command_msg/msg/detail/id_angle__functions.c
[1.915s] -- Up-to-date: /home/csanimatronics/CS_Animatronics/install/motor_command_msg/include/motor_command_msg/motor_command_msg/msg/detail/id_angle__description.c
[1.916s] -- Up-to-date: /home/csanimatronics/CS_Animatronics/install/motor_command_msg/include/motor_command_msg/motor_command_msg/msg/rosidl_generator_c__visibility_control.h
[1.916s] -- Up-to-date: /home/csanimatronics/CS_Animatronics/install/motor_command_msg/include/motor_command_msg/motor_command_msg/msg/id_angle.h
[1.916s] -- Up-to-date: /home/csanimatronics/CS_Animatronics/install/motor_command_msg/share/motor_command_msg/environment/library_path.sh
[1.916s] -- Up-to-date: /home/csanimatronics/CS_Animatronics/install/motor_command_msg/share/motor_command_msg/environment/library_path.dsv
[1.917s] -- Up-to-date: /home/csanimatronics/CS_Animatronics/install/motor_command_msg/lib/libmotor_command_msg__rosidl_generator_c.so
[1.917s] -- Up-to-date: /home/csanimatronics/CS_Animatronics/install/motor_command_msg/include/motor_command_msg/motor_command_msg
[1.917s] -- Up-to-date: /home/csanimatronics/CS_Animatronics/install/motor_command_msg/include/motor_command_msg/motor_command_msg/msg
[1.917s] -- Up-to-date: /home/csanimatronics/CS_Animatronics/install/motor_command_msg/include/motor_command_msg/motor_command_msg/msg/rosidl_typesupport_fastrtps_c__visibility_control.h
[1.917s] -- Up-to-date: /home/csanimatronics/CS_Animatronics/install/motor_command_msg/include/motor_command_msg/motor_command_msg/msg/detail
[1.917s] -- Up-to-date: /home/csanimatronics/CS_Animatronics/install/motor_command_msg/include/motor_command_msg/motor_command_msg/msg/detail/id_angle__rosidl_typesupport_fastrtps_c.h
[1.918s] -- Up-to-date: /home/csanimatronics/CS_Animatronics/install/motor_command_msg/lib/libmotor_command_msg__rosidl_typesupport_fastrtps_c.so
[1.918s] -- Up-to-date: /home/csanimatronics/CS_Animatronics/install/motor_command_msg/include/motor_command_msg/motor_command_msg
[1.918s] -- Up-to-date: /home/csanimatronics/CS_Animatronics/install/motor_command_msg/include/motor_command_msg/motor_command_msg/msg
[1.918s] -- Up-to-date: /home/csanimatronics/CS_Animatronics/install/motor_command_msg/include/motor_command_msg/motor_command_msg/msg/rosidl_typesupport_introspection_c__visibility_control.h
[1.918s] -- Up-to-date: /home/csanimatronics/CS_Animatronics/install/motor_command_msg/include/motor_command_msg/motor_command_msg/msg/detail
[1.918s] -- Up-to-date: /home/csanimatronics/CS_Animatronics/install/motor_command_msg/include/motor_command_msg/motor_command_msg/msg/detail/id_angle__type_support.c
[1.918s] -- Up-to-date: /home/csanimatronics/CS_Animatronics/install/motor_command_msg/include/motor_command_msg/motor_command_msg/msg/detail/id_angle__rosidl_typesupport_introspection_c.h
[1.918s] -- Up-to-date: /home/csanimatronics/CS_Animatronics/install/motor_command_msg/lib/libmotor_command_msg__rosidl_typesupport_introspection_c.so
[1.918s] -- Up-to-date: /home/csanimatronics/CS_Animatronics/install/motor_command_msg/lib/libmotor_command_msg__rosidl_typesupport_c.so
[1.919s] -- Up-to-date: /home/csanimatronics/CS_Animatronics/install/motor_command_msg/include/motor_command_msg/motor_command_msg
[1.919s] -- Up-to-date: /home/csanimatronics/CS_Animatronics/install/motor_command_msg/include/motor_command_msg/motor_command_msg/msg
[1.923s] -- Up-to-date: /home/csanimatronics/CS_Animatronics/install/motor_command_msg/include/motor_command_msg/motor_command_msg/msg/rosidl_generator_cpp__visibility_control.hpp
[1.924s] -- Up-to-date: /home/csanimatronics/CS_Animatronics/install/motor_command_msg/include/motor_command_msg/motor_command_msg/msg/detail
[1.924s] -- Up-to-date: /home/csanimatronics/CS_Animatronics/install/motor_command_msg/include/motor_command_msg/motor_command_msg/msg/detail/id_angle__traits.hpp
[1.924s] -- Up-to-date: /home/csanimatronics/CS_Animatronics/install/motor_command_msg/include/motor_command_msg/motor_command_msg/msg/detail/id_angle__struct.hpp
[1.924s] -- Up-to-date: /home/csanimatronics/CS_Animatronics/install/motor_command_msg/include/motor_command_msg/motor_command_msg/msg/detail/id_angle__builder.hpp
[1.924s] -- Up-to-date: /home/csanimatronics/CS_Animatronics/install/motor_command_msg/include/motor_command_msg/motor_command_msg/msg/detail/id_angle__type_support.hpp
[1.927s] -- Up-to-date: /home/csanimatronics/CS_Animatronics/install/motor_command_msg/include/motor_command_msg/motor_command_msg/msg/id_angle.hpp
[1.929s] -- Up-to-date: /home/csanimatronics/CS_Animatronics/install/motor_command_msg/include/motor_command_msg/motor_command_msg
[1.929s] -- Up-to-date: /home/csanimatronics/CS_Animatronics/install/motor_command_msg/include/motor_command_msg/motor_command_msg/msg
[1.929s] -- Up-to-date: /home/csanimatronics/CS_Animatronics/install/motor_command_msg/include/motor_command_msg/motor_command_msg/msg/rosidl_typesupport_fastrtps_cpp__visibility_control.h
[1.930s] -- Up-to-date: /home/csanimatronics/CS_Animatronics/install/motor_command_msg/include/motor_command_msg/motor_command_msg/msg/detail
[1.930s] -- Up-to-date: /home/csanimatronics/CS_Animatronics/install/motor_command_msg/include/motor_command_msg/motor_command_msg/msg/detail/dds_fastrtps
[1.930s] -- Up-to-date: /home/csanimatronics/CS_Animatronics/install/motor_command_msg/include/motor_command_msg/motor_command_msg/msg/detail/id_angle__rosidl_typesupport_fastrtps_cpp.hpp
[1.930s] -- Up-to-date: /home/csanimatronics/CS_Animatronics/install/motor_command_msg/lib/libmotor_command_msg__rosidl_typesupport_fastrtps_cpp.so
[1.930s] -- Up-to-date: /home/csanimatronics/CS_Animatronics/install/motor_command_msg/include/motor_command_msg/motor_command_msg
[1.930s] -- Up-to-date: /home/csanimatronics/CS_Animatronics/install/motor_command_msg/include/motor_command_msg/motor_command_msg/msg
[1.930s] -- Up-to-date: /home/csanimatronics/CS_Animatronics/install/motor_command_msg/include/motor_command_msg/motor_command_msg/msg/detail
[1.930s] -- Up-to-date: /home/csanimatronics/CS_Animatronics/install/motor_command_msg/include/motor_command_msg/motor_command_msg/msg/detail/id_angle__rosidl_typesupport_introspection_cpp.hpp
[1.930s] -- Up-to-date: /home/csanimatronics/CS_Animatronics/install/motor_command_msg/include/motor_command_msg/motor_command_msg/msg/detail/id_angle__type_support.cpp
[1.931s] -- Up-to-date: /home/csanimatronics/CS_Animatronics/install/motor_command_msg/lib/libmotor_command_msg__rosidl_typesupport_introspection_cpp.so
[1.931s] -- Up-to-date: /home/csanimatronics/CS_Animatronics/install/motor_command_msg/lib/libmotor_command_msg__rosidl_typesupport_cpp.so
[1.932s] -- Up-to-date: /home/csanimatronics/CS_Animatronics/install/motor_command_msg/share/motor_command_msg/environment/pythonpath.sh
[1.932s] -- Up-to-date: /home/csanimatronics/CS_Animatronics/install/motor_command_msg/share/motor_command_msg/environment/pythonpath.dsv
[1.933s] -- Up-to-date: /home/csanimatronics/CS_Animatronics/install/motor_command_msg/lib/python3.12/site-packages/motor_command_msg-0.0.0-py3.12.egg-info
[1.934s] -- Installing: /home/csanimatronics/CS_Animatronics/install/motor_command_msg/lib/python3.12/site-packages/motor_command_msg-0.0.0-py3.12.egg-info/SOURCES.txt
[1.934s] -- Installing: /home/csanimatronics/CS_Animatronics/install/motor_command_msg/lib/python3.12/site-packages/motor_command_msg-0.0.0-py3.12.egg-info/top_level.txt
[1.934s] -- Installing: /home/csanimatronics/CS_Animatronics/install/motor_command_msg/lib/python3.12/site-packages/motor_command_msg-0.0.0-py3.12.egg-info/PKG-INFO
[1.934s] -- Installing: /home/csanimatronics/CS_Animatronics/install/motor_command_msg/lib/python3.12/site-packages/motor_command_msg-0.0.0-py3.12.egg-info/dependency_links.txt
[1.934s] -- Up-to-date: /home/csanimatronics/CS_Animatronics/install/motor_command_msg/lib/python3.12/site-packages/motor_command_msg
[1.934s] -- Up-to-date: /home/csanimatronics/CS_Animatronics/install/motor_command_msg/lib/python3.12/site-packages/motor_command_msg/__init__.py
[1.934s] -- Up-to-date: /home/csanimatronics/CS_Animatronics/install/motor_command_msg/lib/python3.12/site-packages/motor_command_msg/motor_command_msg_s__rosidl_typesupport_fastrtps_c.so
[1.934s] -- Up-to-date: /home/csanimatronics/CS_Animatronics/install/motor_command_msg/lib/python3.12/site-packages/motor_command_msg/msg
[1.934s] -- Up-to-date: /home/csanimatronics/CS_Animatronics/install/motor_command_msg/lib/python3.12/site-packages/motor_command_msg/msg/__init__.py
[1.934s] -- Up-to-date: /home/csanimatronics/CS_Animatronics/install/motor_command_msg/lib/python3.12/site-packages/motor_command_msg/msg/_id_angle_s.c
[1.935s] -- Up-to-date: /home/csanimatronics/CS_Animatronics/install/motor_command_msg/lib/python3.12/site-packages/motor_command_msg/msg/_id_angle.py
[1.938s] -- Up-to-date: /home/csanimatronics/CS_Animatronics/install/motor_command_msg/lib/python3.12/site-packages/motor_command_msg/motor_command_msg_s__rosidl_typesupport_c.so
[1.938s] -- Up-to-date: /home/csanimatronics/CS_Animatronics/install/motor_command_msg/lib/python3.12/site-packages/motor_command_msg/_motor_command_msg_s.ep.rosidl_typesupport_introspection_c.c
[1.938s] -- Up-to-date: /home/csanimatronics/CS_Animatronics/install/motor_command_msg/lib/python3.12/site-packages/motor_command_msg/_motor_command_msg_s.ep.rosidl_typesupport_c.c
[1.938s] -- Up-to-date: /home/csanimatronics/CS_Animatronics/install/motor_command_msg/lib/python3.12/site-packages/motor_command_msg/motor_command_msg_s__rosidl_typesupport_introspection_c.so
[1.938s] -- Up-to-date: /home/csanimatronics/CS_Animatronics/install/motor_command_msg/lib/python3.12/site-packages/motor_command_msg/_motor_command_msg_s.ep.rosidl_typesupport_fastrtps_c.c
[2.018s] Listing '/home/csanimatronics/CS_Animatronics/install/motor_command_msg/lib/python3.12/site-packages/motor_command_msg'...
[2.018s] Listing '/home/csanimatronics/CS_Animatronics/install/motor_command_msg/lib/python3.12/site-packages/motor_command_msg/msg'...
[2.043s] -- Up-to-date: /home/csanimatronics/CS_Animatronics/install/motor_command_msg/lib/python3.12/site-packages/motor_command_msg/motor_command_msg_s__rosidl_typesupport_fastrtps_c.so
[2.043s] -- Up-to-date: /home/csanimatronics/CS_Animatronics/install/motor_command_msg/lib/python3.12/site-packages/motor_command_msg/motor_command_msg_s__rosidl_typesupport_introspection_c.so
[2.044s] -- Up-to-date: /home/csanimatronics/CS_Animatronics/install/motor_command_msg/lib/python3.12/site-packages/motor_command_msg/motor_command_msg_s__rosidl_typesupport_c.so
[2.044s] -- Up-to-date: /home/csanimatronics/CS_Animatronics/install/motor_command_msg/lib/libmotor_command_msg__rosidl_generator_py.so
[2.045s] -- Up-to-date: /home/csanimatronics/CS_Animatronics/install/motor_command_msg/share/motor_command_msg/msg/IdAngle.idl
[2.046s] -- Up-to-date: /home/csanimatronics/CS_Animatronics/install/motor_command_msg/share/motor_command_msg/msg/IdAngle.msg
[2.047s] -- Up-to-date: /home/csanimatronics/CS_Animatronics/install/motor_command_msg/share/ament_index/resource_index/package_run_dependencies/motor_command_msg
[2.048s] -- Up-to-date: /home/csanimatronics/CS_Animatronics/install/motor_command_msg/share/ament_index/resource_index/parent_prefix_path/motor_command_msg
[2.048s] -- Up-to-date: /home/csanimatronics/CS_Animatronics/install/motor_command_msg/share/motor_command_msg/environment/ament_prefix_path.sh
[2.048s] -- Up-to-date: /home/csanimatronics/CS_Animatronics/install/motor_command_msg/share/motor_command_msg/environment/ament_prefix_path.dsv
[2.048s] -- Up-to-date: /home/csanimatronics/CS_Animatronics/install/motor_command_msg/share/motor_command_msg/environment/path.sh
[2.048s] -- Up-to-date: /home/csanimatronics/CS_Animatronics/install/motor_command_msg/share/motor_command_msg/environment/path.dsv
[2.049s] -- Up-to-date: /home/csanimatronics/CS_Animatronics/install/motor_command_msg/share/motor_command_msg/local_setup.bash
[2.051s] -- Up-to-date: /home/csanimatronics/CS_Animatronics/install/motor_command_msg/share/motor_command_msg/local_setup.sh
[2.051s] -- Up-to-date: /home/csanimatronics/CS_Animatronics/install/motor_command_msg/share/motor_command_msg/local_setup.zsh
[2.052s] -- Up-to-date: /home/csanimatronics/CS_Animatronics/install/motor_command_msg/share/motor_command_msg/local_setup.dsv
[2.052s] -- Installing: /home/csanimatronics/CS_Animatronics/install/motor_command_msg/share/motor_command_msg/package.dsv
[2.052s] -- Up-to-date: /home/csanimatronics/CS_Animatronics/install/motor_command_msg/share/ament_index/resource_index/packages/motor_command_msg
[2.052s] -- Up-to-date: /home/csanimatronics/CS_Animatronics/install/motor_command_msg/share/motor_command_msg/cmake/export_motor_command_msg__rosidl_generator_cExport.cmake
[2.054s] -- Up-to-date: /home/csanimatronics/CS_Animatronics/install/motor_command_msg/share/motor_command_msg/cmake/export_motor_command_msg__rosidl_generator_cExport-noconfig.cmake
[2.054s] -- Up-to-date: /home/csanimatronics/CS_Animatronics/install/motor_command_msg/share/motor_command_msg/cmake/export_motor_command_msg__rosidl_typesupport_fastrtps_cExport.cmake
[2.054s] -- Up-to-date: /home/csanimatronics/CS_Animatronics/install/motor_command_msg/share/motor_command_msg/cmake/export_motor_command_msg__rosidl_typesupport_fastrtps_cExport-noconfig.cmake
[2.056s] -- Up-to-date: /home/csanimatronics/CS_Animatronics/install/motor_command_msg/share/motor_command_msg/cmake/motor_command_msg__rosidl_typesupport_introspection_cExport.cmake
[2.056s] -- Up-to-date: /home/csanimatronics/CS_Animatronics/install/motor_command_msg/share/motor_command_msg/cmake/motor_command_msg__rosidl_typesupport_introspection_cExport-noconfig.cmake
[2.056s] -- Up-to-date: /home/csanimatronics/CS_Animatronics/install/motor_command_msg/share/motor_command_msg/cmake/motor_command_msg__rosidl_typesupport_cExport.cmake
[2.057s] -- Up-to-date: /home/csanimatronics/CS_Animatronics/install/motor_command_msg/share/motor_command_msg/cmake/motor_command_msg__rosidl_typesupport_cExport-noconfig.cmake
[2.057s] -- Up-to-date: /home/csanimatronics/CS_Animatronics/install/motor_command_msg/share/motor_command_msg/cmake/export_motor_command_msg__rosidl_generator_cppExport.cmake
[2.058s] -- Up-to-date: /home/csanimatronics/CS_Animatronics/install/motor_command_msg/share/motor_command_msg/cmake/export_motor_command_msg__rosidl_typesupport_fastrtps_cppExport.cmake
[2.059s] -- Up-to-date: /home/csanimatronics/CS_Animatronics/install/motor_command_msg/share/motor_command_msg/cmake/export_motor_command_msg__rosidl_typesupport_fastrtps_cppExport-noconfig.cmake
[2.059s] -- Up-to-date: /home/csanimatronics/CS_Animatronics/install/motor_command_msg/share/motor_command_msg/cmake/motor_command_msg__rosidl_typesupport_introspection_cppExport.cmake
[2.060s] -- Up-to-date: /home/csanimatronics/CS_Animatronics/install/motor_command_msg/share/motor_command_msg/cmake/motor_command_msg__rosidl_typesupport_introspection_cppExport-noconfig.cmake
[2.060s] -- Up-to-date: /home/csanimatronics/CS_Animatronics/install/motor_command_msg/share/motor_command_msg/cmake/motor_command_msg__rosidl_typesupport_cppExport.cmake
[2.061s] -- Up-to-date: /home/csanimatronics/CS_Animatronics/install/motor_command_msg/share/motor_command_msg/cmake/motor_command_msg__rosidl_typesupport_cppExport-noconfig.cmake
[2.062s] -- Up-to-date: /home/csanimatronics/CS_Animatronics/install/motor_command_msg/share/motor_command_msg/cmake/export_motor_command_msg__rosidl_generator_pyExport.cmake
[2.062s] -- Up-to-date: /home/csanimatronics/CS_Animatronics/install/motor_command_msg/share/motor_command_msg/cmake/export_motor_command_msg__rosidl_generator_pyExport-noconfig.cmake
[2.063s] -- Up-to-date: /home/csanimatronics/CS_Animatronics/install/motor_command_msg/share/motor_command_msg/cmake/rosidl_cmake-extras.cmake
[2.063s] -- Up-to-date: /home/csanimatronics/CS_Animatronics/install/motor_command_msg/share/motor_command_msg/cmake/ament_cmake_export_include_directories-extras.cmake
[2.064s] -- Up-to-date: /home/csanimatronics/CS_Animatronics/install/motor_command_msg/share/motor_command_msg/cmake/ament_cmake_export_libraries-extras.cmake
[2.064s] -- Up-to-date: /home/csanimatronics/CS_Animatronics/install/motor_command_msg/share/motor_command_msg/cmake/ament_cmake_export_targets-extras.cmake
[2.065s] -- Up-to-date: /home/csanimatronics/CS_Animatronics/install/motor_command_msg/share/motor_command_msg/cmake/rosidl_cmake_export_typesupport_targets-extras.cmake
[2.065s] -- Up-to-date: /home/csanimatronics/CS_Animatronics/install/motor_command_msg/share/motor_command_msg/cmake/ament_cmake_export_dependencies-extras.cmake
[2.065s] -- Up-to-date: /home/csanimatronics/CS_Animatronics/install/motor_command_msg/share/motor_command_msg/cmake/rosidl_cmake_export_typesupport_libraries-extras.cmake
[2.068s] -- Up-to-date: /home/csanimatronics/CS_Animatronics/install/motor_command_msg/share/motor_command_msg/cmake/motor_command_msgConfig.cmake
[2.068s] -- Up-to-date: /home/csanimatronics/CS_Animatronics/install/motor_command_msg/share/motor_command_msg/cmake/motor_command_msgConfig-version.cmake
[2.068s] -- Up-to-date: /home/csanimatronics/CS_Animatronics/install/motor_command_msg/share/motor_command_msg/package.xml
[2.080s] Invoked command in '/home/csanimatronics/CS_Animatronics/build/motor_command_msg' returned '0': CMAKE_PREFIX_PATH=/home/csanimatronics/CS_Animatronics/install/system_controller:/home/csanimatronics/CS_Animatronics/install/motor_controller:/home/csanimatronics/CS_Animatronics/install/controller_publisher:/opt/ros/jazzy:${CMAKE_PREFIX_PATH} DEBUGINFOD_URLS=https://debuginfod.ubuntu.com /usr/bin/cmake --install /home/csanimatronics/CS_Animatronics/build/motor_command_msg
