[1.421s] Invoking command in '/home/csanimatronics/CS_Animatronics/src/motor_controller': AMENT_PREFIX_PATH=/home/csanimatronics/CS_Animatronics/src/install/dynamixel_sdk_custom_interfaces:/home/csanimatronics/CS_Animatronics/src/install/dynamixel_sdk:${AMENT_PREFIX_PATH} CMAKE_PREFIX_PATH=/home/csanimatronics/CS_Animatronics/src/install/dynamixel_sdk_custom_interfaces:/home/csanimatronics/CS_Animatronics/src/install/dynamixel_sdk:${CMAKE_PREFIX_PATH} DEBUGINFOD_URLS=https://debuginfod.ubuntu.com LD_LIBRARY_PATH=/home/csanimatronics/CS_Animatronics/src/install/dynamixel_sdk_custom_interfaces/lib:/home/csanimatronics/CS_Animatronics/src/install/dynamixel_sdk/lib:${LD_LIBRARY_PATH} PYTHONPATH=/home/csanimatronics/CS_Animatronics/src/build/motor_controller/prefix_override:/usr/lib/python3/dist-packages/colcon_core/task/python/colcon_distutils_commands:/home/csanimatronics/CS_Animatronics/src/install/motor_controller/lib/python3.12/site-packages:/home/csanimatronics/CS_Animatronics/src/install/dynamixel_sdk_custom_interfaces/lib/python3.12/site-packages:${PYTHONPATH} /usr/bin/python3 -W ignore:setup.py install is deprecated setup.py egg_info --egg-base ../build/motor_controller build --build-base /home/csanimatronics/CS_Animatronics/src/build/motor_controller/build install --record /home/csanimatronics/CS_Animatronics/src/build/motor_controller/install.log --single-version-externally-managed install_data
[1.823s] running egg_info
[1.824s] creating ../build/motor_controller/motor_controller.egg-info
[1.851s] writing ../build/motor_controller/motor_controller.egg-info/PKG-INFO
[1.851s] writing dependency_links to ../build/motor_controller/motor_controller.egg-info/dependency_links.txt
[1.851s] writing entry points to ../build/motor_controller/motor_controller.egg-info/entry_points.txt
[1.851s] writing requirements to ../build/motor_controller/motor_controller.egg-info/requires.txt
[1.851s] writing top-level names to ../build/motor_controller/motor_controller.egg-info/top_level.txt
[1.852s] writing manifest file '../build/motor_controller/motor_controller.egg-info/SOURCES.txt'
[1.912s] reading manifest file '../build/motor_controller/motor_controller.egg-info/SOURCES.txt'
[1.913s] writing manifest file '../build/motor_controller/motor_controller.egg-info/SOURCES.txt'
[1.913s] running build
[1.913s] running build_py
[1.913s] creating /home/csanimatronics/CS_Animatronics/src/build/motor_controller/build
[1.914s] creating /home/csanimatronics/CS_Animatronics/src/build/motor_controller/build/lib
[1.914s] creating /home/csanimatronics/CS_Animatronics/src/build/motor_controller/build/lib/motor_controller
[1.914s] copying motor_controller/__init__.py -> /home/csanimatronics/CS_Animatronics/src/build/motor_controller/build/lib/motor_controller
[1.914s] copying motor_controller/motor_controller.py -> /home/csanimatronics/CS_Animatronics/src/build/motor_controller/build/lib/motor_controller
[1.914s] running install
[1.924s] running install_lib
[1.952s] creating /home/csanimatronics/CS_Animatronics/src/install/motor_controller/lib/python3.12/site-packages/motor_controller
[1.953s] copying /home/csanimatronics/CS_Animatronics/src/build/motor_controller/build/lib/motor_controller/__init__.py -> /home/csanimatronics/CS_Animatronics/src/install/motor_controller/lib/python3.12/site-packages/motor_controller
[1.953s] copying /home/csanimatronics/CS_Animatronics/src/build/motor_controller/build/lib/motor_controller/motor_controller.py -> /home/csanimatronics/CS_Animatronics/src/install/motor_controller/lib/python3.12/site-packages/motor_controller
[1.954s] byte-compiling /home/csanimatronics/CS_Animatronics/src/install/motor_controller/lib/python3.12/site-packages/motor_controller/__init__.py to __init__.cpython-312.pyc
[1.955s] byte-compiling /home/csanimatronics/CS_Animatronics/src/install/motor_controller/lib/python3.12/site-packages/motor_controller/motor_controller.py to motor_controller.cpython-312.pyc
[1.957s] running install_data
[1.957s] creating /home/csanimatronics/CS_Animatronics/src/install/motor_controller/share/ament_index
[1.957s] creating /home/csanimatronics/CS_Animatronics/src/install/motor_controller/share/ament_index/resource_index
[1.957s] creating /home/csanimatronics/CS_Animatronics/src/install/motor_controller/share/ament_index/resource_index/packages
[1.957s] copying resource/motor_controller -> /home/csanimatronics/CS_Animatronics/src/install/motor_controller/share/ament_index/resource_index/packages
[1.957s] copying package.xml -> /home/csanimatronics/CS_Animatronics/src/install/motor_controller/share/motor_controller
[1.958s] running install_egg_info
[1.989s] Copying ../build/motor_controller/motor_controller.egg-info to /home/csanimatronics/CS_Animatronics/src/install/motor_controller/lib/python3.12/site-packages/motor_controller-0.0.0-py3.12.egg-info
[1.991s] running install_scripts
[2.193s] Installing motor_controller script to /home/csanimatronics/CS_Animatronics/src/install/motor_controller/lib/motor_controller
[2.194s] writing list of installed files to '/home/csanimatronics/CS_Animatronics/src/build/motor_controller/install.log'
[2.289s] Invoked command in '/home/csanimatronics/CS_Animatronics/src/motor_controller' returned '0': AMENT_PREFIX_PATH=/home/csanimatronics/CS_Animatronics/src/install/dynamixel_sdk_custom_interfaces:/home/csanimatronics/CS_Animatronics/src/install/dynamixel_sdk:${AMENT_PREFIX_PATH} CMAKE_PREFIX_PATH=/home/csanimatronics/CS_Animatronics/src/install/dynamixel_sdk_custom_interfaces:/home/csanimatronics/CS_Animatronics/src/install/dynamixel_sdk:${CMAKE_PREFIX_PATH} DEBUGINFOD_URLS=https://debuginfod.ubuntu.com LD_LIBRARY_PATH=/home/csanimatronics/CS_Animatronics/src/install/dynamixel_sdk_custom_interfaces/lib:/home/csanimatronics/CS_Animatronics/src/install/dynamixel_sdk/lib:${LD_LIBRARY_PATH} PYTHONPATH=/home/csanimatronics/CS_Animatronics/src/build/motor_controller/prefix_override:/usr/lib/python3/dist-packages/colcon_core/task/python/colcon_distutils_commands:/home/csanimatronics/CS_Animatronics/src/install/motor_controller/lib/python3.12/site-packages:/home/csanimatronics/CS_Animatronics/src/install/dynamixel_sdk_custom_interfaces/lib/python3.12/site-packages:${PYTHONPATH} /usr/bin/python3 -W ignore:setup.py install is deprecated setup.py egg_info --egg-base ../build/motor_controller build --build-base /home/csanimatronics/CS_Animatronics/src/build/motor_controller/build install --record /home/csanimatronics/CS_Animatronics/src/build/motor_controller/install.log --single-version-externally-managed install_data
