[1.560s] Invoking command in '/home/csanimatronics/CS_Animatronics/src/system_controller': DEBUGINFOD_URLS=https://debuginfod.ubuntu.com PYTHONPATH=/home/csanimatronics/CS_Animatronics/build/system_controller/prefix_override:/usr/lib/python3/dist-packages/colcon_core/task/python/colcon_distutils_commands:/home/csanimatronics/CS_Animatronics/install/system_controller/lib/python3.12/site-packages:${PYTHONPATH} /usr/bin/python3 -W ignore:setup.py install is deprecated setup.py egg_info --egg-base ../../build/system_controller build --build-base /home/csanimatronics/CS_Animatronics/build/system_controller/build install --record /home/csanimatronics/CS_Animatronics/build/system_controller/install.log --single-version-externally-managed install_data
[1.965s] running egg_info
[1.993s] writing ../../build/system_controller/system_controller.egg-info/PKG-INFO
[1.993s] writing dependency_links to ../../build/system_controller/system_controller.egg-info/dependency_links.txt
[1.996s] writing entry points to ../../build/system_controller/system_controller.egg-info/entry_points.txt
[1.996s] writing requirements to ../../build/system_controller/system_controller.egg-info/requires.txt
[1.996s] writing top-level names to ../../build/system_controller/system_controller.egg-info/top_level.txt
[2.049s] reading manifest file '../../build/system_controller/system_controller.egg-info/SOURCES.txt'
[2.050s] writing manifest file '../../build/system_controller/system_controller.egg-info/SOURCES.txt'
[2.050s] running build
[2.050s] running build_py
[2.051s] running install
[2.060s] running install_lib
[2.091s] running install_data
[2.091s] running install_egg_info
[2.118s] removing '/home/csanimatronics/CS_Animatronics/install/system_controller/lib/python3.12/site-packages/system_controller-0.0.0-py3.12.egg-info' (and everything under it)
[2.119s] Copying ../../build/system_controller/system_controller.egg-info to /home/csanimatronics/CS_Animatronics/install/system_controller/lib/python3.12/site-packages/system_controller-0.0.0-py3.12.egg-info
[2.120s] running install_scripts
[2.304s] Installing controller_publisher script to /home/csanimatronics/CS_Animatronics/install/system_controller/lib/system_controller
[2.304s] Installing system_controller script to /home/csanimatronics/CS_Animatronics/install/system_controller/lib/system_controller
[2.307s] writing list of installed files to '/home/csanimatronics/CS_Animatronics/build/system_controller/install.log'
[2.393s] Invoked command in '/home/csanimatronics/CS_Animatronics/src/system_controller' returned '0': DEBUGINFOD_URLS=https://debuginfod.ubuntu.com PYTHONPATH=/home/csanimatronics/CS_Animatronics/build/system_controller/prefix_override:/usr/lib/python3/dist-packages/colcon_core/task/python/colcon_distutils_commands:/home/csanimatronics/CS_Animatronics/install/system_controller/lib/python3.12/site-packages:${PYTHONPATH} /usr/bin/python3 -W ignore:setup.py install is deprecated setup.py egg_info --egg-base ../../build/system_controller build --build-base /home/csanimatronics/CS_Animatronics/build/system_controller/build install --record /home/csanimatronics/CS_Animatronics/build/system_controller/install.log --single-version-externally-managed install_data
