[0.054s] Invoking command in '/home/csanimatronics/CS_Animatronics/build/dynamixel_sdk': DEBUGINFOD_URLS=https://debuginfod.ubuntu.com /usr/bin/cmake /home/csanimatronics/CS_Animatronics/src/dynamixel_sdk -DCATKIN_INSTALL_INTO_PREFIX_ROOT=0 -DCMAKE_INSTALL_PREFIX=/home/csanimatronics/CS_Animatronics/install/dynamixel_sdk
[0.548s] -- The C compiler identification is GNU 13.2.0
[0.549s] -- The CXX compiler identification is GNU 13.2.0
[0.550s] -- Detecting C compiler ABI info
[0.550s] [0mCMake Deprecation Warning at CMakeLists.txt:4 (cmake_minimum_required):
[0.550s]   Compatibility with CMake < 3.5 will be removed from a future version of
[0.550s]   CMake.
[0.551s] 
[0.552s]   Update the VERSION argument <min> value or use a ...<max> suffix to tell
[0.552s]   CMake that the project does not need compatibility with older versions.
[0.552s] 
[0.552s] [0m
[0.645s] -- Detecting C compiler ABI info - done
[0.662s] -- Check for working C compiler: /usr/bin/cc - skipped
[0.662s] -- Detecting C compile features
[0.663s] -- Detecting C compile features - done
[0.682s] -- Detecting CXX compiler ABI info
[0.925s] -- Detecting CXX compiler ABI info - done
[0.943s] -- Check for working CXX compiler: /usr/bin/c++ - skipped
[0.943s] -- Detecting CXX compile features
[0.944s] -- Detecting CXX compile features - done
[0.955s] [31mCMake Error at CMakeLists.txt:13 (find_package):
[0.955s]   By not providing "Findcatkin.cmake" in CMAKE_MODULE_PATH this project has
[0.955s]   asked CMake to find a package configuration file provided by "catkin", but
[0.955s]   CMake did not find one.
[0.955s] 
[0.955s]   Could not find a package configuration file provided by "catkin" with any
[0.955s]   of the following names:
[0.956s] 
[0.956s]     catkinConfig.cmake
[0.956s]     catkin-config.cmake
[0.956s] 
[0.956s]   Add the installation prefix of "catkin" to CMAKE_PREFIX_PATH or set
[0.956s]   "catkin_DIR" to a directory containing one of the above files.  If "catkin"
[0.956s]   provides a separate development package or SDK, be sure it has been
[0.956s]   installed.
[0.956s] 
[0.956s] [0m
[0.956s] -- Configuring incomplete, errors occurred!
[1.016s] Invoked command in '/home/csanimatronics/CS_Animatronics/build/dynamixel_sdk' returned '1': DEBUGINFOD_URLS=https://debuginfod.ubuntu.com /usr/bin/cmake /home/csanimatronics/CS_Animatronics/src/dynamixel_sdk -DCATKIN_INSTALL_INTO_PREFIX_ROOT=0 -DCMAKE_INSTALL_PREFIX=/home/csanimatronics/CS_Animatronics/install/dynamixel_sdk
