[0.036s] Invoking command in '/home/csanimatronics/CS_Animatronics/build/dynamixel_sdk_examples': CMAKE_PREFIX_PATH=/home/csanimatronics/CS_Animatronics/install/dynamixel_sdk_custom_interfaces:/home/csanimatronics/CS_Animatronics/install/dynamixel_sdk:/home/csanimatronics/CS_Animatronics/install/motor_command_msg:/home/csanimatronics/CS_Animatronics/install/dynamixel_sdk_examples:/opt/ros/jazzy/opt/gz_math_vendor:/opt/ros/jazzy/opt/gz_utils_vendor:/opt/ros/jazzy/opt/gz_cmake_vendor:/home/csanimatronics/CS_Animatronics/install/system_controller:/home/csanimatronics/CS_Animatronics/install/motor_controller:/home/csanimatronics/CS_Animatronics/install/controller_publisher:/opt/ros/jazzy DEBUGINFOD_URLS=https://debuginfod.ubuntu.com LD_LIBRARY_PATH=/home/csanimatronics/CS_Animatronics/install/dynamixel_sdk_custom_interfaces/lib:/home/csanimatronics/CS_Animatronics/install/dynamixel_sdk/lib:/home/csanimatronics/CS_Animatronics/install/motor_command_msg/lib:/opt/ros/jazzy/opt/rviz_ogre_vendor/lib:/opt/ros/jazzy/lib/aarch64-linux-gnu:/opt/ros/jazzy/opt/gz_math_vendor/lib:/opt/ros/jazzy/opt/gz_utils_vendor/lib:/opt/ros/jazzy/opt/gz_cmake_vendor/lib:/opt/ros/jazzy/lib PYTHONPATH=/home/csanimatronics/CS_Animatronics/install/dynamixel_sdk_custom_interfaces/lib/python3.12/site-packages:/home/csanimatronics/CS_Animatronics/install/system_controller/lib/python3.12/site-packages:/home/csanimatronics/CS_Animatronics/install/motor_controller/lib/python3.12/site-packages:/home/csanimatronics/CS_Animatronics/install/motor_command_msg/lib/python3.12/site-packages:/home/csanimatronics/CS_Animatronics/install/controller_publisher/lib/python3.12/site-packages:/opt/ros/jazzy/lib/python3.12/site-packages /usr/bin/cmake --build /home/csanimatronics/CS_Animatronics/build/dynamixel_sdk_examples -- -j4 -l4
[0.085s] -- Found ament_cmake: 2.5.2 (/opt/ros/jazzy/share/ament_cmake/cmake)
[0.503s] -- Found dynamixel_sdk: 3.7.60 (/home/csanimatronics/CS_Animatronics/install/dynamixel_sdk/share/dynamixel_sdk/cmake)
[0.506s] -- Found dynamixel_sdk_custom_interfaces: 3.7.60 (/home/csanimatronics/CS_Animatronics/install/dynamixel_sdk_custom_interfaces/share/dynamixel_sdk_custom_interfaces/cmake)
[0.545s] -- Found rosidl_generator_c: 4.6.4 (/opt/ros/jazzy/share/rosidl_generator_c/cmake)
[0.562s] -- Found rosidl_generator_cpp: 4.6.4 (/opt/ros/jazzy/share/rosidl_generator_cpp/cmake)
[0.582s] -- Using all available rosidl_typesupport_c: rosidl_typesupport_fastrtps_c;rosidl_typesupport_introspection_c
[0.613s] -- Using all available rosidl_typesupport_cpp: rosidl_typesupport_fastrtps_cpp;rosidl_typesupport_introspection_cpp
[0.694s] -- Found rclcpp: 28.1.5 (/opt/ros/jazzy/share/rclcpp/cmake)
[0.768s] -- Found rmw_implementation_cmake: 7.3.1 (/opt/ros/jazzy/share/rmw_implementation_cmake/cmake)
[0.768s] -- Found rmw_fastrtps_cpp: 8.4.1 (/opt/ros/jazzy/share/rmw_fastrtps_cpp/cmake)
[0.914s] -- Using RMW implementation 'rmw_fastrtps_cpp' as default
[1.013s] -- Found ament_lint_auto: 0.17.1 (/opt/ros/jazzy/share/ament_lint_auto/cmake)
[1.215s] -- Added test 'copyright' to check source files copyright and LICENSE
[1.219s] -- Added test 'cppcheck' to perform static code analysis on C / C++ code
[1.219s] -- Configured cppcheck include dirs: /home/csanimatronics/CS_Animatronics/src/dynamixel_sdk_examples/include
[1.219s] -- Configured cppcheck exclude dirs and/or files: 
[1.221s] -- Added test 'cpplint' to check C / C++ code against the Google style
[1.222s] -- Configured cpplint exclude dirs and/or files: 
[1.224s] -- Added test 'lint_cmake' to check CMake code style
[1.225s] -- Added test 'uncrustify' to check C / C++ code style
[1.225s] -- Configured uncrustify additional arguments: 
[1.225s] -- Added test 'xmllint' to check XML markup files
[1.226s] -- Configuring done (1.1s)
[1.246s] -- Generating done (0.0s)
[1.250s] -- Build files have been written to: /home/csanimatronics/CS_Animatronics/build/dynamixel_sdk_examples
[1.338s] [ 50%] [32m[1mLinking CXX executable read_write_node[0m
[2.182s] [100%] Built target read_write_node
[2.338s] Invoked command in '/home/csanimatronics/CS_Animatronics/build/dynamixel_sdk_examples' returned '0': CMAKE_PREFIX_PATH=/home/csanimatronics/CS_Animatronics/install/dynamixel_sdk_custom_interfaces:/home/csanimatronics/CS_Animatronics/install/dynamixel_sdk:/home/csanimatronics/CS_Animatronics/install/motor_command_msg:/home/csanimatronics/CS_Animatronics/install/dynamixel_sdk_examples:/opt/ros/jazzy/opt/gz_math_vendor:/opt/ros/jazzy/opt/gz_utils_vendor:/opt/ros/jazzy/opt/gz_cmake_vendor:/home/csanimatronics/CS_Animatronics/install/system_controller:/home/csanimatronics/CS_Animatronics/install/motor_controller:/home/csanimatronics/CS_Animatronics/install/controller_publisher:/opt/ros/jazzy DEBUGINFOD_URLS=https://debuginfod.ubuntu.com LD_LIBRARY_PATH=/home/csanimatronics/CS_Animatronics/install/dynamixel_sdk_custom_interfaces/lib:/home/csanimatronics/CS_Animatronics/install/dynamixel_sdk/lib:/home/csanimatronics/CS_Animatronics/install/motor_command_msg/lib:/opt/ros/jazzy/opt/rviz_ogre_vendor/lib:/opt/ros/jazzy/lib/aarch64-linux-gnu:/opt/ros/jazzy/opt/gz_math_vendor/lib:/opt/ros/jazzy/opt/gz_utils_vendor/lib:/opt/ros/jazzy/opt/gz_cmake_vendor/lib:/opt/ros/jazzy/lib PYTHONPATH=/home/csanimatronics/CS_Animatronics/install/dynamixel_sdk_custom_interfaces/lib/python3.12/site-packages:/home/csanimatronics/CS_Animatronics/install/system_controller/lib/python3.12/site-packages:/home/csanimatronics/CS_Animatronics/install/motor_controller/lib/python3.12/site-packages:/home/csanimatronics/CS_Animatronics/install/motor_command_msg/lib/python3.12/site-packages:/home/csanimatronics/CS_Animatronics/install/controller_publisher/lib/python3.12/site-packages:/opt/ros/jazzy/lib/python3.12/site-packages /usr/bin/cmake --build /home/csanimatronics/CS_Animatronics/build/dynamixel_sdk_examples -- -j4 -l4
[2.386s] Invoking command in '/home/csanimatronics/CS_Animatronics/build/dynamixel_sdk_examples': CMAKE_PREFIX_PATH=/home/csanimatronics/CS_Animatronics/install/dynamixel_sdk_custom_interfaces:/home/csanimatronics/CS_Animatronics/install/dynamixel_sdk:/home/csanimatronics/CS_Animatronics/install/motor_command_msg:/home/csanimatronics/CS_Animatronics/install/dynamixel_sdk_examples:/opt/ros/jazzy/opt/gz_math_vendor:/opt/ros/jazzy/opt/gz_utils_vendor:/opt/ros/jazzy/opt/gz_cmake_vendor:/home/csanimatronics/CS_Animatronics/install/system_controller:/home/csanimatronics/CS_Animatronics/install/motor_controller:/home/csanimatronics/CS_Animatronics/install/controller_publisher:/opt/ros/jazzy DEBUGINFOD_URLS=https://debuginfod.ubuntu.com LD_LIBRARY_PATH=/home/csanimatronics/CS_Animatronics/install/dynamixel_sdk_custom_interfaces/lib:/home/csanimatronics/CS_Animatronics/install/dynamixel_sdk/lib:/home/csanimatronics/CS_Animatronics/install/motor_command_msg/lib:/opt/ros/jazzy/opt/rviz_ogre_vendor/lib:/opt/ros/jazzy/lib/aarch64-linux-gnu:/opt/ros/jazzy/opt/gz_math_vendor/lib:/opt/ros/jazzy/opt/gz_utils_vendor/lib:/opt/ros/jazzy/opt/gz_cmake_vendor/lib:/opt/ros/jazzy/lib PYTHONPATH=/home/csanimatronics/CS_Animatronics/install/dynamixel_sdk_custom_interfaces/lib/python3.12/site-packages:/home/csanimatronics/CS_Animatronics/install/system_controller/lib/python3.12/site-packages:/home/csanimatronics/CS_Animatronics/install/motor_controller/lib/python3.12/site-packages:/home/csanimatronics/CS_Animatronics/install/motor_command_msg/lib/python3.12/site-packages:/home/csanimatronics/CS_Animatronics/install/controller_publisher/lib/python3.12/site-packages:/opt/ros/jazzy/lib/python3.12/site-packages /usr/bin/cmake --install /home/csanimatronics/CS_Animatronics/build/dynamixel_sdk_examples
[2.403s] -- Install configuration: ""
[2.403s] -- Installing: /home/csanimatronics/CS_Animatronics/install/dynamixel_sdk_examples/lib/dynamixel_sdk_examples/read_write_node
[2.418s] -- Set non-toolchain portion of runtime path of "/home/csanimatronics/CS_Animatronics/install/dynamixel_sdk_examples/lib/dynamixel_sdk_examples/read_write_node" to ""
[2.418s] -- Installing: /home/csanimatronics/CS_Animatronics/install/dynamixel_sdk_examples/share/ament_index/resource_index/package_run_dependencies/dynamixel_sdk_examples
[2.418s] -- Up-to-date: /home/csanimatronics/CS_Animatronics/install/dynamixel_sdk_examples/share/ament_index/resource_index/parent_prefix_path/dynamixel_sdk_examples
[2.418s] -- Up-to-date: /home/csanimatronics/CS_Animatronics/install/dynamixel_sdk_examples/share/dynamixel_sdk_examples/environment/ament_prefix_path.sh
[2.418s] -- Installing: /home/csanimatronics/CS_Animatronics/install/dynamixel_sdk_examples/share/dynamixel_sdk_examples/environment/ament_prefix_path.dsv
[2.418s] -- Up-to-date: /home/csanimatronics/CS_Animatronics/install/dynamixel_sdk_examples/share/dynamixel_sdk_examples/environment/path.sh
[2.419s] -- Installing: /home/csanimatronics/CS_Animatronics/install/dynamixel_sdk_examples/share/dynamixel_sdk_examples/environment/path.dsv
[2.419s] -- Installing: /home/csanimatronics/CS_Animatronics/install/dynamixel_sdk_examples/share/dynamixel_sdk_examples/local_setup.bash
[2.419s] -- Installing: /home/csanimatronics/CS_Animatronics/install/dynamixel_sdk_examples/share/dynamixel_sdk_examples/local_setup.sh
[2.419s] -- Installing: /home/csanimatronics/CS_Animatronics/install/dynamixel_sdk_examples/share/dynamixel_sdk_examples/local_setup.zsh
[2.420s] -- Installing: /home/csanimatronics/CS_Animatronics/install/dynamixel_sdk_examples/share/dynamixel_sdk_examples/local_setup.dsv
[2.420s] -- Installing: /home/csanimatronics/CS_Animatronics/install/dynamixel_sdk_examples/share/dynamixel_sdk_examples/package.dsv
[2.420s] -- Installing: /home/csanimatronics/CS_Animatronics/install/dynamixel_sdk_examples/share/ament_index/resource_index/packages/dynamixel_sdk_examples
[2.421s] -- Installing: /home/csanimatronics/CS_Animatronics/install/dynamixel_sdk_examples/share/dynamixel_sdk_examples/cmake/dynamixel_sdk_examplesConfig.cmake
[2.421s] -- Installing: /home/csanimatronics/CS_Animatronics/install/dynamixel_sdk_examples/share/dynamixel_sdk_examples/cmake/dynamixel_sdk_examplesConfig-version.cmake
[2.421s] -- Up-to-date: /home/csanimatronics/CS_Animatronics/install/dynamixel_sdk_examples/share/dynamixel_sdk_examples/package.xml
[2.431s] Invoked command in '/home/csanimatronics/CS_Animatronics/build/dynamixel_sdk_examples' returned '0': CMAKE_PREFIX_PATH=/home/csanimatronics/CS_Animatronics/install/dynamixel_sdk_custom_interfaces:/home/csanimatronics/CS_Animatronics/install/dynamixel_sdk:/home/csanimatronics/CS_Animatronics/install/motor_command_msg:/home/csanimatronics/CS_Animatronics/install/dynamixel_sdk_examples:/opt/ros/jazzy/opt/gz_math_vendor:/opt/ros/jazzy/opt/gz_utils_vendor:/opt/ros/jazzy/opt/gz_cmake_vendor:/home/csanimatronics/CS_Animatronics/install/system_controller:/home/csanimatronics/CS_Animatronics/install/motor_controller:/home/csanimatronics/CS_Animatronics/install/controller_publisher:/opt/ros/jazzy DEBUGINFOD_URLS=https://debuginfod.ubuntu.com LD_LIBRARY_PATH=/home/csanimatronics/CS_Animatronics/install/dynamixel_sdk_custom_interfaces/lib:/home/csanimatronics/CS_Animatronics/install/dynamixel_sdk/lib:/home/csanimatronics/CS_Animatronics/install/motor_command_msg/lib:/opt/ros/jazzy/opt/rviz_ogre_vendor/lib:/opt/ros/jazzy/lib/aarch64-linux-gnu:/opt/ros/jazzy/opt/gz_math_vendor/lib:/opt/ros/jazzy/opt/gz_utils_vendor/lib:/opt/ros/jazzy/opt/gz_cmake_vendor/lib:/opt/ros/jazzy/lib PYTHONPATH=/home/csanimatronics/CS_Animatronics/install/dynamixel_sdk_custom_interfaces/lib/python3.12/site-packages:/home/csanimatronics/CS_Animatronics/install/system_controller/lib/python3.12/site-packages:/home/csanimatronics/CS_Animatronics/install/motor_controller/lib/python3.12/site-packages:/home/csanimatronics/CS_Animatronics/install/motor_command_msg/lib/python3.12/site-packages:/home/csanimatronics/CS_Animatronics/install/controller_publisher/lib/python3.12/site-packages:/opt/ros/jazzy/lib/python3.12/site-packages /usr/bin/cmake --install /home/csanimatronics/CS_Animatronics/build/dynamixel_sdk_examples
