[0.446s] Invoking command in '/home/csanimatronics/CS_Animatronics/build/motor_command_msg': CMAKE_PREFIX_PATH=/home/csanimatronics/CS_Animatronics/install/system_controller:/home/csanimatronics/CS_Animatronics/install/motor_controller:/home/csanimatronics/CS_Animatronics/install/controller_publisher:/opt/ros/jazzy:${CMAKE_PREFIX_PATH} DEBUGINFOD_URLS=https://debuginfod.ubuntu.com /usr/bin/cmake --build /home/csanimatronics/CS_Animatronics/build/motor_command_msg -- -j4 -l4
[0.581s] [  2%] Built target motor_command_msg__rosidl_generator_type_description
[0.599s] [  2%] Built target ament_cmake_python_copy_motor_command_msg
[0.642s] [  5%] Built target motor_command_msg__cpp
[0.662s] [ 20%] Built target motor_command_msg__rosidl_generator_c
[0.763s] [ 29%] Built target motor_command_msg__rosidl_typesupport_introspection_c
[0.770s] [ 38%] Built target motor_command_msg__rosidl_typesupport_c
[0.781s] [ 47%] Built target motor_command_msg__rosidl_typesupport_fastrtps_cpp
[0.864s] [ 55%] Built target motor_command_msg__rosidl_typesupport_cpp
[0.875s] [ 64%] Built target motor_command_msg__rosidl_typesupport_introspection_cpp
[0.884s] [ 73%] Built target motor_command_msg__rosidl_typesupport_fastrtps_c
[0.927s] [ 73%] Built target motor_command_msg
[0.983s] [ 76%] Built target motor_command_msg__py
[1.035s] [ 82%] Built target motor_command_msg__rosidl_generator_py
[1.131s] [ 88%] Built target motor_command_msg_s__rosidl_typesupport_fastrtps_c
[1.138s] [ 94%] Built target motor_command_msg_s__rosidl_typesupport_introspection_c
[1.145s] [100%] Built target motor_command_msg_s__rosidl_typesupport_c
[1.180s] running egg_info
[1.208s] writing motor_command_msg.egg-info/PKG-INFO
[1.209s] writing dependency_links to motor_command_msg.egg-info/dependency_links.txt
[1.211s] writing top-level names to motor_command_msg.egg-info/top_level.txt
[1.304s] reading manifest file 'motor_command_msg.egg-info/SOURCES.txt'
[1.305s] writing manifest file 'motor_command_msg.egg-info/SOURCES.txt'
[1.403s] [100%] Built target ament_cmake_python_build_motor_command_msg_egg
