[0.372s] Invoking command in '/home/csanimatronics/CS_Animatronics/build/motor_command_msg': CMAKE_PREFIX_PATH=${CMAKE_PREFIX_PATH}:/opt/ros/jazzy DEBUGINFOD_URLS=https://debuginfod.ubuntu.com /usr/bin/cmake --build /home/csanimatronics/CS_Animatronics/build/motor_command_msg -- -j4 -l4
[0.634s] [  2%] Built target motor_command_msg__rosidl_generator_type_description
[0.659s] [  2%] Built target ament_cmake_python_copy_motor_command_msg
[0.681s] [  5%] Built target motor_command_msg__cpp
[0.715s] [ 20%] Built target motor_command_msg__rosidl_generator_c
[0.790s] [ 29%] Built target motor_command_msg__rosidl_typesupport_introspection_c
[0.808s] [ 38%] Built target motor_command_msg__rosidl_typesupport_cpp
[0.820s] [ 47%] Built target motor_command_msg__rosidl_typesupport_fastrtps_c
[0.892s] [ 55%] Built target motor_command_msg__rosidl_typesupport_c
[0.928s] [ 64%] Built target motor_command_msg__rosidl_typesupport_fastrtps_cpp
[0.956s] [ 73%] Built target motor_command_msg__rosidl_typesupport_introspection_cpp
[1.033s] [ 73%] Built target motor_command_msg
[1.109s] [ 76%] Built target motor_command_msg__py
[1.217s] [ 82%] Built target motor_command_msg__rosidl_generator_py
[1.335s] running egg_info
[1.342s] [ 88%] Built target motor_command_msg_s__rosidl_typesupport_introspection_c
[1.353s] [ 94%] Built target motor_command_msg_s__rosidl_typesupport_fastrtps_c
[1.362s] [100%] Built target motor_command_msg_s__rosidl_typesupport_c
[1.375s] writing motor_command_msg.egg-info/PKG-INFO
[1.376s] writing dependency_links to motor_command_msg.egg-info/dependency_links.txt
[1.376s] writing top-level names to motor_command_msg.egg-info/top_level.txt
[1.476s] reading manifest file 'motor_command_msg.egg-info/SOURCES.txt'
[1.477s] writing manifest file 'motor_command_msg.egg-info/SOURCES.txt'
[1.566s] [100%] Built target ament_cmake_python_build_motor_command_msg_egg
[1.668s] Invoked command in '/home/csanimatronics/CS_Animatronics/build/motor_command_msg' returned '0': CMAKE_PREFIX_PATH=${CMAKE_PREFIX_PATH}:/opt/ros/jazzy DEBUGINFOD_URLS=https://debuginfod.ubuntu.com /usr/bin/cmake --build /home/csanimatronics/CS_Animatronics/build/motor_command_msg -- -j4 -l4
[1.787s] Invoking command in '/home/csanimatronics/CS_Animatronics/build/motor_command_msg': CMAKE_PREFIX_PATH=${CMAKE_PREFIX_PATH}:/opt/ros/jazzy DEBUGINFOD_URLS=https://debuginfod.ubuntu.com /usr/bin/cmake --install /home/csanimatronics/CS_Animatronics/build/motor_command_msg
[1.809s] -- Install configuration: ""
[1.809s] -- Up-to-date: /home/csanimatronics/CS_Animatronics/install/motor_command_msg/share/ament_index/resource_index/rosidl_interfaces/motor_command_msg
[1.809s] -- Up-to-date: /home/csanimatronics/CS_Animatronics/install/motor_command_msg/share/motor_command_msg/msg/IdAngle.json
[1.810s] -- Up-to-date: /home/csanimatronics/CS_Animatronics/install/motor_command_msg/include/motor_command_msg/motor_command_msg
[1.810s] -- Up-to-date: /home/csanimatronics/CS_Animatronics/install/motor_command_msg/include/motor_command_msg/motor_command_msg/msg
[1.810s] -- Up-to-date: /home/csanimatronics/CS_Animatronics/install/motor_command_msg/include/motor_command_msg/motor_command_msg/msg/detail
[1.810s] -- Up-to-date: /home/csanimatronics/CS_Animatronics/install/motor_command_msg/include/motor_command_msg/motor_command_msg/msg/detail/id_angle__type_support.c
[1.810s] -- Up-to-date: /home/csanimatronics/CS_Animatronics/install/motor_command_msg/include/motor_command_msg/motor_command_msg/msg/detail/id_angle__struct.h
[1.810s] -- Up-to-date: /home/csanimatronics/CS_Animatronics/install/motor_command_msg/include/motor_command_msg/motor_command_msg/msg/detail/id_angle__functions.h
[1.810s] -- Up-to-date: /home/csanimatronics/CS_Animatronics/install/motor_command_msg/include/motor_command_msg/motor_command_msg/msg/detail/id_angle__type_support.h
[1.810s] -- Up-to-date: /home/csanimatronics/CS_Animatronics/install/motor_command_msg/include/motor_command_msg/motor_command_msg/msg/detail/id_angle__functions.c
[1.810s] -- Up-to-date: /home/csanimatronics/CS_Animatronics/install/motor_command_msg/include/motor_command_msg/motor_command_msg/msg/detail/id_angle__description.c
[1.811s] -- Up-to-date: /home/csanimatronics/CS_Animatronics/install/motor_command_msg/include/motor_command_msg/motor_command_msg/msg/rosidl_generator_c__visibility_control.h
[1.811s] -- Up-to-date: /home/csanimatronics/CS_Animatronics/install/motor_command_msg/include/motor_command_msg/motor_command_msg/msg/id_angle.h
[1.811s] -- Up-to-date: /home/csanimatronics/CS_Animatronics/install/motor_command_msg/share/motor_command_msg/environment/library_path.sh
[1.811s] -- Up-to-date: /home/csanimatronics/CS_Animatronics/install/motor_command_msg/share/motor_command_msg/environment/library_path.dsv
[1.814s] -- Up-to-date: /home/csanimatronics/CS_Animatronics/install/motor_command_msg/lib/libmotor_command_msg__rosidl_generator_c.so
[1.815s] -- Up-to-date: /home/csanimatronics/CS_Animatronics/install/motor_command_msg/include/motor_command_msg/motor_command_msg
[1.815s] -- Up-to-date: /home/csanimatronics/CS_Animatronics/install/motor_command_msg/include/motor_command_msg/motor_command_msg/msg
[1.815s] -- Up-to-date: /home/csanimatronics/CS_Animatronics/install/motor_command_msg/include/motor_command_msg/motor_command_msg/msg/rosidl_typesupport_fastrtps_c__visibility_control.h
[1.815s] -- Up-to-date: /home/csanimatronics/CS_Animatronics/install/motor_command_msg/include/motor_command_msg/motor_command_msg/msg/detail
[1.815s] -- Up-to-date: /home/csanimatronics/CS_Animatronics/install/motor_command_msg/include/motor_command_msg/motor_command_msg/msg/detail/id_angle__rosidl_typesupport_fastrtps_c.h
[1.818s] -- Up-to-date: /home/csanimatronics/CS_Animatronics/install/motor_command_msg/lib/libmotor_command_msg__rosidl_typesupport_fastrtps_c.so
[1.818s] -- Up-to-date: /home/csanimatronics/CS_Animatronics/install/motor_command_msg/include/motor_command_msg/motor_command_msg
[1.818s] -- Up-to-date: /home/csanimatronics/CS_Animatronics/install/motor_command_msg/include/motor_command_msg/motor_command_msg/msg
[1.818s] -- Up-to-date: /home/csanimatronics/CS_Animatronics/install/motor_command_msg/include/motor_command_msg/motor_command_msg/msg/rosidl_typesupport_introspection_c__visibility_control.h
[1.818s] -- Up-to-date: /home/csanimatronics/CS_Animatronics/install/motor_command_msg/include/motor_command_msg/motor_command_msg/msg/detail
[1.818s] -- Up-to-date: /home/csanimatronics/CS_Animatronics/install/motor_command_msg/include/motor_command_msg/motor_command_msg/msg/detail/id_angle__type_support.c
[1.819s] -- Up-to-date: /home/csanimatronics/CS_Animatronics/install/motor_command_msg/include/motor_command_msg/motor_command_msg/msg/detail/id_angle__rosidl_typesupport_introspection_c.h
[1.820s] -- Up-to-date: /home/csanimatronics/CS_Animatronics/install/motor_command_msg/lib/libmotor_command_msg__rosidl_typesupport_introspection_c.so
[1.822s] -- Up-to-date: /home/csanimatronics/CS_Animatronics/install/motor_command_msg/lib/libmotor_command_msg__rosidl_typesupport_c.so
[1.822s] -- Up-to-date: /home/csanimatronics/CS_Animatronics/install/motor_command_msg/include/motor_command_msg/motor_command_msg
[1.822s] -- Up-to-date: /home/csanimatronics/CS_Animatronics/install/motor_command_msg/include/motor_command_msg/motor_command_msg/msg
[1.822s] -- Up-to-date: /home/csanimatronics/CS_Animatronics/install/motor_command_msg/include/motor_command_msg/motor_command_msg/msg/rosidl_generator_cpp__visibility_control.hpp
[1.823s] -- Up-to-date: /home/csanimatronics/CS_Animatronics/install/motor_command_msg/include/motor_command_msg/motor_command_msg/msg/detail
[1.823s] -- Up-to-date: /home/csanimatronics/CS_Animatronics/install/motor_command_msg/include/motor_command_msg/motor_command_msg/msg/detail/id_angle__traits.hpp
[1.823s] -- Up-to-date: /home/csanimatronics/CS_Animatronics/install/motor_command_msg/include/motor_command_msg/motor_command_msg/msg/detail/id_angle__struct.hpp
[1.823s] -- Up-to-date: /home/csanimatronics/CS_Animatronics/install/motor_command_msg/include/motor_command_msg/motor_command_msg/msg/detail/id_angle__builder.hpp
[1.823s] -- Up-to-date: /home/csanimatronics/CS_Animatronics/install/motor_command_msg/include/motor_command_msg/motor_command_msg/msg/detail/id_angle__type_support.hpp
[1.824s] -- Up-to-date: /home/csanimatronics/CS_Animatronics/install/motor_command_msg/include/motor_command_msg/motor_command_msg/msg/id_angle.hpp
[1.824s] -- Up-to-date: /home/csanimatronics/CS_Animatronics/install/motor_command_msg/include/motor_command_msg/motor_command_msg
[1.824s] -- Up-to-date: /home/csanimatronics/CS_Animatronics/install/motor_command_msg/include/motor_command_msg/motor_command_msg/msg
[1.824s] -- Up-to-date: /home/csanimatronics/CS_Animatronics/install/motor_command_msg/include/motor_command_msg/motor_command_msg/msg/rosidl_typesupport_fastrtps_cpp__visibility_control.h
[1.824s] -- Up-to-date: /home/csanimatronics/CS_Animatronics/install/motor_command_msg/include/motor_command_msg/motor_command_msg/msg/detail
[1.824s] -- Up-to-date: /home/csanimatronics/CS_Animatronics/install/motor_command_msg/include/motor_command_msg/motor_command_msg/msg/detail/dds_fastrtps
[1.824s] -- Up-to-date: /home/csanimatronics/CS_Animatronics/install/motor_command_msg/include/motor_command_msg/motor_command_msg/msg/detail/id_angle__rosidl_typesupport_fastrtps_cpp.hpp
[1.825s] -- Up-to-date: /home/csanimatronics/CS_Animatronics/install/motor_command_msg/lib/libmotor_command_msg__rosidl_typesupport_fastrtps_cpp.so
[1.826s] -- Up-to-date: /home/csanimatronics/CS_Animatronics/install/motor_command_msg/include/motor_command_msg/motor_command_msg
[1.826s] -- Up-to-date: /home/csanimatronics/CS_Animatronics/install/motor_command_msg/include/motor_command_msg/motor_command_msg/msg
[1.826s] -- Up-to-date: /home/csanimatronics/CS_Animatronics/install/motor_command_msg/include/motor_command_msg/motor_command_msg/msg/detail
[1.826s] -- Up-to-date: /home/csanimatronics/CS_Animatronics/install/motor_command_msg/include/motor_command_msg/motor_command_msg/msg/detail/id_angle__rosidl_typesupport_introspection_cpp.hpp
[1.826s] -- Up-to-date: /home/csanimatronics/CS_Animatronics/install/motor_command_msg/include/motor_command_msg/motor_command_msg/msg/detail/id_angle__type_support.cpp
[1.828s] -- Up-to-date: /home/csanimatronics/CS_Animatronics/install/motor_command_msg/lib/libmotor_command_msg__rosidl_typesupport_introspection_cpp.so
[1.830s] -- Up-to-date: /home/csanimatronics/CS_Animatronics/install/motor_command_msg/lib/libmotor_command_msg__rosidl_typesupport_cpp.so
[1.831s] -- Up-to-date: /home/csanimatronics/CS_Animatronics/install/motor_command_msg/share/motor_command_msg/environment/pythonpath.sh
[1.831s] -- Up-to-date: /home/csanimatronics/CS_Animatronics/install/motor_command_msg/share/motor_command_msg/environment/pythonpath.dsv
[1.831s] -- Up-to-date: /home/csanimatronics/CS_Animatronics/install/motor_command_msg/lib/python3.12/site-packages/motor_command_msg-0.0.0-py3.12.egg-info
[1.831s] -- Installing: /home/csanimatronics/CS_Animatronics/install/motor_command_msg/lib/python3.12/site-packages/motor_command_msg-0.0.0-py3.12.egg-info/SOURCES.txt
[1.832s] -- Installing: /home/csanimatronics/CS_Animatronics/install/motor_command_msg/lib/python3.12/site-packages/motor_command_msg-0.0.0-py3.12.egg-info/top_level.txt
[1.833s] -- Installing: /home/csanimatronics/CS_Animatronics/install/motor_command_msg/lib/python3.12/site-packages/motor_command_msg-0.0.0-py3.12.egg-info/PKG-INFO
[1.833s] -- Installing: /home/csanimatronics/CS_Animatronics/install/motor_command_msg/lib/python3.12/site-packages/motor_command_msg-0.0.0-py3.12.egg-info/dependency_links.txt
[1.833s] -- Up-to-date: /home/csanimatronics/CS_Animatronics/install/motor_command_msg/lib/python3.12/site-packages/motor_command_msg
[1.833s] -- Up-to-date: /home/csanimatronics/CS_Animatronics/install/motor_command_msg/lib/python3.12/site-packages/motor_command_msg/__init__.py
[1.833s] -- Up-to-date: /home/csanimatronics/CS_Animatronics/install/motor_command_msg/lib/python3.12/site-packages/motor_command_msg/motor_command_msg_s__rosidl_typesupport_fastrtps_c.so
[1.833s] -- Up-to-date: /home/csanimatronics/CS_Animatronics/install/motor_command_msg/lib/python3.12/site-packages/motor_command_msg/msg
[1.833s] -- Up-to-date: /home/csanimatronics/CS_Animatronics/install/motor_command_msg/lib/python3.12/site-packages/motor_command_msg/msg/__init__.py
[1.833s] -- Up-to-date: /home/csanimatronics/CS_Animatronics/install/motor_command_msg/lib/python3.12/site-packages/motor_command_msg/msg/_id_angle_s.c
[1.833s] -- Up-to-date: /home/csanimatronics/CS_Animatronics/install/motor_command_msg/lib/python3.12/site-packages/motor_command_msg/msg/_id_angle.py
[1.834s] -- Up-to-date: /home/csanimatronics/CS_Animatronics/install/motor_command_msg/lib/python3.12/site-packages/motor_command_msg/motor_command_msg_s__rosidl_typesupport_c.so
[1.834s] -- Up-to-date: /home/csanimatronics/CS_Animatronics/install/motor_command_msg/lib/python3.12/site-packages/motor_command_msg/_motor_command_msg_s.ep.rosidl_typesupport_introspection_c.c
[1.834s] -- Up-to-date: /home/csanimatronics/CS_Animatronics/install/motor_command_msg/lib/python3.12/site-packages/motor_command_msg/_motor_command_msg_s.ep.rosidl_typesupport_c.c
[1.834s] -- Up-to-date: /home/csanimatronics/CS_Animatronics/install/motor_command_msg/lib/python3.12/site-packages/motor_command_msg/motor_command_msg_s__rosidl_typesupport_introspection_c.so
[1.834s] -- Up-to-date: /home/csanimatronics/CS_Animatronics/install/motor_command_msg/lib/python3.12/site-packages/motor_command_msg/_motor_command_msg_s.ep.rosidl_typesupport_fastrtps_c.c
[1.908s] Listing '/home/csanimatronics/CS_Animatronics/install/motor_command_msg/lib/python3.12/site-packages/motor_command_msg'...
[1.908s] Listing '/home/csanimatronics/CS_Animatronics/install/motor_command_msg/lib/python3.12/site-packages/motor_command_msg/msg'...
[1.928s] -- Up-to-date: /home/csanimatronics/CS_Animatronics/install/motor_command_msg/lib/python3.12/site-packages/motor_command_msg/motor_command_msg_s__rosidl_typesupport_fastrtps_c.so
[1.931s] -- Up-to-date: /home/csanimatronics/CS_Animatronics/install/motor_command_msg/lib/python3.12/site-packages/motor_command_msg/motor_command_msg_s__rosidl_typesupport_introspection_c.so
[1.934s] -- Up-to-date: /home/csanimatronics/CS_Animatronics/install/motor_command_msg/lib/python3.12/site-packages/motor_command_msg/motor_command_msg_s__rosidl_typesupport_c.so
[1.938s] -- Up-to-date: /home/csanimatronics/CS_Animatronics/install/motor_command_msg/lib/libmotor_command_msg__rosidl_generator_py.so
[1.939s] -- Up-to-date: /home/csanimatronics/CS_Animatronics/install/motor_command_msg/share/motor_command_msg/msg/IdAngle.idl
[1.939s] -- Up-to-date: /home/csanimatronics/CS_Animatronics/install/motor_command_msg/share/motor_command_msg/msg/IdAngle.msg
[1.940s] -- Up-to-date: /home/csanimatronics/CS_Animatronics/install/motor_command_msg/share/ament_index/resource_index/package_run_dependencies/motor_command_msg
[1.940s] -- Up-to-date: /home/csanimatronics/CS_Animatronics/install/motor_command_msg/share/ament_index/resource_index/parent_prefix_path/motor_command_msg
[1.940s] -- Up-to-date: /home/csanimatronics/CS_Animatronics/install/motor_command_msg/share/motor_command_msg/environment/ament_prefix_path.sh
[1.940s] -- Up-to-date: /home/csanimatronics/CS_Animatronics/install/motor_command_msg/share/motor_command_msg/environment/ament_prefix_path.dsv
[1.941s] -- Up-to-date: /home/csanimatronics/CS_Animatronics/install/motor_command_msg/share/motor_command_msg/environment/path.sh
[1.941s] -- Up-to-date: /home/csanimatronics/CS_Animatronics/install/motor_command_msg/share/motor_command_msg/environment/path.dsv
[1.941s] -- Up-to-date: /home/csanimatronics/CS_Animatronics/install/motor_command_msg/share/motor_command_msg/local_setup.bash
[1.942s] -- Up-to-date: /home/csanimatronics/CS_Animatronics/install/motor_command_msg/share/motor_command_msg/local_setup.sh
[1.942s] -- Up-to-date: /home/csanimatronics/CS_Animatronics/install/motor_command_msg/share/motor_command_msg/local_setup.zsh
[1.942s] -- Up-to-date: /home/csanimatronics/CS_Animatronics/install/motor_command_msg/share/motor_command_msg/local_setup.dsv
[1.942s] -- Installing: /home/csanimatronics/CS_Animatronics/install/motor_command_msg/share/motor_command_msg/package.dsv
[1.943s] -- Up-to-date: /home/csanimatronics/CS_Animatronics/install/motor_command_msg/share/ament_index/resource_index/packages/motor_command_msg
[1.945s] -- Up-to-date: /home/csanimatronics/CS_Animatronics/install/motor_command_msg/share/motor_command_msg/cmake/export_motor_command_msg__rosidl_generator_cExport.cmake
[1.945s] -- Up-to-date: /home/csanimatronics/CS_Animatronics/install/motor_command_msg/share/motor_command_msg/cmake/export_motor_command_msg__rosidl_generator_cExport-noconfig.cmake
[1.950s] -- Up-to-date: /home/csanimatronics/CS_Animatronics/install/motor_command_msg/share/motor_command_msg/cmake/export_motor_command_msg__rosidl_typesupport_fastrtps_cExport.cmake
[1.950s] -- Up-to-date: /home/csanimatronics/CS_Animatronics/install/motor_command_msg/share/motor_command_msg/cmake/export_motor_command_msg__rosidl_typesupport_fastrtps_cExport-noconfig.cmake
[1.952s] -- Up-to-date: /home/csanimatronics/CS_Animatronics/install/motor_command_msg/share/motor_command_msg/cmake/motor_command_msg__rosidl_typesupport_introspection_cExport.cmake
[1.952s] -- Up-to-date: /home/csanimatronics/CS_Animatronics/install/motor_command_msg/share/motor_command_msg/cmake/motor_command_msg__rosidl_typesupport_introspection_cExport-noconfig.cmake
[1.954s] -- Up-to-date: /home/csanimatronics/CS_Animatronics/install/motor_command_msg/share/motor_command_msg/cmake/motor_command_msg__rosidl_typesupport_cExport.cmake
[1.954s] -- Up-to-date: /home/csanimatronics/CS_Animatronics/install/motor_command_msg/share/motor_command_msg/cmake/motor_command_msg__rosidl_typesupport_cExport-noconfig.cmake
[1.956s] -- Up-to-date: /home/csanimatronics/CS_Animatronics/install/motor_command_msg/share/motor_command_msg/cmake/export_motor_command_msg__rosidl_generator_cppExport.cmake
[1.958s] -- Up-to-date: /home/csanimatronics/CS_Animatronics/install/motor_command_msg/share/motor_command_msg/cmake/export_motor_command_msg__rosidl_typesupport_fastrtps_cppExport.cmake
[1.958s] -- Up-to-date: /home/csanimatronics/CS_Animatronics/install/motor_command_msg/share/motor_command_msg/cmake/export_motor_command_msg__rosidl_typesupport_fastrtps_cppExport-noconfig.cmake
[1.959s] -- Up-to-date: /home/csanimatronics/CS_Animatronics/install/motor_command_msg/share/motor_command_msg/cmake/motor_command_msg__rosidl_typesupport_introspection_cppExport.cmake
[1.960s] -- Up-to-date: /home/csanimatronics/CS_Animatronics/install/motor_command_msg/share/motor_command_msg/cmake/motor_command_msg__rosidl_typesupport_introspection_cppExport-noconfig.cmake
[1.961s] -- Up-to-date: /home/csanimatronics/CS_Animatronics/install/motor_command_msg/share/motor_command_msg/cmake/motor_command_msg__rosidl_typesupport_cppExport.cmake
[1.962s] -- Up-to-date: /home/csanimatronics/CS_Animatronics/install/motor_command_msg/share/motor_command_msg/cmake/motor_command_msg__rosidl_typesupport_cppExport-noconfig.cmake
[1.963s] -- Up-to-date: /home/csanimatronics/CS_Animatronics/install/motor_command_msg/share/motor_command_msg/cmake/export_motor_command_msg__rosidl_generator_pyExport.cmake
[1.963s] -- Up-to-date: /home/csanimatronics/CS_Animatronics/install/motor_command_msg/share/motor_command_msg/cmake/export_motor_command_msg__rosidl_generator_pyExport-noconfig.cmake
[1.963s] -- Up-to-date: /home/csanimatronics/CS_Animatronics/install/motor_command_msg/share/motor_command_msg/cmake/rosidl_cmake-extras.cmake
[1.963s] -- Up-to-date: /home/csanimatronics/CS_Animatronics/install/motor_command_msg/share/motor_command_msg/cmake/ament_cmake_export_include_directories-extras.cmake
[1.963s] -- Up-to-date: /home/csanimatronics/CS_Animatronics/install/motor_command_msg/share/motor_command_msg/cmake/ament_cmake_export_libraries-extras.cmake
[1.963s] -- Up-to-date: /home/csanimatronics/CS_Animatronics/install/motor_command_msg/share/motor_command_msg/cmake/ament_cmake_export_targets-extras.cmake
[1.963s] -- Up-to-date: /home/csanimatronics/CS_Animatronics/install/motor_command_msg/share/motor_command_msg/cmake/rosidl_cmake_export_typesupport_targets-extras.cmake
[1.963s] -- Up-to-date: /home/csanimatronics/CS_Animatronics/install/motor_command_msg/share/motor_command_msg/cmake/ament_cmake_export_dependencies-extras.cmake
[1.963s] -- Up-to-date: /home/csanimatronics/CS_Animatronics/install/motor_command_msg/share/motor_command_msg/cmake/rosidl_cmake_export_typesupport_libraries-extras.cmake
[1.963s] -- Up-to-date: /home/csanimatronics/CS_Animatronics/install/motor_command_msg/share/motor_command_msg/cmake/motor_command_msgConfig.cmake
[1.963s] -- Up-to-date: /home/csanimatronics/CS_Animatronics/install/motor_command_msg/share/motor_command_msg/cmake/motor_command_msgConfig-version.cmake
[1.964s] -- Up-to-date: /home/csanimatronics/CS_Animatronics/install/motor_command_msg/share/motor_command_msg/package.xml
[1.969s] Invoked command in '/home/csanimatronics/CS_Animatronics/build/motor_command_msg' returned '0': CMAKE_PREFIX_PATH=${CMAKE_PREFIX_PATH}:/opt/ros/jazzy DEBUGINFOD_URLS=https://debuginfod.ubuntu.com /usr/bin/cmake --install /home/csanimatronics/CS_Animatronics/build/motor_command_msg
