[1.991s] Invoking command in '/home/csanimatronics/CS_Animatronics/src/system_controller': AMENT_PREFIX_PATH=/home/csanimatronics/CS_Animatronics/src/install/motor_command_msg:${AMENT_PREFIX_PATH} CMAKE_PREFIX_PATH=/home/csanimatronics/CS_Animatronics/src/install/motor_command_msg:${CMAKE_PREFIX_PATH} DEBUGINFOD_URLS=https://debuginfod.ubuntu.com LD_LIBRARY_PATH=/home/csanimatronics/CS_Animatronics/src/install/motor_command_msg/lib:${LD_LIBRARY_PATH} PYTHONPATH=/home/csanimatronics/CS_Animatronics/src/build/system_controller/prefix_override:/usr/lib/python3/dist-packages/colcon_core/task/python/colcon_distutils_commands:/home/csanimatronics/CS_Animatronics/src/install/system_controller/lib/python3.12/site-packages:/home/csanimatronics/CS_Animatronics/src/install/motor_command_msg/lib/python3.12/site-packages:${PYTHONPATH} /usr/bin/python3 -W ignore:setup.py install is deprecated setup.py egg_info --egg-base ../build/system_controller build --build-base /home/csanimatronics/CS_Animatronics/src/build/system_controller/build install --record /home/csanimatronics/CS_Animatronics/src/build/system_controller/install.log --single-version-externally-managed install_data
[2.449s] running egg_info
[2.449s] creating ../build/system_controller/system_controller.egg-info
[2.483s] writing ../build/system_controller/system_controller.egg-info/PKG-INFO
[2.484s] writing dependency_links to ../build/system_controller/system_controller.egg-info/dependency_links.txt
[2.486s] writing entry points to ../build/system_controller/system_controller.egg-info/entry_points.txt
[2.486s] writing requirements to ../build/system_controller/system_controller.egg-info/requires.txt
[2.486s] writing top-level names to ../build/system_controller/system_controller.egg-info/top_level.txt
[2.487s] writing manifest file '../build/system_controller/system_controller.egg-info/SOURCES.txt'
[2.544s] reading manifest file '../build/system_controller/system_controller.egg-info/SOURCES.txt'
[2.544s] writing manifest file '../build/system_controller/system_controller.egg-info/SOURCES.txt'
[2.545s] running build
[2.545s] running build_py
[2.545s] creating /home/csanimatronics/CS_Animatronics/src/build/system_controller/build
[2.545s] creating /home/csanimatronics/CS_Animatronics/src/build/system_controller/build/lib
[2.545s] creating /home/csanimatronics/CS_Animatronics/src/build/system_controller/build/lib/system_controller
[2.545s] copying system_controller/__init__.py -> /home/csanimatronics/CS_Animatronics/src/build/system_controller/build/lib/system_controller
[2.546s] copying system_controller/system_controller.py -> /home/csanimatronics/CS_Animatronics/src/build/system_controller/build/lib/system_controller
[2.548s] running install
[2.559s] running install_lib
[2.595s] creating /home/csanimatronics/CS_Animatronics/src/install/system_controller/lib/python3.12/site-packages/system_controller
[2.595s] copying /home/csanimatronics/CS_Animatronics/src/build/system_controller/build/lib/system_controller/__init__.py -> /home/csanimatronics/CS_Animatronics/src/install/system_controller/lib/python3.12/site-packages/system_controller
[2.595s] copying /home/csanimatronics/CS_Animatronics/src/build/system_controller/build/lib/system_controller/system_controller.py -> /home/csanimatronics/CS_Animatronics/src/install/system_controller/lib/python3.12/site-packages/system_controller
[2.596s] byte-compiling /home/csanimatronics/CS_Animatronics/src/install/system_controller/lib/python3.12/site-packages/system_controller/__init__.py to __init__.cpython-312.pyc
[2.596s] byte-compiling /home/csanimatronics/CS_Animatronics/src/install/system_controller/lib/python3.12/site-packages/system_controller/system_controller.py to system_controller.cpython-312.pyc
[2.599s] running install_data
[2.599s] creating /home/csanimatronics/CS_Animatronics/src/install/system_controller/share/ament_index
[2.600s] creating /home/csanimatronics/CS_Animatronics/src/install/system_controller/share/ament_index/resource_index
[2.600s] creating /home/csanimatronics/CS_Animatronics/src/install/system_controller/share/ament_index/resource_index/packages
[2.600s] copying resource/system_controller -> /home/csanimatronics/CS_Animatronics/src/install/system_controller/share/ament_index/resource_index/packages
[2.600s] copying package.xml -> /home/csanimatronics/CS_Animatronics/src/install/system_controller/share/system_controller
[2.600s] creating /home/csanimatronics/CS_Animatronics/src/install/system_controller/share/system_controller/msg
[2.600s] running install_egg_info
[2.630s] Copying ../build/system_controller/system_controller.egg-info to /home/csanimatronics/CS_Animatronics/src/install/system_controller/lib/python3.12/site-packages/system_controller-0.0.0-py3.12.egg-info
[2.632s] running install_scripts
[2.834s] Installing controller_publisher script to /home/csanimatronics/CS_Animatronics/src/install/system_controller/lib/system_controller
[2.834s] Installing system_controller script to /home/csanimatronics/CS_Animatronics/src/install/system_controller/lib/system_controller
[2.835s] writing list of installed files to '/home/csanimatronics/CS_Animatronics/src/build/system_controller/install.log'
[2.944s] Invoked command in '/home/csanimatronics/CS_Animatronics/src/system_controller' returned '0': AMENT_PREFIX_PATH=/home/csanimatronics/CS_Animatronics/src/install/motor_command_msg:${AMENT_PREFIX_PATH} CMAKE_PREFIX_PATH=/home/csanimatronics/CS_Animatronics/src/install/motor_command_msg:${CMAKE_PREFIX_PATH} DEBUGINFOD_URLS=https://debuginfod.ubuntu.com LD_LIBRARY_PATH=/home/csanimatronics/CS_Animatronics/src/install/motor_command_msg/lib:${LD_LIBRARY_PATH} PYTHONPATH=/home/csanimatronics/CS_Animatronics/src/build/system_controller/prefix_override:/usr/lib/python3/dist-packages/colcon_core/task/python/colcon_distutils_commands:/home/csanimatronics/CS_Animatronics/src/install/system_controller/lib/python3.12/site-packages:/home/csanimatronics/CS_Animatronics/src/install/motor_command_msg/lib/python3.12/site-packages:${PYTHONPATH} /usr/bin/python3 -W ignore:setup.py install is deprecated setup.py egg_info --egg-base ../build/system_controller build --build-base /home/csanimatronics/CS_Animatronics/src/build/system_controller/build install --record /home/csanimatronics/CS_Animatronics/src/build/system_controller/install.log --single-version-externally-managed install_data
