[3.461s] Invoking command in '/home/csanimatronics/CS_Animatronics/src/controller_publisher': DEBUGINFOD_URLS=https://debuginfod.ubuntu.com PYTHONPATH=/home/csanimatronics/CS_Animatronics/build/controller_publisher/prefix_override:/usr/lib/python3/dist-packages/colcon_core/task/python/colcon_distutils_commands:/home/csanimatronics/CS_Animatronics/install/controller_publisher/lib/python3.12/site-packages:${PYTHONPATH} /usr/bin/python3 -W ignore:setup.py install is deprecated setup.py egg_info --egg-base ../../build/controller_publisher build --build-base /home/csanimatronics/CS_Animatronics/build/controller_publisher/build install --record /home/csanimatronics/CS_Animatronics/build/controller_publisher/install.log --single-version-externally-managed install_data
[4.268s] running egg_info
[4.312s] writing ../../build/controller_publisher/controller_publisher.egg-info/PKG-INFO
[4.313s] writing dependency_links to ../../build/controller_publisher/controller_publisher.egg-info/dependency_links.txt
[4.314s] writing entry points to ../../build/controller_publisher/controller_publisher.egg-info/entry_points.txt
[4.315s] writing requirements to ../../build/controller_publisher/controller_publisher.egg-info/requires.txt
[4.315s] writing top-level names to ../../build/controller_publisher/controller_publisher.egg-info/top_level.txt
[4.419s] reading manifest file '../../build/controller_publisher/controller_publisher.egg-info/SOURCES.txt'
[4.421s] writing manifest file '../../build/controller_publisher/controller_publisher.egg-info/SOURCES.txt'
[4.421s] running build
[4.421s] running build_py
[4.424s] running install
[4.435s] running install_lib
[4.485s] running install_data
[4.486s] running install_egg_info
[4.522s] removing '/home/csanimatronics/CS_Animatronics/install/controller_publisher/lib/python3.12/site-packages/controller_publisher-0.0.0-py3.12.egg-info' (and everything under it)
[4.523s] Copying ../../build/controller_publisher/controller_publisher.egg-info to /home/csanimatronics/CS_Animatronics/install/controller_publisher/lib/python3.12/site-packages/controller_publisher-0.0.0-py3.12.egg-info
[4.524s] running install_scripts
[4.807s] Installing controller_publisher script to /home/csanimatronics/CS_Animatronics/install/controller_publisher/lib/controller_publisher
[4.808s] writing list of installed files to '/home/csanimatronics/CS_Animatronics/build/controller_publisher/install.log'
[4.953s] Invoked command in '/home/csanimatronics/CS_Animatronics/src/controller_publisher' returned '0': DEBUGINFOD_URLS=https://debuginfod.ubuntu.com PYTHONPATH=/home/csanimatronics/CS_Animatronics/build/controller_publisher/prefix_override:/usr/lib/python3/dist-packages/colcon_core/task/python/colcon_distutils_commands:/home/csanimatronics/CS_Animatronics/install/controller_publisher/lib/python3.12/site-packages:${PYTHONPATH} /usr/bin/python3 -W ignore:setup.py install is deprecated setup.py egg_info --egg-base ../../build/controller_publisher build --build-base /home/csanimatronics/CS_Animatronics/build/controller_publisher/build install --record /home/csanimatronics/CS_Animatronics/build/controller_publisher/install.log --single-version-externally-managed install_data
