[0.059s] Invoking command in '/home/csanimatronics/CS_Animatronics/src/build/dynamixel_sdk': CMAKE_PREFIX_PATH=${CMAKE_PREFIX_PATH}:/opt/ros/jazzy DEBUGINFOD_URLS=https://debuginfod.ubuntu.com /usr/bin/cmake /home/csanimatronics/CS_Animatronics/src/dynamixel_sdk -DCMAKE_INSTALL_PREFIX=/home/csanimatronics/CS_Animatronics/src/install/dynamixel_sdk
[1.549s] -- The C compiler identification is GNU 13.2.0
[2.470s] -- The CXX compiler identification is GNU 13.2.0
[2.532s] -- Detecting C compiler ABI info
[2.800s] -- Detecting C compiler ABI info - done
[2.823s] -- Check for working C compiler: /usr/bin/cc - skipped
[2.823s] -- Detecting C compile features
[2.823s] -- Detecting C compile features - done
[2.840s] -- Detecting CXX compiler ABI info
[3.106s] -- Detecting CXX compiler ABI info - done
[3.137s] -- Check for working CXX compiler: /usr/bin/c++ - skipped
[3.137s] -- Detecting CXX compile features
[3.137s] -- Detecting CXX compile features - done
[3.141s] -- Found ament_cmake: 2.5.2 (/opt/ros/jazzy/share/ament_cmake/cmake)
[3.536s] -- Found Python3: /usr/bin/python3 (found version "3.12.3") found components: Interpreter 
[4.073s] -- Configuring done (3.8s)
[4.088s] -- Generating done (0.0s)
[4.088s] -- Build files have been written to: /home/csanimatronics/CS_Animatronics/src/build/dynamixel_sdk
[4.098s] Invoked command in '/home/csanimatronics/CS_Animatronics/src/build/dynamixel_sdk' returned '0': CMAKE_PREFIX_PATH=${CMAKE_PREFIX_PATH}:/opt/ros/jazzy DEBUGINFOD_URLS=https://debuginfod.ubuntu.com /usr/bin/cmake /home/csanimatronics/CS_Animatronics/src/dynamixel_sdk -DCMAKE_INSTALL_PREFIX=/home/csanimatronics/CS_Animatronics/src/install/dynamixel_sdk
[4.100s] Invoking command in '/home/csanimatronics/CS_Animatronics/src/build/dynamixel_sdk': CMAKE_PREFIX_PATH=${CMAKE_PREFIX_PATH}:/opt/ros/jazzy DEBUGINFOD_URLS=https://debuginfod.ubuntu.com /usr/bin/cmake --build /home/csanimatronics/CS_Animatronics/src/build/dynamixel_sdk -- -j4 -l4
[4.218s] [ 10%] [32mBuilding CXX object CMakeFiles/dynamixel_sdk.dir/src/dynamixel_sdk/packet_handler.cpp.o[0m
[4.246s] [ 20%] [32mBuilding CXX object CMakeFiles/dynamixel_sdk.dir/src/dynamixel_sdk/protocol1_packet_handler.cpp.o[0m
[4.249s] [ 30%] [32mBuilding CXX object CMakeFiles/dynamixel_sdk.dir/src/dynamixel_sdk/group_sync_read.cpp.o[0m
[4.253s] [ 40%] [32mBuilding CXX object CMakeFiles/dynamixel_sdk.dir/src/dynamixel_sdk/protocol2_packet_handler.cpp.o[0m
[5.210s] [ 50%] [32mBuilding CXX object CMakeFiles/dynamixel_sdk.dir/src/dynamixel_sdk/group_sync_write.cpp.o[0m
[5.406s] [ 60%] [32mBuilding CXX object CMakeFiles/dynamixel_sdk.dir/src/dynamixel_sdk/group_bulk_read.cpp.o[0m
[5.703s] [ 70%] [32mBuilding CXX object CMakeFiles/dynamixel_sdk.dir/src/dynamixel_sdk/group_bulk_write.cpp.o[0m
[5.710s] [ 80%] [32mBuilding CXX object CMakeFiles/dynamixel_sdk.dir/src/dynamixel_sdk/port_handler.cpp.o[0m
[5.869s] [ 90%] [32mBuilding CXX object CMakeFiles/dynamixel_sdk.dir/src/dynamixel_sdk/port_handler_linux.cpp.o[0m
[7.039s] [100%] [32m[1mLinking CXX shared library libdynamixel_sdk.so[0m
[7.264s] [100%] Built target dynamixel_sdk
[7.288s] Invoked command in '/home/csanimatronics/CS_Animatronics/src/build/dynamixel_sdk' returned '0': CMAKE_PREFIX_PATH=${CMAKE_PREFIX_PATH}:/opt/ros/jazzy DEBUGINFOD_URLS=https://debuginfod.ubuntu.com /usr/bin/cmake --build /home/csanimatronics/CS_Animatronics/src/build/dynamixel_sdk -- -j4 -l4
[7.398s] Invoking command in '/home/csanimatronics/CS_Animatronics/src/build/dynamixel_sdk': CMAKE_PREFIX_PATH=${CMAKE_PREFIX_PATH}:/opt/ros/jazzy DEBUGINFOD_URLS=https://debuginfod.ubuntu.com /usr/bin/cmake --install /home/csanimatronics/CS_Animatronics/src/build/dynamixel_sdk
[7.416s] -- Install configuration: ""
[7.417s] -- Installing: /home/csanimatronics/CS_Animatronics/src/install/dynamixel_sdk/include/
[7.417s] -- Installing: /home/csanimatronics/CS_Animatronics/src/install/dynamixel_sdk/include//dynamixel_sdk
[7.417s] -- Installing: /home/csanimatronics/CS_Animatronics/src/install/dynamixel_sdk/include//dynamixel_sdk/port_handler_linux.h
[7.417s] -- Installing: /home/csanimatronics/CS_Animatronics/src/install/dynamixel_sdk/include//dynamixel_sdk/port_handler_mac.h
[7.419s] -- Installing: /home/csanimatronics/CS_Animatronics/src/install/dynamixel_sdk/include//dynamixel_sdk/port_handler.h
[7.419s] -- Installing: /home/csanimatronics/CS_Animatronics/src/install/dynamixel_sdk/include//dynamixel_sdk/port_handler_windows.h
[7.419s] -- Installing: /home/csanimatronics/CS_Animatronics/src/install/dynamixel_sdk/include//dynamixel_sdk/group_bulk_write.h
[7.420s] -- Installing: /home/csanimatronics/CS_Animatronics/src/install/dynamixel_sdk/include//dynamixel_sdk/protocol2_packet_handler.h
[7.420s] -- Installing: /home/csanimatronics/CS_Animatronics/src/install/dynamixel_sdk/include//dynamixel_sdk/protocol1_packet_handler.h
[7.420s] -- Installing: /home/csanimatronics/CS_Animatronics/src/install/dynamixel_sdk/include//dynamixel_sdk/port_handler_arduino.h
[7.421s] -- Installing: /home/csanimatronics/CS_Animatronics/src/install/dynamixel_sdk/include//dynamixel_sdk/dynamixel_sdk.h
[7.422s] -- Installing: /home/csanimatronics/CS_Animatronics/src/install/dynamixel_sdk/include//dynamixel_sdk/packet_handler.h
[7.422s] -- Installing: /home/csanimatronics/CS_Animatronics/src/install/dynamixel_sdk/include//dynamixel_sdk/group_sync_read.h
[7.422s] -- Installing: /home/csanimatronics/CS_Animatronics/src/install/dynamixel_sdk/include//dynamixel_sdk/group_bulk_read.h
[7.422s] -- Installing: /home/csanimatronics/CS_Animatronics/src/install/dynamixel_sdk/include//dynamixel_sdk/group_sync_write.h
[7.422s] -- Installing: /home/csanimatronics/CS_Animatronics/src/install/dynamixel_sdk/lib/libdynamixel_sdk.so
[7.423s] -- Installing: /home/csanimatronics/CS_Animatronics/src/install/dynamixel_sdk/share/dynamixel_sdk/environment/library_path.sh
[7.423s] -- Installing: /home/csanimatronics/CS_Animatronics/src/install/dynamixel_sdk/share/dynamixel_sdk/environment/library_path.dsv
[7.424s] -- Installing: /home/csanimatronics/CS_Animatronics/src/install/dynamixel_sdk/share/ament_index/resource_index/package_run_dependencies/dynamixel_sdk
[7.424s] -- Installing: /home/csanimatronics/CS_Animatronics/src/install/dynamixel_sdk/share/ament_index/resource_index/parent_prefix_path/dynamixel_sdk
[7.424s] -- Installing: /home/csanimatronics/CS_Animatronics/src/install/dynamixel_sdk/share/dynamixel_sdk/environment/ament_prefix_path.sh
[7.425s] -- Installing: /home/csanimatronics/CS_Animatronics/src/install/dynamixel_sdk/share/dynamixel_sdk/environment/ament_prefix_path.dsv
[7.425s] -- Installing: /home/csanimatronics/CS_Animatronics/src/install/dynamixel_sdk/share/dynamixel_sdk/environment/path.sh
[7.425s] -- Installing: /home/csanimatronics/CS_Animatronics/src/install/dynamixel_sdk/share/dynamixel_sdk/environment/path.dsv
[7.425s] -- Installing: /home/csanimatronics/CS_Animatronics/src/install/dynamixel_sdk/share/dynamixel_sdk/local_setup.bash
[7.425s] -- Installing: /home/csanimatronics/CS_Animatronics/src/install/dynamixel_sdk/share/dynamixel_sdk/local_setup.sh
[7.426s] -- Installing: /home/csanimatronics/CS_Animatronics/src/install/dynamixel_sdk/share/dynamixel_sdk/local_setup.zsh
[7.426s] -- Installing: /home/csanimatronics/CS_Animatronics/src/install/dynamixel_sdk/share/dynamixel_sdk/local_setup.dsv
[7.426s] -- Installing: /home/csanimatronics/CS_Animatronics/src/install/dynamixel_sdk/share/dynamixel_sdk/package.dsv
[7.426s] -- Installing: /home/csanimatronics/CS_Animatronics/src/install/dynamixel_sdk/share/ament_index/resource_index/packages/dynamixel_sdk
[7.427s] -- Installing: /home/csanimatronics/CS_Animatronics/src/install/dynamixel_sdk/share/dynamixel_sdk/cmake/ament_cmake_export_include_directories-extras.cmake
[7.427s] -- Installing: /home/csanimatronics/CS_Animatronics/src/install/dynamixel_sdk/share/dynamixel_sdk/cmake/ament_cmake_export_libraries-extras.cmake
[7.427s] -- Installing: /home/csanimatronics/CS_Animatronics/src/install/dynamixel_sdk/share/dynamixel_sdk/cmake/dynamixel_sdkConfig.cmake
[7.427s] -- Installing: /home/csanimatronics/CS_Animatronics/src/install/dynamixel_sdk/share/dynamixel_sdk/cmake/dynamixel_sdkConfig-version.cmake
[7.428s] -- Installing: /home/csanimatronics/CS_Animatronics/src/install/dynamixel_sdk/share/dynamixel_sdk/package.xml
[7.434s] Invoked command in '/home/csanimatronics/CS_Animatronics/src/build/dynamixel_sdk' returned '0': CMAKE_PREFIX_PATH=${CMAKE_PREFIX_PATH}:/opt/ros/jazzy DEBUGINFOD_URLS=https://debuginfod.ubuntu.com /usr/bin/cmake --install /home/csanimatronics/CS_Animatronics/src/build/dynamixel_sdk
