[0.051s] Invoking command in '/home/csanimatronics/CS_Animatronics/build/dynamixel_sdk': CMAKE_PREFIX_PATH=${CMAKE_PREFIX_PATH}:/opt/ros/jazzy CONDA_PROMPT_MODIFIER=(base) DEBUGINFOD_URLS=https://debuginfod.ubuntu.com /usr/bin/cmake /home/csanimatronics/CS_Animatronics/src/dynamixel_sdk -DCMAKE_INSTALL_PREFIX=/home/csanimatronics/CS_Animatronics/install/dynamixel_sdk
[0.232s] -- The C compiler identification is GNU 13.3.0
[0.418s] -- The CXX compiler identification is GNU 13.3.0
[0.451s] -- Detecting C compiler ABI info
[0.712s] -- Detecting C compiler ABI info - done
[0.752s] -- Check for working C compiler: /usr/bin/cc - skipped
[0.752s] -- Detecting C compile features
[0.753s] -- Detecting C compile features - done
[0.777s] -- Detecting CXX compiler ABI info
[1.126s] -- Detecting CXX compiler ABI info - done
[1.155s] -- Check for working CXX compiler: /usr/bin/c++ - skipped
[1.155s] -- Detecting CXX compile features
[1.155s] -- Detecting CXX compile features - done
[1.161s] -- Found ament_cmake: 2.5.2 (/opt/ros/jazzy/share/ament_cmake/cmake)
[1.510s] -- Found Python3: /home/csanimatronics/miniforge/bin/python3 (found version "3.12.8") found components: Interpreter 
[2.173s] -- Configuring done (2.1s)
[2.185s] -- Generating done (0.0s)
[2.190s] -- Build files have been written to: /home/csanimatronics/CS_Animatronics/build/dynamixel_sdk
[2.211s] Invoked command in '/home/csanimatronics/CS_Animatronics/build/dynamixel_sdk' returned '0': CMAKE_PREFIX_PATH=${CMAKE_PREFIX_PATH}:/opt/ros/jazzy CONDA_PROMPT_MODIFIER=(base) DEBUGINFOD_URLS=https://debuginfod.ubuntu.com /usr/bin/cmake /home/csanimatronics/CS_Animatronics/src/dynamixel_sdk -DCMAKE_INSTALL_PREFIX=/home/csanimatronics/CS_Animatronics/install/dynamixel_sdk
[2.212s] Invoking command in '/home/csanimatronics/CS_Animatronics/build/dynamixel_sdk': CMAKE_PREFIX_PATH=${CMAKE_PREFIX_PATH}:/opt/ros/jazzy CONDA_PROMPT_MODIFIER=(base) DEBUGINFOD_URLS=https://debuginfod.ubuntu.com /usr/bin/cmake --build /home/csanimatronics/CS_Animatronics/build/dynamixel_sdk -- -j4 -l4
[2.370s] [ 10%] [32mBuilding CXX object CMakeFiles/dynamixel_sdk.dir/src/dynamixel_sdk/packet_handler.cpp.o[0m
[2.375s] [ 20%] [32mBuilding CXX object CMakeFiles/dynamixel_sdk.dir/src/dynamixel_sdk/protocol1_packet_handler.cpp.o[0m
[2.380s] [ 30%] [32mBuilding CXX object CMakeFiles/dynamixel_sdk.dir/src/dynamixel_sdk/protocol2_packet_handler.cpp.o[0m
[2.397s] [ 40%] [32mBuilding CXX object CMakeFiles/dynamixel_sdk.dir/src/dynamixel_sdk/group_sync_read.cpp.o[0m
[3.209s] [ 50%] [32mBuilding CXX object CMakeFiles/dynamixel_sdk.dir/src/dynamixel_sdk/group_sync_write.cpp.o[0m
[3.525s] [ 60%] [32mBuilding CXX object CMakeFiles/dynamixel_sdk.dir/src/dynamixel_sdk/group_bulk_read.cpp.o[0m
[3.595s] [ 70%] [32mBuilding CXX object CMakeFiles/dynamixel_sdk.dir/src/dynamixel_sdk/group_bulk_write.cpp.o[0m
[3.808s] [ 80%] [32mBuilding CXX object CMakeFiles/dynamixel_sdk.dir/src/dynamixel_sdk/port_handler.cpp.o[0m
[3.965s] [ 90%] [32mBuilding CXX object CMakeFiles/dynamixel_sdk.dir/src/dynamixel_sdk/port_handler_linux.cpp.o[0m
[4.805s] gmake[2]: *** [CMakeFiles/dynamixel_sdk.dir/build.make:146: CMakeFiles/dynamixel_sdk.dir/src/dynamixel_sdk/group_bulk_read.cpp.o] Interrupt
[4.805s] gmake[2]: *** [CMakeFiles/dynamixel_sdk.dir/build.make:160: CMakeFiles/dynamixel_sdk.dir/src/dynamixel_sdk/group_bulk_write.cpp.o] Interrupt
[4.806s] gmake[1]: *** [CMakeFiles/Makefile2:137: CMakeFiles/dynamixel_sdk.dir/all] Interrupt
[4.806s] gmake: *** [Makefile:146: all] Interrupt
[4.837s] Invoked command in '/home/csanimatronics/CS_Animatronics/build/dynamixel_sdk' returned '-2': CMAKE_PREFIX_PATH=${CMAKE_PREFIX_PATH}:/opt/ros/jazzy CONDA_PROMPT_MODIFIER=(base) DEBUGINFOD_URLS=https://debuginfod.ubuntu.com /usr/bin/cmake --build /home/csanimatronics/CS_Animatronics/build/dynamixel_sdk -- -j4 -l4
