[0.304s] Invoking command in '/home/csanimatronics/CS_Animatronics/build/motor_command_msg': DEBUGINFOD_URLS=https://debuginfod.ubuntu.com /usr/bin/cmake --build /home/csanimatronics/CS_Animatronics/build/motor_command_msg -- -j4 -l4
[0.418s] [  2%] Built target motor_command_msg__rosidl_generator_type_description
[0.438s] [  2%] Built target ament_cmake_python_copy_motor_command_msg
[0.458s] [  5%] Built target motor_command_msg__cpp
[0.461s] [ 20%] Built target motor_command_msg__rosidl_generator_c
[0.513s] [ 29%] Built target motor_command_msg__rosidl_typesupport_cpp
[0.545s] [ 38%] Built target motor_command_msg__rosidl_typesupport_introspection_c
[0.554s] [ 47%] Built target motor_command_msg__rosidl_typesupport_fastrtps_c
[0.571s] [ 55%] Built target motor_command_msg__rosidl_typesupport_c
[0.611s] [ 73%] Built target motor_command_msg__rosidl_typesupport_fastrtps_cpp
[0.611s] [ 73%] Built target motor_command_msg__rosidl_typesupport_introspection_cpp
[0.649s] [ 73%] Built target motor_command_msg
[0.686s] [ 76%] Built target motor_command_msg__py
[0.725s] [ 82%] Built target motor_command_msg__rosidl_generator_py
[0.792s] [ 88%] Built target motor_command_msg_s__rosidl_typesupport_introspection_c
[0.799s] [ 94%] Built target motor_command_msg_s__rosidl_typesupport_c
[0.801s] [100%] Built target motor_command_msg_s__rosidl_typesupport_fastrtps_c
[0.809s] running egg_info
[0.825s] writing motor_command_msg.egg-info/PKG-INFO
[0.825s] writing dependency_links to motor_command_msg.egg-info/dependency_links.txt
[0.828s] writing top-level names to motor_command_msg.egg-info/top_level.txt
[0.872s] reading manifest file 'motor_command_msg.egg-info/SOURCES.txt'
[0.873s] writing manifest file 'motor_command_msg.egg-info/SOURCES.txt'
[0.949s] [100%] Built target ament_cmake_python_build_motor_command_msg_egg
