[0.373s] Invoking command in '/home/csanimatronics/CS_Animatronics/build/dynamixel_sdk': DEBUGINFOD_URLS=https://debuginfod.ubuntu.com /usr/bin/cmake /home/csanimatronics/CS_Animatronics/src/dynamixel_sdk -DCATKIN_INSTALL_INTO_PREFIX_ROOT=0 -DCMAKE_INSTALL_PREFIX=/home/csanimatronics/CS_Animatronics/install/dynamixel_sdk
[0.411s] -- Found ament_cmake: 2.5.2 (/opt/ros/jazzy/share/ament_cmake/cmake)
[1.111s] -- Found rclcpp: 28.1.5 (/opt/ros/jazzy/share/rclcpp/cmake)
[1.153s] -- Found rosidl_generator_c: 4.6.4 (/opt/ros/jazzy/share/rosidl_generator_c/cmake)
[1.175s] -- Found rosidl_generator_cpp: 4.6.4 (/opt/ros/jazzy/share/rosidl_generator_cpp/cmake)
[1.208s] -- Using all available rosidl_typesupport_c: rosidl_typesupport_fastrtps_c;rosidl_typesupport_introspection_c
[1.237s] -- Using all available rosidl_typesupport_cpp: rosidl_typesupport_fastrtps_cpp;rosidl_typesupport_introspection_cpp
[1.388s] -- Found rmw_implementation_cmake: 7.3.1 (/opt/ros/jazzy/share/rmw_implementation_cmake/cmake)
[1.398s] -- Found rmw_fastrtps_cpp: 8.4.1 (/opt/ros/jazzy/share/rmw_fastrtps_cpp/cmake)
[1.707s] -- Using RMW implementation 'rmw_fastrtps_cpp' as default
[1.911s] -- Found rclpy: 7.1.2 (/opt/ros/jazzy/share/rclpy/cmake)
[2.238s] -- Configuring done (1.8s)
[2.243s] [31mCMake Error at CMakeLists.txt:44 (add_library):
[2.245s]   Cannot find source file:
[2.245s] 
[2.245s]     src/dynamixel_sdk/packet_handler.cpp
[2.245s] 
[2.245s]   Tried extensions .c .C .c++ .cc .cpp .cxx .cu .mpp .m .M .mm .ixx .cppm
[2.248s]   .ccm .cxxm .c++m .h .hh .h++ .hm .hpp .hxx .in .txx .f .F .for .f77 .f90
[2.248s]   .f95 .f03 .hip .ispc
[2.248s] 
[2.248s] [0m
[2.248s] [31mCMake Error at CMakeLists.txt:44 (add_library):
[2.249s]   No SOURCES given to target: dynamixel_sdk
[2.249s] 
[2.249s] [0m
[2.249s] [0mCMake Generate step failed.  Build files cannot be regenerated correctly.[0m
[2.271s] Invoked command in '/home/csanimatronics/CS_Animatronics/build/dynamixel_sdk' returned '1': DEBUGINFOD_URLS=https://debuginfod.ubuntu.com /usr/bin/cmake /home/csanimatronics/CS_Animatronics/src/dynamixel_sdk -DCATKIN_INSTALL_INTO_PREFIX_ROOT=0 -DCMAKE_INSTALL_PREFIX=/home/csanimatronics/CS_Animatronics/install/dynamixel_sdk
