[0.511s] Invoking command in '/home/csanimatronics/CS_Animatronics/build/launch': CMAKE_PREFIX_PATH=${CMAKE_PREFIX_PATH}:/home/csanimatronics/CS_Animatronics/install/system_controller:/home/csanimatronics/CS_Animatronics/install/motor_controller:/home/csanimatronics/CS_Animatronics/install/controller_publisher:/opt/ros/jazzy DEBUGINFOD_URLS=https://debuginfod.ubuntu.com /usr/bin/cmake --build /home/csanimatronics/CS_Animatronics/build/launch -- -j4 -l4
[1.146s] Invoked command in '/home/csanimatronics/CS_Animatronics/build/launch' returned '0': CMAKE_PREFIX_PATH=${CMAKE_PREFIX_PATH}:/home/csanimatronics/CS_Animatronics/install/system_controller:/home/csanimatronics/CS_Animatronics/install/motor_controller:/home/csanimatronics/CS_Animatronics/install/controller_publisher:/opt/ros/jazzy DEBUGINFOD_URLS=https://debuginfod.ubuntu.com /usr/bin/cmake --build /home/csanimatronics/CS_Animatronics/build/launch -- -j4 -l4
[1.311s] Invoking command in '/home/csanimatronics/CS_Animatronics/build/launch': CMAKE_PREFIX_PATH=${CMAKE_PREFIX_PATH}:/home/csanimatronics/CS_Animatronics/install/system_controller:/home/csanimatronics/CS_Animatronics/install/motor_controller:/home/csanimatronics/CS_Animatronics/install/controller_publisher:/opt/ros/jazzy DEBUGINFOD_URLS=https://debuginfod.ubuntu.com /usr/bin/cmake --install /home/csanimatronics/CS_Animatronics/build/launch
[1.389s] -- Install configuration: ""
[1.390s] -- Up-to-date: /home/csanimatronics/CS_Animatronics/install/launch/share/ament_index/resource_index/package_run_dependencies/launch
[1.392s] -- Up-to-date: /home/csanimatronics/CS_Animatronics/install/launch/share/ament_index/resource_index/parent_prefix_path/launch
[1.393s] -- Up-to-date: /home/csanimatronics/CS_Animatronics/install/launch/share/launch/environment/ament_prefix_path.sh
[1.395s] -- Up-to-date: /home/csanimatronics/CS_Animatronics/install/launch/share/launch/environment/ament_prefix_path.dsv
[1.396s] -- Up-to-date: /home/csanimatronics/CS_Animatronics/install/launch/share/launch/environment/path.sh
[1.396s] -- Up-to-date: /home/csanimatronics/CS_Animatronics/install/launch/share/launch/environment/path.dsv
[1.397s] -- Up-to-date: /home/csanimatronics/CS_Animatronics/install/launch/share/launch/local_setup.bash
[1.397s] -- Up-to-date: /home/csanimatronics/CS_Animatronics/install/launch/share/launch/local_setup.sh
[1.398s] -- Up-to-date: /home/csanimatronics/CS_Animatronics/install/launch/share/launch/local_setup.zsh
[1.399s] -- Up-to-date: /home/csanimatronics/CS_Animatronics/install/launch/share/launch/local_setup.dsv
[1.399s] -- Installing: /home/csanimatronics/CS_Animatronics/install/launch/share/launch/package.dsv
[1.401s] -- Up-to-date: /home/csanimatronics/CS_Animatronics/install/launch/share/ament_index/resource_index/packages/launch
[1.404s] -- Up-to-date: /home/csanimatronics/CS_Animatronics/install/launch/share/launch/cmake/launchConfig.cmake
[1.405s] -- Up-to-date: /home/csanimatronics/CS_Animatronics/install/launch/share/launch/cmake/launchConfig-version.cmake
[1.406s] -- Up-to-date: /home/csanimatronics/CS_Animatronics/install/launch/share/launch/package.xml
[1.408s] Invoked command in '/home/csanimatronics/CS_Animatronics/build/launch' returned '0': CMAKE_PREFIX_PATH=${CMAKE_PREFIX_PATH}:/home/csanimatronics/CS_Animatronics/install/system_controller:/home/csanimatronics/CS_Animatronics/install/motor_controller:/home/csanimatronics/CS_Animatronics/install/controller_publisher:/opt/ros/jazzy DEBUGINFOD_URLS=https://debuginfod.ubuntu.com /usr/bin/cmake --install /home/csanimatronics/CS_Animatronics/build/launch
