[0.295s] Invoking command in '/home/csanimatronics/CS_Animatronics/build/launch': DEBUGINFOD_URLS=https://debuginfod.ubuntu.com /usr/bin/cmake /home/csanimatronics/CS_Animatronics/src/launch -DCMAKE_INSTALL_PREFIX=/home/csanimatronics/CS_Animatronics/install/launch
[0.569s] -- Configuring incomplete, errors occurred!
[0.569s] [31mCMake Error at CMakeLists.txt:9 (find_package):
[0.569s]   By not providing "Findament_cmake.cmake" in CMAKE_MODULE_PATH this project
[0.569s]   has asked CMake to find a package configuration file provided by
[0.569s]   "ament_cmake", but CMake did not find one.
[0.570s] 
[0.570s]   Could not find a package configuration file provided by "ament_cmake" with
[0.570s]   any of the following names:
[0.570s] 
[0.570s]     ament_cmakeConfig.cmake
[0.570s]     ament_cmake-config.cmake
[0.570s] 
[0.570s]   Add the installation prefix of "ament_cmake" to CMAKE_PREFIX_PATH or set
[0.570s]   "ament_cmake_DIR" to a directory containing one of the above files.  If
[0.570s]   "ament_cmake" provides a separate development package or SDK, be sure it
[0.571s]   has been installed.
[0.571s] 
[0.571s] [0m
[0.571s] Invoked command in '/home/csanimatronics/CS_Animatronics/build/launch' returned '1': DEBUGINFOD_URLS=https://debuginfod.ubuntu.com /usr/bin/cmake /home/csanimatronics/CS_Animatronics/src/launch -DCMAKE_INSTALL_PREFIX=/home/csanimatronics/CS_Animatronics/install/launch
