[2.152s] Invoking command in '/home/csanimatronics/CS_Animatronics/src/system_controller': DEBUGINFOD_URLS=https://debuginfod.ubuntu.com PYTHONPATH=/home/csanimatronics/CS_Animatronics/build/system_controller/prefix_override:/usr/lib/python3/dist-packages/colcon_core/task/python/colcon_distutils_commands:/home/csanimatronics/CS_Animatronics/install/system_controller/lib/python3.12/site-packages:${PYTHONPATH} /usr/bin/python3 -W ignore:setup.py install is deprecated setup.py egg_info --egg-base ../../build/system_controller build --build-base /home/csanimatronics/CS_Animatronics/build/system_controller/build install --record /home/csanimatronics/CS_Animatronics/build/system_controller/install.log --single-version-externally-managed install_data
[2.610s] running egg_info
[2.634s] writing ../../build/system_controller/system_controller.egg-info/PKG-INFO
[2.635s] writing dependency_links to ../../build/system_controller/system_controller.egg-info/dependency_links.txt
[2.637s] writing entry points to ../../build/system_controller/system_controller.egg-info/entry_points.txt
[2.637s] writing requirements to ../../build/system_controller/system_controller.egg-info/requires.txt
[2.638s] writing top-level names to ../../build/system_controller/system_controller.egg-info/top_level.txt
[2.691s] reading manifest file '../../build/system_controller/system_controller.egg-info/SOURCES.txt'
[2.692s] writing manifest file '../../build/system_controller/system_controller.egg-info/SOURCES.txt'
[2.692s] running build
[2.692s] running build_py
[2.693s] running install
[2.705s] running install_lib
[2.731s] running install_data
[2.731s] running install_egg_info
[2.758s] removing '/home/csanimatronics/CS_Animatronics/install/system_controller/lib/python3.12/site-packages/system_controller-0.0.0-py3.12.egg-info' (and everything under it)
[2.758s] Copying ../../build/system_controller/system_controller.egg-info to /home/csanimatronics/CS_Animatronics/install/system_controller/lib/python3.12/site-packages/system_controller-0.0.0-py3.12.egg-info
[2.759s] running install_scripts
[2.948s] Installing controller_publisher script to /home/csanimatronics/CS_Animatronics/install/system_controller/lib/system_controller
[2.948s] Installing system_controller script to /home/csanimatronics/CS_Animatronics/install/system_controller/lib/system_controller
[2.951s] writing list of installed files to '/home/csanimatronics/CS_Animatronics/build/system_controller/install.log'
