[0.390s] Invoking command in '/home/csanimatronics/CS_Animatronics/src/build/motor_command_msg': CMAKE_PREFIX_PATH=/home/csanimatronics/CS_Animatronics/install/motor_command_msg:/home/csanimatronics/CS_Animatronics/install/launch:/home/csanimatronics/CS_Animatronics/install/system_controller:/home/csanimatronics/CS_Animatronics/install/motor_controller:/home/csanimatronics/CS_Animatronics/install/controller_publisher:/opt/ros/jazzy:/home/csanimatronics/CS_Animatronics/install/dynamixel_sdk_examples:/home/csanimatronics/CS_Animatronics/install/dynamixel_sdk_custom_interfaces:/home/csanimatronics/CS_Animatronics/install/dynamixel_sdk:/opt/ros/jazzy/opt/gz_math_vendor:/opt/ros/jazzy/opt/gz_utils_vendor:/opt/ros/jazzy/opt/gz_cmake_vendor DEBUGINFOD_URLS=https://debuginfod.ubuntu.com /usr/bin/cmake /home/csanimatronics/CS_Animatronics/src/motor_command_msg -DCMAKE_INSTALL_PREFIX=/home/csanimatronics/CS_Animatronics/src/install/motor_command_msg
[0.727s] -- The C compiler identification is GNU 13.2.0
[1.323s] -- The CXX compiler identification is GNU 13.2.0
[1.362s] -- Detecting C compiler ABI info
[1.627s] -- Detecting C compiler ABI info - done
[1.642s] -- Check for working C compiler: /usr/bin/cc - skipped
[1.646s] -- Detecting C compile features
[1.646s] -- Detecting C compile features - done
[1.668s] -- Detecting CXX compiler ABI info
[1.935s] -- Detecting CXX compiler ABI info - done
[1.949s] -- Check for working CXX compiler: /usr/bin/c++ - skipped
[1.949s] -- Detecting CXX compile features
[1.950s] -- Detecting CXX compile features - done
[1.959s] -- Found rosidl_default_generators: 1.6.0 (/opt/ros/jazzy/share/rosidl_default_generators/cmake)
[2.330s] -- Found Python3: /usr/bin/python3 (found version "3.12.3") found components: Interpreter 
[2.569s] -- Using all available rosidl_typesupport_c: rosidl_typesupport_fastrtps_c;rosidl_typesupport_introspection_c
[2.733s] -- Using all available rosidl_typesupport_cpp: rosidl_typesupport_fastrtps_cpp;rosidl_typesupport_introspection_cpp
[2.834s] -- Found rosidl_adapter: 4.6.4 (/opt/ros/jazzy/share/rosidl_adapter/cmake)
[6.032s] -- Found ament_cmake_ros: 0.12.0 (/opt/ros/jazzy/share/ament_cmake_ros/cmake)
[7.248s] -- Using all available rosidl_typesupport_c: rosidl_typesupport_fastrtps_c;rosidl_typesupport_introspection_c
[8.303s] -- Using all available rosidl_typesupport_cpp: rosidl_typesupport_fastrtps_cpp;rosidl_typesupport_introspection_cpp
[8.311s] -- Found python_cmake_module: 0.11.1 (/opt/ros/jazzy/share/python_cmake_module/cmake)
[8.573s] -- Found PythonExtra: /usr/bin/python3  
[9.449s] -- Found Python3: /usr/bin/python3 (found version "3.12.3") found components: Interpreter Development NumPy Development.Module Development.Embed 
[9.524s] -- Found ament_lint_auto: 0.17.1 (/opt/ros/jazzy/share/ament_lint_auto/cmake)
[9.571s] -- Added test 'lint_cmake' to check CMake code style
[9.573s] -- Added test 'xmllint' to check XML markup files
[9.578s] -- Configuring done (9.2s)
[9.622s] -- Generating done (0.0s)
[9.627s] -- Build files have been written to: /home/csanimatronics/CS_Animatronics/src/build/motor_command_msg
[9.641s] Invoked command in '/home/csanimatronics/CS_Animatronics/src/build/motor_command_msg' returned '0': CMAKE_PREFIX_PATH=/home/csanimatronics/CS_Animatronics/install/motor_command_msg:/home/csanimatronics/CS_Animatronics/install/launch:/home/csanimatronics/CS_Animatronics/install/system_controller:/home/csanimatronics/CS_Animatronics/install/motor_controller:/home/csanimatronics/CS_Animatronics/install/controller_publisher:/opt/ros/jazzy:/home/csanimatronics/CS_Animatronics/install/dynamixel_sdk_examples:/home/csanimatronics/CS_Animatronics/install/dynamixel_sdk_custom_interfaces:/home/csanimatronics/CS_Animatronics/install/dynamixel_sdk:/opt/ros/jazzy/opt/gz_math_vendor:/opt/ros/jazzy/opt/gz_utils_vendor:/opt/ros/jazzy/opt/gz_cmake_vendor DEBUGINFOD_URLS=https://debuginfod.ubuntu.com /usr/bin/cmake /home/csanimatronics/CS_Animatronics/src/motor_command_msg -DCMAKE_INSTALL_PREFIX=/home/csanimatronics/CS_Animatronics/src/install/motor_command_msg
[9.643s] Invoking command in '/home/csanimatronics/CS_Animatronics/src/build/motor_command_msg': CMAKE_PREFIX_PATH=/home/csanimatronics/CS_Animatronics/install/motor_command_msg:/home/csanimatronics/CS_Animatronics/install/launch:/home/csanimatronics/CS_Animatronics/install/system_controller:/home/csanimatronics/CS_Animatronics/install/motor_controller:/home/csanimatronics/CS_Animatronics/install/controller_publisher:/opt/ros/jazzy:/home/csanimatronics/CS_Animatronics/install/dynamixel_sdk_examples:/home/csanimatronics/CS_Animatronics/install/dynamixel_sdk_custom_interfaces:/home/csanimatronics/CS_Animatronics/install/dynamixel_sdk:/opt/ros/jazzy/opt/gz_math_vendor:/opt/ros/jazzy/opt/gz_utils_vendor:/opt/ros/jazzy/opt/gz_cmake_vendor DEBUGINFOD_URLS=https://debuginfod.ubuntu.com /usr/bin/cmake --build /home/csanimatronics/CS_Animatronics/src/build/motor_command_msg -- -j4 -l4
[9.754s] [  2%] [34m[1mGenerating type hashes for ROS interfaces[0m
[9.781s] [  2%] Built target ament_cmake_python_copy_motor_command_msg
[10.200s] [  2%] Built target motor_command_msg__rosidl_generator_type_description
[10.244s] running egg_info
[10.246s] creating motor_command_msg.egg-info
[10.247s] [  5%] [34m[1mGenerating C code for ROS interfaces[0m
[10.295s] [  8%] [34m[1mGenerating C++ code for ROS interfaces[0m
[10.295s] writing motor_command_msg.egg-info/PKG-INFO
[10.296s] writing dependency_links to motor_command_msg.egg-info/dependency_links.txt
[10.296s] writing top-level names to motor_command_msg.egg-info/top_level.txt
[10.296s] writing manifest file 'motor_command_msg.egg-info/SOURCES.txt'
[10.454s] reading manifest file 'motor_command_msg.egg-info/SOURCES.txt'
[10.454s] writing manifest file 'motor_command_msg.egg-info/SOURCES.txt'
[10.640s] [  8%] Built target ament_cmake_python_build_motor_command_msg_egg
[10.987s] [  8%] Built target motor_command_msg__cpp
[11.039s] [ 11%] [32mBuilding C object CMakeFiles/motor_command_msg__rosidl_generator_c.dir/rosidl_generator_c/motor_command_msg/msg/detail/id_angle__functions.c.o[0m
[11.045s] [ 14%] [32mBuilding C object CMakeFiles/motor_command_msg__rosidl_generator_c.dir/rosidl_generator_c/motor_command_msg/msg/detail/id_angle__description.c.o[0m
[11.064s] [ 17%] [32mBuilding C object CMakeFiles/motor_command_msg__rosidl_generator_c.dir/rosidl_generator_c/motor_command_msg/msg/detail/id_angle__type_support.c.o[0m
[11.234s] [ 20%] [32m[1mLinking C shared library libmotor_command_msg__rosidl_generator_c.so[0m
[11.351s] [ 20%] Built target motor_command_msg__rosidl_generator_c
[11.378s] [ 23%] [34m[1mGenerating C++ type support dispatch for ROS interfaces[0m
[11.387s] [ 26%] [34m[1mGenerating C type support dispatch for ROS interfaces[0m
[11.389s] [ 29%] [34m[1mGenerating C type support for eProsima Fast-RTPS[0m
[11.396s] [ 32%] [34m[1mGenerating C introspection for ROS interfaces[0m
[12.038s] [ 35%] [32mBuilding CXX object CMakeFiles/motor_command_msg__rosidl_typesupport_cpp.dir/rosidl_typesupport_cpp/motor_command_msg/msg/id_angle__type_support.cpp.o[0m
[12.251s] [ 38%] [32mBuilding CXX object CMakeFiles/motor_command_msg__rosidl_typesupport_fastrtps_c.dir/rosidl_typesupport_fastrtps_c/motor_command_msg/msg/detail/id_angle__type_support_c.cpp.o[0m
[12.432s] [ 41%] [32mBuilding CXX object CMakeFiles/motor_command_msg__rosidl_typesupport_c.dir/rosidl_typesupport_c/motor_command_msg/msg/id_angle__type_support.cpp.o[0m
[12.433s] [ 44%] [32mBuilding C object CMakeFiles/motor_command_msg__rosidl_typesupport_introspection_c.dir/rosidl_typesupport_introspection_c/motor_command_msg/msg/detail/id_angle__type_support.c.o[0m
[12.645s] [ 47%] [32m[1mLinking C shared library libmotor_command_msg__rosidl_typesupport_introspection_c.so[0m
[12.712s] [ 50%] [32m[1mLinking CXX shared library libmotor_command_msg__rosidl_typesupport_c.so[0m
[12.821s] [ 50%] Built target motor_command_msg__rosidl_typesupport_introspection_c
[12.873s] [ 52%] [34m[1mGenerating C++ type support for eProsima Fast-RTPS[0m
[12.875s] [ 52%] Built target motor_command_msg__rosidl_typesupport_c
[12.940s] [ 55%] [34m[1mGenerating C++ introspection for ROS interfaces[0m
[14.192s] [ 58%] [32mBuilding CXX object CMakeFiles/motor_command_msg__rosidl_typesupport_fastrtps_cpp.dir/rosidl_typesupport_fastrtps_cpp/motor_command_msg/msg/detail/dds_fastrtps/id_angle__type_support.cpp.o[0m
[14.204s] [ 61%] [32m[1mLinking CXX shared library libmotor_command_msg__rosidl_typesupport_cpp.so[0m
[14.262s] [ 64%] [32mBuilding CXX object CMakeFiles/motor_command_msg__rosidl_typesupport_introspection_cpp.dir/rosidl_typesupport_introspection_cpp/motor_command_msg/msg/detail/id_angle__type_support.cpp.o[0m
[14.406s] [ 64%] Built target motor_command_msg__rosidl_typesupport_cpp
[15.064s] [ 67%] [32m[1mLinking CXX shared library libmotor_command_msg__rosidl_typesupport_fastrtps_c.so[0m
[15.347s] [ 67%] Built target motor_command_msg__rosidl_typesupport_fastrtps_c
[15.987s] [ 70%] [32m[1mLinking CXX shared library libmotor_command_msg__rosidl_typesupport_introspection_cpp.so[0m
[16.012s] [ 73%] [32m[1mLinking CXX shared library libmotor_command_msg__rosidl_typesupport_fastrtps_cpp.so[0m
[16.300s] [ 73%] Built target motor_command_msg__rosidl_typesupport_introspection_cpp
[16.400s] [ 73%] Built target motor_command_msg__rosidl_typesupport_fastrtps_cpp
[16.472s] [ 73%] Built target motor_command_msg
[16.575s] [ 76%] [34m[1mGenerating Python code for ROS interfaces[0m
[17.607s] [ 76%] Built target motor_command_msg__py
[17.652s] [ 79%] [32mBuilding C object CMakeFiles/motor_command_msg__rosidl_generator_py.dir/rosidl_generator_py/motor_command_msg/msg/_id_angle_s.c.o[0m
[18.113s] [ 82%] [32m[1mLinking C shared library libmotor_command_msg__rosidl_generator_py.so[0m
[18.230s] [ 82%] Built target motor_command_msg__rosidl_generator_py
[18.319s] [ 88%] [32mBuilding C object CMakeFiles/motor_command_msg_s__rosidl_typesupport_fastrtps_c.dir/rosidl_generator_py/motor_command_msg/_motor_command_msg_s.ep.rosidl_typesupport_fastrtps_c.c.o[0m
[18.322s] [ 88%] [32mBuilding C object CMakeFiles/motor_command_msg_s__rosidl_typesupport_introspection_c.dir/rosidl_generator_py/motor_command_msg/_motor_command_msg_s.ep.rosidl_typesupport_introspection_c.c.o[0m
[18.333s] [ 91%] [32mBuilding C object CMakeFiles/motor_command_msg_s__rosidl_typesupport_c.dir/rosidl_generator_py/motor_command_msg/_motor_command_msg_s.ep.rosidl_typesupport_c.c.o[0m
[18.623s] [ 94%] [32m[1mLinking C shared module rosidl_generator_py/motor_command_msg/motor_command_msg_s__rosidl_typesupport_c.so[0m
[18.649s] [ 97%] [32m[1mLinking C shared module rosidl_generator_py/motor_command_msg/motor_command_msg_s__rosidl_typesupport_introspection_c.so[0m
[18.735s] [ 97%] Built target motor_command_msg_s__rosidl_typesupport_c
[18.747s] [100%] [32m[1mLinking C shared module rosidl_generator_py/motor_command_msg/motor_command_msg_s__rosidl_typesupport_fastrtps_c.so[0m
[18.760s] [100%] Built target motor_command_msg_s__rosidl_typesupport_introspection_c
[18.839s] [100%] Built target motor_command_msg_s__rosidl_typesupport_fastrtps_c
[18.867s] Invoked command in '/home/csanimatronics/CS_Animatronics/src/build/motor_command_msg' returned '0': CMAKE_PREFIX_PATH=/home/csanimatronics/CS_Animatronics/install/motor_command_msg:/home/csanimatronics/CS_Animatronics/install/launch:/home/csanimatronics/CS_Animatronics/install/system_controller:/home/csanimatronics/CS_Animatronics/install/motor_controller:/home/csanimatronics/CS_Animatronics/install/controller_publisher:/opt/ros/jazzy:/home/csanimatronics/CS_Animatronics/install/dynamixel_sdk_examples:/home/csanimatronics/CS_Animatronics/install/dynamixel_sdk_custom_interfaces:/home/csanimatronics/CS_Animatronics/install/dynamixel_sdk:/opt/ros/jazzy/opt/gz_math_vendor:/opt/ros/jazzy/opt/gz_utils_vendor:/opt/ros/jazzy/opt/gz_cmake_vendor DEBUGINFOD_URLS=https://debuginfod.ubuntu.com /usr/bin/cmake --build /home/csanimatronics/CS_Animatronics/src/build/motor_command_msg -- -j4 -l4
[19.001s] Invoking command in '/home/csanimatronics/CS_Animatronics/src/build/motor_command_msg': CMAKE_PREFIX_PATH=/home/csanimatronics/CS_Animatronics/install/motor_command_msg:/home/csanimatronics/CS_Animatronics/install/launch:/home/csanimatronics/CS_Animatronics/install/system_controller:/home/csanimatronics/CS_Animatronics/install/motor_controller:/home/csanimatronics/CS_Animatronics/install/controller_publisher:/opt/ros/jazzy:/home/csanimatronics/CS_Animatronics/install/dynamixel_sdk_examples:/home/csanimatronics/CS_Animatronics/install/dynamixel_sdk_custom_interfaces:/home/csanimatronics/CS_Animatronics/install/dynamixel_sdk:/opt/ros/jazzy/opt/gz_math_vendor:/opt/ros/jazzy/opt/gz_utils_vendor:/opt/ros/jazzy/opt/gz_cmake_vendor DEBUGINFOD_URLS=https://debuginfod.ubuntu.com /usr/bin/cmake --install /home/csanimatronics/CS_Animatronics/src/build/motor_command_msg
[19.018s] -- Install configuration: ""
[19.018s] -- Installing: /home/csanimatronics/CS_Animatronics/src/install/motor_command_msg/share/ament_index/resource_index/rosidl_interfaces/motor_command_msg
[19.018s] -- Installing: /home/csanimatronics/CS_Animatronics/src/install/motor_command_msg/share/motor_command_msg/msg/IdAngle.json
[19.018s] -- Installing: /home/csanimatronics/CS_Animatronics/src/install/motor_command_msg/include/motor_command_msg/motor_command_msg
[19.019s] -- Installing: /home/csanimatronics/CS_Animatronics/src/install/motor_command_msg/include/motor_command_msg/motor_command_msg/msg
[19.019s] -- Installing: /home/csanimatronics/CS_Animatronics/src/install/motor_command_msg/include/motor_command_msg/motor_command_msg/msg/detail
[19.019s] -- Installing: /home/csanimatronics/CS_Animatronics/src/install/motor_command_msg/include/motor_command_msg/motor_command_msg/msg/detail/id_angle__type_support.c
[19.019s] -- Installing: /home/csanimatronics/CS_Animatronics/src/install/motor_command_msg/include/motor_command_msg/motor_command_msg/msg/detail/id_angle__struct.h
[19.019s] -- Installing: /home/csanimatronics/CS_Animatronics/src/install/motor_command_msg/include/motor_command_msg/motor_command_msg/msg/detail/id_angle__functions.h
[19.019s] -- Installing: /home/csanimatronics/CS_Animatronics/src/install/motor_command_msg/include/motor_command_msg/motor_command_msg/msg/detail/id_angle__type_support.h
[19.019s] -- Installing: /home/csanimatronics/CS_Animatronics/src/install/motor_command_msg/include/motor_command_msg/motor_command_msg/msg/detail/id_angle__functions.c
[19.020s] -- Installing: /home/csanimatronics/CS_Animatronics/src/install/motor_command_msg/include/motor_command_msg/motor_command_msg/msg/detail/id_angle__description.c
[19.020s] -- Installing: /home/csanimatronics/CS_Animatronics/src/install/motor_command_msg/include/motor_command_msg/motor_command_msg/msg/rosidl_generator_c__visibility_control.h
[19.020s] -- Installing: /home/csanimatronics/CS_Animatronics/src/install/motor_command_msg/include/motor_command_msg/motor_command_msg/msg/id_angle.h
[19.020s] -- Installing: /home/csanimatronics/CS_Animatronics/src/install/motor_command_msg/share/motor_command_msg/environment/library_path.sh
[19.020s] -- Installing: /home/csanimatronics/CS_Animatronics/src/install/motor_command_msg/share/motor_command_msg/environment/library_path.dsv
[19.021s] -- Installing: /home/csanimatronics/CS_Animatronics/src/install/motor_command_msg/lib/libmotor_command_msg__rosidl_generator_c.so
[19.021s] -- Set non-toolchain portion of runtime path of "/home/csanimatronics/CS_Animatronics/src/install/motor_command_msg/lib/libmotor_command_msg__rosidl_generator_c.so" to ""
[19.022s] -- Up-to-date: /home/csanimatronics/CS_Animatronics/src/install/motor_command_msg/include/motor_command_msg/motor_command_msg
[19.022s] -- Up-to-date: /home/csanimatronics/CS_Animatronics/src/install/motor_command_msg/include/motor_command_msg/motor_command_msg/msg
[19.022s] -- Installing: /home/csanimatronics/CS_Animatronics/src/install/motor_command_msg/include/motor_command_msg/motor_command_msg/msg/rosidl_typesupport_fastrtps_c__visibility_control.h
[19.022s] -- Up-to-date: /home/csanimatronics/CS_Animatronics/src/install/motor_command_msg/include/motor_command_msg/motor_command_msg/msg/detail
[19.022s] -- Installing: /home/csanimatronics/CS_Animatronics/src/install/motor_command_msg/include/motor_command_msg/motor_command_msg/msg/detail/id_angle__rosidl_typesupport_fastrtps_c.h
[19.022s] -- Installing: /home/csanimatronics/CS_Animatronics/src/install/motor_command_msg/lib/libmotor_command_msg__rosidl_typesupport_fastrtps_c.so
[19.023s] -- Set non-toolchain portion of runtime path of "/home/csanimatronics/CS_Animatronics/src/install/motor_command_msg/lib/libmotor_command_msg__rosidl_typesupport_fastrtps_c.so" to ""
[19.023s] -- Up-to-date: /home/csanimatronics/CS_Animatronics/src/install/motor_command_msg/include/motor_command_msg/motor_command_msg
[19.023s] -- Up-to-date: /home/csanimatronics/CS_Animatronics/src/install/motor_command_msg/include/motor_command_msg/motor_command_msg/msg
[19.023s] -- Installing: /home/csanimatronics/CS_Animatronics/src/install/motor_command_msg/include/motor_command_msg/motor_command_msg/msg/rosidl_typesupport_introspection_c__visibility_control.h
[19.023s] -- Up-to-date: /home/csanimatronics/CS_Animatronics/src/install/motor_command_msg/include/motor_command_msg/motor_command_msg/msg/detail
[19.023s] -- Installing: /home/csanimatronics/CS_Animatronics/src/install/motor_command_msg/include/motor_command_msg/motor_command_msg/msg/detail/id_angle__type_support.c
[19.023s] -- Installing: /home/csanimatronics/CS_Animatronics/src/install/motor_command_msg/include/motor_command_msg/motor_command_msg/msg/detail/id_angle__rosidl_typesupport_introspection_c.h
[19.024s] -- Installing: /home/csanimatronics/CS_Animatronics/src/install/motor_command_msg/lib/libmotor_command_msg__rosidl_typesupport_introspection_c.so
[19.024s] -- Set non-toolchain portion of runtime path of "/home/csanimatronics/CS_Animatronics/src/install/motor_command_msg/lib/libmotor_command_msg__rosidl_typesupport_introspection_c.so" to ""
[19.024s] -- Installing: /home/csanimatronics/CS_Animatronics/src/install/motor_command_msg/lib/libmotor_command_msg__rosidl_typesupport_c.so
[19.025s] -- Set non-toolchain portion of runtime path of "/home/csanimatronics/CS_Animatronics/src/install/motor_command_msg/lib/libmotor_command_msg__rosidl_typesupport_c.so" to ""
[19.025s] -- Up-to-date: /home/csanimatronics/CS_Animatronics/src/install/motor_command_msg/include/motor_command_msg/motor_command_msg
[19.025s] -- Up-to-date: /home/csanimatronics/CS_Animatronics/src/install/motor_command_msg/include/motor_command_msg/motor_command_msg/msg
[19.025s] -- Installing: /home/csanimatronics/CS_Animatronics/src/install/motor_command_msg/include/motor_command_msg/motor_command_msg/msg/rosidl_generator_cpp__visibility_control.hpp
[19.025s] -- Up-to-date: /home/csanimatronics/CS_Animatronics/src/install/motor_command_msg/include/motor_command_msg/motor_command_msg/msg/detail
[19.025s] -- Installing: /home/csanimatronics/CS_Animatronics/src/install/motor_command_msg/include/motor_command_msg/motor_command_msg/msg/detail/id_angle__traits.hpp
[19.025s] -- Installing: /home/csanimatronics/CS_Animatronics/src/install/motor_command_msg/include/motor_command_msg/motor_command_msg/msg/detail/id_angle__struct.hpp
[19.026s] -- Installing: /home/csanimatronics/CS_Animatronics/src/install/motor_command_msg/include/motor_command_msg/motor_command_msg/msg/detail/id_angle__builder.hpp
[19.026s] -- Installing: /home/csanimatronics/CS_Animatronics/src/install/motor_command_msg/include/motor_command_msg/motor_command_msg/msg/detail/id_angle__type_support.hpp
[19.026s] -- Installing: /home/csanimatronics/CS_Animatronics/src/install/motor_command_msg/include/motor_command_msg/motor_command_msg/msg/id_angle.hpp
[19.026s] -- Up-to-date: /home/csanimatronics/CS_Animatronics/src/install/motor_command_msg/include/motor_command_msg/motor_command_msg
[19.026s] -- Up-to-date: /home/csanimatronics/CS_Animatronics/src/install/motor_command_msg/include/motor_command_msg/motor_command_msg/msg
[19.026s] -- Installing: /home/csanimatronics/CS_Animatronics/src/install/motor_command_msg/include/motor_command_msg/motor_command_msg/msg/rosidl_typesupport_fastrtps_cpp__visibility_control.h
[19.026s] -- Up-to-date: /home/csanimatronics/CS_Animatronics/src/install/motor_command_msg/include/motor_command_msg/motor_command_msg/msg/detail
[19.027s] -- Installing: /home/csanimatronics/CS_Animatronics/src/install/motor_command_msg/include/motor_command_msg/motor_command_msg/msg/detail/dds_fastrtps
[19.027s] -- Installing: /home/csanimatronics/CS_Animatronics/src/install/motor_command_msg/include/motor_command_msg/motor_command_msg/msg/detail/id_angle__rosidl_typesupport_fastrtps_cpp.hpp
[19.027s] -- Installing: /home/csanimatronics/CS_Animatronics/src/install/motor_command_msg/lib/libmotor_command_msg__rosidl_typesupport_fastrtps_cpp.so
[19.028s] -- Set non-toolchain portion of runtime path of "/home/csanimatronics/CS_Animatronics/src/install/motor_command_msg/lib/libmotor_command_msg__rosidl_typesupport_fastrtps_cpp.so" to ""
[19.028s] -- Up-to-date: /home/csanimatronics/CS_Animatronics/src/install/motor_command_msg/include/motor_command_msg/motor_command_msg
[19.028s] -- Up-to-date: /home/csanimatronics/CS_Animatronics/src/install/motor_command_msg/include/motor_command_msg/motor_command_msg/msg
[19.028s] -- Up-to-date: /home/csanimatronics/CS_Animatronics/src/install/motor_command_msg/include/motor_command_msg/motor_command_msg/msg/detail
[19.028s] -- Installing: /home/csanimatronics/CS_Animatronics/src/install/motor_command_msg/include/motor_command_msg/motor_command_msg/msg/detail/id_angle__rosidl_typesupport_introspection_cpp.hpp
[19.028s] -- Installing: /home/csanimatronics/CS_Animatronics/src/install/motor_command_msg/include/motor_command_msg/motor_command_msg/msg/detail/id_angle__type_support.cpp
[19.028s] -- Installing: /home/csanimatronics/CS_Animatronics/src/install/motor_command_msg/lib/libmotor_command_msg__rosidl_typesupport_introspection_cpp.so
[19.029s] -- Set non-toolchain portion of runtime path of "/home/csanimatronics/CS_Animatronics/src/install/motor_command_msg/lib/libmotor_command_msg__rosidl_typesupport_introspection_cpp.so" to ""
[19.029s] -- Installing: /home/csanimatronics/CS_Animatronics/src/install/motor_command_msg/lib/libmotor_command_msg__rosidl_typesupport_cpp.so
[19.030s] -- Set non-toolchain portion of runtime path of "/home/csanimatronics/CS_Animatronics/src/install/motor_command_msg/lib/libmotor_command_msg__rosidl_typesupport_cpp.so" to ""
[19.030s] -- Installing: /home/csanimatronics/CS_Animatronics/src/install/motor_command_msg/share/motor_command_msg/environment/pythonpath.sh
[19.030s] -- Installing: /home/csanimatronics/CS_Animatronics/src/install/motor_command_msg/share/motor_command_msg/environment/pythonpath.dsv
[19.030s] -- Installing: /home/csanimatronics/CS_Animatronics/src/install/motor_command_msg/lib/python3.12/site-packages/motor_command_msg-0.0.0-py3.12.egg-info
[19.030s] -- Installing: /home/csanimatronics/CS_Animatronics/src/install/motor_command_msg/lib/python3.12/site-packages/motor_command_msg-0.0.0-py3.12.egg-info/SOURCES.txt
[19.030s] -- Installing: /home/csanimatronics/CS_Animatronics/src/install/motor_command_msg/lib/python3.12/site-packages/motor_command_msg-0.0.0-py3.12.egg-info/top_level.txt
[19.030s] -- Installing: /home/csanimatronics/CS_Animatronics/src/install/motor_command_msg/lib/python3.12/site-packages/motor_command_msg-0.0.0-py3.12.egg-info/PKG-INFO
[19.031s] -- Installing: /home/csanimatronics/CS_Animatronics/src/install/motor_command_msg/lib/python3.12/site-packages/motor_command_msg-0.0.0-py3.12.egg-info/dependency_links.txt
[19.031s] -- Installing: /home/csanimatronics/CS_Animatronics/src/install/motor_command_msg/lib/python3.12/site-packages/motor_command_msg
[19.031s] -- Installing: /home/csanimatronics/CS_Animatronics/src/install/motor_command_msg/lib/python3.12/site-packages/motor_command_msg/__init__.py
[19.031s] -- Installing: /home/csanimatronics/CS_Animatronics/src/install/motor_command_msg/lib/python3.12/site-packages/motor_command_msg/motor_command_msg_s__rosidl_typesupport_fastrtps_c.so
[19.031s] -- Installing: /home/csanimatronics/CS_Animatronics/src/install/motor_command_msg/lib/python3.12/site-packages/motor_command_msg/msg
[19.031s] -- Installing: /home/csanimatronics/CS_Animatronics/src/install/motor_command_msg/lib/python3.12/site-packages/motor_command_msg/msg/__init__.py
[19.032s] -- Installing: /home/csanimatronics/CS_Animatronics/src/install/motor_command_msg/lib/python3.12/site-packages/motor_command_msg/msg/_id_angle_s.c
[19.032s] -- Installing: /home/csanimatronics/CS_Animatronics/src/install/motor_command_msg/lib/python3.12/site-packages/motor_command_msg/msg/_id_angle.py
[19.032s] -- Installing: /home/csanimatronics/CS_Animatronics/src/install/motor_command_msg/lib/python3.12/site-packages/motor_command_msg/motor_command_msg_s__rosidl_typesupport_c.so
[19.032s] -- Installing: /home/csanimatronics/CS_Animatronics/src/install/motor_command_msg/lib/python3.12/site-packages/motor_command_msg/_motor_command_msg_s.ep.rosidl_typesupport_introspection_c.c
[19.032s] -- Installing: /home/csanimatronics/CS_Animatronics/src/install/motor_command_msg/lib/python3.12/site-packages/motor_command_msg/_motor_command_msg_s.ep.rosidl_typesupport_c.c
[19.032s] -- Installing: /home/csanimatronics/CS_Animatronics/src/install/motor_command_msg/lib/python3.12/site-packages/motor_command_msg/motor_command_msg_s__rosidl_typesupport_introspection_c.so
[19.033s] -- Installing: /home/csanimatronics/CS_Animatronics/src/install/motor_command_msg/lib/python3.12/site-packages/motor_command_msg/_motor_command_msg_s.ep.rosidl_typesupport_fastrtps_c.c
[19.105s] Listing '/home/csanimatronics/CS_Animatronics/src/install/motor_command_msg/lib/python3.12/site-packages/motor_command_msg'...
[19.105s] Compiling '/home/csanimatronics/CS_Animatronics/src/install/motor_command_msg/lib/python3.12/site-packages/motor_command_msg/__init__.py'...
[19.105s] Listing '/home/csanimatronics/CS_Animatronics/src/install/motor_command_msg/lib/python3.12/site-packages/motor_command_msg/msg'...
[19.105s] Compiling '/home/csanimatronics/CS_Animatronics/src/install/motor_command_msg/lib/python3.12/site-packages/motor_command_msg/msg/__init__.py'...
[19.105s] Compiling '/home/csanimatronics/CS_Animatronics/src/install/motor_command_msg/lib/python3.12/site-packages/motor_command_msg/msg/_id_angle.py'...
[19.121s] -- Installing: /home/csanimatronics/CS_Animatronics/src/install/motor_command_msg/lib/python3.12/site-packages/motor_command_msg/motor_command_msg_s__rosidl_typesupport_fastrtps_c.so
[19.121s] -- Set non-toolchain portion of runtime path of "/home/csanimatronics/CS_Animatronics/src/install/motor_command_msg/lib/python3.12/site-packages/motor_command_msg/motor_command_msg_s__rosidl_typesupport_fastrtps_c.so" to ""
[19.121s] -- Installing: /home/csanimatronics/CS_Animatronics/src/install/motor_command_msg/lib/python3.12/site-packages/motor_command_msg/motor_command_msg_s__rosidl_typesupport_introspection_c.so
[19.122s] -- Set non-toolchain portion of runtime path of "/home/csanimatronics/CS_Animatronics/src/install/motor_command_msg/lib/python3.12/site-packages/motor_command_msg/motor_command_msg_s__rosidl_typesupport_introspection_c.so" to ""
[19.122s] -- Installing: /home/csanimatronics/CS_Animatronics/src/install/motor_command_msg/lib/python3.12/site-packages/motor_command_msg/motor_command_msg_s__rosidl_typesupport_c.so
[19.123s] -- Set non-toolchain portion of runtime path of "/home/csanimatronics/CS_Animatronics/src/install/motor_command_msg/lib/python3.12/site-packages/motor_command_msg/motor_command_msg_s__rosidl_typesupport_c.so" to ""
[19.123s] -- Installing: /home/csanimatronics/CS_Animatronics/src/install/motor_command_msg/lib/libmotor_command_msg__rosidl_generator_py.so
[19.124s] -- Set non-toolchain portion of runtime path of "/home/csanimatronics/CS_Animatronics/src/install/motor_command_msg/lib/libmotor_command_msg__rosidl_generator_py.so" to ""
[19.124s] -- Installing: /home/csanimatronics/CS_Animatronics/src/install/motor_command_msg/share/motor_command_msg/msg/IdAngle.idl
[19.124s] -- Installing: /home/csanimatronics/CS_Animatronics/src/install/motor_command_msg/share/motor_command_msg/msg/IdAngle.msg
[19.124s] -- Installing: /home/csanimatronics/CS_Animatronics/src/install/motor_command_msg/share/ament_index/resource_index/package_run_dependencies/motor_command_msg
[19.124s] -- Installing: /home/csanimatronics/CS_Animatronics/src/install/motor_command_msg/share/ament_index/resource_index/parent_prefix_path/motor_command_msg
[19.125s] -- Installing: /home/csanimatronics/CS_Animatronics/src/install/motor_command_msg/share/motor_command_msg/environment/ament_prefix_path.sh
[19.125s] -- Installing: /home/csanimatronics/CS_Animatronics/src/install/motor_command_msg/share/motor_command_msg/environment/ament_prefix_path.dsv
[19.125s] -- Installing: /home/csanimatronics/CS_Animatronics/src/install/motor_command_msg/share/motor_command_msg/environment/path.sh
[19.125s] -- Installing: /home/csanimatronics/CS_Animatronics/src/install/motor_command_msg/share/motor_command_msg/environment/path.dsv
[19.125s] -- Installing: /home/csanimatronics/CS_Animatronics/src/install/motor_command_msg/share/motor_command_msg/local_setup.bash
[19.125s] -- Installing: /home/csanimatronics/CS_Animatronics/src/install/motor_command_msg/share/motor_command_msg/local_setup.sh
[19.126s] -- Installing: /home/csanimatronics/CS_Animatronics/src/install/motor_command_msg/share/motor_command_msg/local_setup.zsh
[19.126s] -- Installing: /home/csanimatronics/CS_Animatronics/src/install/motor_command_msg/share/motor_command_msg/local_setup.dsv
[19.126s] -- Installing: /home/csanimatronics/CS_Animatronics/src/install/motor_command_msg/share/motor_command_msg/package.dsv
[19.126s] -- Installing: /home/csanimatronics/CS_Animatronics/src/install/motor_command_msg/share/ament_index/resource_index/packages/motor_command_msg
[19.126s] -- Installing: /home/csanimatronics/CS_Animatronics/src/install/motor_command_msg/share/motor_command_msg/cmake/export_motor_command_msg__rosidl_generator_cExport.cmake
[19.127s] -- Installing: /home/csanimatronics/CS_Animatronics/src/install/motor_command_msg/share/motor_command_msg/cmake/export_motor_command_msg__rosidl_generator_cExport-noconfig.cmake
[19.127s] -- Installing: /home/csanimatronics/CS_Animatronics/src/install/motor_command_msg/share/motor_command_msg/cmake/export_motor_command_msg__rosidl_typesupport_fastrtps_cExport.cmake
[19.127s] -- Installing: /home/csanimatronics/CS_Animatronics/src/install/motor_command_msg/share/motor_command_msg/cmake/export_motor_command_msg__rosidl_typesupport_fastrtps_cExport-noconfig.cmake
[19.127s] -- Installing: /home/csanimatronics/CS_Animatronics/src/install/motor_command_msg/share/motor_command_msg/cmake/motor_command_msg__rosidl_typesupport_introspection_cExport.cmake
[19.128s] -- Installing: /home/csanimatronics/CS_Animatronics/src/install/motor_command_msg/share/motor_command_msg/cmake/motor_command_msg__rosidl_typesupport_introspection_cExport-noconfig.cmake
[19.128s] -- Installing: /home/csanimatronics/CS_Animatronics/src/install/motor_command_msg/share/motor_command_msg/cmake/motor_command_msg__rosidl_typesupport_cExport.cmake
[19.128s] -- Installing: /home/csanimatronics/CS_Animatronics/src/install/motor_command_msg/share/motor_command_msg/cmake/motor_command_msg__rosidl_typesupport_cExport-noconfig.cmake
[19.128s] -- Installing: /home/csanimatronics/CS_Animatronics/src/install/motor_command_msg/share/motor_command_msg/cmake/export_motor_command_msg__rosidl_generator_cppExport.cmake
[19.129s] -- Installing: /home/csanimatronics/CS_Animatronics/src/install/motor_command_msg/share/motor_command_msg/cmake/export_motor_command_msg__rosidl_typesupport_fastrtps_cppExport.cmake
[19.129s] -- Installing: /home/csanimatronics/CS_Animatronics/src/install/motor_command_msg/share/motor_command_msg/cmake/export_motor_command_msg__rosidl_typesupport_fastrtps_cppExport-noconfig.cmake
[19.129s] -- Installing: /home/csanimatronics/CS_Animatronics/src/install/motor_command_msg/share/motor_command_msg/cmake/motor_command_msg__rosidl_typesupport_introspection_cppExport.cmake
[19.129s] -- Installing: /home/csanimatronics/CS_Animatronics/src/install/motor_command_msg/share/motor_command_msg/cmake/motor_command_msg__rosidl_typesupport_introspection_cppExport-noconfig.cmake
[19.130s] -- Installing: /home/csanimatronics/CS_Animatronics/src/install/motor_command_msg/share/motor_command_msg/cmake/motor_command_msg__rosidl_typesupport_cppExport.cmake
[19.130s] -- Installing: /home/csanimatronics/CS_Animatronics/src/install/motor_command_msg/share/motor_command_msg/cmake/motor_command_msg__rosidl_typesupport_cppExport-noconfig.cmake
[19.130s] -- Installing: /home/csanimatronics/CS_Animatronics/src/install/motor_command_msg/share/motor_command_msg/cmake/export_motor_command_msg__rosidl_generator_pyExport.cmake
[19.130s] -- Installing: /home/csanimatronics/CS_Animatronics/src/install/motor_command_msg/share/motor_command_msg/cmake/export_motor_command_msg__rosidl_generator_pyExport-noconfig.cmake
[19.130s] -- Installing: /home/csanimatronics/CS_Animatronics/src/install/motor_command_msg/share/motor_command_msg/cmake/rosidl_cmake-extras.cmake
[19.131s] -- Installing: /home/csanimatronics/CS_Animatronics/src/install/motor_command_msg/share/motor_command_msg/cmake/ament_cmake_export_include_directories-extras.cmake
[19.131s] -- Installing: /home/csanimatronics/CS_Animatronics/src/install/motor_command_msg/share/motor_command_msg/cmake/ament_cmake_export_libraries-extras.cmake
[19.131s] -- Installing: /home/csanimatronics/CS_Animatronics/src/install/motor_command_msg/share/motor_command_msg/cmake/ament_cmake_export_targets-extras.cmake
[19.131s] -- Installing: /home/csanimatronics/CS_Animatronics/src/install/motor_command_msg/share/motor_command_msg/cmake/rosidl_cmake_export_typesupport_targets-extras.cmake
[19.131s] -- Installing: /home/csanimatronics/CS_Animatronics/src/install/motor_command_msg/share/motor_command_msg/cmake/ament_cmake_export_dependencies-extras.cmake
[19.132s] -- Installing: /home/csanimatronics/CS_Animatronics/src/install/motor_command_msg/share/motor_command_msg/cmake/rosidl_cmake_export_typesupport_libraries-extras.cmake
[19.132s] -- Installing: /home/csanimatronics/CS_Animatronics/src/install/motor_command_msg/share/motor_command_msg/cmake/motor_command_msgConfig.cmake
[19.132s] -- Installing: /home/csanimatronics/CS_Animatronics/src/install/motor_command_msg/share/motor_command_msg/cmake/motor_command_msgConfig-version.cmake
[19.132s] -- Installing: /home/csanimatronics/CS_Animatronics/src/install/motor_command_msg/share/motor_command_msg/package.xml
[19.136s] Invoked command in '/home/csanimatronics/CS_Animatronics/src/build/motor_command_msg' returned '0': CMAKE_PREFIX_PATH=/home/csanimatronics/CS_Animatronics/install/motor_command_msg:/home/csanimatronics/CS_Animatronics/install/launch:/home/csanimatronics/CS_Animatronics/install/system_controller:/home/csanimatronics/CS_Animatronics/install/motor_controller:/home/csanimatronics/CS_Animatronics/install/controller_publisher:/opt/ros/jazzy:/home/csanimatronics/CS_Animatronics/install/dynamixel_sdk_examples:/home/csanimatronics/CS_Animatronics/install/dynamixel_sdk_custom_interfaces:/home/csanimatronics/CS_Animatronics/install/dynamixel_sdk:/opt/ros/jazzy/opt/gz_math_vendor:/opt/ros/jazzy/opt/gz_utils_vendor:/opt/ros/jazzy/opt/gz_cmake_vendor DEBUGINFOD_URLS=https://debuginfod.ubuntu.com /usr/bin/cmake --install /home/csanimatronics/CS_Animatronics/src/build/motor_command_msg
