[2.070s] Invoking command in '/home/csanimatronics/CS_Animatronics/src/system_controller': DEBUGINFOD_URLS=https://debuginfod.ubuntu.com PYTHONPATH=/home/csanimatronics/CS_Animatronics/build/system_controller/prefix_override:/usr/lib/python3/dist-packages/colcon_core/task/python/colcon_distutils_commands:/home/csanimatronics/CS_Animatronics/install/system_controller/lib/python3.12/site-packages:${PYTHONPATH} /usr/bin/python3 -W ignore:setup.py install is deprecated setup.py egg_info --egg-base ../../build/system_controller build --build-base /home/csanimatronics/CS_Animatronics/build/system_controller/build install --record /home/csanimatronics/CS_Animatronics/build/system_controller/install.log --single-version-externally-managed install_data
[2.590s] running egg_info
[2.591s] creating ../../build/system_controller/system_controller.egg-info
[2.625s] writing ../../build/system_controller/system_controller.egg-info/PKG-INFO
[2.626s] writing dependency_links to ../../build/system_controller/system_controller.egg-info/dependency_links.txt
[2.626s] writing entry points to ../../build/system_controller/system_controller.egg-info/entry_points.txt
[2.626s] writing requirements to ../../build/system_controller/system_controller.egg-info/requires.txt
[2.627s] writing top-level names to ../../build/system_controller/system_controller.egg-info/top_level.txt
[2.627s] writing manifest file '../../build/system_controller/system_controller.egg-info/SOURCES.txt'
[2.700s] reading manifest file '../../build/system_controller/system_controller.egg-info/SOURCES.txt'
[2.700s] writing manifest file '../../build/system_controller/system_controller.egg-info/SOURCES.txt'
[2.700s] running build
[2.700s] running build_py
[2.701s] creating /home/csanimatronics/CS_Animatronics/build/system_controller/build
[2.701s] creating /home/csanimatronics/CS_Animatronics/build/system_controller/build/lib
[2.701s] creating /home/csanimatronics/CS_Animatronics/build/system_controller/build/lib/system_controller
[2.701s] copying system_controller/__init__.py -> /home/csanimatronics/CS_Animatronics/build/system_controller/build/lib/system_controller
[2.701s] copying system_controller/system_controller.py -> /home/csanimatronics/CS_Animatronics/build/system_controller/build/lib/system_controller
[2.702s] running install
[2.713s] running install_lib
[2.746s] creating /home/csanimatronics/CS_Animatronics/install/system_controller/lib/python3.12/site-packages/system_controller
[2.746s] copying /home/csanimatronics/CS_Animatronics/build/system_controller/build/lib/system_controller/__init__.py -> /home/csanimatronics/CS_Animatronics/install/system_controller/lib/python3.12/site-packages/system_controller
[2.746s] copying /home/csanimatronics/CS_Animatronics/build/system_controller/build/lib/system_controller/system_controller.py -> /home/csanimatronics/CS_Animatronics/install/system_controller/lib/python3.12/site-packages/system_controller
[2.748s] byte-compiling /home/csanimatronics/CS_Animatronics/install/system_controller/lib/python3.12/site-packages/system_controller/__init__.py to __init__.cpython-312.pyc
[2.748s] byte-compiling /home/csanimatronics/CS_Animatronics/install/system_controller/lib/python3.12/site-packages/system_controller/system_controller.py to system_controller.cpython-312.pyc
[2.751s] running install_data
[2.751s] creating /home/csanimatronics/CS_Animatronics/install/system_controller/share/ament_index
[2.751s] creating /home/csanimatronics/CS_Animatronics/install/system_controller/share/ament_index/resource_index
[2.751s] creating /home/csanimatronics/CS_Animatronics/install/system_controller/share/ament_index/resource_index/packages
[2.751s] copying resource/system_controller -> /home/csanimatronics/CS_Animatronics/install/system_controller/share/ament_index/resource_index/packages
[2.752s] copying package.xml -> /home/csanimatronics/CS_Animatronics/install/system_controller/share/system_controller
[2.752s] creating /home/csanimatronics/CS_Animatronics/install/system_controller/share/system_controller/msg
[2.752s] running install_egg_info
[2.795s] Copying ../../build/system_controller/system_controller.egg-info to /home/csanimatronics/CS_Animatronics/install/system_controller/lib/python3.12/site-packages/system_controller-0.0.0-py3.12.egg-info
[2.797s] running install_scripts
[3.036s] Installing controller_publisher script to /home/csanimatronics/CS_Animatronics/install/system_controller/lib/system_controller
[3.036s] Installing system_controller script to /home/csanimatronics/CS_Animatronics/install/system_controller/lib/system_controller
[3.037s] writing list of installed files to '/home/csanimatronics/CS_Animatronics/build/system_controller/install.log'
[3.173s] Invoked command in '/home/csanimatronics/CS_Animatronics/src/system_controller' returned '0': DEBUGINFOD_URLS=https://debuginfod.ubuntu.com PYTHONPATH=/home/csanimatronics/CS_Animatronics/build/system_controller/prefix_override:/usr/lib/python3/dist-packages/colcon_core/task/python/colcon_distutils_commands:/home/csanimatronics/CS_Animatronics/install/system_controller/lib/python3.12/site-packages:${PYTHONPATH} /usr/bin/python3 -W ignore:setup.py install is deprecated setup.py egg_info --egg-base ../../build/system_controller build --build-base /home/csanimatronics/CS_Animatronics/build/system_controller/build install --record /home/csanimatronics/CS_Animatronics/build/system_controller/install.log --single-version-externally-managed install_data
