[1.943s] Invoking command in '/home/csanimatronics/CS_Animatronics/src/controller_publisher': DEBUGINFOD_URLS=https://debuginfod.ubuntu.com PYTHONPATH=/home/csanimatronics/CS_Animatronics/build/controller_publisher/prefix_override:/usr/lib/python3/dist-packages/colcon_core/task/python/colcon_distutils_commands:/home/csanimatronics/CS_Animatronics/install/controller_publisher/lib/python3.12/site-packages:${PYTHONPATH} /usr/bin/python3 -W ignore:setup.py install is deprecated setup.py egg_info --egg-base ../../build/controller_publisher build --build-base /home/csanimatronics/CS_Animatronics/build/controller_publisher/build install --record /home/csanimatronics/CS_Animatronics/build/controller_publisher/install.log --single-version-externally-managed install_data
[2.388s] running egg_info
[2.420s] writing ../../build/controller_publisher/controller_publisher.egg-info/PKG-INFO
[2.420s] writing dependency_links to ../../build/controller_publisher/controller_publisher.egg-info/dependency_links.txt
[2.421s] writing entry points to ../../build/controller_publisher/controller_publisher.egg-info/entry_points.txt
[2.421s] writing requirements to ../../build/controller_publisher/controller_publisher.egg-info/requires.txt
[2.421s] writing top-level names to ../../build/controller_publisher/controller_publisher.egg-info/top_level.txt
[2.478s] reading manifest file '../../build/controller_publisher/controller_publisher.egg-info/SOURCES.txt'
[2.480s] writing manifest file '../../build/controller_publisher/controller_publisher.egg-info/SOURCES.txt'
[2.480s] running build
[2.481s] running build_py
[2.481s] running install
[2.492s] running install_lib
[2.526s] running install_data
[2.527s] running install_egg_info
[2.557s] removing '/home/csanimatronics/CS_Animatronics/install/controller_publisher/lib/python3.12/site-packages/controller_publisher-0.0.0-py3.12.egg-info' (and everything under it)
[2.557s] Copying ../../build/controller_publisher/controller_publisher.egg-info to /home/csanimatronics/CS_Animatronics/install/controller_publisher/lib/python3.12/site-packages/controller_publisher-0.0.0-py3.12.egg-info
[2.559s] running install_scripts
[2.784s] Installing controller_publisher script to /home/csanimatronics/CS_Animatronics/install/controller_publisher/lib/controller_publisher
[2.785s] writing list of installed files to '/home/csanimatronics/CS_Animatronics/build/controller_publisher/install.log'
[2.948s] Invoked command in '/home/csanimatronics/CS_Animatronics/src/controller_publisher' returned '0': DEBUGINFOD_URLS=https://debuginfod.ubuntu.com PYTHONPATH=/home/csanimatronics/CS_Animatronics/build/controller_publisher/prefix_override:/usr/lib/python3/dist-packages/colcon_core/task/python/colcon_distutils_commands:/home/csanimatronics/CS_Animatronics/install/controller_publisher/lib/python3.12/site-packages:${PYTHONPATH} /usr/bin/python3 -W ignore:setup.py install is deprecated setup.py egg_info --egg-base ../../build/controller_publisher build --build-base /home/csanimatronics/CS_Animatronics/build/controller_publisher/build install --record /home/csanimatronics/CS_Animatronics/build/controller_publisher/install.log --single-version-externally-managed install_data
