[5.772s] Invoking command in '/home/csanimatronics/CS_Animatronics/src/system_controller': DEBUGINFOD_URLS=https://debuginfod.ubuntu.com PYTHONPATH=/home/csanimatronics/CS_Animatronics/build/system_controller/prefix_override:/usr/lib/python3/dist-packages/colcon_core/task/python/colcon_distutils_commands:/home/csanimatronics/CS_Animatronics/install/system_controller/lib/python3.12/site-packages: /usr/bin/python3 -W ignore:setup.py install is deprecated setup.py egg_info --egg-base ../../build/system_controller build --build-base /home/csanimatronics/CS_Animatronics/build/system_controller/build install --record /home/csanimatronics/CS_Animatronics/build/system_controller/install.log --single-version-externally-managed install_data
[7.154s] running egg_info
[7.215s] writing ../../build/system_controller/system_controller.egg-info/PKG-INFO
[7.217s] writing dependency_links to ../../build/system_controller/system_controller.egg-info/dependency_links.txt
[7.222s] writing entry points to ../../build/system_controller/system_controller.egg-info/entry_points.txt
[7.224s] writing requirements to ../../build/system_controller/system_controller.egg-info/requires.txt
[7.225s] writing top-level names to ../../build/system_controller/system_controller.egg-info/top_level.txt
[7.383s] reading manifest file '../../build/system_controller/system_controller.egg-info/SOURCES.txt'
[7.388s] writing manifest file '../../build/system_controller/system_controller.egg-info/SOURCES.txt'
[7.389s] running build
[7.390s] running build_py
[7.390s] running install
[7.412s] running install_lib
[7.498s] running install_data
[7.498s] running install_egg_info
[7.591s] removing '/home/csanimatronics/CS_Animatronics/install/system_controller/lib/python3.12/site-packages/system_controller-0.0.0-py3.12.egg-info' (and everything under it)
[7.592s] Copying ../../build/system_controller/system_controller.egg-info to /home/csanimatronics/CS_Animatronics/install/system_controller/lib/python3.12/site-packages/system_controller-0.0.0-py3.12.egg-info
[7.602s] running install_scripts
[8.065s] Installing controller_publisher script to /home/csanimatronics/CS_Animatronics/install/system_controller/lib/system_controller
[8.066s] Installing system_controller script to /home/csanimatronics/CS_Animatronics/install/system_controller/lib/system_controller
[8.073s] writing list of installed files to '/home/csanimatronics/CS_Animatronics/build/system_controller/install.log'
