[1.711s] Invoking command in '/home/csanimatronics/CS_Animatronics/src/system_controller': DEBUGINFOD_URLS=https://debuginfod.ubuntu.com PYTHONPATH=/home/csanimatronics/CS_Animatronics/build/system_controller/prefix_override:/usr/lib/python3/dist-packages/colcon_core/task/python/colcon_distutils_commands:/home/csanimatronics/CS_Animatronics/install/system_controller/lib/python3.12/site-packages:/home/csanimatronics/CS_Animatronics/install/motor_command_msg/lib/python3.12/site-packages:/home/csanimatronics/CS_Animatronics/install/system_controller/lib/python3.12/site-packages:/home/csanimatronics/CS_Animatronics/install/motor_controller/lib/python3.12/site-packages:/home/csanimatronics/CS_Animatronics/install/dynamixel_sdk_custom_interfaces/lib/python3.12/site-packages:/home/csanimatronics/CS_Animatronics/install/controller_publisher/lib/python3.12/site-packages:/opt/ros/jazzy/lib/python3.12/site-packages /usr/bin/python3 -W ignore:setup.py install is deprecated setup.py egg_info --egg-base ../../build/system_controller build --build-base /home/csanimatronics/CS_Animatronics/build/system_controller/build install --record /home/csanimatronics/CS_Animatronics/build/system_controller/install.log --single-version-externally-managed install_data
[2.200s] running egg_info
[2.200s] creating ../../build/system_controller/system_controller.egg-info
[2.240s] writing ../../build/system_controller/system_controller.egg-info/PKG-INFO
[2.240s] writing dependency_links to ../../build/system_controller/system_controller.egg-info/dependency_links.txt
[2.240s] writing entry points to ../../build/system_controller/system_controller.egg-info/entry_points.txt
[2.240s] writing requirements to ../../build/system_controller/system_controller.egg-info/requires.txt
[2.241s] writing top-level names to ../../build/system_controller/system_controller.egg-info/top_level.txt
[2.241s] writing manifest file '../../build/system_controller/system_controller.egg-info/SOURCES.txt'
[2.322s] reading manifest file '../../build/system_controller/system_controller.egg-info/SOURCES.txt'
[2.325s] writing manifest file '../../build/system_controller/system_controller.egg-info/SOURCES.txt'
[2.327s] running build
[2.328s] running build_py
[2.328s] creating /home/csanimatronics/CS_Animatronics/build/system_controller/build
[2.328s] creating /home/csanimatronics/CS_Animatronics/build/system_controller/build/lib
[2.329s] creating /home/csanimatronics/CS_Animatronics/build/system_controller/build/lib/system_controller
[2.329s] copying system_controller/__init__.py -> /home/csanimatronics/CS_Animatronics/build/system_controller/build/lib/system_controller
[2.329s] copying system_controller/system_controller.py -> /home/csanimatronics/CS_Animatronics/build/system_controller/build/lib/system_controller
[2.329s] running install
[2.340s] running install_lib
[2.397s] creating /home/csanimatronics/CS_Animatronics/install/system_controller/lib/python3.12/site-packages/system_controller
[2.398s] copying /home/csanimatronics/CS_Animatronics/build/system_controller/build/lib/system_controller/__init__.py -> /home/csanimatronics/CS_Animatronics/install/system_controller/lib/python3.12/site-packages/system_controller
[2.398s] copying /home/csanimatronics/CS_Animatronics/build/system_controller/build/lib/system_controller/system_controller.py -> /home/csanimatronics/CS_Animatronics/install/system_controller/lib/python3.12/site-packages/system_controller
[2.400s] byte-compiling /home/csanimatronics/CS_Animatronics/install/system_controller/lib/python3.12/site-packages/system_controller/__init__.py to __init__.cpython-312.pyc
[2.400s] byte-compiling /home/csanimatronics/CS_Animatronics/install/system_controller/lib/python3.12/site-packages/system_controller/system_controller.py to system_controller.cpython-312.pyc
[2.402s] running install_data
[2.402s] creating /home/csanimatronics/CS_Animatronics/install/system_controller/share/ament_index
[2.403s] creating /home/csanimatronics/CS_Animatronics/install/system_controller/share/ament_index/resource_index
[2.405s] creating /home/csanimatronics/CS_Animatronics/install/system_controller/share/ament_index/resource_index/packages
[2.405s] copying resource/system_controller -> /home/csanimatronics/CS_Animatronics/install/system_controller/share/ament_index/resource_index/packages
[2.405s] copying package.xml -> /home/csanimatronics/CS_Animatronics/install/system_controller/share/system_controller
[2.405s] creating /home/csanimatronics/CS_Animatronics/install/system_controller/share/system_controller/msg
[2.405s] running install_egg_info
[2.476s] Copying ../../build/system_controller/system_controller.egg-info to /home/csanimatronics/CS_Animatronics/install/system_controller/lib/python3.12/site-packages/system_controller-0.0.0-py3.12.egg-info
[2.479s] running install_scripts
[2.707s] Installing controller_publisher script to /home/csanimatronics/CS_Animatronics/install/system_controller/lib/system_controller
[2.707s] Installing system_controller script to /home/csanimatronics/CS_Animatronics/install/system_controller/lib/system_controller
[2.708s] writing list of installed files to '/home/csanimatronics/CS_Animatronics/build/system_controller/install.log'
[2.811s] Invoked command in '/home/csanimatronics/CS_Animatronics/src/system_controller' returned '0': DEBUGINFOD_URLS=https://debuginfod.ubuntu.com PYTHONPATH=/home/csanimatronics/CS_Animatronics/build/system_controller/prefix_override:/usr/lib/python3/dist-packages/colcon_core/task/python/colcon_distutils_commands:/home/csanimatronics/CS_Animatronics/install/system_controller/lib/python3.12/site-packages:/home/csanimatronics/CS_Animatronics/install/motor_command_msg/lib/python3.12/site-packages:/home/csanimatronics/CS_Animatronics/install/system_controller/lib/python3.12/site-packages:/home/csanimatronics/CS_Animatronics/install/motor_controller/lib/python3.12/site-packages:/home/csanimatronics/CS_Animatronics/install/dynamixel_sdk_custom_interfaces/lib/python3.12/site-packages:/home/csanimatronics/CS_Animatronics/install/controller_publisher/lib/python3.12/site-packages:/opt/ros/jazzy/lib/python3.12/site-packages /usr/bin/python3 -W ignore:setup.py install is deprecated setup.py egg_info --egg-base ../../build/system_controller build --build-base /home/csanimatronics/CS_Animatronics/build/system_controller/build install --record /home/csanimatronics/CS_Animatronics/build/system_controller/install.log --single-version-externally-managed install_data
