[0.586s] Invoking command in '/home/csanimatronics/CS_Animatronics/build/motor_command_msg': CMAKE_PREFIX_PATH=/home/csanimatronics/CS_Animatronics/install/motor_command_msg:/home/csanimatronics/CS_Animatronics/install/launch:/home/csanimatronics/CS_Animatronics/install/system_controller:/home/csanimatronics/CS_Animatronics/install/motor_controller:/home/csanimatronics/CS_Animatronics/install/controller_publisher:/opt/ros/jazzy:/home/csanimatronics/CS_Animatronics/install/dynamixel_sdk_examples:/home/csanimatronics/CS_Animatronics/install/dynamixel_sdk_custom_interfaces:/home/csanimatronics/CS_Animatronics/install/dynamixel_sdk:/opt/ros/jazzy/opt/gz_math_vendor:/opt/ros/jazzy/opt/gz_utils_vendor:/opt/ros/jazzy/opt/gz_cmake_vendor DEBUGINFOD_URLS=https://debuginfod.ubuntu.com /usr/bin/cmake --build /home/csanimatronics/CS_Animatronics/build/motor_command_msg -- -j4 -l4
[0.736s] [  2%] Built target motor_command_msg__rosidl_generator_type_description
[0.788s] [  2%] Built target ament_cmake_python_copy_motor_command_msg
[0.807s] [ 17%] Built target motor_command_msg__rosidl_generator_c
[0.839s] [ 20%] Built target motor_command_msg__cpp
[0.911s] [ 29%] Built target motor_command_msg__rosidl_typesupport_c
[0.919s] [ 38%] Built target motor_command_msg__rosidl_typesupport_introspection_c
[0.966s] [ 47%] Built target motor_command_msg__rosidl_typesupport_fastrtps_c
[1.023s] [ 55%] Built target motor_command_msg__rosidl_typesupport_introspection_cpp
[1.029s] [ 64%] Built target motor_command_msg__rosidl_typesupport_fastrtps_cpp
[1.045s] [ 73%] Built target motor_command_msg__rosidl_typesupport_cpp
[1.126s] [ 73%] Built target motor_command_msg
[1.189s] [ 76%] Built target motor_command_msg__py
[1.252s] [ 82%] Built target motor_command_msg__rosidl_generator_py
[1.328s] [ 88%] Built target motor_command_msg_s__rosidl_typesupport_introspection_c
[1.347s] [ 94%] Built target motor_command_msg_s__rosidl_typesupport_fastrtps_c
[1.355s] [100%] Built target motor_command_msg_s__rosidl_typesupport_c
[1.393s] running egg_info
[1.420s] writing motor_command_msg.egg-info/PKG-INFO
[1.421s] writing dependency_links to motor_command_msg.egg-info/dependency_links.txt
[1.423s] writing top-level names to motor_command_msg.egg-info/top_level.txt
[1.508s] reading manifest file 'motor_command_msg.egg-info/SOURCES.txt'
[1.509s] writing manifest file 'motor_command_msg.egg-info/SOURCES.txt'
[1.599s] [100%] Built target ament_cmake_python_build_motor_command_msg_egg
[1.649s] Invoked command in '/home/csanimatronics/CS_Animatronics/build/motor_command_msg' returned '0': CMAKE_PREFIX_PATH=/home/csanimatronics/CS_Animatronics/install/motor_command_msg:/home/csanimatronics/CS_Animatronics/install/launch:/home/csanimatronics/CS_Animatronics/install/system_controller:/home/csanimatronics/CS_Animatronics/install/motor_controller:/home/csanimatronics/CS_Animatronics/install/controller_publisher:/opt/ros/jazzy:/home/csanimatronics/CS_Animatronics/install/dynamixel_sdk_examples:/home/csanimatronics/CS_Animatronics/install/dynamixel_sdk_custom_interfaces:/home/csanimatronics/CS_Animatronics/install/dynamixel_sdk:/opt/ros/jazzy/opt/gz_math_vendor:/opt/ros/jazzy/opt/gz_utils_vendor:/opt/ros/jazzy/opt/gz_cmake_vendor DEBUGINFOD_URLS=https://debuginfod.ubuntu.com /usr/bin/cmake --build /home/csanimatronics/CS_Animatronics/build/motor_command_msg -- -j4 -l4
[1.786s] Invoking command in '/home/csanimatronics/CS_Animatronics/build/motor_command_msg': CMAKE_PREFIX_PATH=/home/csanimatronics/CS_Animatronics/install/motor_command_msg:/home/csanimatronics/CS_Animatronics/install/launch:/home/csanimatronics/CS_Animatronics/install/system_controller:/home/csanimatronics/CS_Animatronics/install/motor_controller:/home/csanimatronics/CS_Animatronics/install/controller_publisher:/opt/ros/jazzy:/home/csanimatronics/CS_Animatronics/install/dynamixel_sdk_examples:/home/csanimatronics/CS_Animatronics/install/dynamixel_sdk_custom_interfaces:/home/csanimatronics/CS_Animatronics/install/dynamixel_sdk:/opt/ros/jazzy/opt/gz_math_vendor:/opt/ros/jazzy/opt/gz_utils_vendor:/opt/ros/jazzy/opt/gz_cmake_vendor DEBUGINFOD_URLS=https://debuginfod.ubuntu.com /usr/bin/cmake --install /home/csanimatronics/CS_Animatronics/build/motor_command_msg
[1.814s] -- Install configuration: ""
[1.814s] -- Up-to-date: /home/csanimatronics/CS_Animatronics/install/motor_command_msg/share/ament_index/resource_index/rosidl_interfaces/motor_command_msg
[1.814s] -- Up-to-date: /home/csanimatronics/CS_Animatronics/install/motor_command_msg/share/motor_command_msg/msg/IdAngle.json
[1.815s] -- Up-to-date: /home/csanimatronics/CS_Animatronics/install/motor_command_msg/include/motor_command_msg/motor_command_msg
[1.815s] -- Up-to-date: /home/csanimatronics/CS_Animatronics/install/motor_command_msg/include/motor_command_msg/motor_command_msg/msg
[1.815s] -- Up-to-date: /home/csanimatronics/CS_Animatronics/install/motor_command_msg/include/motor_command_msg/motor_command_msg/msg/detail
[1.815s] -- Up-to-date: /home/csanimatronics/CS_Animatronics/install/motor_command_msg/include/motor_command_msg/motor_command_msg/msg/detail/id_angle__type_support.c
[1.815s] -- Up-to-date: /home/csanimatronics/CS_Animatronics/install/motor_command_msg/include/motor_command_msg/motor_command_msg/msg/detail/id_angle__struct.h
[1.816s] -- Up-to-date: /home/csanimatronics/CS_Animatronics/install/motor_command_msg/include/motor_command_msg/motor_command_msg/msg/detail/id_angle__functions.h
[1.816s] -- Up-to-date: /home/csanimatronics/CS_Animatronics/install/motor_command_msg/include/motor_command_msg/motor_command_msg/msg/detail/id_angle__type_support.h
[1.816s] -- Up-to-date: /home/csanimatronics/CS_Animatronics/install/motor_command_msg/include/motor_command_msg/motor_command_msg/msg/detail/id_angle__functions.c
[1.816s] -- Up-to-date: /home/csanimatronics/CS_Animatronics/install/motor_command_msg/include/motor_command_msg/motor_command_msg/msg/detail/id_angle__description.c
[1.817s] -- Up-to-date: /home/csanimatronics/CS_Animatronics/install/motor_command_msg/include/motor_command_msg/motor_command_msg/msg/rosidl_generator_c__visibility_control.h
[1.817s] -- Up-to-date: /home/csanimatronics/CS_Animatronics/install/motor_command_msg/include/motor_command_msg/motor_command_msg/msg/id_angle.h
[1.817s] -- Up-to-date: /home/csanimatronics/CS_Animatronics/install/motor_command_msg/share/motor_command_msg/environment/library_path.sh
[1.817s] -- Up-to-date: /home/csanimatronics/CS_Animatronics/install/motor_command_msg/share/motor_command_msg/environment/library_path.dsv
[1.817s] -- Up-to-date: /home/csanimatronics/CS_Animatronics/install/motor_command_msg/lib/libmotor_command_msg__rosidl_generator_c.so
[1.818s] -- Up-to-date: /home/csanimatronics/CS_Animatronics/install/motor_command_msg/include/motor_command_msg/motor_command_msg
[1.818s] -- Up-to-date: /home/csanimatronics/CS_Animatronics/install/motor_command_msg/include/motor_command_msg/motor_command_msg/msg
[1.818s] -- Up-to-date: /home/csanimatronics/CS_Animatronics/install/motor_command_msg/include/motor_command_msg/motor_command_msg/msg/rosidl_typesupport_fastrtps_c__visibility_control.h
[1.819s] -- Up-to-date: /home/csanimatronics/CS_Animatronics/install/motor_command_msg/include/motor_command_msg/motor_command_msg/msg/detail
[1.819s] -- Up-to-date: /home/csanimatronics/CS_Animatronics/install/motor_command_msg/include/motor_command_msg/motor_command_msg/msg/detail/id_angle__rosidl_typesupport_fastrtps_c.h
[1.819s] -- Up-to-date: /home/csanimatronics/CS_Animatronics/install/motor_command_msg/lib/libmotor_command_msg__rosidl_typesupport_fastrtps_c.so
[1.820s] -- Up-to-date: /home/csanimatronics/CS_Animatronics/install/motor_command_msg/include/motor_command_msg/motor_command_msg
[1.821s] -- Up-to-date: /home/csanimatronics/CS_Animatronics/install/motor_command_msg/include/motor_command_msg/motor_command_msg/msg
[1.821s] -- Up-to-date: /home/csanimatronics/CS_Animatronics/install/motor_command_msg/include/motor_command_msg/motor_command_msg/msg/rosidl_typesupport_introspection_c__visibility_control.h
[1.822s] -- Up-to-date: /home/csanimatronics/CS_Animatronics/install/motor_command_msg/include/motor_command_msg/motor_command_msg/msg/detail
[1.822s] -- Up-to-date: /home/csanimatronics/CS_Animatronics/install/motor_command_msg/include/motor_command_msg/motor_command_msg/msg/detail/id_angle__type_support.c
[1.823s] -- Up-to-date: /home/csanimatronics/CS_Animatronics/install/motor_command_msg/include/motor_command_msg/motor_command_msg/msg/detail/id_angle__rosidl_typesupport_introspection_c.h
[1.823s] -- Up-to-date: /home/csanimatronics/CS_Animatronics/install/motor_command_msg/lib/libmotor_command_msg__rosidl_typesupport_introspection_c.so
[1.825s] -- Up-to-date: /home/csanimatronics/CS_Animatronics/install/motor_command_msg/lib/libmotor_command_msg__rosidl_typesupport_c.so
[1.825s] -- Up-to-date: /home/csanimatronics/CS_Animatronics/install/motor_command_msg/include/motor_command_msg/motor_command_msg
[1.826s] -- Up-to-date: /home/csanimatronics/CS_Animatronics/install/motor_command_msg/include/motor_command_msg/motor_command_msg/msg
[1.826s] -- Up-to-date: /home/csanimatronics/CS_Animatronics/install/motor_command_msg/include/motor_command_msg/motor_command_msg/msg/rosidl_generator_cpp__visibility_control.hpp
[1.827s] -- Up-to-date: /home/csanimatronics/CS_Animatronics/install/motor_command_msg/include/motor_command_msg/motor_command_msg/msg/detail
[1.827s] -- Up-to-date: /home/csanimatronics/CS_Animatronics/install/motor_command_msg/include/motor_command_msg/motor_command_msg/msg/detail/id_angle__traits.hpp
[1.827s] -- Up-to-date: /home/csanimatronics/CS_Animatronics/install/motor_command_msg/include/motor_command_msg/motor_command_msg/msg/detail/id_angle__struct.hpp
[1.827s] -- Up-to-date: /home/csanimatronics/CS_Animatronics/install/motor_command_msg/include/motor_command_msg/motor_command_msg/msg/detail/id_angle__builder.hpp
[1.828s] -- Up-to-date: /home/csanimatronics/CS_Animatronics/install/motor_command_msg/include/motor_command_msg/motor_command_msg/msg/detail/id_angle__type_support.hpp
[1.828s] -- Up-to-date: /home/csanimatronics/CS_Animatronics/install/motor_command_msg/include/motor_command_msg/motor_command_msg/msg/id_angle.hpp
[1.829s] -- Up-to-date: /home/csanimatronics/CS_Animatronics/install/motor_command_msg/include/motor_command_msg/motor_command_msg
[1.829s] -- Up-to-date: /home/csanimatronics/CS_Animatronics/install/motor_command_msg/include/motor_command_msg/motor_command_msg/msg
[1.829s] -- Up-to-date: /home/csanimatronics/CS_Animatronics/install/motor_command_msg/include/motor_command_msg/motor_command_msg/msg/rosidl_typesupport_fastrtps_cpp__visibility_control.h
[1.830s] -- Up-to-date: /home/csanimatronics/CS_Animatronics/install/motor_command_msg/include/motor_command_msg/motor_command_msg/msg/detail
[1.830s] -- Up-to-date: /home/csanimatronics/CS_Animatronics/install/motor_command_msg/include/motor_command_msg/motor_command_msg/msg/detail/dds_fastrtps
[1.830s] -- Up-to-date: /home/csanimatronics/CS_Animatronics/install/motor_command_msg/include/motor_command_msg/motor_command_msg/msg/detail/id_angle__rosidl_typesupport_fastrtps_cpp.hpp
[1.831s] -- Up-to-date: /home/csanimatronics/CS_Animatronics/install/motor_command_msg/lib/libmotor_command_msg__rosidl_typesupport_fastrtps_cpp.so
[1.831s] -- Up-to-date: /home/csanimatronics/CS_Animatronics/install/motor_command_msg/include/motor_command_msg/motor_command_msg
[1.832s] -- Up-to-date: /home/csanimatronics/CS_Animatronics/install/motor_command_msg/include/motor_command_msg/motor_command_msg/msg
[1.832s] -- Up-to-date: /home/csanimatronics/CS_Animatronics/install/motor_command_msg/include/motor_command_msg/motor_command_msg/msg/detail
[1.832s] -- Up-to-date: /home/csanimatronics/CS_Animatronics/install/motor_command_msg/include/motor_command_msg/motor_command_msg/msg/detail/id_angle__rosidl_typesupport_introspection_cpp.hpp
[1.833s] -- Up-to-date: /home/csanimatronics/CS_Animatronics/install/motor_command_msg/include/motor_command_msg/motor_command_msg/msg/detail/id_angle__type_support.cpp
[1.834s] -- Up-to-date: /home/csanimatronics/CS_Animatronics/install/motor_command_msg/lib/libmotor_command_msg__rosidl_typesupport_introspection_cpp.so
[1.835s] -- Up-to-date: /home/csanimatronics/CS_Animatronics/install/motor_command_msg/lib/libmotor_command_msg__rosidl_typesupport_cpp.so
[1.835s] -- Up-to-date: /home/csanimatronics/CS_Animatronics/install/motor_command_msg/share/motor_command_msg/environment/pythonpath.sh
[1.835s] -- Up-to-date: /home/csanimatronics/CS_Animatronics/install/motor_command_msg/share/motor_command_msg/environment/pythonpath.dsv
[1.836s] -- Up-to-date: /home/csanimatronics/CS_Animatronics/install/motor_command_msg/lib/python3.12/site-packages/motor_command_msg-0.0.0-py3.12.egg-info
[1.836s] -- Installing: /home/csanimatronics/CS_Animatronics/install/motor_command_msg/lib/python3.12/site-packages/motor_command_msg-0.0.0-py3.12.egg-info/SOURCES.txt
[1.837s] -- Installing: /home/csanimatronics/CS_Animatronics/install/motor_command_msg/lib/python3.12/site-packages/motor_command_msg-0.0.0-py3.12.egg-info/top_level.txt
[1.837s] -- Installing: /home/csanimatronics/CS_Animatronics/install/motor_command_msg/lib/python3.12/site-packages/motor_command_msg-0.0.0-py3.12.egg-info/PKG-INFO
[1.837s] -- Installing: /home/csanimatronics/CS_Animatronics/install/motor_command_msg/lib/python3.12/site-packages/motor_command_msg-0.0.0-py3.12.egg-info/dependency_links.txt
[1.837s] -- Up-to-date: /home/csanimatronics/CS_Animatronics/install/motor_command_msg/lib/python3.12/site-packages/motor_command_msg
[1.837s] -- Up-to-date: /home/csanimatronics/CS_Animatronics/install/motor_command_msg/lib/python3.12/site-packages/motor_command_msg/__init__.py
[1.837s] -- Up-to-date: /home/csanimatronics/CS_Animatronics/install/motor_command_msg/lib/python3.12/site-packages/motor_command_msg/motor_command_msg_s__rosidl_typesupport_fastrtps_c.so
[1.837s] -- Up-to-date: /home/csanimatronics/CS_Animatronics/install/motor_command_msg/lib/python3.12/site-packages/motor_command_msg/msg
[1.837s] -- Up-to-date: /home/csanimatronics/CS_Animatronics/install/motor_command_msg/lib/python3.12/site-packages/motor_command_msg/msg/__init__.py
[1.837s] -- Up-to-date: /home/csanimatronics/CS_Animatronics/install/motor_command_msg/lib/python3.12/site-packages/motor_command_msg/msg/_id_angle_s.c
[1.837s] -- Up-to-date: /home/csanimatronics/CS_Animatronics/install/motor_command_msg/lib/python3.12/site-packages/motor_command_msg/msg/_id_angle.py
[1.838s] -- Up-to-date: /home/csanimatronics/CS_Animatronics/install/motor_command_msg/lib/python3.12/site-packages/motor_command_msg/motor_command_msg_s__rosidl_typesupport_c.so
[1.838s] -- Up-to-date: /home/csanimatronics/CS_Animatronics/install/motor_command_msg/lib/python3.12/site-packages/motor_command_msg/_motor_command_msg_s.ep.rosidl_typesupport_introspection_c.c
[1.838s] -- Up-to-date: /home/csanimatronics/CS_Animatronics/install/motor_command_msg/lib/python3.12/site-packages/motor_command_msg/_motor_command_msg_s.ep.rosidl_typesupport_c.c
[1.838s] -- Up-to-date: /home/csanimatronics/CS_Animatronics/install/motor_command_msg/lib/python3.12/site-packages/motor_command_msg/motor_command_msg_s__rosidl_typesupport_introspection_c.so
[1.838s] -- Up-to-date: /home/csanimatronics/CS_Animatronics/install/motor_command_msg/lib/python3.12/site-packages/motor_command_msg/_motor_command_msg_s.ep.rosidl_typesupport_fastrtps_c.c
[1.944s] Listing '/home/csanimatronics/CS_Animatronics/install/motor_command_msg/lib/python3.12/site-packages/motor_command_msg'...
[1.945s] Listing '/home/csanimatronics/CS_Animatronics/install/motor_command_msg/lib/python3.12/site-packages/motor_command_msg/msg'...
[1.964s] -- Up-to-date: /home/csanimatronics/CS_Animatronics/install/motor_command_msg/lib/python3.12/site-packages/motor_command_msg/motor_command_msg_s__rosidl_typesupport_fastrtps_c.so
[1.965s] -- Up-to-date: /home/csanimatronics/CS_Animatronics/install/motor_command_msg/lib/python3.12/site-packages/motor_command_msg/motor_command_msg_s__rosidl_typesupport_introspection_c.so
[1.967s] -- Up-to-date: /home/csanimatronics/CS_Animatronics/install/motor_command_msg/lib/python3.12/site-packages/motor_command_msg/motor_command_msg_s__rosidl_typesupport_c.so
[1.968s] -- Up-to-date: /home/csanimatronics/CS_Animatronics/install/motor_command_msg/lib/libmotor_command_msg__rosidl_generator_py.so
[1.970s] -- Up-to-date: /home/csanimatronics/CS_Animatronics/install/motor_command_msg/share/motor_command_msg/msg/IdAngle.idl
[1.971s] -- Up-to-date: /home/csanimatronics/CS_Animatronics/install/motor_command_msg/share/motor_command_msg/msg/IdAngle.msg
[1.971s] -- Up-to-date: /home/csanimatronics/CS_Animatronics/install/motor_command_msg/share/ament_index/resource_index/package_run_dependencies/motor_command_msg
[1.971s] -- Up-to-date: /home/csanimatronics/CS_Animatronics/install/motor_command_msg/share/ament_index/resource_index/parent_prefix_path/motor_command_msg
[1.971s] -- Up-to-date: /home/csanimatronics/CS_Animatronics/install/motor_command_msg/share/motor_command_msg/environment/ament_prefix_path.sh
[1.971s] -- Up-to-date: /home/csanimatronics/CS_Animatronics/install/motor_command_msg/share/motor_command_msg/environment/ament_prefix_path.dsv
[1.972s] -- Up-to-date: /home/csanimatronics/CS_Animatronics/install/motor_command_msg/share/motor_command_msg/environment/path.sh
[1.972s] -- Up-to-date: /home/csanimatronics/CS_Animatronics/install/motor_command_msg/share/motor_command_msg/environment/path.dsv
[1.974s] -- Up-to-date: /home/csanimatronics/CS_Animatronics/install/motor_command_msg/share/motor_command_msg/local_setup.bash
[1.974s] -- Up-to-date: /home/csanimatronics/CS_Animatronics/install/motor_command_msg/share/motor_command_msg/local_setup.sh
[1.974s] -- Up-to-date: /home/csanimatronics/CS_Animatronics/install/motor_command_msg/share/motor_command_msg/local_setup.zsh
[1.974s] -- Up-to-date: /home/csanimatronics/CS_Animatronics/install/motor_command_msg/share/motor_command_msg/local_setup.dsv
[1.974s] -- Installing: /home/csanimatronics/CS_Animatronics/install/motor_command_msg/share/motor_command_msg/package.dsv
[1.974s] -- Up-to-date: /home/csanimatronics/CS_Animatronics/install/motor_command_msg/share/ament_index/resource_index/packages/motor_command_msg
[1.976s] -- Up-to-date: /home/csanimatronics/CS_Animatronics/install/motor_command_msg/share/motor_command_msg/cmake/export_motor_command_msg__rosidl_generator_cExport.cmake
[1.976s] -- Up-to-date: /home/csanimatronics/CS_Animatronics/install/motor_command_msg/share/motor_command_msg/cmake/export_motor_command_msg__rosidl_generator_cExport-noconfig.cmake
[1.976s] -- Up-to-date: /home/csanimatronics/CS_Animatronics/install/motor_command_msg/share/motor_command_msg/cmake/export_motor_command_msg__rosidl_typesupport_fastrtps_cExport.cmake
[1.977s] -- Up-to-date: /home/csanimatronics/CS_Animatronics/install/motor_command_msg/share/motor_command_msg/cmake/export_motor_command_msg__rosidl_typesupport_fastrtps_cExport-noconfig.cmake
[1.978s] -- Up-to-date: /home/csanimatronics/CS_Animatronics/install/motor_command_msg/share/motor_command_msg/cmake/motor_command_msg__rosidl_typesupport_introspection_cExport.cmake
[1.978s] -- Up-to-date: /home/csanimatronics/CS_Animatronics/install/motor_command_msg/share/motor_command_msg/cmake/motor_command_msg__rosidl_typesupport_introspection_cExport-noconfig.cmake
[1.979s] -- Up-to-date: /home/csanimatronics/CS_Animatronics/install/motor_command_msg/share/motor_command_msg/cmake/motor_command_msg__rosidl_typesupport_cExport.cmake
[1.979s] -- Up-to-date: /home/csanimatronics/CS_Animatronics/install/motor_command_msg/share/motor_command_msg/cmake/motor_command_msg__rosidl_typesupport_cExport-noconfig.cmake
[1.980s] -- Up-to-date: /home/csanimatronics/CS_Animatronics/install/motor_command_msg/share/motor_command_msg/cmake/export_motor_command_msg__rosidl_generator_cppExport.cmake
[1.986s] -- Up-to-date: /home/csanimatronics/CS_Animatronics/install/motor_command_msg/share/motor_command_msg/cmake/export_motor_command_msg__rosidl_typesupport_fastrtps_cppExport.cmake
[1.987s] -- Up-to-date: /home/csanimatronics/CS_Animatronics/install/motor_command_msg/share/motor_command_msg/cmake/export_motor_command_msg__rosidl_typesupport_fastrtps_cppExport-noconfig.cmake
[1.987s] -- Up-to-date: /home/csanimatronics/CS_Animatronics/install/motor_command_msg/share/motor_command_msg/cmake/motor_command_msg__rosidl_typesupport_introspection_cppExport.cmake
[1.987s] -- Up-to-date: /home/csanimatronics/CS_Animatronics/install/motor_command_msg/share/motor_command_msg/cmake/motor_command_msg__rosidl_typesupport_introspection_cppExport-noconfig.cmake
[1.987s] -- Up-to-date: /home/csanimatronics/CS_Animatronics/install/motor_command_msg/share/motor_command_msg/cmake/motor_command_msg__rosidl_typesupport_cppExport.cmake
[1.987s] -- Up-to-date: /home/csanimatronics/CS_Animatronics/install/motor_command_msg/share/motor_command_msg/cmake/motor_command_msg__rosidl_typesupport_cppExport-noconfig.cmake
[1.987s] -- Up-to-date: /home/csanimatronics/CS_Animatronics/install/motor_command_msg/share/motor_command_msg/cmake/export_motor_command_msg__rosidl_generator_pyExport.cmake
[1.987s] -- Up-to-date: /home/csanimatronics/CS_Animatronics/install/motor_command_msg/share/motor_command_msg/cmake/export_motor_command_msg__rosidl_generator_pyExport-noconfig.cmake
[1.988s] -- Up-to-date: /home/csanimatronics/CS_Animatronics/install/motor_command_msg/share/motor_command_msg/cmake/rosidl_cmake-extras.cmake
[1.988s] -- Up-to-date: /home/csanimatronics/CS_Animatronics/install/motor_command_msg/share/motor_command_msg/cmake/ament_cmake_export_include_directories-extras.cmake
[1.988s] -- Up-to-date: /home/csanimatronics/CS_Animatronics/install/motor_command_msg/share/motor_command_msg/cmake/ament_cmake_export_libraries-extras.cmake
[1.993s] -- Up-to-date: /home/csanimatronics/CS_Animatronics/install/motor_command_msg/share/motor_command_msg/cmake/ament_cmake_export_targets-extras.cmake
[1.993s] -- Up-to-date: /home/csanimatronics/CS_Animatronics/install/motor_command_msg/share/motor_command_msg/cmake/rosidl_cmake_export_typesupport_targets-extras.cmake
[1.994s] -- Up-to-date: /home/csanimatronics/CS_Animatronics/install/motor_command_msg/share/motor_command_msg/cmake/ament_cmake_export_dependencies-extras.cmake
[1.994s] -- Up-to-date: /home/csanimatronics/CS_Animatronics/install/motor_command_msg/share/motor_command_msg/cmake/rosidl_cmake_export_typesupport_libraries-extras.cmake
[1.994s] -- Up-to-date: /home/csanimatronics/CS_Animatronics/install/motor_command_msg/share/motor_command_msg/cmake/motor_command_msgConfig.cmake
[1.994s] -- Up-to-date: /home/csanimatronics/CS_Animatronics/install/motor_command_msg/share/motor_command_msg/cmake/motor_command_msgConfig-version.cmake
[1.994s] -- Up-to-date: /home/csanimatronics/CS_Animatronics/install/motor_command_msg/share/motor_command_msg/package.xml
[2.003s] Invoked command in '/home/csanimatronics/CS_Animatronics/build/motor_command_msg' returned '0': CMAKE_PREFIX_PATH=/home/csanimatronics/CS_Animatronics/install/motor_command_msg:/home/csanimatronics/CS_Animatronics/install/launch:/home/csanimatronics/CS_Animatronics/install/system_controller:/home/csanimatronics/CS_Animatronics/install/motor_controller:/home/csanimatronics/CS_Animatronics/install/controller_publisher:/opt/ros/jazzy:/home/csanimatronics/CS_Animatronics/install/dynamixel_sdk_examples:/home/csanimatronics/CS_Animatronics/install/dynamixel_sdk_custom_interfaces:/home/csanimatronics/CS_Animatronics/install/dynamixel_sdk:/opt/ros/jazzy/opt/gz_math_vendor:/opt/ros/jazzy/opt/gz_utils_vendor:/opt/ros/jazzy/opt/gz_cmake_vendor DEBUGINFOD_URLS=https://debuginfod.ubuntu.com /usr/bin/cmake --install /home/csanimatronics/CS_Animatronics/build/motor_command_msg
